<?xml version="1.0" encoding="UTF-8"?>
<testsuite name="com.demo.commentservice.CommentserviceApplicationTests" tests="1" skipped="0" failures="0" errors="0" timestamp="2020-04-16T12:40:34" hostname="pramthak-mac" time="0.059">
  <properties/>
  <testcase name="contextLoads()" classname="com.demo.commentservice.CommentserviceApplicationTests" time="0.059"/>
  <system-out><![CDATA[18:10:27.535 [Test worker] DEBUG org.springframework.test.context.BootstrapUtils - Instantiating CacheAwareContextLoaderDelegate from class [org.springframework.test.context.cache.DefaultCacheAwareContextLoaderDelegate]
18:10:27.545 [Test worker] DEBUG org.springframework.test.context.BootstrapUtils - Instantiating BootstrapContext using constructor [public org.springframework.test.context.support.DefaultBootstrapContext(java.lang.Class,org.springframework.test.context.CacheAwareContextLoaderDelegate)]
18:10:27.564 [Test worker] DEBUG org.springframework.test.context.BootstrapUtils - Instantiating TestContextBootstrapper for test class [com.demo.commentservice.CommentserviceApplicationTests] from class [org.springframework.boot.test.context.SpringBootTestContextBootstrapper]
18:10:27.575 [Test worker] INFO org.springframework.boot.test.context.SpringBootTestContextBootstrapper - Neither @ContextConfiguration nor @ContextHierarchy found for test class [com.demo.commentservice.CommentserviceApplicationTests], using SpringBootContextLoader
18:10:27.577 [Test worker] DEBUG org.springframework.test.context.support.AbstractContextLoader - Did not detect default resource location for test class [com.demo.commentservice.CommentserviceApplicationTests]: class path resource [com/demo/commentservice/CommentserviceApplicationTests-context.xml] does not exist
18:10:27.577 [Test worker] DEBUG org.springframework.test.context.support.AbstractContextLoader - Did not detect default resource location for test class [com.demo.commentservice.CommentserviceApplicationTests]: class path resource [com/demo/commentservice/CommentserviceApplicationTestsContext.groovy] does not exist
18:10:27.578 [Test worker] INFO org.springframework.test.context.support.AbstractContextLoader - Could not detect default resource locations for test class [com.demo.commentservice.CommentserviceApplicationTests]: no resource found for suffixes {-context.xml, Context.groovy}.
18:10:27.578 [Test worker] INFO org.springframework.test.context.support.AnnotationConfigContextLoaderUtils - Could not detect default configuration classes for test class [com.demo.commentservice.CommentserviceApplicationTests]: CommentserviceApplicationTests does not declare any static, non-private, non-final, nested classes annotated with @Configuration.
18:10:27.605 [Test worker] DEBUG org.springframework.test.context.support.ActiveProfilesUtils - Could not find an 'annotation declaring class' for annotation type [org.springframework.test.context.ActiveProfiles] and class [com.demo.commentservice.CommentserviceApplicationTests]
18:10:27.657 [Test worker] DEBUG org.springframework.context.annotation.ClassPathScanningCandidateComponentProvider - Identified candidate component class: file [/Users/pramthak/project/practise/microservices/aggregatorservice/build/classes/java/main/com/demo/commentservice/AggregatorserviceApplication.class]
18:10:27.658 [Test worker] INFO org.springframework.boot.test.context.SpringBootTestContextBootstrapper - Found @SpringBootConfiguration com.demo.commentservice.AggregatorserviceApplication for test class com.demo.commentservice.CommentserviceApplicationTests
18:10:27.724 [Test worker] DEBUG org.springframework.boot.test.context.SpringBootTestContextBootstrapper - @TestExecutionListeners is not present for class [com.demo.commentservice.CommentserviceApplicationTests]: using defaults.
18:10:27.724 [Test worker] INFO org.springframework.boot.test.context.SpringBootTestContextBootstrapper - Loaded default TestExecutionListener class names from location [META-INF/spring.factories]: [org.springframework.boot.test.autoconfigure.restdocs.RestDocsTestExecutionListener, org.springframework.boot.test.autoconfigure.web.client.MockRestServiceServerResetTestExecutionListener, org.springframework.boot.test.autoconfigure.web.servlet.MockMvcPrintOnlyOnFailureTestExecutionListener, org.springframework.boot.test.autoconfigure.web.servlet.WebDriverTestExecutionListener, org.springframework.boot.test.mock.mockito.MockitoTestExecutionListener, org.springframework.boot.test.mock.mockito.ResetMocksTestExecutionListener, org.springframework.test.context.web.ServletTestExecutionListener, org.springframework.test.context.support.DirtiesContextBeforeModesTestExecutionListener, org.springframework.test.context.support.DependencyInjectionTestExecutionListener, org.springframework.test.context.support.DirtiesContextTestExecutionListener, org.springframework.test.context.transaction.TransactionalTestExecutionListener, org.springframework.test.context.jdbc.SqlScriptsTestExecutionListener, org.springframework.test.context.event.EventPublishingTestExecutionListener]
18:10:27.735 [Test worker] INFO org.springframework.boot.test.context.SpringBootTestContextBootstrapper - Using TestExecutionListeners: [org.springframework.test.context.web.ServletTestExecutionListener@4f01d05f, org.springframework.test.context.support.DirtiesContextBeforeModesTestExecutionListener@2f781a2e, org.springframework.boot.test.mock.mockito.MockitoTestExecutionListener@386f6d6, org.springframework.boot.test.autoconfigure.SpringBootDependencyInjectionTestExecutionListener@17c9e2c0, org.springframework.test.context.support.DirtiesContextTestExecutionListener@568b5b4e, org.springframework.test.context.transaction.TransactionalTestExecutionListener@394d92db, org.springframework.test.context.jdbc.SqlScriptsTestExecutionListener@dc9e362, org.springframework.test.context.event.EventPublishingTestExecutionListener@55cecff9, org.springframework.boot.test.autoconfigure.restdocs.RestDocsTestExecutionListener@5993bf25, org.springframework.boot.test.autoconfigure.web.client.MockRestServiceServerResetTestExecutionListener@c1d2586, org.springframework.boot.test.autoconfigure.web.servlet.MockMvcPrintOnlyOnFailureTestExecutionListener@4e0d0594, org.springframework.boot.test.autoconfigure.web.servlet.WebDriverTestExecutionListener@6d9faaab, org.springframework.boot.test.mock.mockito.ResetMocksTestExecutionListener@29314aaa]
18:10:27.738 [Test worker] DEBUG org.springframework.test.context.support.AbstractDirtiesContextTestExecutionListener - Before test class: context [DefaultTestContext@9f2626a testClass = CommentserviceApplicationTests, testInstance = [null], testMethod = [null], testException = [null], mergedContextConfiguration = [WebMergedContextConfiguration@3584145f testClass = CommentserviceApplicationTests, locations = '{}', classes = '{class com.demo.commentservice.AggregatorserviceApplication}', contextInitializerClasses = '[]', activeProfiles = '{}', propertySourceLocations = '{}', propertySourceProperties = '{org.springframework.boot.test.context.SpringBootTestContextBootstrapper=true}', contextCustomizers = set[org.springframework.boot.test.autoconfigure.properties.PropertyMappingContextCustomizer@0, org.springframework.boot.test.autoconfigure.web.servlet.WebDriverContextCustomizerFactory$Customizer@556c6b7e, org.springframework.boot.test.context.filter.ExcludeFilterContextCustomizer@44294092, org.springframework.boot.test.json.DuplicateJsonObjectContextCustomizerFactory$DuplicateJsonObjectContextCustomizer@6f5d67cb, org.springframework.boot.test.mock.mockito.MockitoContextCustomizer@0, org.springframework.boot.test.web.client.TestRestTemplateContextCustomizer@10a03c5a], resourceBasePath = 'src/main/webapp', contextLoader = 'org.springframework.boot.test.context.SpringBootContextLoader', parent = [null]], attributes = map['org.springframework.test.context.web.ServletTestExecutionListener.activateListener' -> true]], class annotated with @DirtiesContext [false] with mode [null].
18:10:27.758 [Test worker] DEBUG org.springframework.test.context.support.TestPropertySourceUtils - Adding inlined properties to environment: {spring.jmx.enabled=false, org.springframework.boot.test.context.SpringBootTestContextBootstrapper=true, server.port=-1}
LOGBACK: No context given for c.q.l.core.rolling.SizeAndTimeBasedRollingPolicy@544083997
2020-04-16 18:10:28.294 DEBUG [aggregator-service,,,] 35262 --- [    Test worker] .c.l.ClasspathLoggingApplicationListener : Application started with classpath: [file:/Users/pramthak/.gradle/caches/6.3/workerMain/gradle-worker.jar, file:/Users/pramthak/project/practise/microservices/aggregatorservice/build/classes/java/test/, file:/Users/pramthak/project/practise/microservices/aggregatorservice/build/resources/test, file:/Users/pramthak/project/practise/microservices/aggregatorservice/build/classes/java/main/, file:/Users/pramthak/project/practise/microservices/aggregatorservice/build/resources/main/, file:/Users/pramthak/.gradle/caches/modules-2/files-2.1/io.springfox/springfox-swagger-ui/3.0.0-SNAPSHOT/df7109a96d38c2157a251a50ac301002cc2e35ed/springfox-swagger-ui-3.0.0-SNAPSHOT.jar, file:/Users/pramthak/.gradle/caches/modules-2/files-2.1/io.springfox/springfox-swagger2/3.0.0-SNAPSHOT/5f250c0c5660aca63ed620022260f764fc992d88/springfox-swagger2-3.0.0-SNAPSHOT.jar, file:/Users/pramthak/.gradle/caches/modules-2/files-2.1/io.springfox/springfox-data-rest/3.0.0-SNAPSHOT/77973aa58095d039fde09c09d1e5e4e0a8b4489d/springfox-data-rest-3.0.0-SNAPSHOT.jar, file:/Users/pramthak/.gradle/caches/modules-2/files-2.1/org.springframework.boot/spring-boot-starter-data-jpa/2.2.6.RELEASE/e6bfecf4694867d815514799ea23a937c623f496/spring-boot-starter-data-jpa-2.2.6.RELEASE.jar, file:/Users/pramthak/.gradle/caches/modules-2/files-2.1/org.springframework.cloud/spring-cloud-starter-netflix-hystrix-dashboard/2.2.2.RELEASE/4674e72fdcf20136d04cbdf200fa53a0e0073aa5/spring-cloud-starter-netflix-hystrix-dashboard-2.2.2.RELEASE.jar, file:/Users/pramthak/.gradle/caches/modules-2/files-2.1/org.springframework.cloud/spring-cloud-netflix-hystrix-dashboard/2.2.2.RELEASE/2543e0d8390d111c5792d7b6052caf899b9e0614/spring-cloud-netflix-hystrix-dashboard-2.2.2.RELEASE.jar, file:/Users/pramthak/.gradle/caches/modules-2/files-2.1/org.springframework.boot/spring-boot-starter-web/2.2.6.RELEASE/4f76853c40cd6c7a0214083b36cd8cfe7c5d7b48/spring-boot-starter-web-2.2.6.RELEASE.jar, file:/Users/pramthak/.gradle/caches/modules-2/files-2.1/org.springframework.cloud/spring-cloud-starter-openfeign/2.2.2.RELEASE/36f39693d19c4724b75cd57a154d60fb9e84d1bd/spring-cloud-starter-openfeign-2.2.2.RELEASE.jar, file:/Users/pramthak/.gradle/caches/modules-2/files-2.1/org.springframework.cloud/spring-cloud-starter-sleuth/2.2.2.RELEASE/66e1eec396ac4a5d2791895ac84a524440f41d2e/spring-cloud-starter-sleuth-2.2.2.RELEASE.jar, file:/Users/pramthak/.gradle/caches/modules-2/files-2.1/org.springframework.boot/spring-boot-starter-actuator/2.2.6.RELEASE/5697cb3338f5ca87a1b6a5f05cd4eca18bb23b2d/spring-boot-starter-actuator-2.2.6.RELEASE.jar, file:/Users/pramthak/.gradle/caches/modules-2/files-2.1/org.springframework.cloud/spring-cloud-starter-netflix-hystrix/2.2.2.RELEASE/6fc82c3e2a35fa871f0c43615f61cfef2866ae9f/spring-cloud-starter-netflix-hystrix-2.2.2.RELEASE.jar, file:/Users/pramthak/.gradle/caches/modules-2/files-2.1/com.h2database/h2/1.4.200/f7533fe7cb8e99c87a43d325a77b4b678ad9031a/h2-1.4.200.jar, file:/Users/pramthak/.gradle/caches/modules-2/files-2.1/org.springframework.boot/spring-boot-starter-test/2.2.6.RELEASE/b50ed49f78963d6a75f108d2c7b96147fb32b213/spring-boot-starter-test-2.2.6.RELEASE.jar, file:/Users/pramthak/.gradle/caches/modules-2/files-2.1/io.springfox/springfox-swagger-common/3.0.0-SNAPSHOT/63105b2a2d139d26b2e9feb090ce8bef656470da/springfox-swagger-common-3.0.0-SNAPSHOT.jar, file:/Users/pramthak/.gradle/caches/modules-2/files-2.1/io.swagger/swagger-models/1.5.20/fb3a23bad80c5ed84db9dd150db2cba699531458/swagger-models-1.5.20.jar, file:/Users/pramthak/.gradle/caches/modules-2/files-2.1/io.swagger/swagger-annotations/1.5.20/16051f93ce11ca489a5313775d825f82fcc2cd6c/swagger-annotations-1.5.20.jar, file:/Users/pramthak/.gradle/caches/modules-2/files-2.1/io.springfox/springfox-schema/3.0.0-SNAPSHOT/5612aea4e8f05dc260b668b5c57104d4cedbba18/springfox-schema-3.0.0-SNAPSHOT.jar, file:/Users/pramthak/.gradle/caches/modules-2/files-2.1/io.springfox/springfox-spring-webmvc/3.0.0-SNAPSHOT/a1e136357542bc778235999cb217043fdc9f0a3b/springfox-spring-webmvc-3.0.0-SNAPSHOT.jar, file:/Users/pramthak/.gradle/caches/modules-2/files-2.1/io.springfox/springfox-spring-web/3.0.0-SNAPSHOT/9f5fcb0baf1741ac505526fbfe123024aba5620d/springfox-spring-web-3.0.0-SNAPSHOT.jar, file:/Users/pramthak/.gradle/caches/modules-2/files-2.1/io.springfox/springfox-spi/3.0.0-SNAPSHOT/d8dace845543fd24e0eafb42fc8fc51a52aa6fa4/springfox-spi-3.0.0-SNAPSHOT.jar, file:/Users/pramthak/.gradle/caches/modules-2/files-2.1/org.hibernate/hibernate-core/5.4.12.Final/7813daed21576920450443097d69823245d112d2/hibernate-core-5.4.12.Final.jar, file:/Users/pramthak/.gradle/caches/modules-2/files-2.1/io.springfox/springfox-core/3.0.0-SNAPSHOT/59ce951e8275571498966c19df488b1fc69df309/springfox-core-3.0.0-SNAPSHOT.jar, file:/Users/pramthak/.gradle/caches/modules-2/files-2.1/org.springframework.boot/spring-boot-starter-validation/2.2.6.RELEASE/bd3ab3b7992cf594e09f3197f7934138dfe58a8d/spring-boot-starter-validation-2.2.6.RELEASE.jar, file:/Users/pramthak/.gradle/caches/modules-2/files-2.1/org.hibernate.validator/hibernate-validator/6.0.18.Final/7fd00bcd87e14b6ba66279282ef15efa30dd2492/hibernate-validator-6.0.18.Final.jar, file:/Users/pramthak/.gradle/caches/modules-2/files-2.1/com.fasterxml/classmate/1.5.1/3fe0bed568c62df5e89f4f174c101eab25345b6c/classmate-1.5.1.jar, file:/Users/pramthak/.gradle/caches/modules-2/files-2.1/org.springframework.plugin/spring-plugin-metadata/2.0.0.RELEASE/6fb3a1fc0f05dc826687b7686ad8a5960ecdd57c/spring-plugin-metadata-2.0.0.RELEASE.jar, file:/Users/pramthak/.gradle/caches/modules-2/files-2.1/org.springframework.data/spring-data-rest-webmvc/3.2.6.RELEASE/e71617a14b2564fc3c5528d8054dac8dfb30330f/spring-data-rest-webmvc-3.2.6.RELEASE.jar, file:/Users/pramthak/.gradle/caches/modules-2/files-2.1/org.springframework.data/spring-data-rest-core/3.2.6.RELEASE/8ce972d94191d3d0b285e2ea11ed1754ead4b207/spring-data-rest-core-3.2.6.RELEASE.jar, file:/Users/pramthak/.gradle/caches/modules-2/files-2.1/org.springframework.hateoas/spring-hateoas/1.0.4.RELEASE/b72a0f7f95a97e0ef6c784e1012941fd4061ba20/spring-hateoas-1.0.4.RELEASE.jar, file:/Users/pramthak/.gradle/caches/modules-2/files-2.1/org.springframework.plugin/spring-plugin-core/2.0.0.RELEASE/95fc8c13037630f4aba9c51141f535becec00fe6/spring-plugin-core-2.0.0.RELEASE.jar, file:/Users/pramthak/.gradle/caches/modules-2/files-2.1/org.springframework.data/spring-data-jpa/2.2.6.RELEASE/a9a91471f3145f4e037db81c02572587358671f5/spring-data-jpa-2.2.6.RELEASE.jar, file:/Users/pramthak/.gradle/caches/modules-2/files-2.1/io.github.openfeign/feign-slf4j/10.7.4/ebbe1c82c1ba2cdc704bae4d07de363cb4903449/feign-slf4j-10.7.4.jar, file:/Users/pramthak/.gradle/caches/modules-2/files-2.1/io.github.openfeign/feign-hystrix/10.7.4/cf5e8a50fcf28a38fd9eed451207f2ca2c152083/feign-hystrix-10.7.4.jar, file:/Users/pramthak/.gradle/caches/modules-2/files-2.1/com.netflix.hystrix/hystrix-metrics-event-stream/1.5.18/ea69f5f0956131f00982d69598878e2dc87630fa/hystrix-metrics-event-stream-1.5.18.jar, file:/Users/pramthak/.gradle/caches/modules-2/files-2.1/com.netflix.hystrix/hystrix-serialization/1.5.18/9767e5dfa25c7972bd3131ba7df2de207a70626b/hystrix-serialization-1.5.18.jar, file:/Users/pramthak/.gradle/caches/modules-2/files-2.1/com.netflix.hystrix/hystrix-javanica/1.5.18/375bcf25f9a6ee34272012f45121cd5c0ceb52e2/hystrix-javanica-1.5.18.jar, file:/Users/pramthak/.gradle/caches/modules-2/files-2.1/com.netflix.hystrix/hystrix-core/1.5.18/e1a7ed48e1a60abbb08027a46189afb04c05b04f/hystrix-core-1.5.18.jar, file:/Users/pramthak/.gradle/caches/modules-2/files-2.1/com.jayway.jsonpath/json-path/2.4.0/765a4401ceb2dc8d40553c2075eb80a8fa35c2ae/json-path-2.4.0.jar, file:/Users/pramthak/.gradle/caches/modules-2/files-2.1/org.springframework.boot/spring-boot-starter-jdbc/2.2.6.RELEASE/ca8051a3df9eb7355728f1caf22891eec97b9b92/spring-boot-starter-jdbc-2.2.6.RELEASE.jar, file:/Users/pramthak/.gradle/caches/modules-2/files-2.1/com.zaxxer/HikariCP/3.4.2/57128550e21a83cd1dbf7e82d343b8fbe1f435b/HikariCP-3.4.2.jar, file:/Users/pramthak/.gradle/caches/modules-2/files-2.1/org.springframework.data/spring-data-commons/2.2.6.RELEASE/b6b4bb08c681a704f7d189aaf4bbf722fe017654/spring-data-commons-2.2.6.RELEASE.jar, file:/Users/pramthak/.gradle/caches/modules-2/files-2.1/org.springframework.cloud/spring-cloud-openfeign-core/2.2.2.RELEASE/6da8d2a2f4d495bc43a13f9de2fd9bd7aa8103ed/spring-cloud-openfeign-core-2.2.2.RELEASE.jar, file:/Users/pramthak/.gradle/caches/modules-2/files-2.1/io.github.openfeign.form/feign-form-spring/3.8.0/71059f6e16ddbaf0e42f1b1aa0bb60cc2f823e4d/feign-form-spring-3.8.0.jar, file:/Users/pramthak/.gradle/caches/modules-2/files-2.1/org.springframework.cloud/spring-cloud-starter-netflix-archaius/2.2.2.RELEASE/2bdaf8bc98b0d082b76ac9f45c984a42ced0aef4/spring-cloud-starter-netflix-archaius-2.2.2.RELEASE.jar, file:/Users/pramthak/.gradle/caches/modules-2/files-2.1/com.netflix.archaius/archaius-core/0.7.6/be0c1024d08ad68ec25f9f32b0e9df1ab7ecb45b/archaius-core-0.7.6.jar, file:/Users/pramthak/.gradle/caches/modules-2/files-2.1/org.springframework.cloud/spring-cloud-netflix-hystrix/2.2.2.RELEASE/aada8f4a4dbf393d98484d1a63c6edd2cdd7aa92/spring-cloud-netflix-hystrix-2.2.2.RELEASE.jar, file:/Users/pramthak/.gradle/caches/modules-2/files-2.1/org.springframework.boot/spring-boot-starter-aop/2.2.6.RELEASE/fc76ce1ca3725c25355703de2ff1015d6b8c80b6/spring-boot-starter-aop-2.2.6.RELEASE.jar, file:/Users/pramthak/.gradle/caches/modules-2/files-2.1/org.springframework.boot/spring-boot-starter-json/2.2.6.RELEASE/2bc2b2f052c0aa659a55d29365c9da5bae0cfa74/spring-boot-starter-json-2.2.6.RELEASE.jar, file:/Users/pramthak/.gradle/caches/modules-2/files-2.1/org.springframework.cloud/spring-cloud-starter/2.2.2.RELEASE/7da09f1be1b4dbc6f8c09d70ac501378c308ee7d/spring-cloud-starter-2.2.2.RELEASE.jar, file:/Users/pramthak/.gradle/caches/modules-2/files-2.1/org.springframework.boot/spring-boot-starter-freemarker/2.2.6.RELEASE/3cc7c9302de883bf168e5ef2e9c2aeb7ae2a1cd6/spring-boot-starter-freemarker-2.2.6.RELEASE.jar, file:/Users/pramthak/.gradle/caches/modules-2/files-2.1/org.springframework.boot/spring-boot-starter/2.2.6.RELEASE/1a3ef4528148ec17de12a60e2c267b0340234834/spring-boot-starter-2.2.6.RELEASE.jar, file:/Users/pramthak/.gradle/caches/modules-2/files-2.1/org.springframework.boot/spring-boot-starter-logging/2.2.6.RELEASE/4261ce78034c8530bf319046c05b0b7943f80b9c/spring-boot-starter-logging-2.2.6.RELEASE.jar, file:/Users/pramthak/.gradle/caches/modules-2/files-2.1/ch.qos.logback/logback-classic/1.2.3/7c4f3c474fb2c041d8028740440937705ebb473a/logback-classic-1.2.3.jar, file:/Users/pramthak/.gradle/caches/modules-2/files-2.1/org.apache.logging.log4j/log4j-to-slf4j/2.12.1/dfb42ea8ce1a399bcf7218efe8115a0b7ab3788a/log4j-to-slf4j-2.12.1.jar, file:/Users/pramthak/.gradle/caches/modules-2/files-2.1/org.slf4j/jul-to-slf4j/1.7.30/d58bebff8cbf70ff52b59208586095f467656c30/jul-to-slf4j-1.7.30.jar, file:/Users/pramthak/.gradle/caches/modules-2/files-2.1/io.github.openfeign.form/feign-form/3.8.0/3083889996b18443c275a352d3ab4bc6c8321598/feign-form-3.8.0.jar, file:/Users/pramthak/.gradle/caches/modules-2/files-2.1/org.slf4j/slf4j-api/1.7.30/b5a4b6d16ab13e34a88fae84c35cd5d68cac922c/slf4j-api-1.7.30.jar, file:/Users/pramthak/.gradle/caches/modules-2/files-2.1/org.mapstruct/mapstruct/1.3.1.Final/6ab184bbc7a7029738277a244e4c535fcdc3f558/mapstruct-1.3.1.Final.jar, file:/Users/pramthak/.gradle/caches/modules-2/files-2.1/org.glassfish.jaxb/jaxb-runtime/2.3.2/5528bc882ea499a09d720b42af11785c4fc6be2a/jaxb-runtime-2.3.2.jar, file:/Users/pramthak/.gradle/caches/modules-2/files-2.1/org.jvnet.staxex/stax-ex/1.8.1/78011e483a21102fb4858f3e8f269a677e50aa23/stax-ex-1.8.1.jar, file:/Users/pramthak/.gradle/caches/modules-2/files-2.1/jakarta.xml.bind/jakarta.xml.bind-api/2.3.3/48e3b9cfc10752fba3521d6511f4165bea951801/jakarta.xml.bind-api-2.3.3.jar, file:/Users/pramthak/.gradle/caches/modules-2/files-2.1/com.sun.istack/istack-commons-runtime/3.0.8/d6a97364045aa6b99bf2d3c566a3f98599c2d296/istack-commons-runtime-3.0.8.jar, file:/Users/pramthak/.gradle/caches/modules-2/files-2.1/jakarta.activation/jakarta.activation-api/1.2.2/99f53adba383cb1bf7c3862844488574b559621f/jakarta.activation-api-1.2.2.jar, file:/Users/pramthak/.gradle/caches/modules-2/files-2.1/jakarta.persistence/jakarta.persistence-api/2.2.3/8f6ea5daedc614f07a3654a455660145286f024e/jakarta.persistence-api-2.2.3.jar, file:/Users/pramthak/.gradle/caches/modules-2/files-2.1/jakarta.transaction/jakarta.transaction-api/1.3.3/c4179d48720a1e87202115fbed6089bdc4195405/jakarta.transaction-api-1.3.3.jar, file:/Users/pramthak/.gradle/caches/modules-2/files-2.1/org.springframework/spring-aspects/5.2.5.RELEASE/761fc0149d4d6a44a4156160ef0f2ea834e8e775/spring-aspects-5.2.5.RELEASE.jar, file:/Users/pramthak/.gradle/caches/modules-2/files-2.1/org.springframework.boot/spring-boot-starter-tomcat/2.2.6.RELEASE/95da0489ecf8d58033836ae8c6c6f8477de28513/spring-boot-starter-tomcat-2.2.6.RELEASE.jar, file:/Users/pramthak/.gradle/caches/modules-2/files-2.1/org.springframework/spring-webmvc/5.2.5.RELEASE/977247d51a5e4e3234b14d3aab910adee4e18e9b/spring-webmvc-5.2.5.RELEASE.jar, file:/Users/pramthak/.gradle/caches/modules-2/files-2.1/org.springframework/spring-web/5.2.5.RELEASE/530da67e70ed5e63f7f3e86f4397e1da6c8e1ff4/spring-web-5.2.5.RELEASE.jar, file:/Users/pramthak/.gradle/caches/modules-2/files-2.1/org.springframework.cloud/spring-cloud-sleuth-core/2.2.2.RELEASE/efadbe4d0d8f3535723bc638109098e691fadc91/spring-cloud-sleuth-core-2.2.2.RELEASE.jar, file:/Users/pramthak/.gradle/caches/modules-2/files-2.1/org.springframework.cloud/spring-cloud-commons/2.2.2.RELEASE/c6858f41e865747f3a495f59d01ba75478b3cddd/spring-cloud-commons-2.2.2.RELEASE.jar, file:/Users/pramthak/.gradle/caches/modules-2/files-2.1/io.github.openfeign/feign-core/10.7.4/a379f04e86d4ff910bdec8c0408cf2bb49398623/feign-core-10.7.4.jar, file:/Users/pramthak/.gradle/caches/modules-2/files-2.1/org.springframework.boot/spring-boot-actuator-autoconfigure/2.2.6.RELEASE/55815b129a0e0b602b777bb2be5f2b0744e5980b/spring-boot-actuator-autoconfigure-2.2.6.RELEASE.jar, file:/Users/pramthak/.gradle/caches/modules-2/files-2.1/io.micrometer/micrometer-core/1.3.6/4e281338e0ed8eb3746aea29e6b51e0f7902507c/micrometer-core-1.3.6.jar, file:/Users/pramthak/.gradle/caches/modules-2/files-2.1/org.springframework.cloud/spring-cloud-netflix-ribbon/2.2.2.RELEASE/cd2ba5897ef9980fe32e29045ca373ef0cf535e3/spring-cloud-netflix-ribbon-2.2.2.RELEASE.jar, file:/Users/pramthak/.gradle/caches/modules-2/files-2.1/io.reactivex/rxjava-reactive-streams/1.2.1/dac56d021c092c34662943dae3ab1432542005/rxjava-reactive-streams-1.2.1.jar, file:/Users/pramthak/.gradle/caches/modules-2/files-2.1/org.springframework.boot/spring-boot-test-autoconfigure/2.2.6.RELEASE/f671b2d1f32caaf76f0c11508974ccff2e7d685b/spring-boot-test-autoconfigure-2.2.6.RELEASE.jar, file:/Users/pramthak/.gradle/caches/modules-2/files-2.1/org.springframework.boot/spring-boot-test/2.2.6.RELEASE/23bf3d7e8e762a06c3147fb543f7efd8b1481ba4/spring-boot-test-2.2.6.RELEASE.jar, file:/Users/pramthak/.gradle/caches/modules-2/files-2.1/org.junit.jupiter/junit-jupiter/5.5.2/f8561a498ec26b24a3a64aebb6b2307fed000a33/junit-jupiter-5.5.2.jar, file:/Users/pramthak/.gradle/caches/modules-2/files-2.1/org.mockito/mockito-junit-jupiter/3.1.0/3c181fd8296b86671a8a466b642ba564b1237c13/mockito-junit-jupiter-3.1.0.jar, file:/Users/pramthak/.gradle/caches/modules-2/files-2.1/org.assertj/assertj-core/3.13.2/bb7b963fe752f69f055df0025691eceb83ce0c5d/assertj-core-3.13.2.jar, file:/Users/pramthak/.gradle/caches/modules-2/files-2.1/org.hamcrest/hamcrest/2.1/9420ba32c29217b54eebd26ff7f9234d31c3fbb2/hamcrest-2.1.jar, file:/Users/pramthak/.gradle/caches/modules-2/files-2.1/org.mockito/mockito-core/3.1.0/53137a5fccdccb0d907d409dc68a282aab87c968/mockito-core-3.1.0.jar, file:/Users/pramthak/.gradle/caches/modules-2/files-2.1/org.skyscreamer/jsonassert/1.5.0/6c9d5fe2f59da598d9aefc1cfc6528ff3cf32df3/jsonassert-1.5.0.jar, file:/Users/pramthak/.gradle/caches/modules-2/files-2.1/org.springframework/spring-test/5.2.5.RELEASE/9512b46c72d4d02d36cc23e609140a6ea616d5fc/spring-test-5.2.5.RELEASE.jar, file:/Users/pramthak/.gradle/caches/modules-2/files-2.1/org.springframework.boot/spring-boot-autoconfigure/2.2.6.RELEASE/3e5766a9d8aa9af1a398dc0ded729dddf7f7dda4/spring-boot-autoconfigure-2.2.6.RELEASE.jar, file:/Users/pramthak/.gradle/caches/modules-2/files-2.1/org.springframework.boot/spring-boot-actuator/2.2.6.RELEASE/7d6baf032f9361d6f8be1485a30d1540e2f0a62/spring-boot-actuator-2.2.6.RELEASE.jar, file:/Users/pramthak/.gradle/caches/modules-2/files-2.1/org.springframework.boot/spring-boot/2.2.6.RELEASE/3180b07556790401c4d9d47d634902fa085aa9b0/spring-boot-2.2.6.RELEASE.jar, file:/Users/pramthak/.gradle/caches/modules-2/files-2.1/org.springframework/spring-context-support/5.2.5.RELEASE/e732969033be90ac84f6ee0cbc8ac533b860fd21/spring-context-support-5.2.5.RELEASE.jar, file:/Users/pramthak/.gradle/caches/modules-2/files-2.1/org.springframework/spring-context/5.2.5.RELEASE/3aa9a6364151c9e37f18f78106fc6a32805333a6/spring-context-5.2.5.RELEASE.jar, file:/Users/pramthak/.gradle/caches/modules-2/files-2.1/org.springframework/spring-aop/5.2.5.RELEASE/4438fdc9914d8fcf5033437c1e915b6f2d9cfb64/spring-aop-5.2.5.RELEASE.jar, file:/Users/pramthak/.gradle/caches/modules-2/files-2.1/org.springframework/spring-orm/5.2.5.RELEASE/c74ffad84f981e0b28a23162450d6fd26ecd52b6/spring-orm-5.2.5.RELEASE.jar, file:/Users/pramthak/.gradle/caches/modules-2/files-2.1/org.springframework/spring-jdbc/5.2.5.RELEASE/7a16738a9a709198c632cedb6f3fe3ad960f72f1/spring-jdbc-5.2.5.RELEASE.jar, file:/Users/pramthak/.gradle/caches/modules-2/files-2.1/org.springframework/spring-tx/5.2.5.RELEASE/29c07e0d3013ba8fcfa760b2fab457bea19d89bc/spring-tx-5.2.5.RELEASE.jar, file:/Users/pramthak/.gradle/caches/modules-2/files-2.1/org.springframework/spring-beans/5.2.5.RELEASE/6dd11f183d252605e5dae2552cd918b758390139/spring-beans-5.2.5.RELEASE.jar, file:/Users/pramthak/.gradle/caches/modules-2/files-2.1/org.springframework/spring-expression/5.2.5.RELEASE/b763ffd867d55a211e87734cc799513687a6c7bd/spring-expression-5.2.5.RELEASE.jar, file:/Users/pramthak/.gradle/caches/modules-2/files-2.1/org.springframework/spring-core/5.2.5.RELEASE/e207390ac307d282ed565db4df7046df04fc52b/spring-core-5.2.5.RELEASE.jar, file:/Users/pramthak/.gradle/caches/modules-2/files-2.1/org.xmlunit/xmlunit-core/2.6.4/a916da161cd6c5ac85ac613c0fe0d28a8b7a3dbd/xmlunit-core-2.6.4.jar, file:/Users/pramthak/.gradle/caches/modules-2/files-2.1/com.fasterxml.jackson.datatype/jackson-datatype-jdk8/2.10.3/5fc73a94e771eb044e45e2e3ec9a38660daee6a/jackson-datatype-jdk8-2.10.3.jar, file:/Users/pramthak/.gradle/caches/modules-2/files-2.1/com.fasterxml.jackson.datatype/jackson-datatype-jsr310/2.10.3/df773a823e37013779fa247cd13686ff5ee573e3/jackson-datatype-jsr310-2.10.3.jar, file:/Users/pramthak/.gradle/caches/modules-2/files-2.1/com.fasterxml.jackson.module/jackson-module-parameter-names/2.10.3/33e7a20b23ea284d474e3467062ec07bf8178ef/jackson-module-parameter-names-2.10.3.jar, file:/Users/pramthak/.gradle/caches/modules-2/files-2.1/com.fasterxml.jackson.module/jackson-module-afterburner/2.10.3/ea5851fdbc89f49d84f7ac85f6131985c59777f4/jackson-module-afterburner-2.10.3.jar, file:/Users/pramthak/.gradle/caches/modules-2/files-2.1/com.fasterxml.jackson.core/jackson-databind/2.10.3/aae92628b5447fa25af79871ca98668da6edd439/jackson-databind-2.10.3.jar, file:/Users/pramthak/.gradle/caches/modules-2/files-2.1/com.fasterxml.jackson.core/jackson-annotations/2.10.3/f63b3b1da563767d04d2e4d3fc1ae0cdeffebe7/jackson-annotations-2.10.3.jar, file:/Users/pramthak/.gradle/caches/modules-2/files-2.1/io.github.classgraph/classgraph/4.1.7/d0c2f1fecc8cf18ba9191646f9e95a3a4dac395f/classgraph-4.1.7.jar, file:/Users/pramthak/.gradle/caches/modules-2/files-2.1/org.aspectj/aspectjweaver/1.9.5/1740dc9140103b796d1722668805fd4cf852780c/aspectjweaver-1.9.5.jar, file:/Users/pramthak/.gradle/caches/modules-2/files-2.1/org.hibernate.common/hibernate-commons-annotations/5.1.0.Final/700aeedc4a2089816621948f0379e17cbd17d5db/hibernate-commons-annotations-5.1.0.Final.jar, file:/Users/pramthak/.gradle/caches/modules-2/files-2.1/org.jboss.logging/jboss-logging/3.4.1.Final/40fd4d696c55793e996d1ff3c475833f836c2498/jboss-logging-3.4.1.Final.jar, file:/Users/pramthak/.gradle/caches/modules-2/files-2.1/org.javassist/javassist/3.24.0-GA/d7466fc2e3af7c023e95c510f06448ad29b225b3/javassist-3.24.0-GA.jar, file:/Users/pramthak/.gradle/caches/modules-2/files-2.1/net.bytebuddy/byte-buddy/1.10.8/df457a421493f9de0acb16c4c4c0a62e8f5dd3a3/byte-buddy-1.10.8.jar, file:/Users/pramthak/.gradle/caches/modules-2/files-2.1/antlr/antlr/2.7.7/83cd2cd674a217ade95a4bb83a8a14f351f48bd0/antlr-2.7.7.jar, file:/Users/pramthak/.gradle/caches/modules-2/files-2.1/org.jboss/jandex/2.1.1.Final/c89aa5564fea8b08b9b41f0bbcabb8fed0d89c0d/jandex-2.1.1.Final.jar, file:/Users/pramthak/.gradle/caches/modules-2/files-2.1/org.dom4j/dom4j/2.1.1/3dce5dbb3571aa820c677fadd8349bfa8f00c199/dom4j-2.1.1.jar, file:/Users/pramthak/.gradle/caches/modules-2/files-2.1/jakarta.annotation/jakarta.annotation-api/1.3.5/59eb84ee0d616332ff44aba065f3888cf002cd2d/jakarta.annotation-api-1.3.5.jar, file:/Users/pramthak/.gradle/caches/modules-2/files-2.1/org.yaml/snakeyaml/1.25/8b6e01ef661d8378ae6dd7b511a7f2a33fae1421/snakeyaml-1.25.jar, file:/Users/pramthak/.gradle/caches/modules-2/files-2.1/org.apache.tomcat.embed/tomcat-embed-websocket/9.0.33/53abe8b103860ec76e5d49001d4d912e4fc54a21/tomcat-embed-websocket-9.0.33.jar, file:/Users/pramthak/.gradle/caches/modules-2/files-2.1/org.apache.tomcat.embed/tomcat-embed-core/9.0.33/a414af8543e38a9c22ba2bdd59efc91db7451e6c/tomcat-embed-core-9.0.33.jar, file:/Users/pramthak/.gradle/caches/modules-2/files-2.1/org.apache.tomcat.embed/tomcat-embed-el/9.0.33/65be3b1cbcf05e3dc6733a5c5fdda47f2eb331eb/tomcat-embed-el-9.0.33.jar, file:/Users/pramthak/.gradle/caches/modules-2/files-2.1/jakarta.validation/jakarta.validation-api/2.0.2/5eacc6522521f7eacb081f95cee1e231648461e7/jakarta.validation-api-2.0.2.jar, file:/Users/pramthak/.gradle/caches/modules-2/files-2.1/org.springframework.cloud/spring-cloud-context/2.2.2.RELEASE/d48352d0e7f037a16c766b3e216c968be1bc903a/spring-cloud-context-2.2.2.RELEASE.jar, file:/Users/pramthak/.gradle/caches/modules-2/files-2.1/org.springframework.security/spring-security-rsa/1.0.9.RELEASE/7a506772756fe7669fa9538e7f195f832fab8559/spring-security-rsa-1.0.9.RELEASE.jar, file:/Users/pramthak/.gradle/caches/modules-2/files-2.1/org.springframework.security/spring-security-crypto/5.2.2.RELEASE/1db78c464b439c3638dffb9fd23d02c6cdfdb113/spring-security-crypto-5.2.2.RELEASE.jar, file:/Users/pramthak/.gradle/caches/modules-2/files-2.1/org.aspectj/aspectjrt/1.9.5/dc063f2557f6734ccb529b4c1d97132e4c8c739/aspectjrt-1.9.5.jar, file:/Users/pramthak/.gradle/caches/modules-2/files-2.1/io.zipkin.brave/brave-context-log4j2/5.10.1/150d58dcfbf7bd15f4c9c1530752649eb82ea919/brave-context-log4j2-5.10.1.jar, file:/Users/pramthak/.gradle/caches/modules-2/files-2.1/io.zipkin.brave/brave-instrumentation-spring-rabbit/5.10.1/6a78e1c083b9c3030a94785647a7b2a6d6d9f6b1/brave-instrumentation-spring-rabbit-5.10.1.jar, file:/Users/pramthak/.gradle/caches/modules-2/files-2.1/io.zipkin.brave/brave-instrumentation-kafka-streams/5.10.1/b88f4c2a5c9ae8a9ba0bfb8f976c66fe1d036090/brave-instrumentation-kafka-streams-5.10.1.jar, file:/Users/pramthak/.gradle/caches/modules-2/files-2.1/io.zipkin.brave/brave-instrumentation-kafka-clients/5.10.1/7e91f72a574640419770f39ea0eb7413656f4e17/brave-instrumentation-kafka-clients-5.10.1.jar, file:/Users/pramthak/.gradle/caches/modules-2/files-2.1/io.zipkin.brave/brave-instrumentation-jms/5.10.1/28762939dedfba128271d94b4d8cb10e473466c0/brave-instrumentation-jms-5.10.1.jar, file:/Users/pramthak/.gradle/caches/modules-2/files-2.1/io.zipkin.brave/brave-instrumentation-messaging/5.10.1/327e2cb8b2662e79a48bd29ce231934b665d3cab/brave-instrumentation-messaging-5.10.1.jar, file:/Users/pramthak/.gradle/caches/modules-2/files-2.1/io.zipkin.brave/brave-instrumentation-rpc/5.10.1/bc1f92335a0a6e1770e1219c69bedf93540c69e0/brave-instrumentation-rpc-5.10.1.jar, file:/Users/pramthak/.gradle/caches/modules-2/files-2.1/io.zipkin.brave/brave-instrumentation-spring-web/5.10.1/3dab4c2b9a5d83d0a609295eb0eeaac1b2bd54c6/brave-instrumentation-spring-web-5.10.1.jar, file:/Users/pramthak/.gradle/caches/modules-2/files-2.1/io.zipkin.brave/brave-instrumentation-httpclient/5.10.1/46f7d7abff9ec12e7cf657444fdb61534f51ed07/brave-instrumentation-httpclient-5.10.1.jar, file:/Users/pramthak/.gradle/caches/modules-2/files-2.1/io.zipkin.brave/brave-instrumentation-httpasyncclient/5.10.1/4f77665d3a48f96ca0ae5d009e41cec21fadc440/brave-instrumentation-httpasyncclient-5.10.1.jar, file:/Users/pramthak/.gradle/caches/modules-2/files-2.1/io.zipkin.brave/brave-instrumentation-spring-webmvc/5.10.1/57597c57f3d17f1b4a194f306e059adfa2034736/brave-instrumentation-spring-webmvc-5.10.1.jar, file:/Users/pramthak/.gradle/caches/modules-2/files-2.1/io.zipkin.brave/brave-instrumentation-servlet/5.10.1/19fc33c6d373a6c9fca06b66c3040b7cd4688772/brave-instrumentation-servlet-5.10.1.jar, file:/Users/pramthak/.gradle/caches/modules-2/files-2.1/io.zipkin.brave/brave-instrumentation-http/5.10.1/1c9decfd7001b720475fb2c9911a489d4be8eec6/brave-instrumentation-http-5.10.1.jar, file:/Users/pramthak/.gradle/caches/modules-2/files-2.1/io.zipkin.brave/brave/5.10.1/8fb249b29109acde6b37e8327e390ff6aae967/brave-5.10.1.jar, file:/Users/pramthak/.gradle/caches/modules-2/files-2.1/io.zipkin.reporter2/zipkin-reporter-metrics-micrometer/2.12.1/a0685e2eb36013c31e9ad5f8bfaa2433ce3cdc01/zipkin-reporter-metrics-micrometer-2.12.1.jar, file:/Users/pramthak/.gradle/caches/modules-2/files-2.1/org.hdrhistogram/HdrHistogram/2.1.11/1b035a1a4ce5d3441a4a1a331d04839ef487ec49/HdrHistogram-2.1.11.jar, file:/Users/pramthak/.gradle/caches/modules-2/files-2.1/org.latencyutils/LatencyUtils/2.0.3/769c0b82cb2421c8256300e907298a9410a2a3d3/LatencyUtils-2.0.3.jar, file:/Users/pramthak/.gradle/caches/modules-2/files-2.1/org.springframework.cloud/spring-cloud-netflix-archaius/2.2.2.RELEASE/7da61a07f00e3aabebd1b9b0495a77490302e7dc/spring-cloud-netflix-archaius-2.2.2.RELEASE.jar, file:/Users/pramthak/.gradle/caches/modules-2/files-2.1/commons-configuration/commons-configuration/1.8/6cce40435bcd8018018f16898de01976b319941a/commons-configuration-1.8.jar, file:/Users/pramthak/.gradle/caches/modules-2/files-2.1/io.reactivex/rxjava/1.3.8/8c192792ad2e65a90867ab418ac49703f44d2baf/rxjava-1.3.8.jar, file:/Users/pramthak/.gradle/caches/modules-2/files-2.1/com.fasterxml.jackson.core/jackson-core/2.10.3/f7ee7b55c7d292ac72fbaa7648c089f069c938d2/jackson-core-2.10.3.jar, file:/Users/pramthak/.gradle/caches/modules-2/files-2.1/org.apache.commons/commons-lang3/3.9/122c7cee69b53ed4a7681c03d4ee4c0e2765da5/commons-lang3-3.9.jar, file:/Users/pramthak/.gradle/caches/modules-2/files-2.1/net.minidev/json-smart/2.3/7396407491352ce4fa30de92efb158adb76b5b/json-smart-2.3.jar, file:/Users/pramthak/.gradle/caches/modules-2/files-2.1/net.minidev/accessors-smart/1.2/c592b500269bfde36096641b01238a8350f8aa31/accessors-smart-1.2.jar, file:/Users/pramthak/.gradle/caches/modules-2/files-2.1/org.ow2.asm/asm/5.0.4/da08b8cce7bbf903602a25a3a163ae252435795/asm-5.0.4.jar, file:/Users/pramthak/.gradle/caches/modules-2/files-2.1/com.google.guava/guava/28.2-android/e11db6e27f5d1ec19826848a865c496c798398fa/guava-28.2-android.jar, file:/Users/pramthak/.gradle/caches/modules-2/files-2.1/org.reactivestreams/reactive-streams/1.0.3/d9fb7a7926ffa635b3dcaa5049fb2bfa25b3e7d0/reactive-streams-1.0.3.jar, file:/Users/pramthak/.gradle/caches/modules-2/files-2.1/org.apache.httpcomponents/httpclient/4.5.12/4023a2a80b64c25926911faf350b50cd2a29220f/httpclient-4.5.12.jar, file:/Users/pramthak/.gradle/caches/modules-2/files-2.1/org.webjars/jquery/2.1.1/dd89e356066869550b5509c4370f995ad6698d9a/jquery-2.1.1.jar, file:/Users/pramthak/.gradle/caches/modules-2/files-2.1/org.webjars/d3js/3.4.11/6ef8866c242eddc2bb7f6ef5b93028b73d316e23/d3js-3.4.11.jar, file:/Users/pramthak/.gradle/caches/modules-2/files-2.1/org.junit.jupiter/junit-jupiter-params/5.5.2/e0659722923bd9fdfa08602e2da22bd5a9d354e8/junit-jupiter-params-5.5.2.jar, file:/Users/pramthak/.gradle/caches/modules-2/files-2.1/org.junit.jupiter/junit-jupiter-engine/5.5.2/f597408bde45371548f9e9791da7981a1134328d/junit-jupiter-engine-5.5.2.jar, file:/Users/pramthak/.gradle/caches/modules-2/files-2.1/org.junit.jupiter/junit-jupiter-api/5.5.2/6393db7e4c0265152d8fc4ff146633d1a7d36c47/junit-jupiter-api-5.5.2.jar, file:/Users/pramthak/.gradle/caches/modules-2/files-2.1/net.bytebuddy/byte-buddy-agent/1.10.8/52d55b4c41c70125b159382f9c992d6546597ebb/byte-buddy-agent-1.10.8.jar, file:/Users/pramthak/.gradle/caches/modules-2/files-2.1/org.objenesis/objenesis/2.6/639033469776fd37c08358c6b92a4761feb2af4b/objenesis-2.6.jar, file:/Users/pramthak/.gradle/caches/modules-2/files-2.1/com.vaadin.external.google/android-json/0.0.20131108.vaadin1/fa26d351fe62a6a17f5cda1287c1c6110dec413f/android-json-0.0.20131108.vaadin1.jar, file:/Users/pramthak/.gradle/caches/modules-2/files-2.1/org.springframework/spring-jcl/5.2.5.RELEASE/b841f30defd6508f0c21b8c5490b030eb50ac8cb/spring-jcl-5.2.5.RELEASE.jar, file:/Users/pramthak/.gradle/caches/modules-2/files-2.1/org.atteo/evo-inflector/1.2.2/2551aad98d65ac5464d81fe05f0e1516cfe471c9/evo-inflector-1.2.2.jar, file:/Users/pramthak/.gradle/caches/modules-2/files-2.1/org.glassfish.jaxb/txw2/2.3.2/ce5be7da2e442c25ec14c766cb60cb802741727b/txw2-2.3.2.jar, file:/Users/pramthak/.gradle/caches/modules-2/files-2.1/com.sun.xml.fastinfoset/FastInfoset/1.2.16/4eb6a0adad553bf759ffe86927df6f3b848c8bea/FastInfoset-1.2.16.jar, file:/Users/pramthak/.gradle/caches/modules-2/files-2.1/org.bouncycastle/bcpkix-jdk15on/1.64/3dac163e20110817d850d17e0444852a6d7d0bd7/bcpkix-jdk15on-1.64.jar, file:/Users/pramthak/.gradle/caches/modules-2/files-2.1/commons-fileupload/commons-fileupload/1.4/f95188e3d372e20e7328706c37ef366e5d7859b0/commons-fileupload-1.4.jar, file:/Users/pramthak/.gradle/caches/modules-2/files-2.1/com.google.code.findbugs/jsr305/3.0.2/25ea2e8b0c338a877313bd4672d3fe056ea78f0d/jsr305-3.0.2.jar, file:/Users/pramthak/.gradle/caches/modules-2/files-2.1/io.zipkin.reporter2/zipkin-reporter/2.12.1/529515968cd1804579d694a01b2abcfc4e13f49d/zipkin-reporter-2.12.1.jar, file:/Users/pramthak/.gradle/caches/modules-2/files-2.1/io.zipkin.zipkin2/zipkin/2.19.3/e88cfc28ec1e47f241a2484671d6707b6855edbc/zipkin-2.19.3.jar, file:/Users/pramthak/.gradle/caches/modules-2/files-2.1/commons-lang/commons-lang/2.6/ce1edb914c94ebc388f086c6827e8bdeec71ac2/commons-lang-2.6.jar, file:/Users/pramthak/.gradle/caches/modules-2/files-2.1/com.google.guava/failureaccess/1.0.1/1dcf1de382a0bf95a3d8b0849546c88bac1292c9/failureaccess-1.0.1.jar, file:/Users/pramthak/.gradle/caches/modules-2/files-2.1/com.google.guava/listenablefuture/9999.0-empty-to-avoid-conflict-with-guava/b421526c5f297295adef1c886e5246c39d4ac629/listenablefuture-9999.0-empty-to-avoid-conflict-with-guava.jar, file:/Users/pramthak/.gradle/caches/modules-2/files-2.1/org.checkerframework/checker-compat-qual/2.5.5/435dc33e3019c9f019e15f01aa111de9d6b2b79c/checker-compat-qual-2.5.5.jar, file:/Users/pramthak/.gradle/caches/modules-2/files-2.1/com.google.errorprone/error_prone_annotations/2.3.4/dac170e4594de319655ffb62f41cbd6dbb5e601e/error_prone_annotations-2.3.4.jar, file:/Users/pramthak/.gradle/caches/modules-2/files-2.1/com.google.j2objc/j2objc-annotations/1.3/ba035118bc8bac37d7eff77700720999acd9986d/j2objc-annotations-1.3.jar, file:/Users/pramthak/.gradle/caches/modules-2/files-2.1/org.freemarker/freemarker/2.3.30/86d70d335c7821178f62b554aa3a4bc538a94f1a/freemarker-2.3.30.jar, file:/Users/pramthak/.gradle/caches/modules-2/files-2.1/org.apache.httpcomponents/httpcore/4.4.13/853b96d3afbb7bf8cc303fe27ee96836a10c1834/httpcore-4.4.13.jar, file:/Users/pramthak/.gradle/caches/modules-2/files-2.1/commons-codec/commons-codec/1.13/3f18e1aa31031d89db6f01ba05d501258ce69d2c/commons-codec-1.13.jar, file:/Users/pramthak/.gradle/caches/modules-2/files-2.1/org.junit.platform/junit-platform-engine/1.5.2/d5697f6ebe0b4d08c0210b5b98b4e1a40f40dfc6/junit-platform-engine-1.5.2.jar, file:/Users/pramthak/.gradle/caches/modules-2/files-2.1/org.junit.platform/junit-platform-commons/1.5.2/9703df63b65d415b2a027d43ce908c625b3aedce/junit-platform-commons-1.5.2.jar, file:/Users/pramthak/.gradle/caches/modules-2/files-2.1/org.apiguardian/apiguardian-api/1.1.0/fc9dff4bb36d627bdc553de77e1f17efd790876c/apiguardian-api-1.1.0.jar, file:/Users/pramthak/.gradle/caches/modules-2/files-2.1/org.opentest4j/opentest4j/1.2.0/28c11eb91f9b6d8e200631d46e20a7f407f2a046/opentest4j-1.2.0.jar, file:/Users/pramthak/.gradle/caches/modules-2/files-2.1/ch.qos.logback/logback-core/1.2.3/864344400c3d4d92dfeb0a305dc87d953677c03c/logback-core-1.2.3.jar, file:/Users/pramthak/.gradle/caches/modules-2/files-2.1/org.apache.logging.log4j/log4j-api/2.12.1/a55e6d987f50a515c9260b0451b4fa217dc539cb/log4j-api-2.12.1.jar, file:/Users/pramthak/.gradle/caches/modules-2/files-2.1/org.bouncycastle/bcprov-jdk15on/1.64/1467dac1b787b5ad2a18201c0c281df69882259e/bcprov-jdk15on-1.64.jar, file:/Users/pramthak/.gradle/caches/modules-2/files-2.1/commons-io/commons-io/2.2/83b5b8a7ba1c08f9e8c8ff2373724e33d3c1e22a/commons-io-2.2.jar]

  .   ____          _            __ _ _
 /\\ / ___'_ __ _ _(_)_ __  __ _ \ \ \ \
( ( )\___ | '_ | '_| | '_ \/ _` | \ \ \ \
 \\/  ___)| |_)| | | | | || (_| |  ) ) ) )
  '  |____| .__|_| |_|_| |_\__, | / / / /
 =========|_|==============|___/=/_/_/_/
 :: Spring Boot ::        (v2.2.6.RELEASE)

2020-04-16 18:10:28.318  INFO [aggregator-service,,,] 35262 --- [    Test worker] c.d.c.CommentserviceApplicationTests     : No active profile set, falling back to default profiles: default
2020-04-16 18:10:28.318 DEBUG [aggregator-service,,,] 35262 --- [    Test worker] o.s.boot.SpringApplication               : Loading source class com.demo.commentservice.AggregatorserviceApplication,class org.springframework.cloud.bootstrap.BootstrapApplicationListener$BootstrapMarkerConfiguration
2020-04-16 18:10:28.325 DEBUG [aggregator-service,,,] 35262 --- [    Test worker] o.s.b.c.c.ConfigFileApplicationListener  : Loaded config file 'file:/Users/pramthak/project/practise/microservices/aggregatorservice/build/resources/main/application.properties' (classpath:/application.properties)
2020-04-16 18:10:28.325 DEBUG [aggregator-service,,,] 35262 --- [    Test worker] o.s.b.c.c.ConfigFileApplicationListener  : Loaded config file 'file:/Users/pramthak/project/practise/microservices/aggregatorservice/build/resources/main/application.yaml' (classpath:/application.yaml)
2020-04-16 18:10:28.326 DEBUG [aggregator-service,,,] 35262 --- [    Test worker] o.s.w.c.s.GenericWebApplicationContext   : Refreshing org.springframework.web.context.support.GenericWebApplicationContext@3a7d07d4
2020-04-16 18:10:28.332 DEBUG [aggregator-service,,,] 35262 --- [    Test worker] o.s.b.f.s.DefaultListableBeanFactory     : Creating shared instance of singleton bean 'org.springframework.context.annotation.internalConfigurationAnnotationProcessor'
2020-04-16 18:10:28.332 DEBUG [aggregator-service,,,] 35262 --- [    Test worker] o.s.b.f.s.DefaultListableBeanFactory     : Creating shared instance of singleton bean 'org.springframework.boot.autoconfigure.internalCachingMetadataReaderFactory'
2020-04-16 18:10:28.345 DEBUG [aggregator-service,,,] 35262 --- [    Test worker] o.s.c.a.ClassPathBeanDefinitionScanner   : Identified candidate component class: file [/Users/pramthak/project/practise/microservices/aggregatorservice/build/classes/java/main/com/demo/commentservice/config/AppConfig.class]
2020-04-16 18:10:28.348 DEBUG [aggregator-service,,,] 35262 --- [    Test worker] o.s.c.a.ClassPathBeanDefinitionScanner   : Identified candidate component class: file [/Users/pramthak/project/practise/microservices/aggregatorservice/build/classes/java/main/com/demo/commentservice/config/SwaggerConfig.class]
2020-04-16 18:10:28.353 DEBUG [aggregator-service,,,] 35262 --- [    Test worker] o.s.c.a.ClassPathBeanDefinitionScanner   : Identified candidate component class: file [/Users/pramthak/project/practise/microservices/aggregatorservice/build/classes/java/main/com/demo/commentservice/controller/CommentAndUserAggregator.class]
2020-04-16 18:10:28.354 DEBUG [aggregator-service,,,] 35262 --- [    Test worker] o.s.c.a.ClassPathBeanDefinitionScanner   : Identified candidate component class: file [/Users/pramthak/project/practise/microservices/aggregatorservice/build/classes/java/main/com/demo/commentservice/exception/ControllerAdvisor.class]
2020-04-16 18:10:28.358 DEBUG [aggregator-service,,,] 35262 --- [    Test worker] o.s.c.a.ClassPathBeanDefinitionScanner   : Identified candidate component class: file [/Users/pramthak/project/practise/microservices/aggregatorservice/build/classes/java/main/com/demo/commentservice/service/UserServiceImpl.class]
2020-04-16 18:10:28.366 DEBUG [aggregator-service,,,] 35262 --- [    Test worker] o.s.c.a.ClassPathBeanDefinitionScanner   : Identified candidate component class: URL [jar:file:/Users/pramthak/.gradle/caches/modules-2/files-2.1/io.springfox/springfox-swagger2/3.0.0-SNAPSHOT/5f250c0c5660aca63ed620022260f764fc992d88/springfox-swagger2-3.0.0-SNAPSHOT.jar!/springfox/documentation/swagger2/mappers/ServiceModelToSwagger2MapperImpl.class]
2020-04-16 18:10:28.370 DEBUG [aggregator-service,,,] 35262 --- [    Test worker] o.s.c.a.ClassPathBeanDefinitionScanner   : Identified candidate component class: URL [jar:file:/Users/pramthak/.gradle/caches/modules-2/files-2.1/io.springfox/springfox-swagger2/3.0.0-SNAPSHOT/5f250c0c5660aca63ed620022260f764fc992d88/springfox-swagger2-3.0.0-SNAPSHOT.jar!/springfox/documentation/swagger2/mappers/SecurityMapperImpl.class]
2020-04-16 18:10:28.370 DEBUG [aggregator-service,,,] 35262 --- [    Test worker] o.s.c.a.ClassPathBeanDefinitionScanner   : Identified candidate component class: URL [jar:file:/Users/pramthak/.gradle/caches/modules-2/files-2.1/io.springfox/springfox-swagger2/3.0.0-SNAPSHOT/5f250c0c5660aca63ed620022260f764fc992d88/springfox-swagger2-3.0.0-SNAPSHOT.jar!/springfox/documentation/swagger2/mappers/ParameterMapperImpl.class]
2020-04-16 18:10:28.372 DEBUG [aggregator-service,,,] 35262 --- [    Test worker] o.s.c.a.ClassPathBeanDefinitionScanner   : Identified candidate component class: URL [jar:file:/Users/pramthak/.gradle/caches/modules-2/files-2.1/io.springfox/springfox-swagger2/3.0.0-SNAPSHOT/5f250c0c5660aca63ed620022260f764fc992d88/springfox-swagger2-3.0.0-SNAPSHOT.jar!/springfox/documentation/swagger2/mappers/ModelMapperImpl.class]
2020-04-16 18:10:28.372 DEBUG [aggregator-service,,,] 35262 --- [    Test worker] o.s.c.a.ClassPathBeanDefinitionScanner   : Identified candidate component class: URL [jar:file:/Users/pramthak/.gradle/caches/modules-2/files-2.1/io.springfox/springfox-swagger2/3.0.0-SNAPSHOT/5f250c0c5660aca63ed620022260f764fc992d88/springfox-swagger2-3.0.0-SNAPSHOT.jar!/springfox/documentation/swagger2/mappers/VendorExtensionsMapperImpl.class]
2020-04-16 18:10:28.375 DEBUG [aggregator-service,,,] 35262 --- [    Test worker] o.s.c.a.ClassPathBeanDefinitionScanner   : Identified candidate component class: URL [jar:file:/Users/pramthak/.gradle/caches/modules-2/files-2.1/io.springfox/springfox-swagger2/3.0.0-SNAPSHOT/5f250c0c5660aca63ed620022260f764fc992d88/springfox-swagger2-3.0.0-SNAPSHOT.jar!/springfox/documentation/swagger2/mappers/LicenseMapperImpl.class]
2020-04-16 18:10:28.385 DEBUG [aggregator-service,,,] 35262 --- [    Test worker] o.s.c.a.ClassPathBeanDefinitionScanner   : Identified candidate component class: URL [jar:file:/Users/pramthak/.gradle/caches/modules-2/files-2.1/io.springfox/springfox-spring-web/3.0.0-SNAPSHOT/9f5fcb0baf1741ac505526fbfe123024aba5620d/springfox-spring-web-3.0.0-SNAPSHOT.jar!/springfox/documentation/spring/web/scanners/CachingOperationReader.class]
2020-04-16 18:10:28.387 DEBUG [aggregator-service,,,] 35262 --- [    Test worker] o.s.c.a.ClassPathBeanDefinitionScanner   : Identified candidate component class: URL [jar:file:/Users/pramthak/.gradle/caches/modules-2/files-2.1/io.springfox/springfox-spring-web/3.0.0-SNAPSHOT/9f5fcb0baf1741ac505526fbfe123024aba5620d/springfox-spring-web-3.0.0-SNAPSHOT.jar!/springfox/documentation/spring/web/scanners/ApiDescriptionLookup.class]
2020-04-16 18:10:28.387 DEBUG [aggregator-service,,,] 35262 --- [    Test worker] o.s.c.a.ClassPathBeanDefinitionScanner   : Identified candidate component class: URL [jar:file:/Users/pramthak/.gradle/caches/modules-2/files-2.1/io.springfox/springfox-spring-web/3.0.0-SNAPSHOT/9f5fcb0baf1741ac505526fbfe123024aba5620d/springfox-spring-web-3.0.0-SNAPSHOT.jar!/springfox/documentation/spring/web/scanners/ApiDescriptionReader.class]
2020-04-16 18:10:28.388 DEBUG [aggregator-service,,,] 35262 --- [    Test worker] o.s.c.a.ClassPathBeanDefinitionScanner   : Identified candidate component class: URL [jar:file:/Users/pramthak/.gradle/caches/modules-2/files-2.1/io.springfox/springfox-spring-web/3.0.0-SNAPSHOT/9f5fcb0baf1741ac505526fbfe123024aba5620d/springfox-spring-web-3.0.0-SNAPSHOT.jar!/springfox/documentation/spring/web/scanners/ApiModelReader.class]
2020-04-16 18:10:28.388 DEBUG [aggregator-service,,,] 35262 --- [    Test worker] o.s.c.a.ClassPathBeanDefinitionScanner   : Identified candidate component class: URL [jar:file:/Users/pramthak/.gradle/caches/modules-2/files-2.1/io.springfox/springfox-spring-web/3.0.0-SNAPSHOT/9f5fcb0baf1741ac505526fbfe123024aba5620d/springfox-spring-web-3.0.0-SNAPSHOT.jar!/springfox/documentation/spring/web/scanners/ApiListingReferenceScanner.class]
2020-04-16 18:10:28.389 DEBUG [aggregator-service,,,] 35262 --- [    Test worker] o.s.c.a.ClassPathBeanDefinitionScanner   : Identified candidate component class: URL [jar:file:/Users/pramthak/.gradle/caches/modules-2/files-2.1/io.springfox/springfox-spring-web/3.0.0-SNAPSHOT/9f5fcb0baf1741ac505526fbfe123024aba5620d/springfox-spring-web-3.0.0-SNAPSHOT.jar!/springfox/documentation/spring/web/scanners/ApiDocumentationScanner.class]
2020-04-16 18:10:28.389 DEBUG [aggregator-service,,,] 35262 --- [    Test worker] o.s.c.a.ClassPathBeanDefinitionScanner   : Identified candidate component class: URL [jar:file:/Users/pramthak/.gradle/caches/modules-2/files-2.1/io.springfox/springfox-spring-web/3.0.0-SNAPSHOT/9f5fcb0baf1741ac505526fbfe123024aba5620d/springfox-spring-web-3.0.0-SNAPSHOT.jar!/springfox/documentation/spring/web/scanners/ApiListingReader.class]
2020-04-16 18:10:28.390 DEBUG [aggregator-service,,,] 35262 --- [    Test worker] o.s.c.a.ClassPathBeanDefinitionScanner   : Identified candidate component class: URL [jar:file:/Users/pramthak/.gradle/caches/modules-2/files-2.1/io.springfox/springfox-spring-web/3.0.0-SNAPSHOT/9f5fcb0baf1741ac505526fbfe123024aba5620d/springfox-spring-web-3.0.0-SNAPSHOT.jar!/springfox/documentation/spring/web/scanners/MediaTypeReader.class]
2020-04-16 18:10:28.390 DEBUG [aggregator-service,,,] 35262 --- [    Test worker] o.s.c.a.ClassPathBeanDefinitionScanner   : Identified candidate component class: URL [jar:file:/Users/pramthak/.gradle/caches/modules-2/files-2.1/io.springfox/springfox-spring-web/3.0.0-SNAPSHOT/9f5fcb0baf1741ac505526fbfe123024aba5620d/springfox-spring-web-3.0.0-SNAPSHOT.jar!/springfox/documentation/spring/web/scanners/ApiListingScanner.class]
2020-04-16 18:10:28.393 DEBUG [aggregator-service,,,] 35262 --- [    Test worker] o.s.c.a.ClassPathBeanDefinitionScanner   : Identified candidate component class: URL [jar:file:/Users/pramthak/.gradle/caches/modules-2/files-2.1/io.springfox/springfox-spring-web/3.0.0-SNAPSHOT/9f5fcb0baf1741ac505526fbfe123024aba5620d/springfox-spring-web-3.0.0-SNAPSHOT.jar!/springfox/documentation/spring/web/readers/operation/DefaultTagsProvider.class]
2020-04-16 18:10:28.393 DEBUG [aggregator-service,,,] 35262 --- [    Test worker] o.s.c.a.ClassPathBeanDefinitionScanner   : Identified candidate component class: URL [jar:file:/Users/pramthak/.gradle/caches/modules-2/files-2.1/io.springfox/springfox-spring-web/3.0.0-SNAPSHOT/9f5fcb0baf1741ac505526fbfe123024aba5620d/springfox-spring-web-3.0.0-SNAPSHOT.jar!/springfox/documentation/spring/web/readers/operation/OperationParameterRequestConditionReader.class]
2020-04-16 18:10:28.394 DEBUG [aggregator-service,,,] 35262 --- [    Test worker] o.s.c.a.ClassPathBeanDefinitionScanner   : Identified candidate component class: URL [jar:file:/Users/pramthak/.gradle/caches/modules-2/files-2.1/io.springfox/springfox-spring-web/3.0.0-SNAPSHOT/9f5fcb0baf1741ac505526fbfe123024aba5620d/springfox-spring-web-3.0.0-SNAPSHOT.jar!/springfox/documentation/spring/web/readers/operation/OperationResponseClassReader.class]
2020-04-16 18:10:28.394 DEBUG [aggregator-service,,,] 35262 --- [    Test worker] o.s.c.a.ClassPathBeanDefinitionScanner   : Identified candidate component class: URL [jar:file:/Users/pramthak/.gradle/caches/modules-2/files-2.1/io.springfox/springfox-spring-web/3.0.0-SNAPSHOT/9f5fcb0baf1741ac505526fbfe123024aba5620d/springfox-spring-web-3.0.0-SNAPSHOT.jar!/springfox/documentation/spring/web/readers/operation/DefaultOperationReader.class]
2020-04-16 18:10:28.395 DEBUG [aggregator-service,,,] 35262 --- [    Test worker] o.s.c.a.ClassPathBeanDefinitionScanner   : Identified candidate component class: URL [jar:file:/Users/pramthak/.gradle/caches/modules-2/files-2.1/io.springfox/springfox-spring-web/3.0.0-SNAPSHOT/9f5fcb0baf1741ac505526fbfe123024aba5620d/springfox-spring-web-3.0.0-SNAPSHOT.jar!/springfox/documentation/spring/web/readers/operation/OperationParameterReader.class]
2020-04-16 18:10:28.395 DEBUG [aggregator-service,,,] 35262 --- [    Test worker] o.s.c.a.ClassPathBeanDefinitionScanner   : Identified candidate component class: URL [jar:file:/Users/pramthak/.gradle/caches/modules-2/files-2.1/io.springfox/springfox-spring-web/3.0.0-SNAPSHOT/9f5fcb0baf1741ac505526fbfe123024aba5620d/springfox-spring-web-3.0.0-SNAPSHOT.jar!/springfox/documentation/spring/web/readers/operation/ApiOperationReader.class]
2020-04-16 18:10:28.395 DEBUG [aggregator-service,,,] 35262 --- [    Test worker] o.s.c.a.ClassPathBeanDefinitionScanner   : Identified candidate component class: URL [jar:file:/Users/pramthak/.gradle/caches/modules-2/files-2.1/io.springfox/springfox-spring-web/3.0.0-SNAPSHOT/9f5fcb0baf1741ac505526fbfe123024aba5620d/springfox-spring-web-3.0.0-SNAPSHOT.jar!/springfox/documentation/spring/web/readers/operation/ResponseMessagesReader.class]
2020-04-16 18:10:28.396 DEBUG [aggregator-service,,,] 35262 --- [    Test worker] o.s.c.a.ClassPathBeanDefinitionScanner   : Identified candidate component class: URL [jar:file:/Users/pramthak/.gradle/caches/modules-2/files-2.1/io.springfox/springfox-spring-web/3.0.0-SNAPSHOT/9f5fcb0baf1741ac505526fbfe123024aba5620d/springfox-spring-web-3.0.0-SNAPSHOT.jar!/springfox/documentation/spring/web/readers/operation/OperationParameterHeadersConditionReader.class]
2020-04-16 18:10:28.396 DEBUG [aggregator-service,,,] 35262 --- [    Test worker] o.s.c.a.ClassPathBeanDefinitionScanner   : Identified candidate component class: URL [jar:file:/Users/pramthak/.gradle/caches/modules-2/files-2.1/io.springfox/springfox-spring-web/3.0.0-SNAPSHOT/9f5fcb0baf1741ac505526fbfe123024aba5620d/springfox-spring-web-3.0.0-SNAPSHOT.jar!/springfox/documentation/spring/web/readers/operation/OperationTagsReader.class]
2020-04-16 18:10:28.396 DEBUG [aggregator-service,,,] 35262 --- [    Test worker] o.s.c.a.ClassPathBeanDefinitionScanner   : Identified candidate component class: URL [jar:file:/Users/pramthak/.gradle/caches/modules-2/files-2.1/io.springfox/springfox-spring-web/3.0.0-SNAPSHOT/9f5fcb0baf1741ac505526fbfe123024aba5620d/springfox-spring-web-3.0.0-SNAPSHOT.jar!/springfox/documentation/spring/web/readers/operation/CachingOperationNameGenerator.class]
2020-04-16 18:10:28.397 DEBUG [aggregator-service,,,] 35262 --- [    Test worker] o.s.c.a.ClassPathBeanDefinitionScanner   : Identified candidate component class: URL [jar:file:/Users/pramthak/.gradle/caches/modules-2/files-2.1/io.springfox/springfox-spring-web/3.0.0-SNAPSHOT/9f5fcb0baf1741ac505526fbfe123024aba5620d/springfox-spring-web-3.0.0-SNAPSHOT.jar!/springfox/documentation/spring/web/readers/operation/OperationModelsProvider.class]
2020-04-16 18:10:28.397 DEBUG [aggregator-service,,,] 35262 --- [    Test worker] o.s.c.a.ClassPathBeanDefinitionScanner   : Identified candidate component class: URL [jar:file:/Users/pramthak/.gradle/caches/modules-2/files-2.1/io.springfox/springfox-spring-web/3.0.0-SNAPSHOT/9f5fcb0baf1741ac505526fbfe123024aba5620d/springfox-spring-web-3.0.0-SNAPSHOT.jar!/springfox/documentation/spring/web/readers/operation/OperationDeprecatedReader.class]
2020-04-16 18:10:28.400 DEBUG [aggregator-service,,,] 35262 --- [    Test worker] o.s.c.a.ClassPathBeanDefinitionScanner   : Identified candidate component class: URL [jar:file:/Users/pramthak/.gradle/caches/modules-2/files-2.1/io.springfox/springfox-spring-web/3.0.0-SNAPSHOT/9f5fcb0baf1741ac505526fbfe123024aba5620d/springfox-spring-web-3.0.0-SNAPSHOT.jar!/springfox/documentation/spring/web/readers/parameter/ParameterTypeReader.class]
2020-04-16 18:10:28.400 DEBUG [aggregator-service,,,] 35262 --- [    Test worker] o.s.c.a.ClassPathBeanDefinitionScanner   : Identified candidate component class: URL [jar:file:/Users/pramthak/.gradle/caches/modules-2/files-2.1/io.springfox/springfox-spring-web/3.0.0-SNAPSHOT/9f5fcb0baf1741ac505526fbfe123024aba5620d/springfox-spring-web-3.0.0-SNAPSHOT.jar!/springfox/documentation/spring/web/readers/parameter/ParameterDataTypeReader.class]
2020-04-16 18:10:28.401 DEBUG [aggregator-service,,,] 35262 --- [    Test worker] o.s.c.a.ClassPathBeanDefinitionScanner   : Identified candidate component class: URL [jar:file:/Users/pramthak/.gradle/caches/modules-2/files-2.1/io.springfox/springfox-spring-web/3.0.0-SNAPSHOT/9f5fcb0baf1741ac505526fbfe123024aba5620d/springfox-spring-web-3.0.0-SNAPSHOT.jar!/springfox/documentation/spring/web/readers/parameter/ParameterNameReader.class]
2020-04-16 18:10:28.401 DEBUG [aggregator-service,,,] 35262 --- [    Test worker] o.s.c.a.ClassPathBeanDefinitionScanner   : Identified candidate component class: URL [jar:file:/Users/pramthak/.gradle/caches/modules-2/files-2.1/io.springfox/springfox-spring-web/3.0.0-SNAPSHOT/9f5fcb0baf1741ac505526fbfe123024aba5620d/springfox-spring-web-3.0.0-SNAPSHOT.jar!/springfox/documentation/spring/web/readers/parameter/ParameterMultiplesReader.class]
2020-04-16 18:10:28.402 DEBUG [aggregator-service,,,] 35262 --- [    Test worker] o.s.c.a.ClassPathBeanDefinitionScanner   : Identified candidate component class: URL [jar:file:/Users/pramthak/.gradle/caches/modules-2/files-2.1/io.springfox/springfox-spring-web/3.0.0-SNAPSHOT/9f5fcb0baf1741ac505526fbfe123024aba5620d/springfox-spring-web-3.0.0-SNAPSHOT.jar!/springfox/documentation/spring/web/readers/parameter/ExpandedParameterBuilder.class]
2020-04-16 18:10:28.402 DEBUG [aggregator-service,,,] 35262 --- [    Test worker] o.s.c.a.ClassPathBeanDefinitionScanner   : Identified candidate component class: URL [jar:file:/Users/pramthak/.gradle/caches/modules-2/files-2.1/io.springfox/springfox-spring-web/3.0.0-SNAPSHOT/9f5fcb0baf1741ac505526fbfe123024aba5620d/springfox-spring-web-3.0.0-SNAPSHOT.jar!/springfox/documentation/spring/web/readers/parameter/ParameterRequiredReader.class]
2020-04-16 18:10:28.402 DEBUG [aggregator-service,,,] 35262 --- [    Test worker] o.s.c.a.ClassPathBeanDefinitionScanner   : Identified candidate component class: URL [jar:file:/Users/pramthak/.gradle/caches/modules-2/files-2.1/io.springfox/springfox-spring-web/3.0.0-SNAPSHOT/9f5fcb0baf1741ac505526fbfe123024aba5620d/springfox-spring-web-3.0.0-SNAPSHOT.jar!/springfox/documentation/spring/web/readers/parameter/ParameterDefaultReader.class]
2020-04-16 18:10:28.403 DEBUG [aggregator-service,,,] 35262 --- [    Test worker] o.s.c.a.ClassPathBeanDefinitionScanner   : Identified candidate component class: URL [jar:file:/Users/pramthak/.gradle/caches/modules-2/files-2.1/io.springfox/springfox-spring-web/3.0.0-SNAPSHOT/9f5fcb0baf1741ac505526fbfe123024aba5620d/springfox-spring-web-3.0.0-SNAPSHOT.jar!/springfox/documentation/spring/web/readers/parameter/ModelAttributeParameterExpander.class]
2020-04-16 18:10:28.413 DEBUG [aggregator-service,,,] 35262 --- [    Test worker] o.s.c.a.ClassPathBeanDefinitionScanner   : Identified candidate component class: URL [jar:file:/Users/pramthak/.gradle/caches/modules-2/files-2.1/io.springfox/springfox-spring-webmvc/3.0.0-SNAPSHOT/a1e136357542bc778235999cb217043fdc9f0a3b/springfox-spring-webmvc-3.0.0-SNAPSHOT.jar!/springfox/documentation/spring/web/plugins/WebMvcRequestHandlerProvider.class]
2020-04-16 18:10:28.415 DEBUG [aggregator-service,,,] 35262 --- [    Test worker] o.s.c.a.ClassPathBeanDefinitionScanner   : Identified candidate component class: URL [jar:file:/Users/pramthak/.gradle/caches/modules-2/files-2.1/io.springfox/springfox-spring-web/3.0.0-SNAPSHOT/9f5fcb0baf1741ac505526fbfe123024aba5620d/springfox-spring-web-3.0.0-SNAPSHOT.jar!/springfox/documentation/spring/web/plugins/DocumentationPluginsBootstrapper.class]
2020-04-16 18:10:28.417 DEBUG [aggregator-service,,,] 35262 --- [    Test worker] o.s.c.a.ClassPathBeanDefinitionScanner   : Identified candidate component class: URL [jar:file:/Users/pramthak/.gradle/caches/modules-2/files-2.1/io.springfox/springfox-spring-web/3.0.0-SNAPSHOT/9f5fcb0baf1741ac505526fbfe123024aba5620d/springfox-spring-web-3.0.0-SNAPSHOT.jar!/springfox/documentation/spring/web/plugins/DocumentationPluginsManager.class]
2020-04-16 18:10:28.420 DEBUG [aggregator-service,,,] 35262 --- [    Test worker] o.s.c.a.ClassPathBeanDefinitionScanner   : Identified candidate component class: URL [jar:file:/Users/pramthak/.gradle/caches/modules-2/files-2.1/io.springfox/springfox-spring-web/3.0.0-SNAPSHOT/9f5fcb0baf1741ac505526fbfe123024aba5620d/springfox-spring-web-3.0.0-SNAPSHOT.jar!/springfox/documentation/spring/web/paths/PathSanitizer.class]
2020-04-16 18:10:28.421 DEBUG [aggregator-service,,,] 35262 --- [    Test worker] o.s.c.a.ClassPathBeanDefinitionScanner   : Identified candidate component class: URL [jar:file:/Users/pramthak/.gradle/caches/modules-2/files-2.1/io.springfox/springfox-spring-web/3.0.0-SNAPSHOT/9f5fcb0baf1741ac505526fbfe123024aba5620d/springfox-spring-web-3.0.0-SNAPSHOT.jar!/springfox/documentation/spring/web/paths/PathMappingDecorator.class]
2020-04-16 18:10:28.421 DEBUG [aggregator-service,,,] 35262 --- [    Test worker] o.s.c.a.ClassPathBeanDefinitionScanner   : Identified candidate component class: URL [jar:file:/Users/pramthak/.gradle/caches/modules-2/files-2.1/io.springfox/springfox-spring-web/3.0.0-SNAPSHOT/9f5fcb0baf1741ac505526fbfe123024aba5620d/springfox-spring-web-3.0.0-SNAPSHOT.jar!/springfox/documentation/spring/web/paths/QueryStringUriTemplateDecorator.class]
2020-04-16 18:10:28.422 DEBUG [aggregator-service,,,] 35262 --- [    Test worker] o.s.c.a.ClassPathBeanDefinitionScanner   : Identified candidate component class: URL [jar:file:/Users/pramthak/.gradle/caches/modules-2/files-2.1/io.springfox/springfox-spring-web/3.0.0-SNAPSHOT/9f5fcb0baf1741ac505526fbfe123024aba5620d/springfox-spring-web-3.0.0-SNAPSHOT.jar!/springfox/documentation/spring/web/paths/OperationPathDecorator.class]
2020-04-16 18:10:28.438 DEBUG [aggregator-service,,,] 35262 --- [    Test worker] o.s.c.a.ClassPathBeanDefinitionScanner   : Identified candidate component class: URL [jar:file:/Users/pramthak/.gradle/caches/modules-2/files-2.1/io.springfox/springfox-schema/3.0.0-SNAPSHOT/5612aea4e8f05dc260b668b5c57104d4cedbba18/springfox-schema-3.0.0-SNAPSHOT.jar!/springfox/documentation/schema/JacksonEnumTypeDeterminer.class]
2020-04-16 18:10:28.438 DEBUG [aggregator-service,,,] 35262 --- [    Test worker] o.s.c.a.ClassPathBeanDefinitionScanner   : Identified candidate component class: URL [jar:file:/Users/pramthak/.gradle/caches/modules-2/files-2.1/io.springfox/springfox-schema/3.0.0-SNAPSHOT/5612aea4e8f05dc260b668b5c57104d4cedbba18/springfox-schema-3.0.0-SNAPSHOT.jar!/springfox/documentation/schema/CachingModelProvider.class]
2020-04-16 18:10:28.439 DEBUG [aggregator-service,,,] 35262 --- [    Test worker] o.s.c.a.ClassPathBeanDefinitionScanner   : Identified candidate component class: URL [jar:file:/Users/pramthak/.gradle/caches/modules-2/files-2.1/io.springfox/springfox-schema/3.0.0-SNAPSHOT/5612aea4e8f05dc260b668b5c57104d4cedbba18/springfox-schema-3.0.0-SNAPSHOT.jar!/springfox/documentation/schema/plugins/XmlModelPlugin.class]
2020-04-16 18:10:28.440 DEBUG [aggregator-service,,,] 35262 --- [    Test worker] o.s.c.a.ClassPathBeanDefinitionScanner   : Identified candidate component class: URL [jar:file:/Users/pramthak/.gradle/caches/modules-2/files-2.1/io.springfox/springfox-schema/3.0.0-SNAPSHOT/5612aea4e8f05dc260b668b5c57104d4cedbba18/springfox-schema-3.0.0-SNAPSHOT.jar!/springfox/documentation/schema/plugins/SchemaPluginsManager.class]
2020-04-16 18:10:28.441 DEBUG [aggregator-service,,,] 35262 --- [    Test worker] o.s.c.a.ClassPathBeanDefinitionScanner   : Identified candidate component class: URL [jar:file:/Users/pramthak/.gradle/caches/modules-2/files-2.1/io.springfox/springfox-schema/3.0.0-SNAPSHOT/5612aea4e8f05dc260b668b5c57104d4cedbba18/springfox-schema-3.0.0-SNAPSHOT.jar!/springfox/documentation/schema/plugins/PropertyDiscriminatorBasedInheritancePlugin.class]
2020-04-16 18:10:28.441 DEBUG [aggregator-service,,,] 35262 --- [    Test worker] o.s.c.a.ClassPathBeanDefinitionScanner   : Identified candidate component class: URL [jar:file:/Users/pramthak/.gradle/caches/modules-2/files-2.1/io.springfox/springfox-schema/3.0.0-SNAPSHOT/5612aea4e8f05dc260b668b5c57104d4cedbba18/springfox-schema-3.0.0-SNAPSHOT.jar!/springfox/documentation/schema/DefaultModelProvider.class]
2020-04-16 18:10:28.442 DEBUG [aggregator-service,,,] 35262 --- [    Test worker] o.s.c.a.ClassPathBeanDefinitionScanner   : Identified candidate component class: URL [jar:file:/Users/pramthak/.gradle/caches/modules-2/files-2.1/io.springfox/springfox-schema/3.0.0-SNAPSHOT/5612aea4e8f05dc260b668b5c57104d4cedbba18/springfox-schema-3.0.0-SNAPSHOT.jar!/springfox/documentation/schema/DefaultModelDependencyProvider.class]
2020-04-16 18:10:28.444 DEBUG [aggregator-service,,,] 35262 --- [    Test worker] o.s.c.a.ClassPathBeanDefinitionScanner   : Identified candidate component class: URL [jar:file:/Users/pramthak/.gradle/caches/modules-2/files-2.1/io.springfox/springfox-schema/3.0.0-SNAPSHOT/5612aea4e8f05dc260b668b5c57104d4cedbba18/springfox-schema-3.0.0-SNAPSHOT.jar!/springfox/documentation/schema/property/OptimizedModelPropertiesProvider.class]
2020-04-16 18:10:28.447 DEBUG [aggregator-service,,,] 35262 --- [    Test worker] o.s.c.a.ClassPathBeanDefinitionScanner   : Identified candidate component class: URL [jar:file:/Users/pramthak/.gradle/caches/modules-2/files-2.1/io.springfox/springfox-schema/3.0.0-SNAPSHOT/5612aea4e8f05dc260b668b5c57104d4cedbba18/springfox-schema-3.0.0-SNAPSHOT.jar!/springfox/documentation/schema/property/ObjectMapperBeanPropertyNamingStrategy.class]
2020-04-16 18:10:28.448 DEBUG [aggregator-service,,,] 35262 --- [    Test worker] o.s.c.a.ClassPathBeanDefinitionScanner   : Identified candidate component class: URL [jar:file:/Users/pramthak/.gradle/caches/modules-2/files-2.1/io.springfox/springfox-schema/3.0.0-SNAPSHOT/5612aea4e8f05dc260b668b5c57104d4cedbba18/springfox-schema-3.0.0-SNAPSHOT.jar!/springfox/documentation/schema/property/bean/AccessorsProvider.class]
2020-04-16 18:10:28.448 DEBUG [aggregator-service,,,] 35262 --- [    Test worker] o.s.c.a.ClassPathBeanDefinitionScanner   : Identified candidate component class: URL [jar:file:/Users/pramthak/.gradle/caches/modules-2/files-2.1/io.springfox/springfox-schema/3.0.0-SNAPSHOT/5612aea4e8f05dc260b668b5c57104d4cedbba18/springfox-schema-3.0.0-SNAPSHOT.jar!/springfox/documentation/schema/property/field/FieldProvider.class]
2020-04-16 18:10:28.448 DEBUG [aggregator-service,,,] 35262 --- [    Test worker] o.s.c.a.ClassPathBeanDefinitionScanner   : Identified candidate component class: URL [jar:file:/Users/pramthak/.gradle/caches/modules-2/files-2.1/io.springfox/springfox-schema/3.0.0-SNAPSHOT/5612aea4e8f05dc260b668b5c57104d4cedbba18/springfox-schema-3.0.0-SNAPSHOT.jar!/springfox/documentation/schema/property/FactoryMethodProvider.class]
2020-04-16 18:10:28.449 DEBUG [aggregator-service,,,] 35262 --- [    Test worker] o.s.c.a.ClassPathBeanDefinitionScanner   : Identified candidate component class: URL [jar:file:/Users/pramthak/.gradle/caches/modules-2/files-2.1/io.springfox/springfox-schema/3.0.0-SNAPSHOT/5612aea4e8f05dc260b668b5c57104d4cedbba18/springfox-schema-3.0.0-SNAPSHOT.jar!/springfox/documentation/schema/property/CachingModelPropertiesProvider.class]
2020-04-16 18:10:28.449 DEBUG [aggregator-service,,,] 35262 --- [    Test worker] o.s.c.a.ClassPathBeanDefinitionScanner   : Identified candidate component class: URL [jar:file:/Users/pramthak/.gradle/caches/modules-2/files-2.1/io.springfox/springfox-schema/3.0.0-SNAPSHOT/5612aea4e8f05dc260b668b5c57104d4cedbba18/springfox-schema-3.0.0-SNAPSHOT.jar!/springfox/documentation/schema/property/XmlPropertyPlugin.class]
2020-04-16 18:10:28.450 DEBUG [aggregator-service,,,] 35262 --- [    Test worker] o.s.c.a.ClassPathBeanDefinitionScanner   : Identified candidate component class: URL [jar:file:/Users/pramthak/.gradle/caches/modules-2/files-2.1/io.springfox/springfox-schema/3.0.0-SNAPSHOT/5612aea4e8f05dc260b668b5c57104d4cedbba18/springfox-schema-3.0.0-SNAPSHOT.jar!/springfox/documentation/schema/TypeNameExtractor.class]
2020-04-16 18:10:28.451 DEBUG [aggregator-service,,,] 35262 --- [    Test worker] o.s.c.a.ClassPathBeanDefinitionScanner   : Identified candidate component class: URL [jar:file:/Users/pramthak/.gradle/caches/modules-2/files-2.1/io.springfox/springfox-schema/3.0.0-SNAPSHOT/5612aea4e8f05dc260b668b5c57104d4cedbba18/springfox-schema-3.0.0-SNAPSHOT.jar!/springfox/documentation/schema/CachingModelDependencyProvider.class]
2020-04-16 18:10:28.451 DEBUG [aggregator-service,,,] 35262 --- [    Test worker] o.s.c.a.ClassPathBeanDefinitionScanner   : Identified candidate component class: URL [jar:file:/Users/pramthak/.gradle/caches/modules-2/files-2.1/io.springfox/springfox-schema/3.0.0-SNAPSHOT/5612aea4e8f05dc260b668b5c57104d4cedbba18/springfox-schema-3.0.0-SNAPSHOT.jar!/springfox/documentation/schema/JacksonJsonViewProvider.class]
2020-04-16 18:10:28.462 DEBUG [aggregator-service,,,] 35262 --- [    Test worker] o.s.c.a.ClassPathBeanDefinitionScanner   : Identified candidate component class: URL [jar:file:/Users/pramthak/.gradle/caches/modules-2/files-2.1/io.springfox/springfox-swagger-common/3.0.0-SNAPSHOT/63105b2a2d139d26b2e9feb090ce8bef656470da/springfox-swagger-common-3.0.0-SNAPSHOT.jar!/springfox/documentation/swagger/schema/ApiModelBuilder.class]
2020-04-16 18:10:28.462 DEBUG [aggregator-service,,,] 35262 --- [    Test worker] o.s.c.a.ClassPathBeanDefinitionScanner   : Identified candidate component class: URL [jar:file:/Users/pramthak/.gradle/caches/modules-2/files-2.1/io.springfox/springfox-swagger-common/3.0.0-SNAPSHOT/63105b2a2d139d26b2e9feb090ce8bef656470da/springfox-swagger-common-3.0.0-SNAPSHOT.jar!/springfox/documentation/swagger/schema/ApiModelTypeNameProvider.class]
2020-04-16 18:10:28.463 DEBUG [aggregator-service,,,] 35262 --- [    Test worker] o.s.c.a.ClassPathBeanDefinitionScanner   : Identified candidate component class: URL [jar:file:/Users/pramthak/.gradle/caches/modules-2/files-2.1/io.springfox/springfox-swagger-common/3.0.0-SNAPSHOT/63105b2a2d139d26b2e9feb090ce8bef656470da/springfox-swagger-common-3.0.0-SNAPSHOT.jar!/springfox/documentation/swagger/schema/ApiModelPropertyPropertyBuilder.class]
2020-04-16 18:10:28.465 DEBUG [aggregator-service,,,] 35262 --- [    Test worker] o.s.c.a.ClassPathBeanDefinitionScanner   : Identified candidate component class: URL [jar:file:/Users/pramthak/.gradle/caches/modules-2/files-2.1/io.springfox/springfox-swagger-common/3.0.0-SNAPSHOT/63105b2a2d139d26b2e9feb090ce8bef656470da/springfox-swagger-common-3.0.0-SNAPSHOT.jar!/springfox/documentation/swagger/readers/operation/OperationHiddenReader.class]
2020-04-16 18:10:28.465 DEBUG [aggregator-service,,,] 35262 --- [    Test worker] o.s.c.a.ClassPathBeanDefinitionScanner   : Identified candidate component class: URL [jar:file:/Users/pramthak/.gradle/caches/modules-2/files-2.1/io.springfox/springfox-swagger-common/3.0.0-SNAPSHOT/63105b2a2d139d26b2e9feb090ce8bef656470da/springfox-swagger-common-3.0.0-SNAPSHOT.jar!/springfox/documentation/swagger/readers/operation/SwaggerOperationResponseClassReader.class]
2020-04-16 18:10:28.465 DEBUG [aggregator-service,,,] 35262 --- [    Test worker] o.s.c.a.ClassPathBeanDefinitionScanner   : Identified candidate component class: URL [jar:file:/Users/pramthak/.gradle/caches/modules-2/files-2.1/io.springfox/springfox-swagger-common/3.0.0-SNAPSHOT/63105b2a2d139d26b2e9feb090ce8bef656470da/springfox-swagger-common-3.0.0-SNAPSHOT.jar!/springfox/documentation/swagger/readers/operation/OperationAuthReader.class]
2020-04-16 18:10:28.465 DEBUG [aggregator-service,,,] 35262 --- [    Test worker] o.s.c.a.ClassPathBeanDefinitionScanner   : Identified candidate component class: URL [jar:file:/Users/pramthak/.gradle/caches/modules-2/files-2.1/io.springfox/springfox-swagger-common/3.0.0-SNAPSHOT/63105b2a2d139d26b2e9feb090ce8bef656470da/springfox-swagger-common-3.0.0-SNAPSHOT.jar!/springfox/documentation/swagger/readers/operation/SwaggerOperationModelsProvider.class]
2020-04-16 18:10:28.466 DEBUG [aggregator-service,,,] 35262 --- [    Test worker] o.s.c.a.ClassPathBeanDefinitionScanner   : Identified candidate component class: URL [jar:file:/Users/pramthak/.gradle/caches/modules-2/files-2.1/io.springfox/springfox-swagger-common/3.0.0-SNAPSHOT/63105b2a2d139d26b2e9feb090ce8bef656470da/springfox-swagger-common-3.0.0-SNAPSHOT.jar!/springfox/documentation/swagger/readers/operation/OperationHttpMethodReader.class]
2020-04-16 18:10:28.466 DEBUG [aggregator-service,,,] 35262 --- [    Test worker] o.s.c.a.ClassPathBeanDefinitionScanner   : Identified candidate component class: URL [jar:file:/Users/pramthak/.gradle/caches/modules-2/files-2.1/io.springfox/springfox-swagger-common/3.0.0-SNAPSHOT/63105b2a2d139d26b2e9feb090ce8bef656470da/springfox-swagger-common-3.0.0-SNAPSHOT.jar!/springfox/documentation/swagger/readers/operation/SwaggerMediaTypeReader.class]
2020-04-16 18:10:28.466 DEBUG [aggregator-service,,,] 35262 --- [    Test worker] o.s.c.a.ClassPathBeanDefinitionScanner   : Identified candidate component class: URL [jar:file:/Users/pramthak/.gradle/caches/modules-2/files-2.1/io.springfox/springfox-swagger-common/3.0.0-SNAPSHOT/63105b2a2d139d26b2e9feb090ce8bef656470da/springfox-swagger-common-3.0.0-SNAPSHOT.jar!/springfox/documentation/swagger/readers/operation/OperationNicknameIntoUniqueIdReader.class]
2020-04-16 18:10:28.467 DEBUG [aggregator-service,,,] 35262 --- [    Test worker] o.s.c.a.ClassPathBeanDefinitionScanner   : Identified candidate component class: URL [jar:file:/Users/pramthak/.gradle/caches/modules-2/files-2.1/io.springfox/springfox-swagger-common/3.0.0-SNAPSHOT/63105b2a2d139d26b2e9feb090ce8bef656470da/springfox-swagger-common-3.0.0-SNAPSHOT.jar!/springfox/documentation/swagger/readers/operation/OperationNotesReader.class]
2020-04-16 18:10:28.467 DEBUG [aggregator-service,,,] 35262 --- [    Test worker] o.s.c.a.ClassPathBeanDefinitionScanner   : Identified candidate component class: URL [jar:file:/Users/pramthak/.gradle/caches/modules-2/files-2.1/io.springfox/springfox-swagger-common/3.0.0-SNAPSHOT/63105b2a2d139d26b2e9feb090ce8bef656470da/springfox-swagger-common-3.0.0-SNAPSHOT.jar!/springfox/documentation/swagger/readers/operation/SwaggerOperationTagsReader.class]
2020-04-16 18:10:28.467 DEBUG [aggregator-service,,,] 35262 --- [    Test worker] o.s.c.a.ClassPathBeanDefinitionScanner   : Identified candidate component class: URL [jar:file:/Users/pramthak/.gradle/caches/modules-2/files-2.1/io.springfox/springfox-swagger-common/3.0.0-SNAPSHOT/63105b2a2d139d26b2e9feb090ce8bef656470da/springfox-swagger-common-3.0.0-SNAPSHOT.jar!/springfox/documentation/swagger/readers/operation/SwaggerResponseMessageReader.class]
2020-04-16 18:10:28.467 DEBUG [aggregator-service,,,] 35262 --- [    Test worker] o.s.c.a.ClassPathBeanDefinitionScanner   : Identified candidate component class: URL [jar:file:/Users/pramthak/.gradle/caches/modules-2/files-2.1/io.springfox/springfox-swagger-common/3.0.0-SNAPSHOT/63105b2a2d139d26b2e9feb090ce8bef656470da/springfox-swagger-common-3.0.0-SNAPSHOT.jar!/springfox/documentation/swagger/readers/operation/OperationSummaryReader.class]
2020-04-16 18:10:28.468 DEBUG [aggregator-service,,,] 35262 --- [    Test worker] o.s.c.a.ClassPathBeanDefinitionScanner   : Identified candidate component class: URL [jar:file:/Users/pramthak/.gradle/caches/modules-2/files-2.1/io.springfox/springfox-swagger-common/3.0.0-SNAPSHOT/63105b2a2d139d26b2e9feb090ce8bef656470da/springfox-swagger-common-3.0.0-SNAPSHOT.jar!/springfox/documentation/swagger/readers/operation/VendorExtensionsReader.class]
2020-04-16 18:10:28.468 DEBUG [aggregator-service,,,] 35262 --- [    Test worker] o.s.c.a.ClassPathBeanDefinitionScanner   : Identified candidate component class: URL [jar:file:/Users/pramthak/.gradle/caches/modules-2/files-2.1/io.springfox/springfox-swagger-common/3.0.0-SNAPSHOT/63105b2a2d139d26b2e9feb090ce8bef656470da/springfox-swagger-common-3.0.0-SNAPSHOT.jar!/springfox/documentation/swagger/readers/operation/OperationImplicitParameterReader.class]
2020-04-16 18:10:28.468 DEBUG [aggregator-service,,,] 35262 --- [    Test worker] o.s.c.a.ClassPathBeanDefinitionScanner   : Identified candidate component class: URL [jar:file:/Users/pramthak/.gradle/caches/modules-2/files-2.1/io.springfox/springfox-swagger-common/3.0.0-SNAPSHOT/63105b2a2d139d26b2e9feb090ce8bef656470da/springfox-swagger-common-3.0.0-SNAPSHOT.jar!/springfox/documentation/swagger/readers/operation/OperationImplicitParametersReader.class]
2020-04-16 18:10:28.469 DEBUG [aggregator-service,,,] 35262 --- [    Test worker] o.s.c.a.ClassPathBeanDefinitionScanner   : Identified candidate component class: URL [jar:file:/Users/pramthak/.gradle/caches/modules-2/files-2.1/io.springfox/springfox-swagger-common/3.0.0-SNAPSHOT/63105b2a2d139d26b2e9feb090ce8bef656470da/springfox-swagger-common-3.0.0-SNAPSHOT.jar!/springfox/documentation/swagger/readers/operation/OperationPositionReader.class]
2020-04-16 18:10:28.469 DEBUG [aggregator-service,,,] 35262 --- [    Test worker] o.s.c.a.ClassPathBeanDefinitionScanner   : Identified candidate component class: URL [jar:file:/Users/pramthak/.gradle/caches/modules-2/files-2.1/io.springfox/springfox-swagger-common/3.0.0-SNAPSHOT/63105b2a2d139d26b2e9feb090ce8bef656470da/springfox-swagger-common-3.0.0-SNAPSHOT.jar!/springfox/documentation/swagger/readers/parameter/SwaggerExpandedParameterBuilder.class]
2020-04-16 18:10:28.469 DEBUG [aggregator-service,,,] 35262 --- [    Test worker] o.s.c.a.ClassPathBeanDefinitionScanner   : Identified candidate component class: URL [jar:file:/Users/pramthak/.gradle/caches/modules-2/files-2.1/io.springfox/springfox-swagger-common/3.0.0-SNAPSHOT/63105b2a2d139d26b2e9feb090ce8bef656470da/springfox-swagger-common-3.0.0-SNAPSHOT.jar!/springfox/documentation/swagger/readers/parameter/ApiParamParameterBuilder.class]
2020-04-16 18:10:28.473 DEBUG [aggregator-service,,,] 35262 --- [    Test worker] o.s.c.a.ClassPathBeanDefinitionScanner   : Identified candidate component class: URL [jar:file:/Users/pramthak/.gradle/caches/modules-2/files-2.1/io.springfox/springfox-swagger-common/3.0.0-SNAPSHOT/63105b2a2d139d26b2e9feb090ce8bef656470da/springfox-swagger-common-3.0.0-SNAPSHOT.jar!/springfox/documentation/swagger/web/SwaggerApiListingReader.class]
2020-04-16 18:10:28.475 DEBUG [aggregator-service,,,] 35262 --- [    Test worker] o.s.c.a.ClassPathBeanDefinitionScanner   : Identified candidate component class: URL [jar:file:/Users/pramthak/.gradle/caches/modules-2/files-2.1/io.springfox/springfox-swagger-common/3.0.0-SNAPSHOT/63105b2a2d139d26b2e9feb090ce8bef656470da/springfox-swagger-common-3.0.0-SNAPSHOT.jar!/springfox/documentation/swagger/web/ClassOrApiAnnotationResourceGrouping.class]
2020-04-16 18:10:28.476 DEBUG [aggregator-service,,,] 35262 --- [    Test worker] o.s.c.a.ClassPathBeanDefinitionScanner   : Identified candidate component class: URL [jar:file:/Users/pramthak/.gradle/caches/modules-2/files-2.1/io.springfox/springfox-swagger-common/3.0.0-SNAPSHOT/63105b2a2d139d26b2e9feb090ce8bef656470da/springfox-swagger-common-3.0.0-SNAPSHOT.jar!/springfox/documentation/swagger/web/InMemorySwaggerResourcesProvider.class]
2020-04-16 18:10:28.477 DEBUG [aggregator-service,,,] 35262 --- [    Test worker] o.s.c.a.ClassPathBeanDefinitionScanner   : Identified candidate component class: URL [jar:file:/Users/pramthak/.gradle/caches/modules-2/files-2.1/io.springfox/springfox-swagger-common/3.0.0-SNAPSHOT/63105b2a2d139d26b2e9feb090ce8bef656470da/springfox-swagger-common-3.0.0-SNAPSHOT.jar!/springfox/documentation/swagger/web/ApiResourceController.class]
2020-04-16 18:10:28.651 DEBUG [aggregator-service,,,] 35262 --- [    Test worker] o.s.c.e.PropertySourcesPropertyResolver  : Found key 'spring.jmx.enabled' in PropertySource 'configurationProperties' with value of type String
2020-04-16 18:10:28.654  WARN [aggregator-service,,,] 35262 --- [    Test worker] o.s.boot.actuate.endpoint.EndpointId     : Endpoint ID 'hystrix.stream' contains invalid characters, please migrate to a valid format.
2020-04-16 18:10:28.669 DEBUG [aggregator-service,,,] 35262 --- [    Test worker] o.s.c.e.PropertySourcesPropertyResolver  : Found key 'spring.jmx.enabled' in PropertySource 'configurationProperties' with value of type String
2020-04-16 18:10:28.699 DEBUG [aggregator-service,,,] 35262 --- [    Test worker] o.s.c.e.PropertySourcesPropertyResolver  : Found key 'spring.jmx.enabled' in PropertySource 'configurationProperties' with value of type String
2020-04-16 18:10:28.700 DEBUG [aggregator-service,,,] 35262 --- [    Test worker] o.s.c.e.PropertySourcesPropertyResolver  : Found key 'spring.jmx.enabled' in PropertySource 'configurationProperties' with value of type String
2020-04-16 18:10:28.756 DEBUG [aggregator-service,,,] 35262 --- [    Test worker] o.s.c.a.ClassPathBeanDefinitionScanner   : Identified candidate component class: URL [jar:file:/Users/pramthak/.gradle/caches/modules-2/files-2.1/org.springframework.data/spring-data-rest-webmvc/3.2.6.RELEASE/e71617a14b2564fc3c5528d8054dac8dfb30330f/spring-data-rest-webmvc-3.2.6.RELEASE.jar!/org/springframework/data/rest/webmvc/RepositoryEntityController.class]
2020-04-16 18:10:28.757 DEBUG [aggregator-service,,,] 35262 --- [    Test worker] o.s.c.a.ClassPathBeanDefinitionScanner   : Identified candidate component class: URL [jar:file:/Users/pramthak/.gradle/caches/modules-2/files-2.1/org.springframework.data/spring-data-rest-webmvc/3.2.6.RELEASE/e71617a14b2564fc3c5528d8054dac8dfb30330f/spring-data-rest-webmvc-3.2.6.RELEASE.jar!/org/springframework/data/rest/webmvc/RepositoryPropertyReferenceController.class]
2020-04-16 18:10:28.761 DEBUG [aggregator-service,,,] 35262 --- [    Test worker] o.s.c.a.ClassPathBeanDefinitionScanner   : Identified candidate component class: URL [jar:file:/Users/pramthak/.gradle/caches/modules-2/files-2.1/org.springframework.data/spring-data-rest-webmvc/3.2.6.RELEASE/e71617a14b2564fc3c5528d8054dac8dfb30330f/spring-data-rest-webmvc-3.2.6.RELEASE.jar!/org/springframework/data/rest/webmvc/RepositorySearchController.class]
2020-04-16 18:10:28.763 DEBUG [aggregator-service,,,] 35262 --- [    Test worker] o.s.c.a.ClassPathBeanDefinitionScanner   : Identified candidate component class: URL [jar:file:/Users/pramthak/.gradle/caches/modules-2/files-2.1/org.springframework.data/spring-data-rest-webmvc/3.2.6.RELEASE/e71617a14b2564fc3c5528d8054dac8dfb30330f/spring-data-rest-webmvc-3.2.6.RELEASE.jar!/org/springframework/data/rest/webmvc/ProfileController.class]
2020-04-16 18:10:28.763 DEBUG [aggregator-service,,,] 35262 --- [    Test worker] o.s.c.a.ClassPathBeanDefinitionScanner   : Identified candidate component class: URL [jar:file:/Users/pramthak/.gradle/caches/modules-2/files-2.1/org.springframework.data/spring-data-rest-webmvc/3.2.6.RELEASE/e71617a14b2564fc3c5528d8054dac8dfb30330f/spring-data-rest-webmvc-3.2.6.RELEASE.jar!/org/springframework/data/rest/webmvc/RepositorySchemaController.class]
2020-04-16 18:10:28.764 DEBUG [aggregator-service,,,] 35262 --- [    Test worker] o.s.c.a.ClassPathBeanDefinitionScanner   : Identified candidate component class: URL [jar:file:/Users/pramthak/.gradle/caches/modules-2/files-2.1/org.springframework.data/spring-data-rest-webmvc/3.2.6.RELEASE/e71617a14b2564fc3c5528d8054dac8dfb30330f/spring-data-rest-webmvc-3.2.6.RELEASE.jar!/org/springframework/data/rest/webmvc/RepositoryController.class]
2020-04-16 18:10:28.767 DEBUG [aggregator-service,,,] 35262 --- [    Test worker] o.s.c.a.ClassPathBeanDefinitionScanner   : Ignored because not a concrete top-level class: URL [jar:file:/Users/pramthak/.gradle/caches/modules-2/files-2.1/org.springframework.data/spring-data-rest-webmvc/3.2.6.RELEASE/e71617a14b2564fc3c5528d8054dac8dfb30330f/spring-data-rest-webmvc-3.2.6.RELEASE.jar!/org/springframework/data/rest/webmvc/RepositoryRestController.class]
2020-04-16 18:10:28.772 DEBUG [aggregator-service,,,] 35262 --- [    Test worker] o.s.c.a.ClassPathBeanDefinitionScanner   : Identified candidate component class: URL [jar:file:/Users/pramthak/.gradle/caches/modules-2/files-2.1/org.springframework.data/spring-data-rest-webmvc/3.2.6.RELEASE/e71617a14b2564fc3c5528d8054dac8dfb30330f/spring-data-rest-webmvc-3.2.6.RELEASE.jar!/org/springframework/data/rest/webmvc/alps/AlpsController.class]
2020-04-16 18:10:28.788 DEBUG [aggregator-service,,,] 35262 --- [    Test worker] o.s.c.e.PropertySourcesPropertyResolver  : Found key 'spring.h2.console.enabled' in PropertySource 'configurationProperties' with value of type String
2020-04-16 18:10:28.847 DEBUG [aggregator-service,,,] 35262 --- [    Test worker] o.s.c.e.PropertySourcesPropertyResolver  : Found key 'server.port' in PropertySource 'configurationProperties' with value of type String
2020-04-16 18:10:28.848 DEBUG [aggregator-service,,,] 35262 --- [    Test worker] o.s.c.e.PropertySourcesPropertyResolver  : Found key 'server.port' in PropertySource 'configurationProperties' with value of type String
2020-04-16 18:10:28.867 DEBUG [aggregator-service,,,] 35262 --- [    Test worker] o.s.c.openfeign.FeignClientsRegistrar$2  : Identified candidate component class: file [/Users/pramthak/project/practise/microservices/aggregatorservice/build/classes/java/main/com/demo/commentservice/service/CommentService.class]
2020-04-16 18:10:29.070  INFO [aggregator-service,,,] 35262 --- [    Test worker] .s.d.r.c.RepositoryConfigurationDelegate : Bootstrapping Spring Data JPA repositories in DEFAULT mode.
2020-04-16 18:10:29.077 DEBUG [aggregator-service,,,] 35262 --- [    Test worker] o.s.b.f.s.DefaultListableBeanFactory     : Creating shared instance of singleton bean 'org.springframework.boot.autoconfigure.AutoConfigurationPackages'
2020-04-16 18:10:29.081 DEBUG [aggregator-service,,,] 35262 --- [    Test worker] o.s.b.a.AutoConfigurationPackages        : @EnableAutoConfiguration was declared on a class in the package 'com.demo.commentservice'. Automatic @Repository and @Entity scanning is enabled.
2020-04-16 18:10:29.082 DEBUG [aggregator-service,,,] 35262 --- [    Test worker] .s.d.r.c.RepositoryConfigurationDelegate : Scanning for JPA repositories in packages com.demo.commentservice.
2020-04-16 18:10:29.088  INFO [aggregator-service,,,] 35262 --- [    Test worker] .s.d.r.c.RepositoryConfigurationDelegate : Finished Spring Data repository scanning in 5ms. Found 0 JPA repository interfaces.
2020-04-16 18:10:29.122 DEBUG [aggregator-service,,,] 35262 --- [    Test worker] o.s.c.e.PropertySourcesPropertyResolver  : Found key 'spring.h2.console.enabled' in PropertySource 'configurationProperties' with value of type String
2020-04-16 18:10:29.264 DEBUG [aggregator-service,,,] 35262 --- [    Test worker] o.s.c.e.PropertySourcesPropertyResolver  : Found key 'server.port' in PropertySource 'configurationProperties' with value of type String
2020-04-16 18:10:29.264 DEBUG [aggregator-service,,,] 35262 --- [    Test worker] o.s.c.e.PropertySourcesPropertyResolver  : Found key 'server.port' in PropertySource 'configurationProperties' with value of type String
2020-04-16 18:10:29.325 DEBUG [aggregator-service,,,] 35262 --- [    Test worker] o.s.c.e.PropertySourcesPropertyResolver  : Found key 'server.port' in PropertySource 'configurationProperties' with value of type String
2020-04-16 18:10:29.349 DEBUG [aggregator-service,,,] 35262 --- [    Test worker] o.s.b.f.s.DefaultListableBeanFactory     : Creating shared instance of singleton bean 'refreshScope'
2020-04-16 18:10:29.350 DEBUG [aggregator-service,,,] 35262 --- [    Test worker] o.s.b.f.s.DefaultListableBeanFactory     : Creating shared instance of singleton bean 'org.springframework.cloud.autoconfigure.RefreshAutoConfiguration$RefreshScopeBeanDefinitionEnhancer'
2020-04-16 18:10:29.427 DEBUG [aggregator-service,,,] 35262 --- [    Test worker] o.s.cloud.context.scope.GenericScope     : Generating bean factory id from names: [_relProvider, accessorsProvider, aggregatorserviceApplication, alpsController, alpsConverter, alpsJsonHttpMessageConverter, annotatedEventHandlerInvoker, annotationRelProvider, apacheHttpClientFactory, apiDescriptionLookup, apiDescriptionReader, apiDocumentationScanner, apiListingBuilderPluginRegistry, apiListingReader, apiListingReferenceScanner, apiListingScanner, apiListingScannerPluginRegistry, apiModelBuilder, apiModelPropertyPropertyBuilder, apiModelReader, apiModelTypeNameProvider, apiOperationReader, apiResourceController, appConfig, applicationTaskExecutor, associationLinks, auditableBeanWrapperFactory, backendIdConverterRegistry, backendIdHandlerMethodArgumentResolver, baseUri, basicErrorController, beanNameHandlerMapping, beanNameViewResolver, brave.spring.webmvc.SpanCustomizingAsyncHandlerInterceptor, cachingModelDependencyProvider, cachingModelPropertiesProvider, cachingModelProvider, cachingOperationNameGenerator, cachingOperationReader, characterEncodingFilter, classLoaderMetrics, classOrApiAnnotationResourceGrouping, com.demo.commentservice.service.CommentService, commentAndUserAggregator, commonsFeatures, compositeCompatibilityVerifier, compositeDiscoveryClient, configurableEnvironmentConfiguration, configurationPropertiesBeans, configurationPropertiesRebinder, connManFactory, contextRefresher, controllerAdvisor, controllerEndpointDiscoverer, controllerEndpointHandlerMapping, controllerExposeExcludePropertyEndpointFilter, conventionErrorViewResolver, dataSource, dataSourceInitializedPublisher, dataSourceInitializerPostProcessor, dbHealthContributor, default.com.demo.commentservice.AggregatorserviceApplication.FeignClientSpecification, defaultConversionService, defaultMessageConverters, defaultModelDependencyProvider, defaultModelProvider, defaultOperationReader, defaultRelProvider, defaultServletHandlerMapping, defaultSkipPatternBean, defaultTagsProvider, defaultValidator, defaultViewResolver, defaults, defaultsProviderPluginRegistry, delegatingEntityLinks, descriptionResolver, discoveryClientHealthIndicator, discoveryCompositeHealthContributor, diskSpaceHealthIndicator, dispatcherServlet, dispatcherServletMappingDescriptionProvider, dispatcherServletRegistration, docket, documentationPluginRegistry, documentationPluginsBootstrapper, documentationPluginsManager, eTagArgumentResolver, emBeanDefinitionRegistrarPostProcessor, endpointCachingOperationInvokerAdvisor, endpointMediaTypes, endpointOperationParameterMapper, entityLinks, entityLinksPluginRegistry, entityManagerFactory, entityManagerFactoryBuilder, enumTranslator, envInfoContributor, environmentManager, error, errorAttributes, errorPageCustomizer, errorPageRegistrarBeanPostProcessor, errorParser, exceptionThrowingFilter, excerptProjector, executorBeanPostProcessor, expandedParameterBuilder, expandedParameterBuilderPluginRegistry, factoryMethodProvider, feign.client-org.springframework.cloud.openfeign.FeignClientProperties, feign.httpclient-org.springframework.cloud.openfeign.support.FeignHttpClientProperties, feignBuilder, feignCommentService.FeignClientSpecification, feignContext, feignContextBeanPostProcessor, feignFeature, feignTargeter, fieldProvider, fileDescriptorMetrics, filterMappingDescriptionProvider, formContentFilter, freeMarkerConfiguration, freeMarkerConfigurer, freeMarkerViewResolver, h2Console, halJacksonHttpMessageConverter, halLinkDisocoverer, halMessageConverterSupportedMediaTypeCustomizer, handlerExceptionResolver, handlerFunctionAdapter, healthAggregator, healthContributorRegistry, healthEndpoint, healthEndpointGroups, healthEndpointProperties, healthEndpointWebExtension, healthHttpCodeStatusMapper, healthIndicatorRegistry, healthStatusAggregator, healthStatusHttpMapper, hikariPoolDataSourceMetadataProvider, hsytrixDashboardController, httpHeadersPreparer, httpRequestHandlerAdapter, httpTracing, hypermediaRepresentionModelProcessorConfigurator, hypermediaRestTemplateBeanPostProcessor, hypermediaWebMvcConfigurer, hypermediaWebMvcConverters, hystrix.dashboard-org.springframework.cloud.netflix.hystrix.dashboard.HystrixDashboardProperties, hystrixCircuitBreakerFactory, hystrixCommandAspect, hystrixDashboardFeature, hystrixFeature, hystrixHealthIndicator, hystrixMetricsBinder, hystrixShutdownHook, hystrixStreamEndpoint, hystrixStreamFeature, inMemorySwaggerResourcesProvider, inetUtils, inetUtilsProperties, infoEndpoint, jacksonEnumTypeDeterminer, jacksonGeoModule, jacksonHttpMessageConverter, jacksonJsonViewProvider, jacksonObjectMapper, jacksonObjectMapperBuilder, jdbcTemplate, jpaContext, jpaHelper, jpaMappingContext, jpaVendorAdapter, jsonComponentModule, jsonSchemaConverter, jsonSerializer, jvmGcMetrics, jvmMemoryMetrics, jvmThreadMetrics, licenseMapperImpl, linkCollector, linkDiscovererRegistry, linkDiscoverers, localeCharsetMappingsCustomizer, logbackMetrics, loggingRebinder, management.endpoint.hystrix-org.springframework.cloud.netflix.hystrix.HystrixProperties, management.endpoints.web-org.springframework.boot.actuate.autoconfigure.endpoint.web.WebEndpointProperties, management.endpoints.web.cors-org.springframework.boot.actuate.autoconfigure.endpoint.web.CorsEndpointProperties, management.health.diskspace-org.springframework.boot.actuate.autoconfigure.system.DiskSpaceHealthIndicatorProperties, management.health.status-org.springframework.boot.actuate.autoconfigure.health.HealthIndicatorProperties, management.info-org.springframework.boot.actuate.autoconfigure.info.InfoContributorProperties, management.metrics-org.springframework.boot.actuate.autoconfigure.metrics.MetricsProperties, management.metrics.export.simple-org.springframework.boot.actuate.autoconfigure.metrics.export.simple.SimpleProperties, management.server-org.springframework.boot.actuate.autoconfigure.web.server.ManagementServerProperties, managementServletContext, mappingJackson2HttpMessageConverter, mediaTypeReader, messageConverters, messageResolver, messagingTracing, metadataConfiguration, meterRegistryPostProcessor, methodResolver, methodValidationPostProcessor, metricsEndpoint, metricsHttpClientUriTagFilter, metricsHttpServerUriTagFilter, metricsRestTemplateCustomizer, metricsWebMvcConfigurer, micrometerClock, modelAttributeParameterExpander, modelBuilderPluginRegistry, modelMapperImpl, modelPropertyBuilderPluginRegistry, multipartConfigElement, multipartResolver, mvcContentNegotiationManager, mvcConversionService, mvcHandlerMappingIntrospector, mvcPathMatcher, mvcResourceUrlProvider, mvcUriComponentsContributor, mvcUrlPathHelper, mvcValidator, mvcViewResolver, namedParameterJdbcTemplate, newSpanParser, noOpSpanReporter, noOpTagValueResolver, nonReactorSleuthMethodInvocationProcessor, objectMapperBeanPropertyNamingStrategy, objectMapperConfigurer, openEntityManagerInViewInterceptor, openEntityManagerInViewInterceptorConfigurer, operationAuthReader, operationBuilderPluginRegistry, operationDeprecatedReader, operationHiddenReader, operationHttpMethodReader, operationImplicitParameterReader, operationImplicitParametersReader, operationModelsProvider, operationModelsProviderPluginRegistry, operationNicknameIntoUniqueIdReader, operationNotesReader, operationParameterHeadersConditionReader, operationParameterReader, operationParameterRequestConditionReader, operationPathDecorator, operationPositionReader, operationResponseClassReader, operationSummaryReader, operationTagsReader, optimized, org.springframework.aop.config.internalAutoProxyCreator, org.springframework.boot.actuate.autoconfigure.endpoint.EndpointAutoConfiguration, org.springframework.boot.actuate.autoconfigure.endpoint.web.ServletEndpointManagementContextConfiguration, org.springframework.boot.actuate.autoconfigure.endpoint.web.ServletEndpointManagementContextConfiguration$WebMvcServletEndpointManagementContextConfiguration, org.springframework.boot.actuate.autoconfigure.endpoint.web.WebEndpointAutoConfiguration, org.springframework.boot.actuate.autoconfigure.endpoint.web.WebEndpointAutoConfiguration$WebEndpointServletConfiguration, org.springframework.boot.actuate.autoconfigure.endpoint.web.servlet.WebMvcEndpointManagementContextConfiguration, org.springframework.boot.actuate.autoconfigure.health.HealthContributorAutoConfiguration, org.springframework.boot.actuate.autoconfigure.health.HealthEndpointAutoConfiguration, org.springframework.boot.actuate.autoconfigure.health.HealthEndpointConfiguration, org.springframework.boot.actuate.autoconfigure.health.HealthEndpointWebExtensionConfiguration, org.springframework.boot.actuate.autoconfigure.health.LegacyHealthEndpointAdaptersConfiguration, org.springframework.boot.actuate.autoconfigure.health.LegacyHealthEndpointCompatibilityConfiguration, org.springframework.boot.actuate.autoconfigure.info.InfoContributorAutoConfiguration, org.springframework.boot.actuate.autoconfigure.info.InfoEndpointAutoConfiguration, org.springframework.boot.actuate.autoconfigure.jdbc.DataSourceHealthContributorAutoConfiguration, org.springframework.boot.actuate.autoconfigure.metrics.CompositeMeterRegistryAutoConfiguration, org.springframework.boot.actuate.autoconfigure.metrics.JvmMetricsAutoConfiguration, org.springframework.boot.actuate.autoconfigure.metrics.LogbackMetricsAutoConfiguration, org.springframework.boot.actuate.autoconfigure.metrics.MetricsAutoConfiguration, org.springframework.boot.actuate.autoconfigure.metrics.MetricsEndpointAutoConfiguration, org.springframework.boot.actuate.autoconfigure.metrics.SystemMetricsAutoConfiguration, org.springframework.boot.actuate.autoconfigure.metrics.export.simple.SimpleMetricsExportAutoConfiguration, org.springframework.boot.actuate.autoconfigure.metrics.jdbc.DataSourcePoolMetricsAutoConfiguration, org.springframework.boot.actuate.autoconfigure.metrics.jdbc.DataSourcePoolMetricsAutoConfiguration$DataSourcePoolMetadataMetricsConfiguration, org.springframework.boot.actuate.autoconfigure.metrics.jdbc.DataSourcePoolMetricsAutoConfiguration$HikariDataSourceMetricsConfiguration, org.springframework.boot.actuate.autoconfigure.metrics.orm.jpa.HibernateMetricsAutoConfiguration, org.springframework.boot.actuate.autoconfigure.metrics.web.client.HttpClientMetricsAutoConfiguration, org.springframework.boot.actuate.autoconfigure.metrics.web.client.RestTemplateMetricsConfiguration, org.springframework.boot.actuate.autoconfigure.metrics.web.servlet.WebMvcMetricsAutoConfiguration, org.springframework.boot.actuate.autoconfigure.metrics.web.tomcat.TomcatMetricsAutoConfiguration, org.springframework.boot.actuate.autoconfigure.system.DiskSpaceHealthContributorAutoConfiguration, org.springframework.boot.actuate.autoconfigure.web.mappings.MappingsEndpointAutoConfiguration, org.springframework.boot.actuate.autoconfigure.web.mappings.MappingsEndpointAutoConfiguration$ServletWebConfiguration, org.springframework.boot.actuate.autoconfigure.web.mappings.MappingsEndpointAutoConfiguration$ServletWebConfiguration$SpringMvcConfiguration, org.springframework.boot.actuate.autoconfigure.web.server.ManagementContextAutoConfiguration, org.springframework.boot.actuate.autoconfigure.web.server.ManagementContextAutoConfiguration$SameManagementContextConfiguration, org.springframework.boot.actuate.autoconfigure.web.server.ManagementContextAutoConfiguration$SameManagementContextConfiguration$EnableSameManagementContextConfiguration, org.springframework.boot.actuate.autoconfigure.web.servlet.ServletManagementContextAutoConfiguration, org.springframework.boot.autoconfigure.AutoConfigurationPackages, org.springframework.boot.autoconfigure.aop.AopAutoConfiguration, org.springframework.boot.autoconfigure.aop.AopAutoConfiguration$AspectJAutoProxyingConfiguration, org.springframework.boot.autoconfigure.aop.AopAutoConfiguration$AspectJAutoProxyingConfiguration$CglibAutoProxyConfiguration, org.springframework.boot.autoconfigure.context.ConfigurationPropertiesAutoConfiguration, org.springframework.boot.autoconfigure.context.PropertyPlaceholderAutoConfiguration, org.springframework.boot.autoconfigure.dao.PersistenceExceptionTranslationAutoConfiguration, org.springframework.boot.autoconfigure.data.jpa.JpaRepositoriesAutoConfiguration, org.springframework.boot.autoconfigure.data.rest.RepositoryRestMvcAutoConfiguration, org.springframework.boot.autoconfigure.freemarker.FreeMarkerAutoConfiguration, org.springframework.boot.autoconfigure.freemarker.FreeMarkerServletWebConfiguration, org.springframework.boot.autoconfigure.h2.H2ConsoleAutoConfiguration, org.springframework.boot.autoconfigure.hateoas.HypermediaAutoConfiguration, org.springframework.boot.autoconfigure.hateoas.HypermediaHttpMessageConverterConfiguration, org.springframework.boot.autoconfigure.http.HttpMessageConvertersAutoConfiguration, org.springframework.boot.autoconfigure.http.HttpMessageConvertersAutoConfiguration$StringHttpMessageConverterConfiguration, org.springframework.boot.autoconfigure.http.JacksonHttpMessageConvertersConfiguration, org.springframework.boot.autoconfigure.http.JacksonHttpMessageConvertersConfiguration$MappingJackson2HttpMessageConverterConfiguration, org.springframework.boot.autoconfigure.info.ProjectInfoAutoConfiguration, org.springframework.boot.autoconfigure.internalCachingMetadataReaderFactory, org.springframework.boot.autoconfigure.jackson.JacksonAutoConfiguration, org.springframework.boot.autoconfigure.jackson.JacksonAutoConfiguration$Jackson2ObjectMapperBuilderCustomizerConfiguration, org.springframework.boot.autoconfigure.jackson.JacksonAutoConfiguration$JacksonObjectMapperBuilderConfiguration, org.springframework.boot.autoconfigure.jackson.JacksonAutoConfiguration$JacksonObjectMapperConfiguration, org.springframework.boot.autoconfigure.jackson.JacksonAutoConfiguration$ParameterNamesModuleConfiguration, org.springframework.boot.autoconfigure.jdbc.DataSourceAutoConfiguration, org.springframework.boot.autoconfigure.jdbc.DataSourceAutoConfiguration$PooledDataSourceConfiguration, org.springframework.boot.autoconfigure.jdbc.DataSourceConfiguration$Hikari, org.springframework.boot.autoconfigure.jdbc.DataSourceInitializationConfiguration, org.springframework.boot.autoconfigure.jdbc.DataSourceInitializerInvoker, org.springframework.boot.autoconfigure.jdbc.DataSourceTransactionManagerAutoConfiguration, org.springframework.boot.autoconfigure.jdbc.DataSourceTransactionManagerAutoConfiguration$DataSourceTransactionManagerConfiguration, org.springframework.boot.autoconfigure.jdbc.JdbcTemplateAutoConfiguration, org.springframework.boot.autoconfigure.jdbc.JdbcTemplateConfiguration, org.springframework.boot.autoconfigure.jdbc.NamedParameterJdbcTemplateConfiguration, org.springframework.boot.autoconfigure.jdbc.metadata.DataSourcePoolMetadataProvidersConfiguration, org.springframework.boot.autoconfigure.jdbc.metadata.DataSourcePoolMetadataProvidersConfiguration$HikariPoolDataSourceMetadataProviderConfiguration, org.springframework.boot.autoconfigure.orm.jpa.HibernateJpaAutoConfiguration, org.springframework.boot.autoconfigure.orm.jpa.HibernateJpaConfiguration, org.springframework.boot.autoconfigure.orm.jpa.JpaBaseConfiguration$JpaWebConfiguration, org.springframework.boot.autoconfigure.security.oauth2.resource.servlet.OAuth2ResourceServerAutoConfiguration, org.springframework.boot.autoconfigure.task.TaskExecutionAutoConfiguration, org.springframework.boot.autoconfigure.task.TaskSchedulingAutoConfiguration, org.springframework.boot.autoconfigure.transaction.TransactionAutoConfiguration, org.springframework.boot.autoconfigure.transaction.TransactionAutoConfiguration$EnableTransactionManagementConfiguration, org.springframework.boot.autoconfigure.transaction.TransactionAutoConfiguration$EnableTransactionManagementConfiguration$CglibAutoProxyConfiguration, org.springframework.boot.autoconfigure.transaction.TransactionAutoConfiguration$TransactionTemplateConfiguration, org.springframework.boot.autoconfigure.transaction.jta.JtaAutoConfiguration, org.springframework.boot.autoconfigure.validation.ValidationAutoConfiguration, org.springframework.boot.autoconfigure.web.client.RestTemplateAutoConfiguration, org.springframework.boot.autoconfigure.web.embedded.EmbeddedWebServerFactoryCustomizerAutoConfiguration, org.springframework.boot.autoconfigure.web.embedded.EmbeddedWebServerFactoryCustomizerAutoConfiguration$TomcatWebServerFactoryCustomizerConfiguration, org.springframework.boot.autoconfigure.web.servlet.DispatcherServletAutoConfiguration, org.springframework.boot.autoconfigure.web.servlet.DispatcherServletAutoConfiguration$DispatcherServletConfiguration, org.springframework.boot.autoconfigure.web.servlet.DispatcherServletAutoConfiguration$DispatcherServletRegistrationConfiguration, org.springframework.boot.autoconfigure.web.servlet.HttpEncodingAutoConfiguration, org.springframework.boot.autoconfigure.web.servlet.MultipartAutoConfiguration, org.springframework.boot.autoconfigure.web.servlet.ServletWebServerFactoryAutoConfiguration, org.springframework.boot.autoconfigure.web.servlet.ServletWebServerFactoryConfiguration$EmbeddedTomcat, org.springframework.boot.autoconfigure.web.servlet.WebMvcAutoConfiguration, org.springframework.boot.autoconfigure.web.servlet.WebMvcAutoConfiguration$EnableWebMvcConfiguration, org.springframework.boot.autoconfigure.web.servlet.WebMvcAutoConfiguration$WebMvcAutoConfigurationAdapter, org.springframework.boot.autoconfigure.web.servlet.error.ErrorMvcAutoConfiguration, org.springframework.boot.autoconfigure.web.servlet.error.ErrorMvcAutoConfiguration$DefaultErrorViewResolverConfiguration, org.springframework.boot.autoconfigure.web.servlet.error.ErrorMvcAutoConfiguration$WhitelabelErrorViewConfiguration, org.springframework.boot.autoconfigure.websocket.servlet.WebSocketServletAutoConfiguration, org.springframework.boot.autoconfigure.websocket.servlet.WebSocketServletAutoConfiguration$TomcatWebSocketConfiguration, org.springframework.boot.context.internalConfigurationPropertiesBinder, org.springframework.boot.context.internalConfigurationPropertiesBinderFactory, org.springframework.boot.context.properties.ConfigurationBeanFactoryMetadata, org.springframework.boot.context.properties.ConfigurationPropertiesBeanDefinitionValidator, org.springframework.boot.context.properties.ConfigurationPropertiesBindingPostProcessor, org.springframework.boot.test.mock.mockito.MockitoPostProcessor, org.springframework.boot.test.mock.mockito.MockitoPostProcessor$SpyPostProcessor, org.springframework.cloud.autoconfigure.ConfigurationPropertiesRebinderAutoConfiguration, org.springframework.cloud.autoconfigure.LifecycleMvcEndpointAutoConfiguration, org.springframework.cloud.autoconfigure.PauseResumeEndpointsConfiguration, org.springframework.cloud.autoconfigure.RefreshAutoConfiguration, org.springframework.cloud.autoconfigure.RefreshAutoConfiguration$JpaInvokerConfiguration, org.springframework.cloud.autoconfigure.RefreshAutoConfiguration$RefreshScopeBeanDefinitionEnhancer, org.springframework.cloud.autoconfigure.RefreshEndpointAutoConfiguration, org.springframework.cloud.autoconfigure.RefreshEndpointAutoConfiguration$RefreshEndpointConfiguration, org.springframework.cloud.autoconfigure.RestartEndpointWithoutIntegrationConfiguration, org.springframework.cloud.client.CommonsClientAutoConfiguration, org.springframework.cloud.client.CommonsClientAutoConfiguration$ActuatorConfiguration, org.springframework.cloud.client.CommonsClientAutoConfiguration$DiscoveryLoadBalancerConfiguration, org.springframework.cloud.client.ReactiveCommonsClientAutoConfiguration, org.springframework.cloud.client.discovery.composite.CompositeDiscoveryClientAutoConfiguration, org.springframework.cloud.client.discovery.simple.SimpleDiscoveryClientAutoConfiguration, org.springframework.cloud.client.serviceregistry.AutoServiceRegistrationAutoConfiguration, org.springframework.cloud.client.serviceregistry.AutoServiceRegistrationConfiguration, org.springframework.cloud.client.serviceregistry.ServiceRegistryAutoConfiguration, org.springframework.cloud.commons.httpclient.HttpClientConfiguration, org.springframework.cloud.commons.httpclient.HttpClientConfiguration$ApacheHttpClientConfiguration, org.springframework.cloud.commons.util.UtilAutoConfiguration, org.springframework.cloud.configuration.CompatibilityVerifierAutoConfiguration, org.springframework.cloud.netflix.archaius.ArchaiusAutoConfiguration, org.springframework.cloud.netflix.archaius.ArchaiusAutoConfiguration$ArchaiusEndpointConfiguration, org.springframework.cloud.netflix.archaius.ArchaiusAutoConfiguration$PropagateEventsConfiguration, org.springframework.cloud.netflix.hystrix.HystrixAutoConfiguration, org.springframework.cloud.netflix.hystrix.HystrixAutoConfiguration$HystrixMetricsConfiguration, org.springframework.cloud.netflix.hystrix.HystrixAutoConfiguration$HystrixServletAutoConfiguration, org.springframework.cloud.netflix.hystrix.HystrixCircuitBreakerAutoConfiguration, org.springframework.cloud.netflix.hystrix.HystrixCircuitBreakerConfiguration, org.springframework.cloud.netflix.hystrix.dashboard.HystrixDashboardConfiguration, org.springframework.cloud.openfeign.FeignAutoConfiguration, org.springframework.cloud.openfeign.FeignAutoConfiguration$HystrixFeignTargeterConfiguration, org.springframework.cloud.openfeign.hateoas.FeignHalAutoConfiguration, org.springframework.cloud.sleuth.annotation.SleuthAnnotationAutoConfiguration, org.springframework.cloud.sleuth.autoconfig.TraceAutoConfiguration, org.springframework.cloud.sleuth.autoconfig.TraceAutoConfiguration$TraceMetricsMicrometerConfiguration, org.springframework.cloud.sleuth.autoconfig.TraceAutoConfiguration$TraceMetricsMicrometerConfiguration$NoReporterMetricsBeanConfiguration, org.springframework.cloud.sleuth.instrument.async.AsyncAutoConfiguration, org.springframework.cloud.sleuth.instrument.async.AsyncDefaultAutoConfiguration, org.springframework.cloud.sleuth.instrument.async.AsyncDefaultAutoConfiguration$DefaultAsyncConfigurerSupport, org.springframework.cloud.sleuth.instrument.circuitbreaker.SleuthCircuitBreakerAutoConfiguration, org.springframework.cloud.sleuth.instrument.hystrix.SleuthHystrixAutoConfiguration, org.springframework.cloud.sleuth.instrument.messaging.TraceMessagingAutoConfiguration, org.springframework.cloud.sleuth.instrument.rpc.TraceRpcAutoConfiguration, org.springframework.cloud.sleuth.instrument.rxjava.RxJavaAutoConfiguration, org.springframework.cloud.sleuth.instrument.scheduling.TraceSchedulingAutoConfiguration, org.springframework.cloud.sleuth.instrument.web.TraceHttpAutoConfiguration, org.springframework.cloud.sleuth.instrument.web.TraceWebAutoConfiguration, org.springframework.cloud.sleuth.instrument.web.TraceWebAutoConfiguration$ActuatorSkipPatternProviderConfig, org.springframework.cloud.sleuth.instrument.web.TraceWebAutoConfiguration$DefaultSkipPatternConfig, org.springframework.cloud.sleuth.instrument.web.TraceWebAutoConfiguration$ManagementSkipPatternProviderConfig, org.springframework.cloud.sleuth.instrument.web.TraceWebMvcConfigurer, org.springframework.cloud.sleuth.instrument.web.TraceWebServletAutoConfiguration, org.springframework.cloud.sleuth.instrument.web.TraceWebServletAutoConfiguration$TraceWebMvcAutoConfiguration, org.springframework.cloud.sleuth.instrument.web.client.TraceWebAsyncClientAutoConfiguration, org.springframework.cloud.sleuth.instrument.web.client.TraceWebClientAutoConfiguration, org.springframework.cloud.sleuth.instrument.web.client.TraceWebClientAutoConfiguration$HttpClientBuilderConfig, org.springframework.cloud.sleuth.instrument.web.client.TraceWebClientAutoConfiguration$RestTemplateConfig, org.springframework.cloud.sleuth.instrument.web.client.TraceWebClientAutoConfiguration$RestTemplateConfig$TraceInterceptorConfiguration, org.springframework.cloud.sleuth.instrument.web.client.feign.TraceFeignClientAutoConfiguration, org.springframework.cloud.sleuth.instrument.web.client.feign.TraceFeignClientAutoConfiguration$FeignBeanPostProcessorConfiguration, org.springframework.cloud.sleuth.log.SleuthLogAutoConfiguration, org.springframework.cloud.sleuth.log.SleuthLogAutoConfiguration$Slf4jConfiguration, org.springframework.cloud.sleuth.propagation.SleuthTagPropagationAutoConfiguration, org.springframework.cloud.sleuth.propagation.SleuthTagPropagationAutoConfiguration$TagPropagationConfiguration, org.springframework.cloud.sleuth.sampler.SamplerAutoConfiguration, org.springframework.cloud.sleuth.sampler.SamplerAutoConfiguration$RefreshScopedSamplerConfiguration, org.springframework.context.annotation.internalAutowiredAnnotationProcessor, org.springframework.context.annotation.internalCommonAnnotationProcessor, org.springframework.context.annotation.internalConfigurationAnnotationProcessor, org.springframework.context.annotation.internalPersistenceAnnotationProcessor, org.springframework.context.event.internalEventListenerFactory, org.springframework.context.event.internalEventListenerProcessor, org.springframework.data.jpa.repository.support.JpaEvaluationContextExtension, org.springframework.data.jpa.util.JpaMetamodelCacheCleanup, org.springframework.data.rest.webmvc.config.RepositoryRestMvcConfiguration, org.springframework.data.web.config.SpringDataJacksonConfiguration, org.springframework.hateoas.config.HateoasConfiguration, org.springframework.hateoas.config.RestTemplateHateoasConfiguration, org.springframework.hateoas.config.WebMvcEntityLinksConfiguration, org.springframework.hateoas.config.WebMvcHateoasConfiguration, org.springframework.hateoas.mediatype.hal.HalMediaTypeConfiguration, org.springframework.transaction.annotation.ProxyTransactionManagementConfiguration, org.springframework.transaction.config.internalTransactionAdvisor, org.springframework.transaction.config.internalTransactionalEventListenerFactory, pageableResolver, pagedResourcesAssembler, pagedResourcesAssemblerArgumentResolver, parameterBuilderPluginRegistry, parameterDataTypeReader, parameterDefaultReader, parameterMapperImpl, parameterMultiplesReader, parameterNameReader, parameterNamesModule, parameterRequiredReader, parameterTypeReader, pathDecoratorRegistry, pathMappedEndpoints, pathMappingDecorator, pathProvider, pathSanitizer, persistenceExceptionTranslationPostProcessor, persistentEntities, persistentEntityArgumentResolver, pingHealthContributor, platformTransactionManagerCustomizers, preserveErrorControllerTargetClassPostProcessor, processorMetrics, profileController, profileResourceProcessor, projectionDefinitionRegistrar, propertiesMeterFilter, propertyDiscriminatorBasedInheritancePlugin, propertySourcesPlaceholderConfigurer, proxyStreamServlet, queryStringUriTemplateDecorator, refreshEventListener, refreshScope, refreshScopeHealthIndicator, relProviderPluginRegistry, repoRequestArgumentResolver, repositories, repositoryController, repositoryEntityController, repositoryExporterHandlerAdapter, repositoryInvokerFactory, repositoryPropertyReferenceController, repositoryRelProvider, repositoryRestConfiguration, repositoryRestExceptionHandler, repositorySchemaController, repositorySearchController, representationModelProcessorInvoker, requestContextFilter, requestMappingHandlerAdapter, requestMappingHandlerMapping, resourceGroupCache, resourceGroupingStrategyRegistry, resourceHandlerMapping, resourceMappings, resourceMetadataHandlerMethodArgumentResolver, responseMessagesReader, restHandlerMapping, restTemplate, restTemplateBuilder, restTemplateExchangeTagsProvider, routerFunctionMapping, rpcTracing, schemaPluginsManager, securityMapperImpl, selfLinkProvider, server-org.springframework.boot.autoconfigure.web.ServerProperties, serverHttpRequestMethodArgumentResolver, serviceModelToSwagger2MapperImpl, servletEndpointDiscoverer, servletEndpointRegistrar, servletExposeExcludePropertyEndpointFilter, servletMappingDescriptionProvider, servletWebChildContextFactory, servletWebServerFactoryCustomizer, simpleConfig, simpleControllerHandlerAdapter, simpleDiscoveryClient, simpleDiscoveryProperties, simpleMeterRegistry, skipPatternForActuatorEndpointsSamePort, sleuthAdvisorConfig, sleuthCurrentTraceContext, sleuthCurrentTraceContextBuilder, sleuthFinishedSpanHandler, sleuthHttpClientSampler, sleuthHystrixConcurrencyStrategy, sleuthMicrometerReporterMetrics, sleuthPropagation, sleuthRxJavaSchedulersHook, sleuthSkipPatternProvider, sleuthSpanNamer, sleuthTraceSampler, slf4jSpanDecorator, sortResolver, spanCustomizer, spelTagValueExpressionResolver, spring.cloud.compatibility-verifier-org.springframework.cloud.configuration.CompatibilityVerifierProperties, spring.cloud.discovery.client.health-indicator-org.springframework.cloud.client.discovery.health.DiscoveryClientHealthIndicatorProperties, spring.cloud.service-registry.auto-registration-org.springframework.cloud.client.serviceregistry.AutoServiceRegistrationProperties, spring.data.rest-org.springframework.boot.autoconfigure.data.rest.RepositoryRestProperties, spring.datasource-org.springframework.boot.autoconfigure.jdbc.DataSourceProperties, spring.freemarker-org.springframework.boot.autoconfigure.freemarker.FreeMarkerProperties, spring.h2.console-org.springframework.boot.autoconfigure.h2.H2ConsoleProperties, spring.hateoas-org.springframework.boot.autoconfigure.hateoas.HateoasProperties, spring.http-org.springframework.boot.autoconfigure.http.HttpProperties, spring.info-org.springframework.boot.autoconfigure.info.ProjectInfoProperties, spring.jackson-org.springframework.boot.autoconfigure.jackson.JacksonProperties, spring.jdbc-org.springframework.boot.autoconfigure.jdbc.JdbcProperties, spring.jpa-org.springframework.boot.autoconfigure.orm.jpa.JpaProperties, spring.jpa.hibernate-org.springframework.boot.autoconfigure.orm.jpa.HibernateProperties, spring.mvc-org.springframework.boot.autoconfigure.web.servlet.WebMvcProperties, spring.resources-org.springframework.boot.autoconfigure.web.ResourceProperties, spring.security.oauth2.resourceserver-org.springframework.boot.autoconfigure.security.oauth2.resource.OAuth2ResourceServerProperties, spring.servlet.multipart-org.springframework.boot.autoconfigure.web.servlet.MultipartProperties, spring.sleuth-org.springframework.cloud.sleuth.autoconfig.SleuthProperties, spring.sleuth-org.springframework.cloud.sleuth.instrument.messaging.SleuthMessagingProperties, spring.sleuth.async-org.springframework.cloud.sleuth.instrument.async.SleuthAsyncProperties, spring.sleuth.circuitbreaker-org.springframework.cloud.sleuth.instrument.circuitbreaker.SleuthCircuitBreakerProperties, spring.sleuth.http.legacy-org.springframework.cloud.sleuth.instrument.web.SleuthHttpLegacyProperties, spring.sleuth.hystrix.strategy-org.springframework.cloud.sleuth.instrument.hystrix.SleuthHystrixConcurrencyStrategyProperties, spring.sleuth.keys-org.springframework.cloud.sleuth.instrument.web.TraceKeys, spring.sleuth.log.slf4j-org.springframework.cloud.sleuth.log.SleuthSlf4jProperties, spring.sleuth.propagation.tag-org.springframework.cloud.sleuth.propagation.SleuthTagPropagationProperties, spring.sleuth.rxjava.schedulers-org.springframework.cloud.sleuth.instrument.rxjava.SleuthRxJavaSchedulersProperties, spring.sleuth.sampler-org.springframework.cloud.sleuth.sampler.SamplerProperties, spring.sleuth.scheduled-org.springframework.cloud.sleuth.instrument.scheduling.SleuthSchedulingProperties, spring.sleuth.web-org.springframework.cloud.sleuth.instrument.web.SleuthWebProperties, spring.task.execution-org.springframework.boot.autoconfigure.task.TaskExecutionProperties, spring.task.scheduling-org.springframework.boot.autoconfigure.task.TaskSchedulingProperties, spring.transaction-org.springframework.boot.autoconfigure.transaction.TransactionProperties, springBootRepositoryRestConfigurer, springBootVersionVerifier, springfox.documentation.schema.configuration.ModelsConfiguration, springfox.documentation.spring.web.SpringfoxWebConfiguration, springfox.documentation.spring.web.SpringfoxWebMvcConfiguration, springfox.documentation.swagger.configuration.SwaggerCommonConfiguration, springfox.documentation.swagger2.configuration.Swagger2DocumentationWebMvcConfiguration, standardJacksonObjectMapperBuilderCustomizer, stringHttpMessageConverter, swagger2ControllerMapping, swagger2Module, swaggerApiListingReader, swaggerConfig, swaggerExpandedParameterBuilder, swaggerMediaTypeReader, swaggerOperationModelsProvider, swaggerOperationResponseClassReader, swaggerOperationTagsReader, swaggerParameterDescriptionReader, swaggerResponseMessageReader, syntheticModelProviderPluginRegistry, taskExecutorBuilder, taskSchedulerBuilder, tomcatMetricsBinder, tomcatServletWebServerFactory, tomcatServletWebServerFactoryCustomizer, tomcatWebServerFactoryCustomizer, traceAsyncAspect, traceCircuitBreakerFactoryAspect, traceContextClosedListener, traceFeignAspect, traceFeignObjectWrapper, traceHttpClientBuilder, traceRestTemplateBeanPostProcessor, traceRestTemplateCustomizer, traceSchedulingAspect, traceWebAspect, traceWebFilter, tracer, tracing, tracingClientHttpRequestInterceptor, tracingFilter, transactionAttributeSource, transactionInterceptor, transactionManager, transactionTemplate, typeNameExtractor, typeNameProviderPluginRegistry, typeResolver, uptimeMetrics, uriListHttpMessageConverter, userServiceImpl, validatingRepositoryEventListener, vendorExtensionsMapperImpl, vendorExtensionsReader, viewControllerHandlerMapping, viewProviderPluginRegistry, viewResolver, webEndpointDiscoverer, webEndpointPathMapper, webEndpointServletHandlerMapping, webExposeExcludePropertyEndpointFilter, webMvcEntityLinks, webMvcLinkBuilderFactory, webMvcMetricsFilter, webMvcRequestHandlerProvider, webMvcTagsProvider, webServerFactoryCustomizerBeanPostProcessor, websocketServletWebServerCustomizer, welcomePageHandlerMapping, xmlModelPlugin, xmlPropertyPlugin]
2020-04-16 18:10:29.430  INFO [aggregator-service,,,] 35262 --- [    Test worker] o.s.cloud.context.scope.GenericScope     : BeanFactory id=ad9aa03f-b3ac-30a2-8988-954a97a695c2
2020-04-16 18:10:29.431 DEBUG [aggregator-service,,,] 35262 --- [    Test worker] o.s.b.f.s.DefaultListableBeanFactory     : Creating shared instance of singleton bean 'propertySourcesPlaceholderConfigurer'
2020-04-16 18:10:29.434 DEBUG [aggregator-service,,,] 35262 --- [    Test worker] o.s.b.f.s.DefaultListableBeanFactory     : Creating shared instance of singleton bean 'org.springframework.boot.test.mock.mockito.MockitoPostProcessor'
2020-04-16 18:10:29.435 DEBUG [aggregator-service,,,] 35262 --- [    Test worker] o.s.b.f.s.DefaultListableBeanFactory     : Creating shared instance of singleton bean 'org.springframework.boot.context.properties.ConfigurationPropertiesBeanDefinitionValidator'
2020-04-16 18:10:29.435 DEBUG [aggregator-service,,,] 35262 --- [    Test worker] o.s.b.f.s.DefaultListableBeanFactory     : Creating shared instance of singleton bean 'emBeanDefinitionRegistrarPostProcessor'
2020-04-16 18:10:29.604 DEBUG [aggregator-service,,,] 35262 --- [    Test worker] o.s.b.f.s.DefaultListableBeanFactory     : Creating shared instance of singleton bean 'org.springframework.context.event.internalEventListenerProcessor'
2020-04-16 18:10:29.604 DEBUG [aggregator-service,,,] 35262 --- [    Test worker] o.s.b.f.s.DefaultListableBeanFactory     : Creating shared instance of singleton bean 'preserveErrorControllerTargetClassPostProcessor'
2020-04-16 18:10:29.605 DEBUG [aggregator-service,,,] 35262 --- [    Test worker] o.s.b.f.s.DefaultListableBeanFactory     : Creating shared instance of singleton bean 'org.springframework.context.event.internalEventListenerFactory'
2020-04-16 18:10:29.605 DEBUG [aggregator-service,,,] 35262 --- [    Test worker] o.s.b.f.s.DefaultListableBeanFactory     : Creating shared instance of singleton bean 'org.springframework.transaction.config.internalTransactionalEventListenerFactory'
2020-04-16 18:10:29.608 DEBUG [aggregator-service,,,] 35262 --- [    Test worker] o.s.b.f.s.DefaultListableBeanFactory     : Creating shared instance of singleton bean 'org.springframework.boot.test.mock.mockito.MockitoPostProcessor$SpyPostProcessor'
2020-04-16 18:10:29.609 DEBUG [aggregator-service,,,] 35262 --- [    Test worker] o.s.b.f.s.DefaultListableBeanFactory     : Creating shared instance of singleton bean 'org.springframework.context.annotation.internalAutowiredAnnotationProcessor'
2020-04-16 18:10:29.610 DEBUG [aggregator-service,,,] 35262 --- [    Test worker] o.s.b.f.s.DefaultListableBeanFactory     : Creating shared instance of singleton bean 'org.springframework.context.annotation.internalCommonAnnotationProcessor'
2020-04-16 18:10:29.610 DEBUG [aggregator-service,,,] 35262 --- [    Test worker] o.s.b.f.s.DefaultListableBeanFactory     : Creating shared instance of singleton bean 'org.springframework.context.annotation.internalPersistenceAnnotationProcessor'
2020-04-16 18:10:29.610 DEBUG [aggregator-service,,,] 35262 --- [    Test worker] o.s.b.f.s.DefaultListableBeanFactory     : Creating shared instance of singleton bean 'org.springframework.boot.context.properties.ConfigurationPropertiesBindingPostProcessor'
2020-04-16 18:10:29.611 DEBUG [aggregator-service,,,] 35262 --- [    Test worker] o.s.b.f.s.DefaultListableBeanFactory     : Creating shared instance of singleton bean 'org.springframework.boot.context.internalConfigurationPropertiesBinder'
2020-04-16 18:10:29.611 DEBUG [aggregator-service,,,] 35262 --- [    Test worker] o.s.b.f.s.DefaultListableBeanFactory     : Creating shared instance of singleton bean 'org.springframework.boot.context.internalConfigurationPropertiesBinderFactory'
2020-04-16 18:10:29.612 DEBUG [aggregator-service,,,] 35262 --- [    Test worker] o.s.b.f.s.DefaultListableBeanFactory     : Creating shared instance of singleton bean 'methodValidationPostProcessor'
2020-04-16 18:10:29.612 DEBUG [aggregator-service,,,] 35262 --- [    Test worker] o.s.b.f.s.DefaultListableBeanFactory     : Creating shared instance of singleton bean 'com.demo.commentservice.service.CommentService'
2020-04-16 18:10:29.621  INFO [aggregator-service,,,] 35262 --- [    Test worker] trationDelegate$BeanPostProcessorChecker : Bean 'com.demo.commentservice.service.CommentService' of type [org.springframework.cloud.openfeign.FeignClientFactoryBean] is not eligible for getting processed by all BeanPostProcessors (for example: not eligible for auto-proxying)
2020-04-16 18:10:29.630 DEBUG [aggregator-service,,,] 35262 --- [    Test worker] o.s.b.f.s.DefaultListableBeanFactory     : Autowiring by type from bean name 'methodValidationPostProcessor' via factory method to bean named 'environment'
2020-04-16 18:10:29.639 DEBUG [aggregator-service,,,] 35262 --- [    Test worker] o.s.b.f.s.DefaultListableBeanFactory     : Creating shared instance of singleton bean 'dataSourceInitializerPostProcessor'
2020-04-16 18:10:29.642 DEBUG [aggregator-service,,,] 35262 --- [    Test worker] o.s.b.f.s.DefaultListableBeanFactory     : Creating shared instance of singleton bean 'org.springframework.aop.config.internalAutoProxyCreator'
2020-04-16 18:10:29.660 DEBUG [aggregator-service,,,] 35262 --- [    Test worker] o.s.b.f.s.DefaultListableBeanFactory     : Creating shared instance of singleton bean 'persistenceExceptionTranslationPostProcessor'
2020-04-16 18:10:29.661 DEBUG [aggregator-service,,,] 35262 --- [    Test worker] o.s.b.f.s.DefaultListableBeanFactory     : Autowiring by type from bean name 'persistenceExceptionTranslationPostProcessor' via factory method to bean named 'environment'
2020-04-16 18:10:29.669 DEBUG [aggregator-service,,,] 35262 --- [    Test worker] o.s.b.f.s.DefaultListableBeanFactory     : Creating shared instance of singleton bean 'objectMapperConfigurer'
2020-04-16 18:10:29.671 DEBUG [aggregator-service,,,] 35262 --- [    Test worker] o.s.b.f.s.DefaultListableBeanFactory     : Creating shared instance of singleton bean 'org.springframework.transaction.config.internalTransactionAdvisor'
2020-04-16 18:10:29.671 DEBUG [aggregator-service,,,] 35262 --- [    Test worker] o.s.b.f.s.DefaultListableBeanFactory     : Creating shared instance of singleton bean 'org.springframework.transaction.annotation.ProxyTransactionManagementConfiguration'
2020-04-16 18:10:29.671 DEBUG [aggregator-service,,,] 35262 --- [    Test worker] o.s.b.f.s.DefaultListableBeanFactory     : Creating shared instance of singleton bean 'sleuthAdvisorConfig'
2020-04-16 18:10:29.672 DEBUG [aggregator-service,,,] 35262 --- [    Test worker] o.s.b.f.s.DefaultListableBeanFactory     : Creating shared instance of singleton bean 'org.springframework.cloud.sleuth.annotation.SleuthAnnotationAutoConfiguration'
2020-04-16 18:10:29.695 DEBUG [aggregator-service,,,] 35262 --- [    Test worker] .s.a.a.a.ReflectiveAspectJAdvisorFactory : Found AspectJ method: public java.lang.Object com.netflix.hystrix.contrib.javanica.aop.aspectj.HystrixCommandAspect.methodsAnnotatedWithHystrixCommand(org.aspectj.lang.ProceedingJoinPoint) throws java.lang.Throwable
2020-04-16 18:10:29.700 DEBUG [aggregator-service,,,] 35262 --- [    Test worker] .s.a.a.a.ReflectiveAspectJAdvisorFactory : Found AspectJ method: public java.lang.Object org.springframework.cloud.sleuth.instrument.web.TraceWebAspect.wrapWebAsyncTaskWithCorrelationId(org.aspectj.lang.ProceedingJoinPoint) throws java.lang.Throwable
2020-04-16 18:10:29.701 DEBUG [aggregator-service,,,] 35262 --- [    Test worker] .s.a.a.a.ReflectiveAspectJAdvisorFactory : Found AspectJ method: public java.lang.Object org.springframework.cloud.sleuth.instrument.web.TraceWebAspect.wrapWithCorrelationId(org.aspectj.lang.ProceedingJoinPoint) throws java.lang.Throwable
2020-04-16 18:10:29.701 DEBUG [aggregator-service,,,] 35262 --- [    Test worker] .s.a.a.a.ReflectiveAspectJAdvisorFactory : Found AspectJ method: public java.lang.Object org.springframework.cloud.sleuth.instrument.web.client.feign.TraceFeignAspect.feignClientWasCalled(org.aspectj.lang.ProceedingJoinPoint) throws java.lang.Throwable
2020-04-16 18:10:29.702 DEBUG [aggregator-service,,,] 35262 --- [    Test worker] .s.a.a.a.ReflectiveAspectJAdvisorFactory : Found AspectJ method: public java.lang.Object org.springframework.cloud.sleuth.instrument.scheduling.TraceSchedulingAspect.traceBackgroundThread(org.aspectj.lang.ProceedingJoinPoint) throws java.lang.Throwable
2020-04-16 18:10:29.703 DEBUG [aggregator-service,,,] 35262 --- [    Test worker] .s.a.a.a.ReflectiveAspectJAdvisorFactory : Found AspectJ method: public java.lang.Object org.springframework.cloud.sleuth.instrument.async.TraceAsyncAspect.traceBackgroundThread(org.aspectj.lang.ProceedingJoinPoint) throws java.lang.Throwable
2020-04-16 18:10:29.703 DEBUG [aggregator-service,,,] 35262 --- [    Test worker] .s.a.a.a.ReflectiveAspectJAdvisorFactory : Found AspectJ method: public java.lang.Object org.springframework.cloud.sleuth.instrument.circuitbreaker.TraceCircuitBreakerFactoryAspect.wrapFactory(org.aspectj.lang.ProceedingJoinPoint) throws java.lang.Throwable
2020-04-16 18:10:29.874 DEBUG [aggregator-service,,,] 35262 --- [    Test worker] o.s.b.f.s.DefaultListableBeanFactory     : Creating shared instance of singleton bean 'transactionAttributeSource'
2020-04-16 18:10:29.883 DEBUG [aggregator-service,,,] 35262 --- [    Test worker] o.s.b.f.s.DefaultListableBeanFactory     : Creating shared instance of singleton bean 'transactionInterceptor'
2020-04-16 18:10:29.885 DEBUG [aggregator-service,,,] 35262 --- [    Test worker] o.s.b.f.s.DefaultListableBeanFactory     : Autowiring by type from bean name 'transactionInterceptor' via factory method to bean named 'transactionAttributeSource'
2020-04-16 18:10:29.901 DEBUG [aggregator-service,,,] 35262 --- [    Test worker] o.s.b.f.s.DefaultListableBeanFactory     : Autowiring by type from bean name 'org.springframework.transaction.config.internalTransactionAdvisor' via factory method to bean named 'transactionAttributeSource'
2020-04-16 18:10:29.902 DEBUG [aggregator-service,,,] 35262 --- [    Test worker] o.s.b.f.s.DefaultListableBeanFactory     : Autowiring by type from bean name 'org.springframework.transaction.config.internalTransactionAdvisor' via factory method to bean named 'transactionInterceptor'
2020-04-16 18:10:29.914 DEBUG [aggregator-service,,,] 35262 --- [    Test worker] o.s.b.f.s.DefaultListableBeanFactory     : Creating shared instance of singleton bean 'webServerFactoryCustomizerBeanPostProcessor'
2020-04-16 18:10:29.916 DEBUG [aggregator-service,,,] 35262 --- [    Test worker] o.s.b.f.s.DefaultListableBeanFactory     : Creating shared instance of singleton bean 'errorPageRegistrarBeanPostProcessor'
2020-04-16 18:10:29.919 DEBUG [aggregator-service,,,] 35262 --- [    Test worker] o.s.b.f.s.DefaultListableBeanFactory     : Creating shared instance of singleton bean 'dataSourceInitializedPublisher'
2020-04-16 18:10:29.922 DEBUG [aggregator-service,,,] 35262 --- [    Test worker] o.s.b.f.s.DefaultListableBeanFactory     : Creating shared instance of singleton bean 'meterRegistryPostProcessor'
2020-04-16 18:10:29.924 DEBUG [aggregator-service,,,] 35262 --- [    Test worker] o.s.b.f.s.DefaultListableBeanFactory     : Autowiring by type from bean name 'meterRegistryPostProcessor' via factory method to bean named 'org.springframework.web.context.support.GenericWebApplicationContext@3a7d07d4'
2020-04-16 18:10:29.929 DEBUG [aggregator-service,,,] 35262 --- [    Test worker] o.s.b.f.s.DefaultListableBeanFactory     : Creating shared instance of singleton bean 'hypermediaRepresentionModelProcessorConfigurator'
2020-04-16 18:10:29.932 DEBUG [aggregator-service,,,] 35262 --- [    Test worker] o.s.b.f.s.DefaultListableBeanFactory     : Creating shared instance of singleton bean 'hypermediaRestTemplateBeanPostProcessor'
2020-04-16 18:10:29.935 DEBUG [aggregator-service,,,] 35262 --- [    Test worker] o.s.b.f.s.DefaultListableBeanFactory     : Creating shared instance of singleton bean 'projectionDefinitionRegistrar'
2020-04-16 18:10:29.946 DEBUG [aggregator-service,,,] 35262 --- [    Test worker] o.s.b.f.s.DefaultListableBeanFactory     : Creating shared instance of singleton bean 'annotatedEventHandlerInvoker'
2020-04-16 18:10:29.950 DEBUG [aggregator-service,,,] 35262 --- [    Test worker] o.s.b.f.s.DefaultListableBeanFactory     : Creating shared instance of singleton bean 'configurationPropertiesBeans'
2020-04-16 18:10:29.954 DEBUG [aggregator-service,,,] 35262 --- [    Test worker] o.s.b.f.s.DefaultListableBeanFactory     : Creating shared instance of singleton bean 'traceRestTemplateBeanPostProcessor'
2020-04-16 18:10:29.955 DEBUG [aggregator-service,,,] 35262 --- [    Test worker] o.s.b.f.s.DefaultListableBeanFactory     : Autowiring by type from bean name 'traceRestTemplateBeanPostProcessor' via factory method to bean named 'org.springframework.beans.factory.support.DefaultListableBeanFactory@6c2dde52'
2020-04-16 18:10:29.958 DEBUG [aggregator-service,,,] 35262 --- [    Test worker] o.s.b.f.s.DefaultListableBeanFactory     : Creating shared instance of singleton bean 'feignContextBeanPostProcessor'
2020-04-16 18:10:29.959 DEBUG [aggregator-service,,,] 35262 --- [    Test worker] o.s.b.f.s.DefaultListableBeanFactory     : Autowiring by type from bean name 'feignContextBeanPostProcessor' via factory method to bean named 'org.springframework.beans.factory.support.DefaultListableBeanFactory@6c2dde52'
2020-04-16 18:10:29.962 DEBUG [aggregator-service,,,] 35262 --- [    Test worker] o.s.b.f.s.DefaultListableBeanFactory     : Creating shared instance of singleton bean 'executorBeanPostProcessor'
2020-04-16 18:10:29.964 DEBUG [aggregator-service,,,] 35262 --- [    Test worker] o.s.b.f.s.DefaultListableBeanFactory     : Autowiring by type from bean name 'executorBeanPostProcessor' via factory method to bean named 'org.springframework.beans.factory.support.DefaultListableBeanFactory@6c2dde52'
2020-04-16 18:10:29.972 DEBUG [aggregator-service,,,] 35262 --- [    Test worker] o.s.u.c.s.UiApplicationContextUtils      : Unable to locate ThemeSource with name 'themeSource': using default [org.springframework.ui.context.support.ResourceBundleThemeSource@41dda988]
2020-04-16 18:10:29.974 DEBUG [aggregator-service,,,] 35262 --- [    Test worker] o.s.b.f.s.DefaultListableBeanFactory     : Creating shared instance of singleton bean 'org.springframework.cloud.autoconfigure.RefreshAutoConfiguration$JpaInvokerConfiguration'
2020-04-16 18:10:29.983 DEBUG [aggregator-service,,,] 35262 --- [    Test worker] o.s.b.f.s.DefaultListableBeanFactory     : Creating shared instance of singleton bean 'org.springframework.boot.autoconfigure.jdbc.DataSourceInitializerInvoker'
2020-04-16 18:10:29.985 DEBUG [aggregator-service,,,] 35262 --- [    Test worker] o.s.b.f.s.DefaultListableBeanFactory     : Creating shared instance of singleton bean 'spring.datasource-org.springframework.boot.autoconfigure.jdbc.DataSourceProperties'
2020-04-16 18:10:30.005 DEBUG [aggregator-service,,,] 35262 --- [    Test worker] o.s.b.f.s.DefaultListableBeanFactory     : Autowiring by type from bean name 'org.springframework.boot.autoconfigure.jdbc.DataSourceInitializerInvoker' via constructor to bean named 'spring.datasource-org.springframework.boot.autoconfigure.jdbc.DataSourceProperties'
2020-04-16 18:10:30.005 DEBUG [aggregator-service,,,] 35262 --- [    Test worker] o.s.b.f.s.DefaultListableBeanFactory     : Autowiring by type from bean name 'org.springframework.boot.autoconfigure.jdbc.DataSourceInitializerInvoker' via constructor to bean named 'org.springframework.web.context.support.GenericWebApplicationContext@3a7d07d4'
2020-04-16 18:10:30.008 DEBUG [aggregator-service,,,] 35262 --- [    Test worker] o.s.b.f.s.DefaultListableBeanFactory     : Creating shared instance of singleton bean 'dataSource'
2020-04-16 18:10:30.009 DEBUG [aggregator-service,,,] 35262 --- [    Test worker] o.s.b.f.s.DefaultListableBeanFactory     : Creating shared instance of singleton bean 'org.springframework.boot.autoconfigure.jdbc.DataSourceConfiguration$Hikari'
2020-04-16 18:10:30.012 DEBUG [aggregator-service,,,] 35262 --- [    Test worker] o.s.b.f.s.DefaultListableBeanFactory     : Autowiring by type from bean name 'dataSource' via factory method to bean named 'spring.datasource-org.springframework.boot.autoconfigure.jdbc.DataSourceProperties'
2020-04-16 18:10:30.018 DEBUG [aggregator-service,,,] 35262 --- [    Test worker] com.zaxxer.hikari.HikariConfig           : Driver class org.h2.Driver found in Thread context class loader sun.misc.Launcher$AppClassLoader@2a139a55
2020-04-16 18:10:30.043 DEBUG [aggregator-service,,,] 35262 --- [    Test worker] o.s.b.f.s.DefaultListableBeanFactory     : Creating shared instance of singleton bean 'entityManagerFactory'
2020-04-16 18:10:30.044 DEBUG [aggregator-service,,,] 35262 --- [    Test worker] o.s.b.f.s.DefaultListableBeanFactory     : Creating shared instance of singleton bean 'org.springframework.boot.autoconfigure.orm.jpa.HibernateJpaConfiguration'
2020-04-16 18:10:30.046 DEBUG [aggregator-service,,,] 35262 --- [    Test worker] o.s.b.f.s.DefaultListableBeanFactory     : Creating shared instance of singleton bean 'spring.jpa-org.springframework.boot.autoconfigure.orm.jpa.JpaProperties'
2020-04-16 18:10:30.055 DEBUG [aggregator-service,,,] 35262 --- [    Test worker] o.s.b.f.s.DefaultListableBeanFactory     : Creating shared instance of singleton bean 'spring.jpa.hibernate-org.springframework.boot.autoconfigure.orm.jpa.HibernateProperties'
2020-04-16 18:10:30.061 DEBUG [aggregator-service,,,] 35262 --- [    Test worker] o.s.b.f.s.DefaultListableBeanFactory     : Autowiring by type from bean name 'org.springframework.boot.autoconfigure.orm.jpa.HibernateJpaConfiguration' via constructor to bean named 'dataSource'
2020-04-16 18:10:30.061 DEBUG [aggregator-service,,,] 35262 --- [    Test worker] o.s.b.f.s.DefaultListableBeanFactory     : Autowiring by type from bean name 'org.springframework.boot.autoconfigure.orm.jpa.HibernateJpaConfiguration' via constructor to bean named 'spring.jpa-org.springframework.boot.autoconfigure.orm.jpa.JpaProperties'
2020-04-16 18:10:30.061 DEBUG [aggregator-service,,,] 35262 --- [    Test worker] o.s.b.f.s.DefaultListableBeanFactory     : Autowiring by type from bean name 'org.springframework.boot.autoconfigure.orm.jpa.HibernateJpaConfiguration' via constructor to bean named 'org.springframework.beans.factory.support.DefaultListableBeanFactory@6c2dde52'
2020-04-16 18:10:30.061 DEBUG [aggregator-service,,,] 35262 --- [    Test worker] o.s.b.f.s.DefaultListableBeanFactory     : Autowiring by type from bean name 'org.springframework.boot.autoconfigure.orm.jpa.HibernateJpaConfiguration' via constructor to bean named 'spring.jpa.hibernate-org.springframework.boot.autoconfigure.orm.jpa.HibernateProperties'
2020-04-16 18:10:30.064 DEBUG [aggregator-service,,,] 35262 --- [    Test worker] o.s.b.f.s.DefaultListableBeanFactory     : Creating shared instance of singleton bean 'hikariPoolDataSourceMetadataProvider'
2020-04-16 18:10:30.064 DEBUG [aggregator-service,,,] 35262 --- [    Test worker] o.s.b.f.s.DefaultListableBeanFactory     : Creating shared instance of singleton bean 'org.springframework.boot.autoconfigure.jdbc.metadata.DataSourcePoolMetadataProvidersConfiguration$HikariPoolDataSourceMetadataProviderConfiguration'
2020-04-16 18:10:30.083 DEBUG [aggregator-service,,,] 35262 --- [    Test worker] o.s.b.f.s.DefaultListableBeanFactory     : Creating shared instance of singleton bean 'entityManagerFactoryBuilder'
2020-04-16 18:10:30.085 DEBUG [aggregator-service,,,] 35262 --- [    Test worker] o.s.b.f.s.DefaultListableBeanFactory     : Creating shared instance of singleton bean 'jpaVendorAdapter'
2020-04-16 18:10:30.103 DEBUG [aggregator-service,,,] 35262 --- [    Test worker] o.s.b.f.s.DefaultListableBeanFactory     : Autowiring by type from bean name 'entityManagerFactoryBuilder' via factory method to bean named 'jpaVendorAdapter'
2020-04-16 18:10:30.108 DEBUG [aggregator-service,,,] 35262 --- [    Test worker] o.s.b.f.s.DefaultListableBeanFactory     : Autowiring by type from bean name 'entityManagerFactory' via factory method to bean named 'entityManagerFactoryBuilder'
2020-04-16 18:10:30.112 DEBUG [aggregator-service,,,] 35262 --- [    Test worker] o.s.jdbc.datasource.DataSourceUtils      : Fetching JDBC Connection from DataSource
2020-04-16 18:10:30.113 DEBUG [aggregator-service,,,] 35262 --- [    Test worker] com.zaxxer.hikari.HikariConfig           : HikariPool-1 - configuration:
2020-04-16 18:10:30.114 DEBUG [aggregator-service,,,] 35262 --- [    Test worker] com.zaxxer.hikari.HikariConfig           : allowPoolSuspension.............false
2020-04-16 18:10:30.115 DEBUG [aggregator-service,,,] 35262 --- [    Test worker] com.zaxxer.hikari.HikariConfig           : autoCommit......................true
2020-04-16 18:10:30.115 DEBUG [aggregator-service,,,] 35262 --- [    Test worker] com.zaxxer.hikari.HikariConfig           : catalog.........................none
2020-04-16 18:10:30.115 DEBUG [aggregator-service,,,] 35262 --- [    Test worker] com.zaxxer.hikari.HikariConfig           : connectionInitSql...............none
2020-04-16 18:10:30.115 DEBUG [aggregator-service,,,] 35262 --- [    Test worker] com.zaxxer.hikari.HikariConfig           : connectionTestQuery.............none
2020-04-16 18:10:30.115 DEBUG [aggregator-service,,,] 35262 --- [    Test worker] com.zaxxer.hikari.HikariConfig           : connectionTimeout...............30000
2020-04-16 18:10:30.115 DEBUG [aggregator-service,,,] 35262 --- [    Test worker] com.zaxxer.hikari.HikariConfig           : dataSource......................none
2020-04-16 18:10:30.115 DEBUG [aggregator-service,,,] 35262 --- [    Test worker] com.zaxxer.hikari.HikariConfig           : dataSourceClassName.............none
2020-04-16 18:10:30.115 DEBUG [aggregator-service,,,] 35262 --- [    Test worker] com.zaxxer.hikari.HikariConfig           : dataSourceJNDI..................none
2020-04-16 18:10:30.116 DEBUG [aggregator-service,,,] 35262 --- [    Test worker] com.zaxxer.hikari.HikariConfig           : dataSourceProperties............{password=<masked>}
2020-04-16 18:10:30.116 DEBUG [aggregator-service,,,] 35262 --- [    Test worker] com.zaxxer.hikari.HikariConfig           : driverClassName................."org.h2.Driver"
2020-04-16 18:10:30.116 DEBUG [aggregator-service,,,] 35262 --- [    Test worker] com.zaxxer.hikari.HikariConfig           : healthCheckProperties...........{}
2020-04-16 18:10:30.116 DEBUG [aggregator-service,,,] 35262 --- [    Test worker] com.zaxxer.hikari.HikariConfig           : healthCheckRegistry.............none
2020-04-16 18:10:30.116 DEBUG [aggregator-service,,,] 35262 --- [    Test worker] com.zaxxer.hikari.HikariConfig           : idleTimeout.....................600000
2020-04-16 18:10:30.116 DEBUG [aggregator-service,,,] 35262 --- [    Test worker] com.zaxxer.hikari.HikariConfig           : initializationFailTimeout.......1
2020-04-16 18:10:30.116 DEBUG [aggregator-service,,,] 35262 --- [    Test worker] com.zaxxer.hikari.HikariConfig           : isolateInternalQueries..........false
2020-04-16 18:10:30.116 DEBUG [aggregator-service,,,] 35262 --- [    Test worker] com.zaxxer.hikari.HikariConfig           : jdbcUrl.........................jdbc:h2:mem:commentservicedb;DB_CLOSE_ON_EXIT=FALSE
2020-04-16 18:10:30.116 DEBUG [aggregator-service,,,] 35262 --- [    Test worker] com.zaxxer.hikari.HikariConfig           : leakDetectionThreshold..........0
2020-04-16 18:10:30.117 DEBUG [aggregator-service,,,] 35262 --- [    Test worker] com.zaxxer.hikari.HikariConfig           : maxLifetime.....................1800000
2020-04-16 18:10:30.117 DEBUG [aggregator-service,,,] 35262 --- [    Test worker] com.zaxxer.hikari.HikariConfig           : maximumPoolSize.................10
2020-04-16 18:10:30.117 DEBUG [aggregator-service,,,] 35262 --- [    Test worker] com.zaxxer.hikari.HikariConfig           : metricRegistry..................none
2020-04-16 18:10:30.117 DEBUG [aggregator-service,,,] 35262 --- [    Test worker] com.zaxxer.hikari.HikariConfig           : metricsTrackerFactory...........none
2020-04-16 18:10:30.117 DEBUG [aggregator-service,,,] 35262 --- [    Test worker] com.zaxxer.hikari.HikariConfig           : minimumIdle.....................10
2020-04-16 18:10:30.117 DEBUG [aggregator-service,,,] 35262 --- [    Test worker] com.zaxxer.hikari.HikariConfig           : password........................<masked>
2020-04-16 18:10:30.117 DEBUG [aggregator-service,,,] 35262 --- [    Test worker] com.zaxxer.hikari.HikariConfig           : poolName........................"HikariPool-1"
2020-04-16 18:10:30.117 DEBUG [aggregator-service,,,] 35262 --- [    Test worker] com.zaxxer.hikari.HikariConfig           : readOnly........................false
2020-04-16 18:10:30.118 DEBUG [aggregator-service,,,] 35262 --- [    Test worker] com.zaxxer.hikari.HikariConfig           : registerMbeans..................false
2020-04-16 18:10:30.118 DEBUG [aggregator-service,,,] 35262 --- [    Test worker] com.zaxxer.hikari.HikariConfig           : scheduledExecutor...............none
2020-04-16 18:10:30.118 DEBUG [aggregator-service,,,] 35262 --- [    Test worker] com.zaxxer.hikari.HikariConfig           : schema..........................none
2020-04-16 18:10:30.118 DEBUG [aggregator-service,,,] 35262 --- [    Test worker] com.zaxxer.hikari.HikariConfig           : threadFactory...................internal
2020-04-16 18:10:30.118 DEBUG [aggregator-service,,,] 35262 --- [    Test worker] com.zaxxer.hikari.HikariConfig           : transactionIsolation............default
2020-04-16 18:10:30.118 DEBUG [aggregator-service,,,] 35262 --- [    Test worker] com.zaxxer.hikari.HikariConfig           : username........................"sa"
2020-04-16 18:10:30.118 DEBUG [aggregator-service,,,] 35262 --- [    Test worker] com.zaxxer.hikari.HikariConfig           : validationTimeout...............5000
2020-04-16 18:10:30.118  INFO [aggregator-service,,,] 35262 --- [    Test worker] com.zaxxer.hikari.HikariDataSource       : HikariPool-1 - Starting...
2020-04-16 18:10:30.258 DEBUG [aggregator-service,,,] 35262 --- [    Test worker] com.zaxxer.hikari.pool.HikariPool        : HikariPool-1 - Added connection conn0: url=jdbc:h2:mem:commentservicedb user=SA
2020-04-16 18:10:30.260  INFO [aggregator-service,,,] 35262 --- [    Test worker] com.zaxxer.hikari.HikariDataSource       : HikariPool-1 - Start completed.
2020-04-16 18:10:30.296 DEBUG [aggregator-service,,,] 35262 --- [    Test worker] j.LocalContainerEntityManagerFactoryBean : Building JPA container EntityManagerFactory for persistence unit 'default'
2020-04-16 18:10:30.312 DEBUG [aggregator-service,,,] 35262 --- [    Test worker] o.hibernate.jpa.internal.util.LogHelper  : PersistenceUnitInfo [
	name: default
	persistence provider classname: null
	classloader: sun.misc.Launcher$AppClassLoader@2a139a55
	excludeUnlistedClasses: true
	JTA datasource: null
	Non JTA datasource: HikariDataSource (HikariPool-1)
	Transaction type: RESOURCE_LOCAL
	PU root URL: file:/Users/pramthak/project/practise/microservices/aggregatorservice/build/classes/java/test/
	Shared Cache Mode: UNSPECIFIED
	Validation Mode: AUTO
	Jar files URLs []
	Managed classes names []
	Mapping files names []
	Properties []
2020-04-16 18:10:30.323 DEBUG [aggregator-service,,,] 35262 --- [    Test worker] o.h.i.internal.IntegratorServiceImpl     : Adding Integrator [org.hibernate.cfg.beanvalidation.BeanValidationIntegrator].
2020-04-16 18:10:30.324 DEBUG [aggregator-service,,,] 35262 --- [    Test worker] o.h.i.internal.IntegratorServiceImpl     : Adding Integrator [org.hibernate.secure.spi.JaccIntegrator].
2020-04-16 18:10:30.325 DEBUG [aggregator-service,,,] 35262 --- [    Test worker] o.h.i.internal.IntegratorServiceImpl     : Adding Integrator [org.hibernate.cache.internal.CollectionCacheInvalidator].
2020-04-16 18:10:30.364 DEBUG [aggregator-service,,,] 35262 --- [l-1 housekeeper] com.zaxxer.hikari.pool.HikariPool        : HikariPool-1 - Pool stats (total=1, active=0, idle=1, waiting=0)
2020-04-16 18:10:30.365 DEBUG [aggregator-service,,,] 35262 --- [onnection adder] com.zaxxer.hikari.pool.HikariPool        : HikariPool-1 - Added connection conn1: url=jdbc:h2:mem:commentservicedb user=SA
2020-04-16 18:10:30.366 DEBUG [aggregator-service,,,] 35262 --- [onnection adder] com.zaxxer.hikari.pool.HikariPool        : HikariPool-1 - Added connection conn2: url=jdbc:h2:mem:commentservicedb user=SA
2020-04-16 18:10:30.366 DEBUG [aggregator-service,,,] 35262 --- [onnection adder] com.zaxxer.hikari.pool.HikariPool        : HikariPool-1 - Added connection conn3: url=jdbc:h2:mem:commentservicedb user=SA
2020-04-16 18:10:30.366 DEBUG [aggregator-service,,,] 35262 --- [onnection adder] com.zaxxer.hikari.pool.HikariPool        : HikariPool-1 - Added connection conn4: url=jdbc:h2:mem:commentservicedb user=SA
2020-04-16 18:10:30.367 DEBUG [aggregator-service,,,] 35262 --- [onnection adder] com.zaxxer.hikari.pool.HikariPool        : HikariPool-1 - Added connection conn5: url=jdbc:h2:mem:commentservicedb user=SA
2020-04-16 18:10:30.367 DEBUG [aggregator-service,,,] 35262 --- [onnection adder] com.zaxxer.hikari.pool.HikariPool        : HikariPool-1 - Added connection conn6: url=jdbc:h2:mem:commentservicedb user=SA
2020-04-16 18:10:30.368 DEBUG [aggregator-service,,,] 35262 --- [onnection adder] com.zaxxer.hikari.pool.HikariPool        : HikariPool-1 - Added connection conn7: url=jdbc:h2:mem:commentservicedb user=SA
2020-04-16 18:10:30.368 DEBUG [aggregator-service,,,] 35262 --- [onnection adder] com.zaxxer.hikari.pool.HikariPool        : HikariPool-1 - Added connection conn8: url=jdbc:h2:mem:commentservicedb user=SA
2020-04-16 18:10:30.369 DEBUG [aggregator-service,,,] 35262 --- [onnection adder] com.zaxxer.hikari.pool.HikariPool        : HikariPool-1 - Added connection conn9: url=jdbc:h2:mem:commentservicedb user=SA
2020-04-16 18:10:30.369 DEBUG [aggregator-service,,,] 35262 --- [onnection adder] com.zaxxer.hikari.pool.HikariPool        : HikariPool-1 - After adding stats (total=10, active=0, idle=10, waiting=0)
2020-04-16 18:10:30.369  INFO [aggregator-service,,,] 35262 --- [    Test worker] org.hibernate.Version                    : HHH000412: Hibernate ORM core version 5.4.12.Final
2020-04-16 18:10:30.371 DEBUG [aggregator-service,,,] 35262 --- [    Test worker] org.hibernate.cfg.Environment            : HHH000206: hibernate.properties not found
2020-04-16 18:10:30.460 DEBUG [aggregator-service,,,] 35262 --- [    Test worker] o.hibernate.service.spi.ServiceBinding   : Overriding existing service binding [org.hibernate.secure.spi.JaccService]
2020-04-16 18:10:30.469 DEBUG [aggregator-service,,,] 35262 --- [    Test worker] o.h.c.internal.RegionFactoryInitiator    : Cannot default RegionFactory based on registered strategies as `[]` RegionFactory strategies were registered
2020-04-16 18:10:30.470 DEBUG [aggregator-service,,,] 35262 --- [    Test worker] o.h.c.internal.RegionFactoryInitiator    : Cache region factory : org.hibernate.cache.internal.NoCachingRegionFactory
2020-04-16 18:10:30.479  INFO [aggregator-service,,,] 35262 --- [    Test worker] o.hibernate.annotations.common.Version   : HCANN000001: Hibernate Commons Annotations {5.1.0.Final}
2020-04-16 18:10:30.500 DEBUG [aggregator-service,,,] 35262 --- [    Test worker] org.hibernate.type.BasicTypeRegistry     : Adding type registration boolean -> org.hibernate.type.BooleanType@10edee4e
2020-04-16 18:10:30.500 DEBUG [aggregator-service,,,] 35262 --- [    Test worker] org.hibernate.type.BasicTypeRegistry     : Adding type registration boolean -> org.hibernate.type.BooleanType@10edee4e
2020-04-16 18:10:30.500 DEBUG [aggregator-service,,,] 35262 --- [    Test worker] org.hibernate.type.BasicTypeRegistry     : Adding type registration java.lang.Boolean -> org.hibernate.type.BooleanType@10edee4e
2020-04-16 18:10:30.501 DEBUG [aggregator-service,,,] 35262 --- [    Test worker] org.hibernate.type.BasicTypeRegistry     : Adding type registration numeric_boolean -> org.hibernate.type.NumericBooleanType@2db2cd44
2020-04-16 18:10:30.501 DEBUG [aggregator-service,,,] 35262 --- [    Test worker] org.hibernate.type.BasicTypeRegistry     : Adding type registration true_false -> org.hibernate.type.TrueFalseType@6d97ac36
2020-04-16 18:10:30.502 DEBUG [aggregator-service,,,] 35262 --- [    Test worker] org.hibernate.type.BasicTypeRegistry     : Adding type registration yes_no -> org.hibernate.type.YesNoType@39ac9b8
2020-04-16 18:10:30.503 DEBUG [aggregator-service,,,] 35262 --- [    Test worker] org.hibernate.type.BasicTypeRegistry     : Adding type registration byte -> org.hibernate.type.ByteType@e0b8fbb
2020-04-16 18:10:30.503 DEBUG [aggregator-service,,,] 35262 --- [    Test worker] org.hibernate.type.BasicTypeRegistry     : Adding type registration byte -> org.hibernate.type.ByteType@e0b8fbb
2020-04-16 18:10:30.503 DEBUG [aggregator-service,,,] 35262 --- [    Test worker] org.hibernate.type.BasicTypeRegistry     : Adding type registration java.lang.Byte -> org.hibernate.type.ByteType@e0b8fbb
2020-04-16 18:10:30.503 DEBUG [aggregator-service,,,] 35262 --- [    Test worker] org.hibernate.type.BasicTypeRegistry     : Adding type registration character -> org.hibernate.type.CharacterType@48afd81b
2020-04-16 18:10:30.504 DEBUG [aggregator-service,,,] 35262 --- [    Test worker] org.hibernate.type.BasicTypeRegistry     : Adding type registration char -> org.hibernate.type.CharacterType@48afd81b
2020-04-16 18:10:30.504 DEBUG [aggregator-service,,,] 35262 --- [    Test worker] org.hibernate.type.BasicTypeRegistry     : Adding type registration java.lang.Character -> org.hibernate.type.CharacterType@48afd81b
2020-04-16 18:10:30.504 DEBUG [aggregator-service,,,] 35262 --- [    Test worker] org.hibernate.type.BasicTypeRegistry     : Adding type registration short -> org.hibernate.type.ShortType@4c1c6bf9
2020-04-16 18:10:30.505 DEBUG [aggregator-service,,,] 35262 --- [    Test worker] org.hibernate.type.BasicTypeRegistry     : Adding type registration short -> org.hibernate.type.ShortType@4c1c6bf9
2020-04-16 18:10:30.505 DEBUG [aggregator-service,,,] 35262 --- [    Test worker] org.hibernate.type.BasicTypeRegistry     : Adding type registration java.lang.Short -> org.hibernate.type.ShortType@4c1c6bf9
2020-04-16 18:10:30.505 DEBUG [aggregator-service,,,] 35262 --- [    Test worker] org.hibernate.type.BasicTypeRegistry     : Adding type registration integer -> org.hibernate.type.IntegerType@5a04955a
2020-04-16 18:10:30.505 DEBUG [aggregator-service,,,] 35262 --- [    Test worker] org.hibernate.type.BasicTypeRegistry     : Adding type registration int -> org.hibernate.type.IntegerType@5a04955a
2020-04-16 18:10:30.506 DEBUG [aggregator-service,,,] 35262 --- [    Test worker] org.hibernate.type.BasicTypeRegistry     : Adding type registration java.lang.Integer -> org.hibernate.type.IntegerType@5a04955a
2020-04-16 18:10:30.506 DEBUG [aggregator-service,,,] 35262 --- [    Test worker] org.hibernate.type.BasicTypeRegistry     : Adding type registration long -> org.hibernate.type.LongType@6db909e2
2020-04-16 18:10:30.506 DEBUG [aggregator-service,,,] 35262 --- [    Test worker] org.hibernate.type.BasicTypeRegistry     : Adding type registration long -> org.hibernate.type.LongType@6db909e2
2020-04-16 18:10:30.507 DEBUG [aggregator-service,,,] 35262 --- [    Test worker] org.hibernate.type.BasicTypeRegistry     : Adding type registration java.lang.Long -> org.hibernate.type.LongType@6db909e2
2020-04-16 18:10:30.507 DEBUG [aggregator-service,,,] 35262 --- [    Test worker] org.hibernate.type.BasicTypeRegistry     : Adding type registration float -> org.hibernate.type.FloatType@354626f4
2020-04-16 18:10:30.507 DEBUG [aggregator-service,,,] 35262 --- [    Test worker] org.hibernate.type.BasicTypeRegistry     : Adding type registration float -> org.hibernate.type.FloatType@354626f4
2020-04-16 18:10:30.508 DEBUG [aggregator-service,,,] 35262 --- [    Test worker] org.hibernate.type.BasicTypeRegistry     : Adding type registration java.lang.Float -> org.hibernate.type.FloatType@354626f4
2020-04-16 18:10:30.508 DEBUG [aggregator-service,,,] 35262 --- [    Test worker] org.hibernate.type.BasicTypeRegistry     : Adding type registration double -> org.hibernate.type.DoubleType@2eadba63
2020-04-16 18:10:30.508 DEBUG [aggregator-service,,,] 35262 --- [    Test worker] org.hibernate.type.BasicTypeRegistry     : Adding type registration double -> org.hibernate.type.DoubleType@2eadba63
2020-04-16 18:10:30.508 DEBUG [aggregator-service,,,] 35262 --- [    Test worker] org.hibernate.type.BasicTypeRegistry     : Adding type registration java.lang.Double -> org.hibernate.type.DoubleType@2eadba63
2020-04-16 18:10:30.509 DEBUG [aggregator-service,,,] 35262 --- [    Test worker] org.hibernate.type.BasicTypeRegistry     : Adding type registration big_decimal -> org.hibernate.type.BigDecimalType@10af9c23
2020-04-16 18:10:30.509 DEBUG [aggregator-service,,,] 35262 --- [    Test worker] org.hibernate.type.BasicTypeRegistry     : Adding type registration java.math.BigDecimal -> org.hibernate.type.BigDecimalType@10af9c23
2020-04-16 18:10:30.510 DEBUG [aggregator-service,,,] 35262 --- [    Test worker] org.hibernate.type.BasicTypeRegistry     : Adding type registration big_integer -> org.hibernate.type.BigIntegerType@39ac09
2020-04-16 18:10:30.510 DEBUG [aggregator-service,,,] 35262 --- [    Test worker] org.hibernate.type.BasicTypeRegistry     : Adding type registration java.math.BigInteger -> org.hibernate.type.BigIntegerType@39ac09
2020-04-16 18:10:30.511 DEBUG [aggregator-service,,,] 35262 --- [    Test worker] org.hibernate.type.BasicTypeRegistry     : Adding type registration string -> org.hibernate.type.StringType@3c1b2a0b
2020-04-16 18:10:30.511 DEBUG [aggregator-service,,,] 35262 --- [    Test worker] org.hibernate.type.BasicTypeRegistry     : Adding type registration java.lang.String -> org.hibernate.type.StringType@3c1b2a0b
2020-04-16 18:10:30.512 DEBUG [aggregator-service,,,] 35262 --- [    Test worker] org.hibernate.type.BasicTypeRegistry     : Adding type registration nstring -> org.hibernate.type.StringNVarcharType@160654ba
2020-04-16 18:10:30.512 DEBUG [aggregator-service,,,] 35262 --- [    Test worker] org.hibernate.type.BasicTypeRegistry     : Adding type registration ncharacter -> org.hibernate.type.CharacterNCharType@136792dd
2020-04-16 18:10:30.513 DEBUG [aggregator-service,,,] 35262 --- [    Test worker] org.hibernate.type.BasicTypeRegistry     : Adding type registration url -> org.hibernate.type.UrlType@589c1e43
2020-04-16 18:10:30.513 DEBUG [aggregator-service,,,] 35262 --- [    Test worker] org.hibernate.type.BasicTypeRegistry     : Adding type registration java.net.URL -> org.hibernate.type.UrlType@589c1e43
2020-04-16 18:10:30.514 DEBUG [aggregator-service,,,] 35262 --- [    Test worker] org.hibernate.type.BasicTypeRegistry     : Adding type registration Duration -> org.hibernate.type.DurationType@1fb3062f
2020-04-16 18:10:30.514 DEBUG [aggregator-service,,,] 35262 --- [    Test worker] org.hibernate.type.BasicTypeRegistry     : Adding type registration java.time.Duration -> org.hibernate.type.DurationType@1fb3062f
2020-04-16 18:10:30.515 DEBUG [aggregator-service,,,] 35262 --- [    Test worker] org.hibernate.type.BasicTypeRegistry     : Adding type registration Instant -> org.hibernate.type.InstantType@5ea47f61
2020-04-16 18:10:30.515 DEBUG [aggregator-service,,,] 35262 --- [    Test worker] org.hibernate.type.BasicTypeRegistry     : Adding type registration java.time.Instant -> org.hibernate.type.InstantType@5ea47f61
2020-04-16 18:10:30.516 DEBUG [aggregator-service,,,] 35262 --- [    Test worker] org.hibernate.type.BasicTypeRegistry     : Adding type registration LocalDateTime -> org.hibernate.type.LocalDateTimeType@4717bde8
2020-04-16 18:10:30.516 DEBUG [aggregator-service,,,] 35262 --- [    Test worker] org.hibernate.type.BasicTypeRegistry     : Adding type registration java.time.LocalDateTime -> org.hibernate.type.LocalDateTimeType@4717bde8
2020-04-16 18:10:30.517 DEBUG [aggregator-service,,,] 35262 --- [    Test worker] org.hibernate.type.BasicTypeRegistry     : Adding type registration LocalDate -> org.hibernate.type.LocalDateType@3bbb5c41
2020-04-16 18:10:30.517 DEBUG [aggregator-service,,,] 35262 --- [    Test worker] org.hibernate.type.BasicTypeRegistry     : Adding type registration java.time.LocalDate -> org.hibernate.type.LocalDateType@3bbb5c41
2020-04-16 18:10:30.517 DEBUG [aggregator-service,,,] 35262 --- [    Test worker] org.hibernate.type.BasicTypeRegistry     : Adding type registration LocalTime -> org.hibernate.type.LocalTimeType@63dddd36
2020-04-16 18:10:30.517 DEBUG [aggregator-service,,,] 35262 --- [    Test worker] org.hibernate.type.BasicTypeRegistry     : Adding type registration java.time.LocalTime -> org.hibernate.type.LocalTimeType@63dddd36
2020-04-16 18:10:30.518 DEBUG [aggregator-service,,,] 35262 --- [    Test worker] org.hibernate.type.BasicTypeRegistry     : Adding type registration OffsetDateTime -> org.hibernate.type.OffsetDateTimeType@160363f4
2020-04-16 18:10:30.518 DEBUG [aggregator-service,,,] 35262 --- [    Test worker] org.hibernate.type.BasicTypeRegistry     : Adding type registration java.time.OffsetDateTime -> org.hibernate.type.OffsetDateTimeType@160363f4
2020-04-16 18:10:30.519 DEBUG [aggregator-service,,,] 35262 --- [    Test worker] org.hibernate.type.BasicTypeRegistry     : Adding type registration OffsetTime -> org.hibernate.type.OffsetTimeType@292af56b
2020-04-16 18:10:30.519 DEBUG [aggregator-service,,,] 35262 --- [    Test worker] org.hibernate.type.BasicTypeRegistry     : Adding type registration java.time.OffsetTime -> org.hibernate.type.OffsetTimeType@292af56b
2020-04-16 18:10:30.521 DEBUG [aggregator-service,,,] 35262 --- [    Test worker] org.hibernate.type.BasicTypeRegistry     : Adding type registration ZonedDateTime -> org.hibernate.type.ZonedDateTimeType@2cd981d4
2020-04-16 18:10:30.521 DEBUG [aggregator-service,,,] 35262 --- [    Test worker] org.hibernate.type.BasicTypeRegistry     : Adding type registration java.time.ZonedDateTime -> org.hibernate.type.ZonedDateTimeType@2cd981d4
2020-04-16 18:10:30.522 DEBUG [aggregator-service,,,] 35262 --- [    Test worker] org.hibernate.type.BasicTypeRegistry     : Adding type registration date -> org.hibernate.type.DateType@70c7d5b2
2020-04-16 18:10:30.522 DEBUG [aggregator-service,,,] 35262 --- [    Test worker] org.hibernate.type.BasicTypeRegistry     : Adding type registration java.sql.Date -> org.hibernate.type.DateType@70c7d5b2
2020-04-16 18:10:30.523 DEBUG [aggregator-service,,,] 35262 --- [    Test worker] org.hibernate.type.BasicTypeRegistry     : Adding type registration time -> org.hibernate.type.TimeType@52ac2485
2020-04-16 18:10:30.523 DEBUG [aggregator-service,,,] 35262 --- [    Test worker] org.hibernate.type.BasicTypeRegistry     : Adding type registration java.sql.Time -> org.hibernate.type.TimeType@52ac2485
2020-04-16 18:10:30.524 DEBUG [aggregator-service,,,] 35262 --- [    Test worker] org.hibernate.type.BasicTypeRegistry     : Adding type registration timestamp -> org.hibernate.type.TimestampType@67d2f3c3
2020-04-16 18:10:30.524 DEBUG [aggregator-service,,,] 35262 --- [    Test worker] org.hibernate.type.BasicTypeRegistry     : Adding type registration java.sql.Timestamp -> org.hibernate.type.TimestampType@67d2f3c3
2020-04-16 18:10:30.524 DEBUG [aggregator-service,,,] 35262 --- [    Test worker] org.hibernate.type.BasicTypeRegistry     : Adding type registration java.util.Date -> org.hibernate.type.TimestampType@67d2f3c3
2020-04-16 18:10:30.525 DEBUG [aggregator-service,,,] 35262 --- [    Test worker] org.hibernate.type.BasicTypeRegistry     : Adding type registration dbtimestamp -> org.hibernate.type.DbTimestampType@37fd457b
2020-04-16 18:10:30.526 DEBUG [aggregator-service,,,] 35262 --- [    Test worker] org.hibernate.type.BasicTypeRegistry     : Adding type registration calendar -> org.hibernate.type.CalendarType@1533ff04
2020-04-16 18:10:30.526 DEBUG [aggregator-service,,,] 35262 --- [    Test worker] org.hibernate.type.BasicTypeRegistry     : Adding type registration java.util.Calendar -> org.hibernate.type.CalendarType@1533ff04
2020-04-16 18:10:30.526 DEBUG [aggregator-service,,,] 35262 --- [    Test worker] org.hibernate.type.BasicTypeRegistry     : Adding type registration java.util.GregorianCalendar -> org.hibernate.type.CalendarType@1533ff04
2020-04-16 18:10:30.527 DEBUG [aggregator-service,,,] 35262 --- [    Test worker] org.hibernate.type.BasicTypeRegistry     : Adding type registration calendar_date -> org.hibernate.type.CalendarDateType@1ec892d7
2020-04-16 18:10:30.528 DEBUG [aggregator-service,,,] 35262 --- [    Test worker] org.hibernate.type.BasicTypeRegistry     : Adding type registration calendar_time -> org.hibernate.type.CalendarTimeType@5b286cce
2020-04-16 18:10:30.529 DEBUG [aggregator-service,,,] 35262 --- [    Test worker] org.hibernate.type.BasicTypeRegistry     : Adding type registration locale -> org.hibernate.type.LocaleType@14e0a6b4
2020-04-16 18:10:30.529 DEBUG [aggregator-service,,,] 35262 --- [    Test worker] org.hibernate.type.BasicTypeRegistry     : Adding type registration java.util.Locale -> org.hibernate.type.LocaleType@14e0a6b4
2020-04-16 18:10:30.530 DEBUG [aggregator-service,,,] 35262 --- [    Test worker] org.hibernate.type.BasicTypeRegistry     : Adding type registration currency -> org.hibernate.type.CurrencyType@5f809609
2020-04-16 18:10:30.530 DEBUG [aggregator-service,,,] 35262 --- [    Test worker] org.hibernate.type.BasicTypeRegistry     : Adding type registration java.util.Currency -> org.hibernate.type.CurrencyType@5f809609
2020-04-16 18:10:30.530 DEBUG [aggregator-service,,,] 35262 --- [    Test worker] org.hibernate.type.BasicTypeRegistry     : Adding type registration timezone -> org.hibernate.type.TimeZoneType@af17f72
2020-04-16 18:10:30.530 DEBUG [aggregator-service,,,] 35262 --- [    Test worker] org.hibernate.type.BasicTypeRegistry     : Adding type registration java.util.TimeZone -> org.hibernate.type.TimeZoneType@af17f72
2020-04-16 18:10:30.531 DEBUG [aggregator-service,,,] 35262 --- [    Test worker] org.hibernate.type.BasicTypeRegistry     : Adding type registration class -> org.hibernate.type.ClassType@5173363a
2020-04-16 18:10:30.531 DEBUG [aggregator-service,,,] 35262 --- [    Test worker] org.hibernate.type.BasicTypeRegistry     : Adding type registration java.lang.Class -> org.hibernate.type.ClassType@5173363a
2020-04-16 18:10:30.532 DEBUG [aggregator-service,,,] 35262 --- [    Test worker] org.hibernate.type.BasicTypeRegistry     : Adding type registration uuid-binary -> org.hibernate.type.UUIDBinaryType@4727ba17
2020-04-16 18:10:30.532 DEBUG [aggregator-service,,,] 35262 --- [    Test worker] org.hibernate.type.BasicTypeRegistry     : Adding type registration java.util.UUID -> org.hibernate.type.UUIDBinaryType@4727ba17
2020-04-16 18:10:30.532 DEBUG [aggregator-service,,,] 35262 --- [    Test worker] org.hibernate.type.BasicTypeRegistry     : Adding type registration uuid-char -> org.hibernate.type.UUIDCharType@1465b8c4
2020-04-16 18:10:30.533 DEBUG [aggregator-service,,,] 35262 --- [    Test worker] org.hibernate.type.BasicTypeRegistry     : Adding type registration binary -> org.hibernate.type.BinaryType@452eeac
2020-04-16 18:10:30.533 DEBUG [aggregator-service,,,] 35262 --- [    Test worker] org.hibernate.type.BasicTypeRegistry     : Adding type registration byte[] -> org.hibernate.type.BinaryType@452eeac
2020-04-16 18:10:30.534 DEBUG [aggregator-service,,,] 35262 --- [    Test worker] org.hibernate.type.BasicTypeRegistry     : Adding type registration [B -> org.hibernate.type.BinaryType@452eeac
2020-04-16 18:10:30.534 DEBUG [aggregator-service,,,] 35262 --- [    Test worker] org.hibernate.type.BasicTypeRegistry     : Adding type registration wrapper-binary -> org.hibernate.type.WrapperBinaryType@606d7ba
2020-04-16 18:10:30.535 DEBUG [aggregator-service,,,] 35262 --- [    Test worker] org.hibernate.type.BasicTypeRegistry     : Adding type registration Byte[] -> org.hibernate.type.WrapperBinaryType@606d7ba
2020-04-16 18:10:30.535 DEBUG [aggregator-service,,,] 35262 --- [    Test worker] org.hibernate.type.BasicTypeRegistry     : Adding type registration [Ljava.lang.Byte; -> org.hibernate.type.WrapperBinaryType@606d7ba
2020-04-16 18:10:30.535 DEBUG [aggregator-service,,,] 35262 --- [    Test worker] org.hibernate.type.BasicTypeRegistry     : Adding type registration row_version -> org.hibernate.type.RowVersionType@39cfe864
2020-04-16 18:10:30.536 DEBUG [aggregator-service,,,] 35262 --- [    Test worker] org.hibernate.type.BasicTypeRegistry     : Adding type registration image -> org.hibernate.type.ImageType@76b543c4
2020-04-16 18:10:30.537 DEBUG [aggregator-service,,,] 35262 --- [    Test worker] org.hibernate.type.BasicTypeRegistry     : Adding type registration characters -> org.hibernate.type.CharArrayType@32a3d1b3
2020-04-16 18:10:30.537 DEBUG [aggregator-service,,,] 35262 --- [    Test worker] org.hibernate.type.BasicTypeRegistry     : Adding type registration char[] -> org.hibernate.type.CharArrayType@32a3d1b3
2020-04-16 18:10:30.537 DEBUG [aggregator-service,,,] 35262 --- [    Test worker] org.hibernate.type.BasicTypeRegistry     : Adding type registration [C -> org.hibernate.type.CharArrayType@32a3d1b3
2020-04-16 18:10:30.538 DEBUG [aggregator-service,,,] 35262 --- [    Test worker] org.hibernate.type.BasicTypeRegistry     : Adding type registration wrapper-characters -> org.hibernate.type.CharacterArrayType@7dff41f4
2020-04-16 18:10:30.538 DEBUG [aggregator-service,,,] 35262 --- [    Test worker] org.hibernate.type.BasicTypeRegistry     : Adding type registration [Ljava.lang.Character; -> org.hibernate.type.CharacterArrayType@7dff41f4
2020-04-16 18:10:30.538 DEBUG [aggregator-service,,,] 35262 --- [    Test worker] org.hibernate.type.BasicTypeRegistry     : Adding type registration Character[] -> org.hibernate.type.CharacterArrayType@7dff41f4
2020-04-16 18:10:30.538 DEBUG [aggregator-service,,,] 35262 --- [    Test worker] org.hibernate.type.BasicTypeRegistry     : Adding type registration text -> org.hibernate.type.TextType@c5fde20
2020-04-16 18:10:30.539 DEBUG [aggregator-service,,,] 35262 --- [    Test worker] org.hibernate.type.BasicTypeRegistry     : Adding type registration ntext -> org.hibernate.type.NTextType@14a932f1
2020-04-16 18:10:30.540 DEBUG [aggregator-service,,,] 35262 --- [    Test worker] org.hibernate.type.BasicTypeRegistry     : Adding type registration blob -> org.hibernate.type.BlobType@1cabb80b
2020-04-16 18:10:30.540 DEBUG [aggregator-service,,,] 35262 --- [    Test worker] org.hibernate.type.BasicTypeRegistry     : Adding type registration java.sql.Blob -> org.hibernate.type.BlobType@1cabb80b
2020-04-16 18:10:30.540 DEBUG [aggregator-service,,,] 35262 --- [    Test worker] org.hibernate.type.BasicTypeRegistry     : Adding type registration materialized_blob -> org.hibernate.type.MaterializedBlobType@8022d51
2020-04-16 18:10:30.541 DEBUG [aggregator-service,,,] 35262 --- [    Test worker] org.hibernate.type.BasicTypeRegistry     : Adding type registration clob -> org.hibernate.type.ClobType@1beb894e
2020-04-16 18:10:30.542 DEBUG [aggregator-service,,,] 35262 --- [    Test worker] org.hibernate.type.BasicTypeRegistry     : Adding type registration java.sql.Clob -> org.hibernate.type.ClobType@1beb894e
2020-04-16 18:10:30.543 DEBUG [aggregator-service,,,] 35262 --- [    Test worker] org.hibernate.type.BasicTypeRegistry     : Adding type registration nclob -> org.hibernate.type.NClobType@31586dce
2020-04-16 18:10:30.543 DEBUG [aggregator-service,,,] 35262 --- [    Test worker] org.hibernate.type.BasicTypeRegistry     : Adding type registration java.sql.NClob -> org.hibernate.type.NClobType@31586dce
2020-04-16 18:10:30.543 DEBUG [aggregator-service,,,] 35262 --- [    Test worker] org.hibernate.type.BasicTypeRegistry     : Adding type registration materialized_clob -> org.hibernate.type.MaterializedClobType@30a38f17
2020-04-16 18:10:30.544 DEBUG [aggregator-service,,,] 35262 --- [    Test worker] org.hibernate.type.BasicTypeRegistry     : Adding type registration materialized_nclob -> org.hibernate.type.MaterializedNClobType@62e1cc0f
2020-04-16 18:10:30.545 DEBUG [aggregator-service,,,] 35262 --- [    Test worker] org.hibernate.type.BasicTypeRegistry     : Adding type registration serializable -> org.hibernate.type.SerializableType@567e9db1
2020-04-16 18:10:30.547 DEBUG [aggregator-service,,,] 35262 --- [    Test worker] org.hibernate.type.BasicTypeRegistry     : Adding type registration object -> org.hibernate.type.ObjectType@db3be36
2020-04-16 18:10:30.547 DEBUG [aggregator-service,,,] 35262 --- [    Test worker] org.hibernate.type.BasicTypeRegistry     : Adding type registration java.lang.Object -> org.hibernate.type.ObjectType@db3be36
2020-04-16 18:10:30.548 DEBUG [aggregator-service,,,] 35262 --- [    Test worker] org.hibernate.type.BasicTypeRegistry     : Adding type registration imm_date -> org.hibernate.type.AdaptedImmutableType@6d1fa638
2020-04-16 18:10:30.548 DEBUG [aggregator-service,,,] 35262 --- [    Test worker] org.hibernate.type.BasicTypeRegistry     : Adding type registration imm_time -> org.hibernate.type.AdaptedImmutableType@7dcde7a3
2020-04-16 18:10:30.548 DEBUG [aggregator-service,,,] 35262 --- [    Test worker] org.hibernate.type.BasicTypeRegistry     : Adding type registration imm_timestamp -> org.hibernate.type.AdaptedImmutableType@5bb3f2e9
2020-04-16 18:10:30.548 DEBUG [aggregator-service,,,] 35262 --- [    Test worker] org.hibernate.type.BasicTypeRegistry     : Adding type registration imm_dbtimestamp -> org.hibernate.type.AdaptedImmutableType@65ccb709
2020-04-16 18:10:30.548 DEBUG [aggregator-service,,,] 35262 --- [    Test worker] org.hibernate.type.BasicTypeRegistry     : Adding type registration imm_calendar -> org.hibernate.type.AdaptedImmutableType@7572e3ee
2020-04-16 18:10:30.548 DEBUG [aggregator-service,,,] 35262 --- [    Test worker] org.hibernate.type.BasicTypeRegistry     : Adding type registration imm_calendar_date -> org.hibernate.type.AdaptedImmutableType@6710e21c
2020-04-16 18:10:30.548 DEBUG [aggregator-service,,,] 35262 --- [    Test worker] org.hibernate.type.BasicTypeRegistry     : Adding type registration imm_binary -> org.hibernate.type.AdaptedImmutableType@23f060ad
2020-04-16 18:10:30.548 DEBUG [aggregator-service,,,] 35262 --- [    Test worker] org.hibernate.type.BasicTypeRegistry     : Adding type registration imm_serializable -> org.hibernate.type.AdaptedImmutableType@2304ef25
2020-04-16 18:10:30.556 DEBUG [aggregator-service,,,] 35262 --- [    Test worker] o.h.boot.internal.BootstrapContextImpl   : Injecting JPA temp ClassLoader [org.springframework.instrument.classloading.SimpleThrowawayClassLoader@306e00ba] into BootstrapContext; was [null]
2020-04-16 18:10:30.556 DEBUG [aggregator-service,,,] 35262 --- [    Test worker] o.h.boot.internal.ClassLoaderAccessImpl  : ClassLoaderAccessImpl#injectTempClassLoader(org.springframework.instrument.classloading.SimpleThrowawayClassLoader@306e00ba) [was null]
2020-04-16 18:10:30.557 DEBUG [aggregator-service,,,] 35262 --- [    Test worker] o.h.boot.internal.BootstrapContextImpl   : Injecting ScanEnvironment [org.hibernate.jpa.boot.internal.StandardJpaScanEnvironmentImpl@41d08985] into BootstrapContext; was [null]
2020-04-16 18:10:30.557 DEBUG [aggregator-service,,,] 35262 --- [    Test worker] o.h.boot.internal.BootstrapContextImpl   : Injecting ScanOptions [org.hibernate.boot.archive.scan.internal.StandardScanOptions@17b2ad5] into BootstrapContext; was [org.hibernate.boot.archive.scan.internal.StandardScanOptions@2714c096]
2020-04-16 18:10:30.565 DEBUG [aggregator-service,,,] 35262 --- [    Test worker] o.h.boot.internal.BootstrapContextImpl   : Injecting JPA temp ClassLoader [null] into BootstrapContext; was [org.springframework.instrument.classloading.SimpleThrowawayClassLoader@306e00ba]
2020-04-16 18:10:30.565 DEBUG [aggregator-service,,,] 35262 --- [    Test worker] o.h.boot.internal.ClassLoaderAccessImpl  : ClassLoaderAccessImpl#injectTempClassLoader(null) [was org.springframework.instrument.classloading.SimpleThrowawayClassLoader@306e00ba]
2020-04-16 18:10:30.573 DEBUG [aggregator-service,,,] 35262 --- [    Test worker] .i.f.i.DefaultIdentifierGeneratorFactory : Registering IdentifierGenerator strategy [uuid2] -> [org.hibernate.id.UUIDGenerator]
2020-04-16 18:10:30.573 DEBUG [aggregator-service,,,] 35262 --- [    Test worker] .i.f.i.DefaultIdentifierGeneratorFactory : Registering IdentifierGenerator strategy [guid] -> [org.hibernate.id.GUIDGenerator]
2020-04-16 18:10:30.574 DEBUG [aggregator-service,,,] 35262 --- [    Test worker] .i.f.i.DefaultIdentifierGeneratorFactory : Registering IdentifierGenerator strategy [uuid] -> [org.hibernate.id.UUIDHexGenerator]
2020-04-16 18:10:30.574 DEBUG [aggregator-service,,,] 35262 --- [    Test worker] .i.f.i.DefaultIdentifierGeneratorFactory : Registering IdentifierGenerator strategy [uuid.hex] -> [org.hibernate.id.UUIDHexGenerator]
2020-04-16 18:10:30.574 DEBUG [aggregator-service,,,] 35262 --- [    Test worker] .i.f.i.DefaultIdentifierGeneratorFactory : Registering IdentifierGenerator strategy [assigned] -> [org.hibernate.id.Assigned]
2020-04-16 18:10:30.574 DEBUG [aggregator-service,,,] 35262 --- [    Test worker] .i.f.i.DefaultIdentifierGeneratorFactory : Registering IdentifierGenerator strategy [identity] -> [org.hibernate.id.IdentityGenerator]
2020-04-16 18:10:30.575 DEBUG [aggregator-service,,,] 35262 --- [    Test worker] .i.f.i.DefaultIdentifierGeneratorFactory : Registering IdentifierGenerator strategy [select] -> [org.hibernate.id.SelectGenerator]
2020-04-16 18:10:30.576 DEBUG [aggregator-service,,,] 35262 --- [    Test worker] .i.f.i.DefaultIdentifierGeneratorFactory : Registering IdentifierGenerator strategy [sequence] -> [org.hibernate.id.enhanced.SequenceStyleGenerator]
2020-04-16 18:10:30.576 DEBUG [aggregator-service,,,] 35262 --- [    Test worker] .i.f.i.DefaultIdentifierGeneratorFactory : Registering IdentifierGenerator strategy [seqhilo] -> [org.hibernate.id.SequenceHiLoGenerator]
2020-04-16 18:10:30.577 DEBUG [aggregator-service,,,] 35262 --- [    Test worker] .i.f.i.DefaultIdentifierGeneratorFactory : Registering IdentifierGenerator strategy [increment] -> [org.hibernate.id.IncrementGenerator]
2020-04-16 18:10:30.577 DEBUG [aggregator-service,,,] 35262 --- [    Test worker] .i.f.i.DefaultIdentifierGeneratorFactory : Registering IdentifierGenerator strategy [foreign] -> [org.hibernate.id.ForeignGenerator]
2020-04-16 18:10:30.577 DEBUG [aggregator-service,,,] 35262 --- [    Test worker] .i.f.i.DefaultIdentifierGeneratorFactory : Registering IdentifierGenerator strategy [sequence-identity] -> [org.hibernate.id.SequenceIdentityGenerator]
2020-04-16 18:10:30.578 DEBUG [aggregator-service,,,] 35262 --- [    Test worker] .i.f.i.DefaultIdentifierGeneratorFactory : Registering IdentifierGenerator strategy [enhanced-sequence] -> [org.hibernate.id.enhanced.SequenceStyleGenerator]
2020-04-16 18:10:30.578 DEBUG [aggregator-service,,,] 35262 --- [    Test worker] .i.f.i.DefaultIdentifierGeneratorFactory : Registering IdentifierGenerator strategy [enhanced-table] -> [org.hibernate.id.enhanced.TableGenerator]
2020-04-16 18:10:30.582 DEBUG [aggregator-service,,,] 35262 --- [    Test worker] o.h.e.j.e.i.JdbcEnvironmentInitiator     : Database ->
       name : H2
    version : 1.4.200 (2019-10-14)
      major : 1
      minor : 4
2020-04-16 18:10:30.583 DEBUG [aggregator-service,,,] 35262 --- [    Test worker] o.h.e.j.e.i.JdbcEnvironmentInitiator     : Driver ->
       name : H2 JDBC Driver
    version : 1.4.200 (2019-10-14)
      major : 1
      minor : 4
2020-04-16 18:10:30.583 DEBUG [aggregator-service,,,] 35262 --- [    Test worker] o.h.e.j.e.i.JdbcEnvironmentInitiator     : JDBC version : 4.1
2020-04-16 18:10:30.591  INFO [aggregator-service,,,] 35262 --- [    Test worker] org.hibernate.dialect.Dialect            : HHH000400: Using dialect: org.hibernate.dialect.H2Dialect
2020-04-16 18:10:30.623 DEBUG [aggregator-service,,,] 35262 --- [    Test worker] o.h.e.j.env.spi.IdentifierHelperBuilder  : JDBC driver metadata reported database stores quoted identifiers in neither upper, lower nor mixed case
2020-04-16 18:10:30.644 DEBUG [aggregator-service,,,] 35262 --- [    Test worker] o.h.boot.model.relational.Namespace      : Created database namespace [logicalName=Name{catalog=null, schema=null}, physicalName=Name{catalog=null, schema=null}]
2020-04-16 18:10:30.646 DEBUG [aggregator-service,,,] 35262 --- [    Test worker] o.h.type.spi.TypeConfiguration$Scope     : Scoping TypeConfiguration [org.hibernate.type.spi.TypeConfiguration@5f0a356b] to MetadataBuildingContext [org.hibernate.boot.internal.MetadataBuildingContextRootImpl@da56cec]
2020-04-16 18:10:30.693 DEBUG [aggregator-service,,,] 35262 --- [    Test worker] o.hibernate.internal.SessionFactoryImpl  : Building session factory
2020-04-16 18:10:30.693 DEBUG [aggregator-service,,,] 35262 --- [    Test worker] org.hibernate.cfg.Settings               : SessionFactory name : null
2020-04-16 18:10:30.694 DEBUG [aggregator-service,,,] 35262 --- [    Test worker] org.hibernate.cfg.Settings               : Automatic flush during beforeCompletion(): enabled
2020-04-16 18:10:30.694 DEBUG [aggregator-service,,,] 35262 --- [    Test worker] org.hibernate.cfg.Settings               : Automatic session close at end of transaction: disabled
2020-04-16 18:10:30.694 DEBUG [aggregator-service,,,] 35262 --- [    Test worker] org.hibernate.cfg.Settings               : Statistics: disabled
2020-04-16 18:10:30.694 DEBUG [aggregator-service,,,] 35262 --- [    Test worker] org.hibernate.cfg.Settings               : Deleted entity synthetic identifier rollback: disabled
2020-04-16 18:10:30.694 DEBUG [aggregator-service,,,] 35262 --- [    Test worker] org.hibernate.cfg.Settings               : Default entity-mode: pojo
2020-04-16 18:10:30.694 DEBUG [aggregator-service,,,] 35262 --- [    Test worker] org.hibernate.cfg.Settings               : Check Nullability in Core (should be disabled when Bean Validation is on): enabled
2020-04-16 18:10:30.694 DEBUG [aggregator-service,,,] 35262 --- [    Test worker] org.hibernate.cfg.Settings               : Allow initialization of lazy state outside session : disabled
2020-04-16 18:10:30.694 DEBUG [aggregator-service,,,] 35262 --- [    Test worker] org.hibernate.cfg.Settings               : Using BatchFetchStyle : LEGACY
2020-04-16 18:10:30.694 DEBUG [aggregator-service,,,] 35262 --- [    Test worker] org.hibernate.cfg.Settings               : Default batch fetch size: -1
2020-04-16 18:10:30.694 DEBUG [aggregator-service,,,] 35262 --- [    Test worker] org.hibernate.cfg.Settings               : Maximum outer join fetch depth: null
2020-04-16 18:10:30.694 DEBUG [aggregator-service,,,] 35262 --- [    Test worker] org.hibernate.cfg.Settings               : Default null ordering: NONE
2020-04-16 18:10:30.695 DEBUG [aggregator-service,,,] 35262 --- [    Test worker] org.hibernate.cfg.Settings               : Order SQL updates by primary key: disabled
2020-04-16 18:10:30.695 DEBUG [aggregator-service,,,] 35262 --- [    Test worker] org.hibernate.cfg.Settings               : Order SQL inserts for batching: disabled
2020-04-16 18:10:30.695 DEBUG [aggregator-service,,,] 35262 --- [    Test worker] org.hibernate.cfg.Settings               : multi-tenancy strategy : NONE
2020-04-16 18:10:30.695 DEBUG [aggregator-service,,,] 35262 --- [    Test worker] org.hibernate.cfg.Settings               : JTA Track by Thread: enabled
2020-04-16 18:10:30.695 DEBUG [aggregator-service,,,] 35262 --- [    Test worker] org.hibernate.cfg.Settings               : Query language substitutions: {}
2020-04-16 18:10:30.695 DEBUG [aggregator-service,,,] 35262 --- [    Test worker] org.hibernate.cfg.Settings               : Named query checking : enabled
2020-04-16 18:10:30.695 DEBUG [aggregator-service,,,] 35262 --- [    Test worker] org.hibernate.cfg.Settings               : Second-level cache: disabled
2020-04-16 18:10:30.695 DEBUG [aggregator-service,,,] 35262 --- [    Test worker] org.hibernate.cfg.Settings               : Second-level query cache: disabled
2020-04-16 18:10:30.695 DEBUG [aggregator-service,,,] 35262 --- [    Test worker] org.hibernate.cfg.Settings               : Second-level query cache factory: null
2020-04-16 18:10:30.695 DEBUG [aggregator-service,,,] 35262 --- [    Test worker] org.hibernate.cfg.Settings               : Second-level cache region prefix: null
2020-04-16 18:10:30.695 DEBUG [aggregator-service,,,] 35262 --- [    Test worker] org.hibernate.cfg.Settings               : Optimize second-level cache for minimal puts: disabled
2020-04-16 18:10:30.696 DEBUG [aggregator-service,,,] 35262 --- [    Test worker] org.hibernate.cfg.Settings               : Structured second-level cache entries: disabled
2020-04-16 18:10:30.696 DEBUG [aggregator-service,,,] 35262 --- [    Test worker] org.hibernate.cfg.Settings               : Second-level cache direct-reference entries: disabled
2020-04-16 18:10:30.696 DEBUG [aggregator-service,,,] 35262 --- [    Test worker] org.hibernate.cfg.Settings               : Automatic eviction of collection cache: disabled
2020-04-16 18:10:30.696 DEBUG [aggregator-service,,,] 35262 --- [    Test worker] org.hibernate.cfg.Settings               : JDBC batch size: 15
2020-04-16 18:10:30.696 DEBUG [aggregator-service,,,] 35262 --- [    Test worker] org.hibernate.cfg.Settings               : JDBC batch updates for versioned data: enabled
2020-04-16 18:10:30.696 DEBUG [aggregator-service,,,] 35262 --- [    Test worker] org.hibernate.cfg.Settings               : Scrollable result sets: enabled
2020-04-16 18:10:30.696 DEBUG [aggregator-service,,,] 35262 --- [    Test worker] org.hibernate.cfg.Settings               : Wrap result sets: disabled
2020-04-16 18:10:30.696 DEBUG [aggregator-service,,,] 35262 --- [    Test worker] org.hibernate.cfg.Settings               : JDBC3 getGeneratedKeys(): enabled
2020-04-16 18:10:30.696 DEBUG [aggregator-service,,,] 35262 --- [    Test worker] org.hibernate.cfg.Settings               : JDBC result set fetch size: null
2020-04-16 18:10:30.696 DEBUG [aggregator-service,,,] 35262 --- [    Test worker] org.hibernate.cfg.Settings               : Connection release mode: ON_CLOSE
2020-04-16 18:10:30.696 DEBUG [aggregator-service,,,] 35262 --- [    Test worker] org.hibernate.cfg.Settings               : Generate SQL with comments: disabled
2020-04-16 18:10:30.696 DEBUG [aggregator-service,,,] 35262 --- [    Test worker] org.hibernate.cfg.Settings               : JPA compliance - query : disabled
2020-04-16 18:10:30.697 DEBUG [aggregator-service,,,] 35262 --- [    Test worker] org.hibernate.cfg.Settings               : JPA compliance - closed-handling : disabled
2020-04-16 18:10:30.697 DEBUG [aggregator-service,,,] 35262 --- [    Test worker] org.hibernate.cfg.Settings               : JPA compliance - lists : disabled
2020-04-16 18:10:30.697 DEBUG [aggregator-service,,,] 35262 --- [    Test worker] org.hibernate.cfg.Settings               : JPA compliance - transactions : disabled
2020-04-16 18:10:30.752 DEBUG [aggregator-service,,,] 35262 --- [    Test worker] o.hibernate.internal.SessionFactoryImpl  : Session factory constructed with filter configurations : {}
2020-04-16 18:10:30.752 DEBUG [aggregator-service,,,] 35262 --- [    Test worker] o.hibernate.internal.SessionFactoryImpl  : Instantiating session factory with properties: {gopherProxySet=false, awt.toolkit=sun.lwawt.macosx.LWCToolkit, hibernate.format_sql=true, hibernate.id.new_generator_mappings=true, java.specification.version=1.8, file.encoding.pkg=sun.io, sun.cpu.isalist=, hibernate.resource.beans.container=org.springframework.orm.hibernate5.SpringBeanContainer@719f6b25, hibernate.connection.handling_mode=DELAYED_ACQUISITION_AND_HOLD, sun.jnu.encoding=UTF-8, hibernate.dialect=org.hibernate.dialect.H2Dialect, org.gradle.test.worker=6, hibernate.implicit_naming_strategy=org.springframework.boot.orm.jpa.hibernate.SpringImplicitNamingStrategy, java.class.path=/Users/pramthak/project/practise/microservices/aggregatorservice/build/classes/java/test:/Users/pramthak/project/practise/microservices/aggregatorservice/build/resources/test:/Users/pramthak/project/practise/microservices/aggregatorservice/build/classes/java/main:/Users/pramthak/project/practise/microservices/aggregatorservice/build/resources/main:/Users/pramthak/.gradle/caches/modules-2/files-2.1/io.springfox/springfox-swagger-ui/3.0.0-SNAPSHOT/df7109a96d38c2157a251a50ac301002cc2e35ed/springfox-swagger-ui-3.0.0-SNAPSHOT.jar:/Users/pramthak/.gradle/caches/modules-2/files-2.1/io.springfox/springfox-swagger2/3.0.0-SNAPSHOT/5f250c0c5660aca63ed620022260f764fc992d88/springfox-swagger2-3.0.0-SNAPSHOT.jar:/Users/pramthak/.gradle/caches/modules-2/files-2.1/io.springfox/springfox-data-rest/3.0.0-SNAPSHOT/77973aa58095d039fde09c09d1e5e4e0a8b4489d/springfox-data-rest-3.0.0-SNAPSHOT.jar:/Users/pramthak/.gradle/caches/modules-2/files-2.1/org.springframework.boot/spring-boot-starter-data-jpa/2.2.6.RELEASE/e6bfecf4694867d815514799ea23a937c623f496/spring-boot-starter-data-jpa-2.2.6.RELEASE.jar:/Users/pramthak/.gradle/caches/modules-2/files-2.1/org.springframework.cloud/spring-cloud-starter-netflix-hystrix-dashboard/2.2.2.RELEASE/4674e72fdcf20136d04cbdf200fa53a0e0073aa5/spring-cloud-starter-netflix-hystrix-dashboard-2.2.2.RELEASE.jar:/Users/pramthak/.gradle/caches/modules-2/files-2.1/org.springframework.cloud/spring-cloud-netflix-hystrix-dashboard/2.2.2.RELEASE/2543e0d8390d111c5792d7b6052caf899b9e0614/spring-cloud-netflix-hystrix-dashboard-2.2.2.RELEASE.jar:/Users/pramthak/.gradle/caches/modules-2/files-2.1/org.springframework.boot/spring-boot-starter-web/2.2.6.RELEASE/4f76853c40cd6c7a0214083b36cd8cfe7c5d7b48/spring-boot-starter-web-2.2.6.RELEASE.jar:/Users/pramthak/.gradle/caches/modules-2/files-2.1/org.springframework.cloud/spring-cloud-starter-openfeign/2.2.2.RELEASE/36f39693d19c4724b75cd57a154d60fb9e84d1bd/spring-cloud-starter-openfeign-2.2.2.RELEASE.jar:/Users/pramthak/.gradle/caches/modules-2/files-2.1/org.springframework.cloud/spring-cloud-starter-sleuth/2.2.2.RELEASE/66e1eec396ac4a5d2791895ac84a524440f41d2e/spring-cloud-starter-sleuth-2.2.2.RELEASE.jar:/Users/pramthak/.gradle/caches/modules-2/files-2.1/org.springframework.boot/spring-boot-starter-actuator/2.2.6.RELEASE/5697cb3338f5ca87a1b6a5f05cd4eca18bb23b2d/spring-boot-starter-actuator-2.2.6.RELEASE.jar:/Users/pramthak/.gradle/caches/modules-2/files-2.1/org.springframework.cloud/spring-cloud-starter-netflix-hystrix/2.2.2.RELEASE/6fc82c3e2a35fa871f0c43615f61cfef2866ae9f/spring-cloud-starter-netflix-hystrix-2.2.2.RELEASE.jar:/Users/pramthak/.gradle/caches/modules-2/files-2.1/com.h2database/h2/1.4.200/f7533fe7cb8e99c87a43d325a77b4b678ad9031a/h2-1.4.200.jar:/Users/pramthak/.gradle/caches/modules-2/files-2.1/org.springframework.boot/spring-boot-starter-test/2.2.6.RELEASE/b50ed49f78963d6a75f108d2c7b96147fb32b213/spring-boot-starter-test-2.2.6.RELEASE.jar:/Users/pramthak/.gradle/caches/modules-2/files-2.1/io.springfox/springfox-swagger-common/3.0.0-SNAPSHOT/63105b2a2d139d26b2e9feb090ce8bef656470da/springfox-swagger-common-3.0.0-SNAPSHOT.jar:/Users/pramthak/.gradle/caches/modules-2/files-2.1/io.swagger/swagger-models/1.5.20/fb3a23bad80c5ed84db9dd150db2cba699531458/swagger-models-1.5.20.jar:/Users/pramthak/.gradle/caches/modules-2/files-2.1/io.swagger/swagger-annotations/1.5.20/16051f93ce11ca489a5313775d825f82fcc2cd6c/swagger-annotations-1.5.20.jar:/Users/pramthak/.gradle/caches/modules-2/files-2.1/io.springfox/springfox-schema/3.0.0-SNAPSHOT/5612aea4e8f05dc260b668b5c57104d4cedbba18/springfox-schema-3.0.0-SNAPSHOT.jar:/Users/pramthak/.gradle/caches/modules-2/files-2.1/io.springfox/springfox-spring-webmvc/3.0.0-SNAPSHOT/a1e136357542bc778235999cb217043fdc9f0a3b/springfox-spring-webmvc-3.0.0-SNAPSHOT.jar:/Users/pramthak/.gradle/caches/modules-2/files-2.1/io.springfox/springfox-spring-web/3.0.0-SNAPSHOT/9f5fcb0baf1741ac505526fbfe123024aba5620d/springfox-spring-web-3.0.0-SNAPSHOT.jar:/Users/pramthak/.gradle/caches/modules-2/files-2.1/io.springfox/springfox-spi/3.0.0-SNAPSHOT/d8dace845543fd24e0eafb42fc8fc51a52aa6fa4/springfox-spi-3.0.0-SNAPSHOT.jar:/Users/pramthak/.gradle/caches/modules-2/files-2.1/org.hibernate/hibernate-core/5.4.12.Final/7813daed21576920450443097d69823245d112d2/hibernate-core-5.4.12.Final.jar:/Users/pramthak/.gradle/caches/modules-2/files-2.1/io.springfox/springfox-core/3.0.0-SNAPSHOT/59ce951e8275571498966c19df488b1fc69df309/springfox-core-3.0.0-SNAPSHOT.jar:/Users/pramthak/.gradle/caches/modules-2/files-2.1/org.springframework.boot/spring-boot-starter-validation/2.2.6.RELEASE/bd3ab3b7992cf594e09f3197f7934138dfe58a8d/spring-boot-starter-validation-2.2.6.RELEASE.jar:/Users/pramthak/.gradle/caches/modules-2/files-2.1/org.hibernate.validator/hibernate-validator/6.0.18.Final/7fd00bcd87e14b6ba66279282ef15efa30dd2492/hibernate-validator-6.0.18.Final.jar:/Users/pramthak/.gradle/caches/modules-2/files-2.1/com.fasterxml/classmate/1.5.1/3fe0bed568c62df5e89f4f174c101eab25345b6c/classmate-1.5.1.jar:/Users/pramthak/.gradle/caches/modules-2/files-2.1/org.springframework.plugin/spring-plugin-metadata/2.0.0.RELEASE/6fb3a1fc0f05dc826687b7686ad8a5960ecdd57c/spring-plugin-metadata-2.0.0.RELEASE.jar:/Users/pramthak/.gradle/caches/modules-2/files-2.1/org.springframework.data/spring-data-rest-webmvc/3.2.6.RELEASE/e71617a14b2564fc3c5528d8054dac8dfb30330f/spring-data-rest-webmvc-3.2.6.RELEASE.jar:/Users/pramthak/.gradle/caches/modules-2/files-2.1/org.springframework.data/spring-data-rest-core/3.2.6.RELEASE/8ce972d94191d3d0b285e2ea11ed1754ead4b207/spring-data-rest-core-3.2.6.RELEASE.jar:/Users/pramthak/.gradle/caches/modules-2/files-2.1/org.springframework.hateoas/spring-hateoas/1.0.4.RELEASE/b72a0f7f95a97e0ef6c784e1012941fd4061ba20/spring-hateoas-1.0.4.RELEASE.jar:/Users/pramthak/.gradle/caches/modules-2/files-2.1/org.springframework.plugin/spring-plugin-core/2.0.0.RELEASE/95fc8c13037630f4aba9c51141f535becec00fe6/spring-plugin-core-2.0.0.RELEASE.jar:/Users/pramthak/.gradle/caches/modules-2/files-2.1/org.springframework.data/spring-data-jpa/2.2.6.RELEASE/a9a91471f3145f4e037db81c02572587358671f5/spring-data-jpa-2.2.6.RELEASE.jar:/Users/pramthak/.gradle/caches/modules-2/files-2.1/io.github.openfeign/feign-slf4j/10.7.4/ebbe1c82c1ba2cdc704bae4d07de363cb4903449/feign-slf4j-10.7.4.jar:/Users/pramthak/.gradle/caches/modules-2/files-2.1/io.github.openfeign/feign-hystrix/10.7.4/cf5e8a50fcf28a38fd9eed451207f2ca2c152083/feign-hystrix-10.7.4.jar:/Users/pramthak/.gradle/caches/modules-2/files-2.1/com.netflix.hystrix/hystrix-metrics-event-stream/1.5.18/ea69f5f0956131f00982d69598878e2dc87630fa/hystrix-metrics-event-stream-1.5.18.jar:/Users/pramthak/.gradle/caches/modules-2/files-2.1/com.netflix.hystrix/hystrix-serialization/1.5.18/9767e5dfa25c7972bd3131ba7df2de207a70626b/hystrix-serialization-1.5.18.jar:/Users/pramthak/.gradle/caches/modules-2/files-2.1/com.netflix.hystrix/hystrix-javanica/1.5.18/375bcf25f9a6ee34272012f45121cd5c0ceb52e2/hystrix-javanica-1.5.18.jar:/Users/pramthak/.gradle/caches/modules-2/files-2.1/com.netflix.hystrix/hystrix-core/1.5.18/e1a7ed48e1a60abbb08027a46189afb04c05b04f/hystrix-core-1.5.18.jar:/Users/pramthak/.gradle/caches/modules-2/files-2.1/com.jayway.jsonpath/json-path/2.4.0/765a4401ceb2dc8d40553c2075eb80a8fa35c2ae/json-path-2.4.0.jar:/Users/pramthak/.gradle/caches/modules-2/files-2.1/org.springframework.boot/spring-boot-starter-jdbc/2.2.6.RELEASE/ca8051a3df9eb7355728f1caf22891eec97b9b92/spring-boot-starter-jdbc-2.2.6.RELEASE.jar:/Users/pramthak/.gradle/caches/modules-2/files-2.1/com.zaxxer/HikariCP/3.4.2/57128550e21a83cd1dbf7e82d343b8fbe1f435b/HikariCP-3.4.2.jar:/Users/pramthak/.gradle/caches/modules-2/files-2.1/org.springframework.data/spring-data-commons/2.2.6.RELEASE/b6b4bb08c681a704f7d189aaf4bbf722fe017654/spring-data-commons-2.2.6.RELEASE.jar:/Users/pramthak/.gradle/caches/modules-2/files-2.1/org.springframework.cloud/spring-cloud-openfeign-core/2.2.2.RELEASE/6da8d2a2f4d495bc43a13f9de2fd9bd7aa8103ed/spring-cloud-openfeign-core-2.2.2.RELEASE.jar:/Users/pramthak/.gradle/caches/modules-2/files-2.1/io.github.openfeign.form/feign-form-spring/3.8.0/71059f6e16ddbaf0e42f1b1aa0bb60cc2f823e4d/feign-form-spring-3.8.0.jar:/Users/pramthak/.gradle/caches/modules-2/files-2.1/org.springframework.cloud/spring-cloud-starter-netflix-archaius/2.2.2.RELEASE/2bdaf8bc98b0d082b76ac9f45c984a42ced0aef4/spring-cloud-starter-netflix-archaius-2.2.2.RELEASE.jar:/Users/pramthak/.gradle/caches/modules-2/files-2.1/com.netflix.archaius/archaius-core/0.7.6/be0c1024d08ad68ec25f9f32b0e9df1ab7ecb45b/archaius-core-0.7.6.jar:/Users/pramthak/.gradle/caches/modules-2/files-2.1/org.springframework.cloud/spring-cloud-netflix-hystrix/2.2.2.RELEASE/aada8f4a4dbf393d98484d1a63c6edd2cdd7aa92/spring-cloud-netflix-hystrix-2.2.2.RELEASE.jar:/Users/pramthak/.gradle/caches/modules-2/files-2.1/org.springframework.boot/spring-boot-starter-aop/2.2.6.RELEASE/fc76ce1ca3725c25355703de2ff1015d6b8c80b6/spring-boot-starter-aop-2.2.6.RELEASE.jar:/Users/pramthak/.gradle/caches/modules-2/files-2.1/org.springframework.boot/spring-boot-starter-json/2.2.6.RELEASE/2bc2b2f052c0aa659a55d29365c9da5bae0cfa74/spring-boot-starter-json-2.2.6.RELEASE.jar:/Users/pramthak/.gradle/caches/modules-2/files-2.1/org.springframework.cloud/spring-cloud-starter/2.2.2.RELEASE/7da09f1be1b4dbc6f8c09d70ac501378c308ee7d/spring-cloud-starter-2.2.2.RELEASE.jar:/Users/pramthak/.gradle/caches/modules-2/files-2.1/org.springframework.boot/spring-boot-starter-freemarker/2.2.6.RELEASE/3cc7c9302de883bf168e5ef2e9c2aeb7ae2a1cd6/spring-boot-starter-freemarker-2.2.6.RELEASE.jar:/Users/pramthak/.gradle/caches/modules-2/files-2.1/org.springframework.boot/spring-boot-starter/2.2.6.RELEASE/1a3ef4528148ec17de12a60e2c267b0340234834/spring-boot-starter-2.2.6.RELEASE.jar:/Users/pramthak/.gradle/caches/modules-2/files-2.1/org.springframework.boot/spring-boot-starter-logging/2.2.6.RELEASE/4261ce78034c8530bf319046c05b0b7943f80b9c/spring-boot-starter-logging-2.2.6.RELEASE.jar:/Users/pramthak/.gradle/caches/modules-2/files-2.1/ch.qos.logback/logback-classic/1.2.3/7c4f3c474fb2c041d8028740440937705ebb473a/logback-classic-1.2.3.jar:/Users/pramthak/.gradle/caches/modules-2/files-2.1/org.apache.logging.log4j/log4j-to-slf4j/2.12.1/dfb42ea8ce1a399bcf7218efe8115a0b7ab3788a/log4j-to-slf4j-2.12.1.jar:/Users/pramthak/.gradle/caches/modules-2/files-2.1/org.slf4j/jul-to-slf4j/1.7.30/d58bebff8cbf70ff52b59208586095f467656c30/jul-to-slf4j-1.7.30.jar:/Users/pramthak/.gradle/caches/modules-2/files-2.1/io.github.openfeign.form/feign-form/3.8.0/3083889996b18443c275a352d3ab4bc6c8321598/feign-form-3.8.0.jar:/Users/pramthak/.gradle/caches/modules-2/files-2.1/org.slf4j/slf4j-api/1.7.30/b5a4b6d16ab13e34a88fae84c35cd5d68cac922c/slf4j-api-1.7.30.jar:/Users/pramthak/.gradle/caches/modules-2/files-2.1/org.mapstruct/mapstruct/1.3.1.Final/6ab184bbc7a7029738277a244e4c535fcdc3f558/mapstruct-1.3.1.Final.jar:/Users/pramthak/.gradle/caches/modules-2/files-2.1/org.glassfish.jaxb/jaxb-runtime/2.3.2/5528bc882ea499a09d720b42af11785c4fc6be2a/jaxb-runtime-2.3.2.jar:/Users/pramthak/.gradle/caches/modules-2/files-2.1/org.jvnet.staxex/stax-ex/1.8.1/78011e483a21102fb4858f3e8f269a677e50aa23/stax-ex-1.8.1.jar:/Users/pramthak/.gradle/caches/modules-2/files-2.1/jakarta.xml.bind/jakarta.xml.bind-api/2.3.3/48e3b9cfc10752fba3521d6511f4165bea951801/jakarta.xml.bind-api-2.3.3.jar:/Users/pramthak/.gradle/caches/modules-2/files-2.1/com.sun.istack/istack-commons-runtime/3.0.8/d6a97364045aa6b99bf2d3c566a3f98599c2d296/istack-commons-runtime-3.0.8.jar:/Users/pramthak/.gradle/caches/modules-2/files-2.1/jakarta.activation/jakarta.activation-api/1.2.2/99f53adba383cb1bf7c3862844488574b559621f/jakarta.activation-api-1.2.2.jar:/Users/pramthak/.gradle/caches/modules-2/files-2.1/jakarta.persistence/jakarta.persistence-api/2.2.3/8f6ea5daedc614f07a3654a455660145286f024e/jakarta.persistence-api-2.2.3.jar:/Users/pramthak/.gradle/caches/modules-2/files-2.1/jakarta.transaction/jakarta.transaction-api/1.3.3/c4179d48720a1e87202115fbed6089bdc4195405/jakarta.transaction-api-1.3.3.jar:/Users/pramthak/.gradle/caches/modules-2/files-2.1/org.springframework/spring-aspects/5.2.5.RELEASE/761fc0149d4d6a44a4156160ef0f2ea834e8e775/spring-aspects-5.2.5.RELEASE.jar:/Users/pramthak/.gradle/caches/modules-2/files-2.1/org.springframework.boot/spring-boot-starter-tomcat/2.2.6.RELEASE/95da0489ecf8d58033836ae8c6c6f8477de28513/spring-boot-starter-tomcat-2.2.6.RELEASE.jar:/Users/pramthak/.gradle/caches/modules-2/files-2.1/org.springframework/spring-webmvc/5.2.5.RELEASE/977247d51a5e4e3234b14d3aab910adee4e18e9b/spring-webmvc-5.2.5.RELEASE.jar:/Users/pramthak/.gradle/caches/modules-2/files-2.1/org.springframework/spring-web/5.2.5.RELEASE/530da67e70ed5e63f7f3e86f4397e1da6c8e1ff4/spring-web-5.2.5.RELEASE.jar:/Users/pramthak/.gradle/caches/modules-2/files-2.1/org.springframework.cloud/spring-cloud-sleuth-core/2.2.2.RELEASE/efadbe4d0d8f3535723bc638109098e691fadc91/spring-cloud-sleuth-core-2.2.2.RELEASE.jar:/Users/pramthak/.gradle/caches/modules-2/files-2.1/org.springframework.cloud/spring-cloud-commons/2.2.2.RELEASE/c6858f41e865747f3a495f59d01ba75478b3cddd/spring-cloud-commons-2.2.2.RELEASE.jar:/Users/pramthak/.gradle/caches/modules-2/files-2.1/io.github.openfeign/feign-core/10.7.4/a379f04e86d4ff910bdec8c0408cf2bb49398623/feign-core-10.7.4.jar:/Users/pramthak/.gradle/caches/modules-2/files-2.1/org.springframework.boot/spring-boot-actuator-autoconfigure/2.2.6.RELEASE/55815b129a0e0b602b777bb2be5f2b0744e5980b/spring-boot-actuator-autoconfigure-2.2.6.RELEASE.jar:/Users/pramthak/.gradle/caches/modules-2/files-2.1/io.micrometer/micrometer-core/1.3.6/4e281338e0ed8eb3746aea29e6b51e0f7902507c/micrometer-core-1.3.6.jar:/Users/pramthak/.gradle/caches/modules-2/files-2.1/org.springframework.cloud/spring-cloud-netflix-ribbon/2.2.2.RELEASE/cd2ba5897ef9980fe32e29045ca373ef0cf535e3/spring-cloud-netflix-ribbon-2.2.2.RELEASE.jar:/Users/pramthak/.gradle/caches/modules-2/files-2.1/io.reactivex/rxjava-reactive-streams/1.2.1/dac56d021c092c34662943dae3ab1432542005/rxjava-reactive-streams-1.2.1.jar:/Users/pramthak/.gradle/caches/modules-2/files-2.1/org.springframework.boot/spring-boot-test-autoconfigure/2.2.6.RELEASE/f671b2d1f32caaf76f0c11508974ccff2e7d685b/spring-boot-test-autoconfigure-2.2.6.RELEASE.jar:/Users/pramthak/.gradle/caches/modules-2/files-2.1/org.springframework.boot/spring-boot-test/2.2.6.RELEASE/23bf3d7e8e762a06c3147fb543f7efd8b1481ba4/spring-boot-test-2.2.6.RELEASE.jar:/Users/pramthak/.gradle/caches/modules-2/files-2.1/org.junit.jupiter/junit-jupiter/5.5.2/f8561a498ec26b24a3a64aebb6b2307fed000a33/junit-jupiter-5.5.2.jar:/Users/pramthak/.gradle/caches/modules-2/files-2.1/org.mockito/mockito-junit-jupiter/3.1.0/3c181fd8296b86671a8a466b642ba564b1237c13/mockito-junit-jupiter-3.1.0.jar:/Users/pramthak/.gradle/caches/modules-2/files-2.1/org.assertj/assertj-core/3.13.2/bb7b963fe752f69f055df0025691eceb83ce0c5d/assertj-core-3.13.2.jar:/Users/pramthak/.gradle/caches/modules-2/files-2.1/org.hamcrest/hamcrest/2.1/9420ba32c29217b54eebd26ff7f9234d31c3fbb2/hamcrest-2.1.jar:/Users/pramthak/.gradle/caches/modules-2/files-2.1/org.mockito/mockito-core/3.1.0/53137a5fccdccb0d907d409dc68a282aab87c968/mockito-core-3.1.0.jar:/Users/pramthak/.gradle/caches/modules-2/files-2.1/org.skyscreamer/jsonassert/1.5.0/6c9d5fe2f59da598d9aefc1cfc6528ff3cf32df3/jsonassert-1.5.0.jar:/Users/pramthak/.gradle/caches/modules-2/files-2.1/org.springframework/spring-test/5.2.5.RELEASE/9512b46c72d4d02d36cc23e609140a6ea616d5fc/spring-test-5.2.5.RELEASE.jar:/Users/pramthak/.gradle/caches/modules-2/files-2.1/org.springframework.boot/spring-boot-autoconfigure/2.2.6.RELEASE/3e5766a9d8aa9af1a398dc0ded729dddf7f7dda4/spring-boot-autoconfigure-2.2.6.RELEASE.jar:/Users/pramthak/.gradle/caches/modules-2/files-2.1/org.springframework.boot/spring-boot-actuator/2.2.6.RELEASE/7d6baf032f9361d6f8be1485a30d1540e2f0a62/spring-boot-actuator-2.2.6.RELEASE.jar:/Users/pramthak/.gradle/caches/modules-2/files-2.1/org.springframework.boot/spring-boot/2.2.6.RELEASE/3180b07556790401c4d9d47d634902fa085aa9b0/spring-boot-2.2.6.RELEASE.jar:/Users/pramthak/.gradle/caches/modules-2/files-2.1/org.springframework/spring-context-support/5.2.5.RELEASE/e732969033be90ac84f6ee0cbc8ac533b860fd21/spring-context-support-5.2.5.RELEASE.jar:/Users/pramthak/.gradle/caches/modules-2/files-2.1/org.springframework/spring-context/5.2.5.RELEASE/3aa9a6364151c9e37f18f78106fc6a32805333a6/spring-context-5.2.5.RELEASE.jar:/Users/pramthak/.gradle/caches/modules-2/files-2.1/org.springframework/spring-aop/5.2.5.RELEASE/4438fdc9914d8fcf5033437c1e915b6f2d9cfb64/spring-aop-5.2.5.RELEASE.jar:/Users/pramthak/.gradle/caches/modules-2/files-2.1/org.springframework/spring-orm/5.2.5.RELEASE/c74ffad84f981e0b28a23162450d6fd26ecd52b6/spring-orm-5.2.5.RELEASE.jar:/Users/pramthak/.gradle/caches/modules-2/files-2.1/org.springframework/spring-jdbc/5.2.5.RELEASE/7a16738a9a709198c632cedb6f3fe3ad960f72f1/spring-jdbc-5.2.5.RELEASE.jar:/Users/pramthak/.gradle/caches/modules-2/files-2.1/org.springframework/spring-tx/5.2.5.RELEASE/29c07e0d3013ba8fcfa760b2fab457bea19d89bc/spring-tx-5.2.5.RELEASE.jar:/Users/pramthak/.gradle/caches/modules-2/files-2.1/org.springframework/spring-beans/5.2.5.RELEASE/6dd11f183d252605e5dae2552cd918b758390139/spring-beans-5.2.5.RELEASE.jar:/Users/pramthak/.gradle/caches/modules-2/files-2.1/org.springframework/spring-expression/5.2.5.RELEASE/b763ffd867d55a211e87734cc799513687a6c7bd/spring-expression-5.2.5.RELEASE.jar:/Users/pramthak/.gradle/caches/modules-2/files-2.1/org.springframework/spring-core/5.2.5.RELEASE/e207390ac307d282ed565db4df7046df04fc52b/spring-core-5.2.5.RELEASE.jar:/Users/pramthak/.gradle/caches/modules-2/files-2.1/org.xmlunit/xmlunit-core/2.6.4/a916da161cd6c5ac85ac613c0fe0d28a8b7a3dbd/xmlunit-core-2.6.4.jar:/Users/pramthak/.gradle/caches/modules-2/files-2.1/com.fasterxml.jackson.datatype/jackson-datatype-jdk8/2.10.3/5fc73a94e771eb044e45e2e3ec9a38660daee6a/jackson-datatype-jdk8-2.10.3.jar:/Users/pramthak/.gradle/caches/modules-2/files-2.1/com.fasterxml.jackson.datatype/jackson-datatype-jsr310/2.10.3/df773a823e37013779fa247cd13686ff5ee573e3/jackson-datatype-jsr310-2.10.3.jar:/Users/pramthak/.gradle/caches/modules-2/files-2.1/com.fasterxml.jackson.module/jackson-module-parameter-names/2.10.3/33e7a20b23ea284d474e3467062ec07bf8178ef/jackson-module-parameter-names-2.10.3.jar:/Users/pramthak/.gradle/caches/modules-2/files-2.1/com.fasterxml.jackson.module/jackson-module-afterburner/2.10.3/ea5851fdbc89f49d84f7ac85f6131985c59777f4/jackson-module-afterburner-2.10.3.jar:/Users/pramthak/.gradle/caches/modules-2/files-2.1/com.fasterxml.jackson.core/jackson-databind/2.10.3/aae92628b5447fa25af79871ca98668da6edd439/jackson-databind-2.10.3.jar:/Users/pramthak/.gradle/caches/modules-2/files-2.1/com.fasterxml.jackson.core/jackson-annotations/2.10.3/f63b3b1da563767d04d2e4d3fc1ae0cdeffebe7/jackson-annotations-2.10.3.jar:/Users/pramthak/.gradle/caches/modules-2/files-2.1/io.github.classgraph/classgraph/4.1.7/d0c2f1fecc8cf18ba9191646f9e95a3a4dac395f/classgraph-4.1.7.jar:/Users/pramthak/.gradle/caches/modules-2/files-2.1/org.aspectj/aspectjweaver/1.9.5/1740dc9140103b796d1722668805fd4cf852780c/aspectjweaver-1.9.5.jar:/Users/pramthak/.gradle/caches/modules-2/files-2.1/org.hibernate.common/hibernate-commons-annotations/5.1.0.Final/700aeedc4a2089816621948f0379e17cbd17d5db/hibernate-commons-annotations-5.1.0.Final.jar:/Users/pramthak/.gradle/caches/modules-2/files-2.1/org.jboss.logging/jboss-logging/3.4.1.Final/40fd4d696c55793e996d1ff3c475833f836c2498/jboss-logging-3.4.1.Final.jar:/Users/pramthak/.gradle/caches/modules-2/files-2.1/org.javassist/javassist/3.24.0-GA/d7466fc2e3af7c023e95c510f06448ad29b225b3/javassist-3.24.0-GA.jar:/Users/pramthak/.gradle/caches/modules-2/files-2.1/net.bytebuddy/byte-buddy/1.10.8/df457a421493f9de0acb16c4c4c0a62e8f5dd3a3/byte-buddy-1.10.8.jar:/Users/pramthak/.gradle/caches/modules-2/files-2.1/antlr/antlr/2.7.7/83cd2cd674a217ade95a4bb83a8a14f351f48bd0/antlr-2.7.7.jar:/Users/pramthak/.gradle/caches/modules-2/files-2.1/org.jboss/jandex/2.1.1.Final/c89aa5564fea8b08b9b41f0bbcabb8fed0d89c0d/jandex-2.1.1.Final.jar:/Users/pramthak/.gradle/caches/modules-2/files-2.1/org.dom4j/dom4j/2.1.1/3dce5dbb3571aa820c677fadd8349bfa8f00c199/dom4j-2.1.1.jar:/Users/pramthak/.gradle/caches/modules-2/files-2.1/jakarta.annotation/jakarta.annotation-api/1.3.5/59eb84ee0d616332ff44aba065f3888cf002cd2d/jakarta.annotation-api-1.3.5.jar:/Users/pramthak/.gradle/caches/modules-2/files-2.1/org.yaml/snakeyaml/1.25/8b6e01ef661d8378ae6dd7b511a7f2a33fae1421/snakeyaml-1.25.jar:/Users/pramthak/.gradle/caches/modules-2/files-2.1/org.apache.tomcat.embed/tomcat-embed-websocket/9.0.33/53abe8b103860ec76e5d49001d4d912e4fc54a21/tomcat-embed-websocket-9.0.33.jar:/Users/pramthak/.gradle/caches/modules-2/files-2.1/org.apache.tomcat.embed/tomcat-embed-core/9.0.33/a414af8543e38a9c22ba2bdd59efc91db7451e6c/tomcat-embed-core-9.0.33.jar:/Users/pramthak/.gradle/caches/modules-2/files-2.1/org.apache.tomcat.embed/tomcat-embed-el/9.0.33/65be3b1cbcf05e3dc6733a5c5fdda47f2eb331eb/tomcat-embed-el-9.0.33.jar:/Users/pramthak/.gradle/caches/modules-2/files-2.1/jakarta.validation/jakarta.validation-api/2.0.2/5eacc6522521f7eacb081f95cee1e231648461e7/jakarta.validation-api-2.0.2.jar:/Users/pramthak/.gradle/caches/modules-2/files-2.1/org.springframework.cloud/spring-cloud-context/2.2.2.RELEASE/d48352d0e7f037a16c766b3e216c968be1bc903a/spring-cloud-context-2.2.2.RELEASE.jar:/Users/pramthak/.gradle/caches/modules-2/files-2.1/org.springframework.security/spring-security-rsa/1.0.9.RELEASE/7a506772756fe7669fa9538e7f195f832fab8559/spring-security-rsa-1.0.9.RELEASE.jar:/Users/pramthak/.gradle/caches/modules-2/files-2.1/org.springframework.security/spring-security-crypto/5.2.2.RELEASE/1db78c464b439c3638dffb9fd23d02c6cdfdb113/spring-security-crypto-5.2.2.RELEASE.jar:/Users/pramthak/.gradle/caches/modules-2/files-2.1/org.aspectj/aspectjrt/1.9.5/dc063f2557f6734ccb529b4c1d97132e4c8c739/aspectjrt-1.9.5.jar:/Users/pramthak/.gradle/caches/modules-2/files-2.1/io.zipkin.brave/brave-context-log4j2/5.10.1/150d58dcfbf7bd15f4c9c1530752649eb82ea919/brave-context-log4j2-5.10.1.jar:/Users/pramthak/.gradle/caches/modules-2/files-2.1/io.zipkin.brave/brave-instrumentation-spring-rabbit/5.10.1/6a78e1c083b9c3030a94785647a7b2a6d6d9f6b1/brave-instrumentation-spring-rabbit-5.10.1.jar:/Users/pramthak/.gradle/caches/modules-2/files-2.1/io.zipkin.brave/brave-instrumentation-kafka-streams/5.10.1/b88f4c2a5c9ae8a9ba0bfb8f976c66fe1d036090/brave-instrumentation-kafka-streams-5.10.1.jar:/Users/pramthak/.gradle/caches/modules-2/files-2.1/io.zipkin.brave/brave-instrumentation-kafka-clients/5.10.1/7e91f72a574640419770f39ea0eb7413656f4e17/brave-instrumentation-kafka-clients-5.10.1.jar:/Users/pramthak/.gradle/caches/modules-2/files-2.1/io.zipkin.brave/brave-instrumentation-jms/5.10.1/28762939dedfba128271d94b4d8cb10e473466c0/brave-instrumentation-jms-5.10.1.jar:/Users/pramthak/.gradle/caches/modules-2/files-2.1/io.zipkin.brave/brave-instrumentation-messaging/5.10.1/327e2cb8b2662e79a48bd29ce231934b665d3cab/brave-instrumentation-messaging-5.10.1.jar:/Users/pramthak/.gradle/caches/modules-2/files-2.1/io.zipkin.brave/brave-instrumentation-rpc/5.10.1/bc1f92335a0a6e1770e1219c69bedf93540c69e0/brave-instrumentation-rpc-5.10.1.jar:/Users/pramthak/.gradle/caches/modules-2/files-2.1/io.zipkin.brave/brave-instrumentation-spring-web/5.10.1/3dab4c2b9a5d83d0a609295eb0eeaac1b2bd54c6/brave-instrumentation-spring-web-5.10.1.jar:/Users/pramthak/.gradle/caches/modules-2/files-2.1/io.zipkin.brave/brave-instrumentation-httpclient/5.10.1/46f7d7abff9ec12e7cf657444fdb61534f51ed07/brave-instrumentation-httpclient-5.10.1.jar:/Users/pramthak/.gradle/caches/modules-2/files-2.1/io.zipkin.brave/brave-instrumentation-httpasyncclient/5.10.1/4f77665d3a48f96ca0ae5d009e41cec21fadc440/brave-instrumentation-httpasyncclient-5.10.1.jar:/Users/pramthak/.gradle/caches/modules-2/files-2.1/io.zipkin.brave/brave-instrumentation-spring-webmvc/5.10.1/57597c57f3d17f1b4a194f306e059adfa2034736/brave-instrumentation-spring-webmvc-5.10.1.jar:/Users/pramthak/.gradle/caches/modules-2/files-2.1/io.zipkin.brave/brave-instrumentation-servlet/5.10.1/19fc33c6d373a6c9fca06b66c3040b7cd4688772/brave-instrumentation-servlet-5.10.1.jar:/Users/pramthak/.gradle/caches/modules-2/files-2.1/io.zipkin.brave/brave-instrumentation-http/5.10.1/1c9decfd7001b720475fb2c9911a489d4be8eec6/brave-instrumentation-http-5.10.1.jar:/Users/pramthak/.gradle/caches/modules-2/files-2.1/io.zipkin.brave/brave/5.10.1/8fb249b29109acde6b37e8327e390ff6aae967/brave-5.10.1.jar:/Users/pramthak/.gradle/caches/modules-2/files-2.1/io.zipkin.reporter2/zipkin-reporter-metrics-micrometer/2.12.1/a0685e2eb36013c31e9ad5f8bfaa2433ce3cdc01/zipkin-reporter-metrics-micrometer-2.12.1.jar:/Users/pramthak/.gradle/caches/modules-2/files-2.1/org.hdrhistogram/HdrHistogram/2.1.11/1b035a1a4ce5d3441a4a1a331d04839ef487ec49/HdrHistogram-2.1.11.jar:/Users/pramthak/.gradle/caches/modules-2/files-2.1/org.latencyutils/LatencyUtils/2.0.3/769c0b82cb2421c8256300e907298a9410a2a3d3/LatencyUtils-2.0.3.jar:/Users/pramthak/.gradle/caches/modules-2/files-2.1/org.springframework.cloud/spring-cloud-netflix-archaius/2.2.2.RELEASE/7da61a07f00e3aabebd1b9b0495a77490302e7dc/spring-cloud-netflix-archaius-2.2.2.RELEASE.jar:/Users/pramthak/.gradle/caches/modules-2/files-2.1/commons-configuration/commons-configuration/1.8/6cce40435bcd8018018f16898de01976b319941a/commons-configuration-1.8.jar:/Users/pramthak/.gradle/caches/modules-2/files-2.1/io.reactivex/rxjava/1.3.8/8c192792ad2e65a90867ab418ac49703f44d2baf/rxjava-1.3.8.jar:/Users/pramthak/.gradle/caches/modules-2/files-2.1/com.fasterxml.jackson.core/jackson-core/2.10.3/f7ee7b55c7d292ac72fbaa7648c089f069c938d2/jackson-core-2.10.3.jar:/Users/pramthak/.gradle/caches/modules-2/files-2.1/org.apache.commons/commons-lang3/3.9/122c7cee69b53ed4a7681c03d4ee4c0e2765da5/commons-lang3-3.9.jar:/Users/pramthak/.gradle/caches/modules-2/files-2.1/net.minidev/json-smart/2.3/7396407491352ce4fa30de92efb158adb76b5b/json-smart-2.3.jar:/Users/pramthak/.gradle/caches/modules-2/files-2.1/net.minidev/accessors-smart/1.2/c592b500269bfde36096641b01238a8350f8aa31/accessors-smart-1.2.jar:/Users/pramthak/.gradle/caches/modules-2/files-2.1/org.ow2.asm/asm/5.0.4/da08b8cce7bbf903602a25a3a163ae252435795/asm-5.0.4.jar:/Users/pramthak/.gradle/caches/modules-2/files-2.1/com.google.guava/guava/28.2-android/e11db6e27f5d1ec19826848a865c496c798398fa/guava-28.2-android.jar:/Users/pramthak/.gradle/caches/modules-2/files-2.1/org.reactivestreams/reactive-streams/1.0.3/d9fb7a7926ffa635b3dcaa5049fb2bfa25b3e7d0/reactive-streams-1.0.3.jar:/Users/pramthak/.gradle/caches/modules-2/files-2.1/org.apache.httpcomponents/httpclient/4.5.12/4023a2a80b64c25926911faf350b50cd2a29220f/httpclient-4.5.12.jar:/Users/pramthak/.gradle/caches/modules-2/files-2.1/org.webjars/jquery/2.1.1/dd89e356066869550b5509c4370f995ad6698d9a/jquery-2.1.1.jar:/Users/pramthak/.gradle/caches/modules-2/files-2.1/org.webjars/d3js/3.4.11/6ef8866c242eddc2bb7f6ef5b93028b73d316e23/d3js-3.4.11.jar:/Users/pramthak/.gradle/caches/modules-2/files-2.1/org.junit.jupiter/junit-jupiter-params/5.5.2/e0659722923bd9fdfa08602e2da22bd5a9d354e8/junit-jupiter-params-5.5.2.jar:/Users/pramthak/.gradle/caches/modules-2/files-2.1/org.junit.jupiter/junit-jupiter-engine/5.5.2/f597408bde45371548f9e9791da7981a1134328d/junit-jupiter-engine-5.5.2.jar:/Users/pramthak/.gradle/caches/modules-2/files-2.1/org.junit.jupiter/junit-jupiter-api/5.5.2/6393db7e4c0265152d8fc4ff146633d1a7d36c47/junit-jupiter-api-5.5.2.jar:/Users/pramthak/.gradle/caches/modules-2/files-2.1/net.bytebuddy/byte-buddy-agent/1.10.8/52d55b4c41c70125b159382f9c992d6546597ebb/byte-buddy-agent-1.10.8.jar:/Users/pramthak/.gradle/caches/modules-2/files-2.1/org.objenesis/objenesis/2.6/639033469776fd37c08358c6b92a4761feb2af4b/objenesis-2.6.jar:/Users/pramthak/.gradle/caches/modules-2/files-2.1/com.vaadin.external.google/android-json/0.0.20131108.vaadin1/fa26d351fe62a6a17f5cda1287c1c6110dec413f/android-json-0.0.20131108.vaadin1.jar:/Users/pramthak/.gradle/caches/modules-2/files-2.1/org.springframework/spring-jcl/5.2.5.RELEASE/b841f30defd6508f0c21b8c5490b030eb50ac8cb/spring-jcl-5.2.5.RELEASE.jar:/Users/pramthak/.gradle/caches/modules-2/files-2.1/org.atteo/evo-inflector/1.2.2/2551aad98d65ac5464d81fe05f0e1516cfe471c9/evo-inflector-1.2.2.jar:/Users/pramthak/.gradle/caches/modules-2/files-2.1/org.glassfish.jaxb/txw2/2.3.2/ce5be7da2e442c25ec14c766cb60cb802741727b/txw2-2.3.2.jar:/Users/pramthak/.gradle/caches/modules-2/files-2.1/com.sun.xml.fastinfoset/FastInfoset/1.2.16/4eb6a0adad553bf759ffe86927df6f3b848c8bea/FastInfoset-1.2.16.jar:/Users/pramthak/.gradle/caches/modules-2/files-2.1/org.bouncycastle/bcpkix-jdk15on/1.64/3dac163e20110817d850d17e0444852a6d7d0bd7/bcpkix-jdk15on-1.64.jar:/Users/pramthak/.gradle/caches/modules-2/files-2.1/commons-fileupload/commons-fileupload/1.4/f95188e3d372e20e7328706c37ef366e5d7859b0/commons-fileupload-1.4.jar:/Users/pramthak/.gradle/caches/modules-2/files-2.1/com.google.code.findbugs/jsr305/3.0.2/25ea2e8b0c338a877313bd4672d3fe056ea78f0d/jsr305-3.0.2.jar:/Users/pramthak/.gradle/caches/modules-2/files-2.1/io.zipkin.reporter2/zipkin-reporter/2.12.1/529515968cd1804579d694a01b2abcfc4e13f49d/zipkin-reporter-2.12.1.jar:/Users/pramthak/.gradle/caches/modules-2/files-2.1/io.zipkin.zipkin2/zipkin/2.19.3/e88cfc28ec1e47f241a2484671d6707b6855edbc/zipkin-2.19.3.jar:/Users/pramthak/.gradle/caches/modules-2/files-2.1/commons-lang/commons-lang/2.6/ce1edb914c94ebc388f086c6827e8bdeec71ac2/commons-lang-2.6.jar:/Users/pramthak/.gradle/caches/modules-2/files-2.1/com.google.guava/failureaccess/1.0.1/1dcf1de382a0bf95a3d8b0849546c88bac1292c9/failureaccess-1.0.1.jar:/Users/pramthak/.gradle/caches/modules-2/files-2.1/com.google.guava/listenablefuture/9999.0-empty-to-avoid-conflict-with-guava/b421526c5f297295adef1c886e5246c39d4ac629/listenablefuture-9999.0-empty-to-avoid-conflict-with-guava.jar:/Users/pramthak/.gradle/caches/modules-2/files-2.1/org.checkerframework/checker-compat-qual/2.5.5/435dc33e3019c9f019e15f01aa111de9d6b2b79c/checker-compat-qual-2.5.5.jar:/Users/pramthak/.gradle/caches/modules-2/files-2.1/com.google.errorprone/error_prone_annotations/2.3.4/dac170e4594de319655ffb62f41cbd6dbb5e601e/error_prone_annotations-2.3.4.jar:/Users/pramthak/.gradle/caches/modules-2/files-2.1/com.google.j2objc/j2objc-annotations/1.3/ba035118bc8bac37d7eff77700720999acd9986d/j2objc-annotations-1.3.jar:/Users/pramthak/.gradle/caches/modules-2/files-2.1/org.freemarker/freemarker/2.3.30/86d70d335c7821178f62b554aa3a4bc538a94f1a/freemarker-2.3.30.jar:/Users/pramthak/.gradle/caches/modules-2/files-2.1/org.apache.httpcomponents/httpcore/4.4.13/853b96d3afbb7bf8cc303fe27ee96836a10c1834/httpcore-4.4.13.jar:/Users/pramthak/.gradle/caches/modules-2/files-2.1/commons-codec/commons-codec/1.13/3f18e1aa31031d89db6f01ba05d501258ce69d2c/commons-codec-1.13.jar:/Users/pramthak/.gradle/caches/modules-2/files-2.1/org.junit.platform/junit-platform-engine/1.5.2/d5697f6ebe0b4d08c0210b5b98b4e1a40f40dfc6/junit-platform-engine-1.5.2.jar:/Users/pramthak/.gradle/caches/modules-2/files-2.1/org.junit.platform/junit-platform-commons/1.5.2/9703df63b65d415b2a027d43ce908c625b3aedce/junit-platform-commons-1.5.2.jar:/Users/pramthak/.gradle/caches/modules-2/files-2.1/org.apiguardian/apiguardian-api/1.1.0/fc9dff4bb36d627bdc553de77e1f17efd790876c/apiguardian-api-1.1.0.jar:/Users/pramthak/.gradle/caches/modules-2/files-2.1/org.opentest4j/opentest4j/1.2.0/28c11eb91f9b6d8e200631d46e20a7f407f2a046/opentest4j-1.2.0.jar:/Users/pramthak/.gradle/caches/modules-2/files-2.1/ch.qos.logback/logback-core/1.2.3/864344400c3d4d92dfeb0a305dc87d953677c03c/logback-core-1.2.3.jar:/Users/pramthak/.gradle/caches/modules-2/files-2.1/org.apache.logging.log4j/log4j-api/2.12.1/a55e6d987f50a515c9260b0451b4fa217dc539cb/log4j-api-2.12.1.jar:/Users/pramthak/.gradle/caches/modules-2/files-2.1/org.bouncycastle/bcprov-jdk15on/1.64/1467dac1b787b5ad2a18201c0c281df69882259e/bcprov-jdk15on-1.64.jar:/Users/pramthak/.gradle/caches/modules-2/files-2.1/commons-io/commons-io/2.2/83b5b8a7ba1c08f9e8c8ff2373724e33d3c1e22a/commons-io-2.2.jar, java.vm.vendor=Oracle Corporation, sun.arch.data.model=64, user.variant=, java.vendor.url=http://java.oracle.com/, user.timezone=Asia/Kolkata, os.name=Mac OS X, java.vm.specification.version=1.8, javax.persistence.validation.mode=AUTO, user.country=IN, sun.java.launcher=SUN_STANDARD, sun.boot.library.path=/Library/Java/JavaVirtualMachines/jdk1.8.0_181.jdk/Contents/Home/jre/lib, sun.java.command=worker.org.gradle.process.internal.worker.GradleWorkerMain 'Gradle Test Executor 6', javax.persistence.nonJtaDataSource=HikariDataSource (HikariPool-1), hibernate.transaction.jta.platform=org.hibernate.engine.transaction.jta.platform.internal.NoJtaPlatform@7c7ccf4f, http.nonProxyHosts=local|*.local|169.254/16|*.169.254/16, javax.persistence.sharedCache.mode=UNSPECIFIED, sun.cpu.endian=little, user.home=/Users/pramthak, user.language=en, java.specification.vendor=Oracle Corporation, org.gradle.native=false, java.home=/Library/Java/JavaVirtualMachines/jdk1.8.0_181.jdk/Contents/Home/jre, file.separator=/, line.separator=
, java.vm.specification.vendor=Oracle Corporation, java.specification.name=Java Platform API Specification, hibernate.transaction.coordinator_class=class org.hibernate.resource.transaction.backend.jdbc.internal.JdbcResourceLocalTransactionCoordinatorBuilderImpl, java.awt.graphicsenv=sun.awt.CGraphicsEnvironment, java.awt.headless=true, LOG_LEVEL_PATTERN=%5p [,%X{X-B3-TraceId:-},%X{X-B3-SpanId:-},%X{X-Span-Export:-}], sun.boot.class.path=/Library/Java/JavaVirtualMachines/jdk1.8.0_181.jdk/Contents/Home/jre/lib/resources.jar:/Library/Java/JavaVirtualMachines/jdk1.8.0_181.jdk/Contents/Home/jre/lib/rt.jar:/Library/Java/JavaVirtualMachines/jdk1.8.0_181.jdk/Contents/Home/jre/lib/sunrsasign.jar:/Library/Java/JavaVirtualMachines/jdk1.8.0_181.jdk/Contents/Home/jre/lib/jsse.jar:/Library/Java/JavaVirtualMachines/jdk1.8.0_181.jdk/Contents/Home/jre/lib/jce.jar:/Library/Java/JavaVirtualMachines/jdk1.8.0_181.jdk/Contents/Home/jre/lib/charsets.jar:/Library/Java/JavaVirtualMachines/jdk1.8.0_181.jdk/Contents/Home/jre/lib/jfr.jar:/Library/Java/JavaVirtualMachines/jdk1.8.0_181.jdk/Contents/Home/jre/classes, hibernate.hbm2ddl.auto=create-drop, sun.management.compiler=HotSpot 64-Bit Tiered Compilers, ftp.nonProxyHosts=local|*.local|169.254/16|*.169.254/16, java.runtime.version=1.8.0_181-b13, user.name=pramthak, path.separator=:, os.version=10.14.6, java.endorsed.dirs=/Library/Java/JavaVirtualMachines/jdk1.8.0_181.jdk/Contents/Home/jre/lib/endorsed, java.runtime.name=Java(TM) SE Runtime Environment, file.encoding=UTF-8, hibernate.ejb.persistenceUnitName=default, spring.beaninfo.ignore=true, java.vm.name=Java HotSpot(TM) 64-Bit Server VM, hibernate.show_sql=true, LOG_FILE=aggregator-service.log, java.vendor.url.bug=http://bugreport.sun.com/bugreport/, java.io.tmpdir=/var/folders/kl/1hwbft8120l4c0m2qdcmv62c0000gn/T/, com.zaxxer.hikari.pool_number=1, java.version=1.8.0_181, hibernate.physical_naming_strategy=org.springframework.boot.orm.jpa.hibernate.SpringPhysicalNamingStrategy, user.dir=/Users/pramthak/project/practise/microservices/aggregatorservice, os.arch=x86_64, java.vm.specification.name=Java Virtual Machine Specification, PID=35262, java.awt.printerjob=sun.lwawt.macosx.CPrinterJob, sun.os.patch.level=unknown, hibernate.boot.CfgXmlAccessService.key=org.hibernate.boot.registry.StandardServiceRegistryBuilder$1@7ab5a652, java.library.path=/Users/pramthak/Library/Java/Extensions:/Library/Java/Extensions:/Network/Library/Java/Extensions:/System/Library/Java/Extensions:/usr/lib/java:., java.vendor=Oracle Corporation, java.vm.info=mixed mode, java.vm.version=25.181-b13, hibernate.bytecode.use_reflection_optimizer=false, sun.io.unicode.encoding=UnicodeBig, hibernate.archive.scanner=org.hibernate.boot.archive.scan.internal.DisabledScanner, java.ext.dirs=/Users/pramthak/Library/Java/Extensions:/Library/Java/JavaVirtualMachines/jdk1.8.0_181.jdk/Contents/Home/jre/lib/ext:/Library/Java/Extensions:/Network/Library/Java/Extensions:/System/Library/Java/Extensions:/usr/lib/java, hibernate.connection.datasource=HikariDataSource (HikariPool-1), socksNonProxyHosts=local|*.local|169.254/16|*.169.254/16, java.class.version=52.0}
2020-04-16 18:10:30.765 DEBUG [aggregator-service,,,] 35262 --- [    Test worker] o.h.v.i.e.resolver.TraversableResolvers  : Found javax.persistence.Persistence on classpath containing 'getPersistenceUtil'. Assuming JPA 2 environment. Trying to instantiate JPA aware TraversableResolver
2020-04-16 18:10:30.765 DEBUG [aggregator-service,,,] 35262 --- [    Test worker] o.h.v.i.e.resolver.TraversableResolvers  : Instantiated JPA aware TraversableResolver of type org.hibernate.validator.internal.engine.resolver.JPATraversableResolver.
2020-04-16 18:10:30.766 DEBUG [aggregator-service,,,] 35262 --- [    Test worker] o.h.v.i.xml.config.ValidationXmlParser   : Trying to load META-INF/validation.xml for XML based Validator configuration.
2020-04-16 18:10:30.766 DEBUG [aggregator-service,,,] 35262 --- [    Test worker] o.h.v.i.xml.config.ResourceLoaderHelper  : Trying to load META-INF/validation.xml via TCCL
2020-04-16 18:10:30.766 DEBUG [aggregator-service,,,] 35262 --- [    Test worker] o.h.v.i.xml.config.ResourceLoaderHelper  : Trying to load META-INF/validation.xml via Hibernate Validator's class loader
2020-04-16 18:10:30.766 DEBUG [aggregator-service,,,] 35262 --- [    Test worker] o.h.v.i.xml.config.ValidationXmlParser   : No META-INF/validation.xml found. Using annotation based configuration only.
2020-04-16 18:10:30.770 DEBUG [aggregator-service,,,] 35262 --- [    Test worker] .h.v.m.ResourceBundleMessageInterpolator : Loaded expression factory via original TCCL
2020-04-16 18:10:30.771 DEBUG [aggregator-service,,,] 35262 --- [    Test worker] o.h.v.i.engine.ValidatorFactoryImpl      : HV000234: Using org.hibernate.validator.messageinterpolation.ResourceBundleMessageInterpolator as ValidatorFactory-scoped message interpolator.
2020-04-16 18:10:30.771 DEBUG [aggregator-service,,,] 35262 --- [    Test worker] o.h.v.i.engine.ValidatorFactoryImpl      : HV000234: Using org.hibernate.validator.internal.engine.resolver.JPATraversableResolver as ValidatorFactory-scoped traversable resolver.
2020-04-16 18:10:30.771 DEBUG [aggregator-service,,,] 35262 --- [    Test worker] o.h.v.i.engine.ValidatorFactoryImpl      : HV000234: Using org.hibernate.validator.internal.util.ExecutableParameterNameProvider as ValidatorFactory-scoped parameter name provider.
2020-04-16 18:10:30.771 DEBUG [aggregator-service,,,] 35262 --- [    Test worker] o.h.v.i.engine.ValidatorFactoryImpl      : HV000234: Using org.hibernate.validator.internal.engine.DefaultClockProvider as ValidatorFactory-scoped clock provider.
2020-04-16 18:10:30.771 DEBUG [aggregator-service,,,] 35262 --- [    Test worker] o.h.v.i.engine.ValidatorFactoryImpl      : HV000234: Using org.hibernate.validator.internal.engine.scripting.DefaultScriptEvaluatorFactory as ValidatorFactory-scoped script evaluator factory.
2020-04-16 18:10:30.774 DEBUG [aggregator-service,,,] 35262 --- [    Test worker] org.hibernate.secure.spi.JaccIntegrator  : Skipping JACC integration as it was not enabled
2020-04-16 18:10:30.774 DEBUG [aggregator-service,,,] 35262 --- [    Test worker] o.hibernate.internal.SessionFactoryImpl  : Instantiated session factory
2020-04-16 18:10:30.774 DEBUG [aggregator-service,,,] 35262 --- [    Test worker] o.h.type.spi.TypeConfiguration$Scope     : Scoping TypeConfiguration [org.hibernate.type.spi.TypeConfiguration@5f0a356b] to SessionFactoryImpl [org.hibernate.internal.SessionFactoryImpl@2cd5ea3e]
2020-04-16 18:10:30.807  INFO [aggregator-service,,,] 35262 --- [    Test worker] o.h.e.t.j.p.i.JtaPlatformInitiator       : HHH000490: Using JtaPlatform implementation: [org.hibernate.engine.transaction.jta.platform.internal.NoJtaPlatform]
2020-04-16 18:10:30.808 DEBUG [aggregator-service,,,] 35262 --- [    Test worker] o.h.query.spi.NamedQueryRepository       : Checking 0 named HQL queries
2020-04-16 18:10:30.808 DEBUG [aggregator-service,,,] 35262 --- [    Test worker] o.h.query.spi.NamedQueryRepository       : Checking 0 named SQL queries
2020-04-16 18:10:30.814 DEBUG [aggregator-service,,,] 35262 --- [    Test worker] o.h.internal.SessionFactoryRegistry      : Initializing SessionFactoryRegistry : org.hibernate.internal.SessionFactoryRegistry@24feedeb
2020-04-16 18:10:30.815 DEBUG [aggregator-service,,,] 35262 --- [    Test worker] o.h.internal.SessionFactoryRegistry      : Registering SessionFactory: 12407755-663a-47fb-b560-a595ec976dc3 (<unnamed>)
2020-04-16 18:10:30.815 DEBUG [aggregator-service,,,] 35262 --- [    Test worker] o.h.internal.SessionFactoryRegistry      : Not binding SessionFactory to JNDI, no JNDI name configured
2020-04-16 18:10:30.815  INFO [aggregator-service,,,] 35262 --- [    Test worker] j.LocalContainerEntityManagerFactoryBean : Initialized JPA EntityManagerFactory for persistence unit 'default'
2020-04-16 18:10:30.826 DEBUG [aggregator-service,,,] 35262 --- [    Test worker] o.s.jdbc.datasource.DataSourceUtils      : Fetching JDBC Connection from DataSource
2020-04-16 18:10:30.826 DEBUG [aggregator-service,,,] 35262 --- [    Test worker] o.s.b.f.s.DefaultListableBeanFactory     : Creating shared instance of singleton bean 'refreshEventListener'
2020-04-16 18:10:30.827 DEBUG [aggregator-service,,,] 35262 --- [    Test worker] o.s.b.f.s.DefaultListableBeanFactory     : Creating shared instance of singleton bean 'org.springframework.cloud.autoconfigure.RefreshAutoConfiguration'
2020-04-16 18:10:30.831 DEBUG [aggregator-service,,,] 35262 --- [    Test worker] o.s.b.f.s.DefaultListableBeanFactory     : Creating shared instance of singleton bean 'contextRefresher'
2020-04-16 18:10:30.834 DEBUG [aggregator-service,,,] 35262 --- [    Test worker] o.s.b.f.s.DefaultListableBeanFactory     : Autowiring by type from bean name 'contextRefresher' via factory method to bean named 'org.springframework.web.context.support.GenericWebApplicationContext@3a7d07d4'
2020-04-16 18:10:30.834 DEBUG [aggregator-service,,,] 35262 --- [    Test worker] o.s.b.f.s.DefaultListableBeanFactory     : Autowiring by type from bean name 'contextRefresher' via factory method to bean named 'refreshScope'
2020-04-16 18:10:30.838 DEBUG [aggregator-service,,,] 35262 --- [    Test worker] o.s.b.f.s.DefaultListableBeanFactory     : Autowiring by type from bean name 'refreshEventListener' via factory method to bean named 'contextRefresher'
2020-04-16 18:10:30.843 DEBUG [aggregator-service,,,] 35262 --- [    Test worker] o.s.b.f.s.DefaultListableBeanFactory     : Creating shared instance of singleton bean 'traceContextClosedListener'
2020-04-16 18:10:30.844 DEBUG [aggregator-service,,,] 35262 --- [    Test worker] o.s.b.f.s.DefaultListableBeanFactory     : Creating shared instance of singleton bean 'org.springframework.cloud.sleuth.instrument.async.AsyncAutoConfiguration'
2020-04-16 18:10:30.849 DEBUG [aggregator-service,,,] 35262 --- [    Test worker] o.s.b.f.s.DefaultListableBeanFactory     : Creating shared instance of singleton bean 'aggregatorserviceApplication'
2020-04-16 18:10:30.853 DEBUG [aggregator-service,,,] 35262 --- [    Test worker] o.s.b.f.s.DefaultListableBeanFactory     : Creating shared instance of singleton bean 'appConfig'
2020-04-16 18:10:30.857 DEBUG [aggregator-service,,,] 35262 --- [    Test worker] o.s.b.f.s.DefaultListableBeanFactory     : Creating shared instance of singleton bean 'swaggerConfig'
2020-04-16 18:10:30.860 DEBUG [aggregator-service,,,] 35262 --- [    Test worker] o.s.b.f.s.DefaultListableBeanFactory     : Creating shared instance of singleton bean 'commentAndUserAggregator'
2020-04-16 18:10:30.865 DEBUG [aggregator-service,,,] 35262 --- [    Test worker] o.s.b.f.s.DefaultListableBeanFactory     : Creating shared instance of singleton bean 'feignContext'
2020-04-16 18:10:30.865 DEBUG [aggregator-service,,,] 35262 --- [    Test worker] o.s.b.f.s.DefaultListableBeanFactory     : Creating shared instance of singleton bean 'org.springframework.cloud.openfeign.FeignAutoConfiguration'
2020-04-16 18:10:30.867 DEBUG [aggregator-service,,,] 35262 --- [    Test worker] o.s.b.f.s.DefaultListableBeanFactory     : Creating shared instance of singleton bean 'default.com.demo.commentservice.AggregatorserviceApplication.FeignClientSpecification'
2020-04-16 18:10:30.871 DEBUG [aggregator-service,,,] 35262 --- [    Test worker] o.s.b.f.s.DefaultListableBeanFactory     : Creating shared instance of singleton bean 'feignCommentService.FeignClientSpecification'
2020-04-16 18:10:30.882 DEBUG [aggregator-service,,,] 35262 --- [    Test worker] s.c.a.AnnotationConfigApplicationContext : Refreshing FeignContext-feignCommentService
2020-04-16 18:10:30.882 DEBUG [aggregator-service,,,] 35262 --- [    Test worker] o.s.b.f.s.DefaultListableBeanFactory     : Creating shared instance of singleton bean 'org.springframework.context.annotation.internalConfigurationAnnotationProcessor'
2020-04-16 18:10:30.895 DEBUG [aggregator-service,,,] 35262 --- [    Test worker] o.s.b.f.s.DefaultListableBeanFactory     : Creating shared instance of singleton bean 'propertySourcesPlaceholderConfigurer'
2020-04-16 18:10:30.896 DEBUG [aggregator-service,,,] 35262 --- [    Test worker] o.s.b.f.s.DefaultListableBeanFactory     : Creating shared instance of singleton bean 'org.springframework.context.event.internalEventListenerProcessor'
2020-04-16 18:10:30.896 DEBUG [aggregator-service,,,] 35262 --- [    Test worker] o.s.b.f.s.DefaultListableBeanFactory     : Creating shared instance of singleton bean 'org.springframework.context.event.internalEventListenerFactory'
2020-04-16 18:10:30.896 DEBUG [aggregator-service,,,] 35262 --- [    Test worker] o.s.b.f.s.DefaultListableBeanFactory     : Creating shared instance of singleton bean 'org.springframework.context.annotation.internalAutowiredAnnotationProcessor'
2020-04-16 18:10:30.897 DEBUG [aggregator-service,,,] 35262 --- [    Test worker] o.s.b.f.s.DefaultListableBeanFactory     : Creating shared instance of singleton bean 'org.springframework.context.annotation.internalCommonAnnotationProcessor'
2020-04-16 18:10:30.897 DEBUG [aggregator-service,,,] 35262 --- [    Test worker] o.s.b.f.s.DefaultListableBeanFactory     : Creating shared instance of singleton bean 'org.springframework.context.annotation.internalPersistenceAnnotationProcessor'
2020-04-16 18:10:30.897 DEBUG [aggregator-service,,,] 35262 --- [    Test worker] o.s.b.f.s.DefaultListableBeanFactory     : Creating shared instance of singleton bean 'propertyPlaceholderAutoConfiguration'
2020-04-16 18:10:30.897 DEBUG [aggregator-service,,,] 35262 --- [    Test worker] o.s.b.f.s.DefaultListableBeanFactory     : Creating shared instance of singleton bean 'feignClientsConfiguration'
2020-04-16 18:10:30.904 DEBUG [aggregator-service,,,] 35262 --- [    Test worker] o.s.b.f.s.DefaultListableBeanFactory     : Creating shared instance of singleton bean 'org.springframework.cloud.openfeign.FeignClientsConfiguration$HystrixFeignConfiguration'
2020-04-16 18:10:30.904 DEBUG [aggregator-service,,,] 35262 --- [    Test worker] o.s.b.f.s.DefaultListableBeanFactory     : Creating shared instance of singleton bean 'feignDecoder'
2020-04-16 18:10:30.906 DEBUG [aggregator-service,,,] 35262 --- [    Test worker] o.s.b.f.s.DefaultListableBeanFactory     : Creating shared instance of singleton bean 'feignEncoderPageable'
2020-04-16 18:10:30.914 DEBUG [aggregator-service,,,] 35262 --- [    Test worker] o.s.b.f.s.DefaultListableBeanFactory     : Creating shared instance of singleton bean 'feignContract'
2020-04-16 18:10:30.915 DEBUG [aggregator-service,,,] 35262 --- [    Test worker] o.s.b.f.s.DefaultListableBeanFactory     : Creating shared instance of singleton bean 'feignConversionService'
2020-04-16 18:10:30.917 DEBUG [aggregator-service,,,] 35262 --- [    Test worker] o.s.b.f.s.DefaultListableBeanFactory     : Autowiring by type from bean name 'feignContract' via factory method to bean named 'feignConversionService'
2020-04-16 18:10:30.921 DEBUG [aggregator-service,,,] 35262 --- [    Test worker] o.s.b.f.s.DefaultListableBeanFactory     : Creating shared instance of singleton bean 'feignRetryer'
2020-04-16 18:10:30.922 DEBUG [aggregator-service,,,] 35262 --- [    Test worker] o.s.b.f.s.DefaultListableBeanFactory     : Creating shared instance of singleton bean 'feignLoggerFactory'
2020-04-16 18:10:30.923 DEBUG [aggregator-service,,,] 35262 --- [    Test worker] o.s.b.f.s.DefaultListableBeanFactory     : Creating shared instance of singleton bean 'pageJacksonModule'
2020-04-16 18:10:30.924 DEBUG [aggregator-service,,,] 35262 --- [    Test worker] o.s.b.f.s.DefaultListableBeanFactory     : Creating shared instance of singleton bean 'mvcResourceUrlProvider'
2020-04-16 18:10:30.924 DEBUG [aggregator-service,,,] 35262 --- [    Test worker] o.s.b.f.s.DefaultListableBeanFactory     : Creating shared instance of singleton bean 'org.springframework.boot.autoconfigure.web.servlet.WebMvcAutoConfiguration$EnableWebMvcConfiguration'
2020-04-16 18:10:30.926 DEBUG [aggregator-service,,,] 35262 --- [    Test worker] o.s.b.f.s.DefaultListableBeanFactory     : Creating shared instance of singleton bean 'spring.resources-org.springframework.boot.autoconfigure.web.ResourceProperties'
2020-04-16 18:10:30.933 DEBUG [aggregator-service,,,] 35262 --- [    Test worker] o.s.b.f.s.DefaultListableBeanFactory     : Autowiring by type from bean name 'org.springframework.boot.autoconfigure.web.servlet.WebMvcAutoConfiguration$EnableWebMvcConfiguration' via constructor to bean named 'spring.resources-org.springframework.boot.autoconfigure.web.ResourceProperties'
2020-04-16 18:10:30.934 DEBUG [aggregator-service,,,] 35262 --- [    Test worker] o.s.b.f.s.DefaultListableBeanFactory     : Autowiring by type from bean name 'org.springframework.boot.autoconfigure.web.servlet.WebMvcAutoConfiguration$EnableWebMvcConfiguration' via constructor to bean named 'org.springframework.beans.factory.support.DefaultListableBeanFactory@6c2dde52'
2020-04-16 18:10:30.937 DEBUG [aggregator-service,,,] 35262 --- [    Test worker] o.s.b.f.s.DefaultListableBeanFactory     : Creating shared instance of singleton bean 'spring.mvc-org.springframework.boot.autoconfigure.web.servlet.WebMvcProperties'
2020-04-16 18:10:30.948 DEBUG [aggregator-service,,,] 35262 --- [    Test worker] o.s.b.f.s.DefaultListableBeanFactory     : Creating shared instance of singleton bean 'org.springframework.boot.autoconfigure.web.servlet.WebMvcAutoConfiguration$WebMvcAutoConfigurationAdapter'
2020-04-16 18:10:30.948 DEBUG [aggregator-service,,,] 35262 --- [    Test worker] o.s.b.f.s.DefaultListableBeanFactory     : Autowiring by type from bean name 'org.springframework.boot.autoconfigure.web.servlet.WebMvcAutoConfiguration$WebMvcAutoConfigurationAdapter' via constructor to bean named 'spring.resources-org.springframework.boot.autoconfigure.web.ResourceProperties'
2020-04-16 18:10:30.948 DEBUG [aggregator-service,,,] 35262 --- [    Test worker] o.s.b.f.s.DefaultListableBeanFactory     : Autowiring by type from bean name 'org.springframework.boot.autoconfigure.web.servlet.WebMvcAutoConfiguration$WebMvcAutoConfigurationAdapter' via constructor to bean named 'spring.mvc-org.springframework.boot.autoconfigure.web.servlet.WebMvcProperties'
2020-04-16 18:10:30.948 DEBUG [aggregator-service,,,] 35262 --- [    Test worker] o.s.b.f.s.DefaultListableBeanFactory     : Autowiring by type from bean name 'org.springframework.boot.autoconfigure.web.servlet.WebMvcAutoConfiguration$WebMvcAutoConfigurationAdapter' via constructor to bean named 'org.springframework.beans.factory.support.DefaultListableBeanFactory@6c2dde52'
2020-04-16 18:10:30.955 DEBUG [aggregator-service,,,] 35262 --- [    Test worker] o.s.b.f.s.DefaultListableBeanFactory     : Creating shared instance of singleton bean 'openEntityManagerInViewInterceptorConfigurer'
2020-04-16 18:10:30.955 DEBUG [aggregator-service,,,] 35262 --- [    Test worker] o.s.b.f.s.DefaultListableBeanFactory     : Creating shared instance of singleton bean 'org.springframework.boot.autoconfigure.orm.jpa.JpaBaseConfiguration$JpaWebConfiguration'
2020-04-16 18:10:30.956 DEBUG [aggregator-service,,,] 35262 --- [    Test worker] o.s.b.f.s.DefaultListableBeanFactory     : Autowiring by type from bean name 'org.springframework.boot.autoconfigure.orm.jpa.JpaBaseConfiguration$JpaWebConfiguration' via constructor to bean named 'spring.jpa-org.springframework.boot.autoconfigure.orm.jpa.JpaProperties'
2020-04-16 18:10:30.959 DEBUG [aggregator-service,,,] 35262 --- [    Test worker] o.s.b.f.s.DefaultListableBeanFactory     : Creating shared instance of singleton bean 'openEntityManagerInViewInterceptor'
2020-04-16 18:10:30.959  WARN [aggregator-service,,,] 35262 --- [    Test worker] JpaBaseConfiguration$JpaWebConfiguration : spring.jpa.open-in-view is enabled by default. Therefore, database queries may be performed during view rendering. Explicitly configure spring.jpa.open-in-view to disable this warning
2020-04-16 18:10:30.973 DEBUG [aggregator-service,,,] 35262 --- [    Test worker] o.s.b.f.s.DefaultListableBeanFactory     : Autowiring by type from bean name 'openEntityManagerInViewInterceptorConfigurer' via factory method to bean named 'openEntityManagerInViewInterceptor'
2020-04-16 18:10:30.977 DEBUG [aggregator-service,,,] 35262 --- [    Test worker] o.s.b.f.s.DefaultListableBeanFactory     : Creating shared instance of singleton bean 'metricsWebMvcConfigurer'
2020-04-16 18:10:30.977 DEBUG [aggregator-service,,,] 35262 --- [    Test worker] o.s.b.f.s.DefaultListableBeanFactory     : Creating shared instance of singleton bean 'org.springframework.boot.actuate.autoconfigure.metrics.web.servlet.WebMvcMetricsAutoConfiguration'
2020-04-16 18:10:30.978 DEBUG [aggregator-service,,,] 35262 --- [    Test worker] o.s.b.f.s.DefaultListableBeanFactory     : Creating shared instance of singleton bean 'management.metrics-org.springframework.boot.actuate.autoconfigure.metrics.MetricsProperties'
2020-04-16 18:10:30.983 DEBUG [aggregator-service,,,] 35262 --- [    Test worker] o.s.b.f.s.DefaultListableBeanFactory     : Autowiring by type from bean name 'org.springframework.boot.actuate.autoconfigure.metrics.web.servlet.WebMvcMetricsAutoConfiguration' via constructor to bean named 'management.metrics-org.springframework.boot.actuate.autoconfigure.metrics.MetricsProperties'
2020-04-16 18:10:30.987 DEBUG [aggregator-service,,,] 35262 --- [    Test worker] o.s.b.f.s.DefaultListableBeanFactory     : Creating shared instance of singleton bean 'simpleMeterRegistry'
2020-04-16 18:10:30.987 DEBUG [aggregator-service,,,] 35262 --- [    Test worker] o.s.b.f.s.DefaultListableBeanFactory     : Creating shared instance of singleton bean 'org.springframework.boot.actuate.autoconfigure.metrics.export.simple.SimpleMetricsExportAutoConfiguration'
2020-04-16 18:10:30.990 DEBUG [aggregator-service,,,] 35262 --- [    Test worker] o.s.b.f.s.DefaultListableBeanFactory     : Creating shared instance of singleton bean 'simpleConfig'
2020-04-16 18:10:30.991 DEBUG [aggregator-service,,,] 35262 --- [    Test worker] o.s.b.f.s.DefaultListableBeanFactory     : Creating shared instance of singleton bean 'management.metrics.export.simple-org.springframework.boot.actuate.autoconfigure.metrics.export.simple.SimpleProperties'
2020-04-16 18:10:30.994 DEBUG [aggregator-service,,,] 35262 --- [    Test worker] o.s.b.f.s.DefaultListableBeanFactory     : Autowiring by type from bean name 'simpleConfig' via factory method to bean named 'management.metrics.export.simple-org.springframework.boot.actuate.autoconfigure.metrics.export.simple.SimpleProperties'
2020-04-16 18:10:31.001 DEBUG [aggregator-service,,,] 35262 --- [    Test worker] o.s.b.f.s.DefaultListableBeanFactory     : Creating shared instance of singleton bean 'micrometerClock'
2020-04-16 18:10:31.002 DEBUG [aggregator-service,,,] 35262 --- [    Test worker] o.s.b.f.s.DefaultListableBeanFactory     : Creating shared instance of singleton bean 'org.springframework.boot.actuate.autoconfigure.metrics.MetricsAutoConfiguration'
2020-04-16 18:10:31.006 DEBUG [aggregator-service,,,] 35262 --- [    Test worker] o.s.b.f.s.DefaultListableBeanFactory     : Autowiring by type from bean name 'simpleMeterRegistry' via factory method to bean named 'simpleConfig'
2020-04-16 18:10:31.006 DEBUG [aggregator-service,,,] 35262 --- [    Test worker] o.s.b.f.s.DefaultListableBeanFactory     : Autowiring by type from bean name 'simpleMeterRegistry' via factory method to bean named 'micrometerClock'
2020-04-16 18:10:31.028 DEBUG [aggregator-service,,,] 35262 --- [    Test worker] o.s.b.f.s.DefaultListableBeanFactory     : Creating shared instance of singleton bean 'propertiesMeterFilter'
2020-04-16 18:10:31.028 DEBUG [aggregator-service,,,] 35262 --- [    Test worker] o.s.b.f.s.DefaultListableBeanFactory     : Autowiring by type from bean name 'propertiesMeterFilter' via factory method to bean named 'management.metrics-org.springframework.boot.actuate.autoconfigure.metrics.MetricsProperties'
2020-04-16 18:10:31.037 DEBUG [aggregator-service,,,] 35262 --- [    Test worker] o.s.b.f.s.DefaultListableBeanFactory     : Creating shared instance of singleton bean 'metricsHttpClientUriTagFilter'
2020-04-16 18:10:31.037 DEBUG [aggregator-service,,,] 35262 --- [    Test worker] o.s.b.f.s.DefaultListableBeanFactory     : Creating shared instance of singleton bean 'org.springframework.boot.actuate.autoconfigure.metrics.web.client.HttpClientMetricsAutoConfiguration'
2020-04-16 18:10:31.039 DEBUG [aggregator-service,,,] 35262 --- [    Test worker] o.s.b.f.s.DefaultListableBeanFactory     : Autowiring by type from bean name 'metricsHttpClientUriTagFilter' via factory method to bean named 'management.metrics-org.springframework.boot.actuate.autoconfigure.metrics.MetricsProperties'
2020-04-16 18:10:31.045 DEBUG [aggregator-service,,,] 35262 --- [    Test worker] o.s.b.f.s.DefaultListableBeanFactory     : Creating shared instance of singleton bean 'metricsHttpServerUriTagFilter'
2020-04-16 18:10:31.051 DEBUG [aggregator-service,,,] 35262 --- [    Test worker] o.s.b.f.s.DefaultListableBeanFactory     : Creating shared instance of singleton bean 'jvmGcMetrics'
2020-04-16 18:10:31.051 DEBUG [aggregator-service,,,] 35262 --- [    Test worker] o.s.b.f.s.DefaultListableBeanFactory     : Creating shared instance of singleton bean 'org.springframework.boot.actuate.autoconfigure.metrics.JvmMetricsAutoConfiguration'
2020-04-16 18:10:31.055 DEBUG [aggregator-service,,,] 35262 --- [    Test worker] i.m.c.u.i.logging.InternalLoggerFactory  : Using SLF4J as the default logging framework
2020-04-16 18:10:31.060 DEBUG [aggregator-service,,,] 35262 --- [    Test worker] o.s.b.f.s.DefaultListableBeanFactory     : Creating shared instance of singleton bean 'jvmMemoryMetrics'
2020-04-16 18:10:31.062 DEBUG [aggregator-service,,,] 35262 --- [    Test worker] o.s.b.f.s.DefaultListableBeanFactory     : Creating shared instance of singleton bean 'jvmThreadMetrics'
2020-04-16 18:10:31.065 DEBUG [aggregator-service,,,] 35262 --- [    Test worker] o.s.b.f.s.DefaultListableBeanFactory     : Creating shared instance of singleton bean 'classLoaderMetrics'
2020-04-16 18:10:31.067 DEBUG [aggregator-service,,,] 35262 --- [    Test worker] o.s.b.f.s.DefaultListableBeanFactory     : Creating shared instance of singleton bean 'logbackMetrics'
2020-04-16 18:10:31.067 DEBUG [aggregator-service,,,] 35262 --- [    Test worker] o.s.b.f.s.DefaultListableBeanFactory     : Creating shared instance of singleton bean 'org.springframework.boot.actuate.autoconfigure.metrics.LogbackMetricsAutoConfiguration'
2020-04-16 18:10:31.071 DEBUG [aggregator-service,,,] 35262 --- [    Test worker] o.s.b.f.s.DefaultListableBeanFactory     : Creating shared instance of singleton bean 'uptimeMetrics'
2020-04-16 18:10:31.072 DEBUG [aggregator-service,,,] 35262 --- [    Test worker] o.s.b.f.s.DefaultListableBeanFactory     : Creating shared instance of singleton bean 'org.springframework.boot.actuate.autoconfigure.metrics.SystemMetricsAutoConfiguration'
2020-04-16 18:10:31.076 DEBUG [aggregator-service,,,] 35262 --- [    Test worker] o.s.b.f.s.DefaultListableBeanFactory     : Creating shared instance of singleton bean 'processorMetrics'
2020-04-16 18:10:31.079 DEBUG [aggregator-service,,,] 35262 --- [    Test worker] o.s.b.f.s.DefaultListableBeanFactory     : Creating shared instance of singleton bean 'fileDescriptorMetrics'
2020-04-16 18:10:31.082 DEBUG [aggregator-service,,,] 35262 --- [    Test worker] o.s.b.f.s.DefaultListableBeanFactory     : Creating shared instance of singleton bean 'hystrixMetricsBinder'
2020-04-16 18:10:31.082 DEBUG [aggregator-service,,,] 35262 --- [    Test worker] o.s.b.f.s.DefaultListableBeanFactory     : Creating shared instance of singleton bean 'org.springframework.cloud.netflix.hystrix.HystrixAutoConfiguration$HystrixMetricsConfiguration'
2020-04-16 18:10:31.116  WARN [aggregator-service,,,] 35262 --- [    Test worker] c.n.c.sources.URLConfigurationSource     : No URLs will be polled as dynamic configuration sources.
2020-04-16 18:10:31.116  INFO [aggregator-service,,,] 35262 --- [    Test worker] c.n.c.sources.URLConfigurationSource     : To enable URLs as dynamic configuration sources, define System property archaius.configurationSource.additionalUrls or make config.properties available on classpath.
2020-04-16 18:10:31.120 DEBUG [aggregator-service,,,] 35262 --- [    Test worker] c.n.hystrix.strategy.HystrixPlugins      : Created HystrixDynamicProperties. Using class : com.netflix.hystrix.strategy.properties.archaius.HystrixDynamicPropertiesArchaius
2020-04-16 18:10:31.128  INFO [aggregator-service,,,] 35262 --- [    Test worker] c.netflix.config.DynamicPropertyFactory  : DynamicPropertyFactory is initialized with configuration sources: com.netflix.config.ConcurrentCompositeConfiguration@23815e8a
2020-04-16 18:10:31.139 DEBUG [aggregator-service,,,] 35262 --- [    Test worker] o.s.b.f.s.DefaultListableBeanFactory     : Creating shared instance of singleton bean 'webMvcTagsProvider'
2020-04-16 18:10:31.141 DEBUG [aggregator-service,,,] 35262 --- [    Test worker] o.s.b.f.s.DefaultListableBeanFactory     : Autowiring by type from bean name 'metricsWebMvcConfigurer' via factory method to bean named 'simpleMeterRegistry'
2020-04-16 18:10:31.141 DEBUG [aggregator-service,,,] 35262 --- [    Test worker] o.s.b.f.s.DefaultListableBeanFactory     : Autowiring by type from bean name 'metricsWebMvcConfigurer' via factory method to bean named 'webMvcTagsProvider'
2020-04-16 18:10:31.144 DEBUG [aggregator-service,,,] 35262 --- [    Test worker] o.s.b.f.s.DefaultListableBeanFactory     : Creating shared instance of singleton bean 'hypermediaWebMvcConfigurer'
2020-04-16 18:10:31.144 DEBUG [aggregator-service,,,] 35262 --- [    Test worker] o.s.b.f.s.DefaultListableBeanFactory     : Creating shared instance of singleton bean 'org.springframework.hateoas.config.WebMvcHateoasConfiguration'
2020-04-16 18:10:31.149 DEBUG [aggregator-service,,,] 35262 --- [    Test worker] o.s.b.f.s.DefaultListableBeanFactory     : Creating shared instance of singleton bean 'hypermediaWebMvcConverters'
2020-04-16 18:10:31.149 DEBUG [aggregator-service,,,] 35262 --- [    Test worker] o.s.b.f.s.DefaultListableBeanFactory     : Creating shared instance of singleton bean 'org.springframework.hateoas.config.HateoasConfiguration'
2020-04-16 18:10:31.157 DEBUG [aggregator-service,,,] 35262 --- [    Test worker] o.s.b.f.s.DefaultListableBeanFactory     : Creating shared instance of singleton bean 'org.springframework.hateoas.mediatype.hal.HalMediaTypeConfiguration'
2020-04-16 18:10:31.157 DEBUG [aggregator-service,,,] 35262 --- [    Test worker] ocalVariableTableParameterNameDiscoverer : Cannot find '.class' file for class [class org.springframework.hateoas.mediatype.hal.HalMediaTypeConfiguration$$EnhancerBySpringCGLIB$$cd9a3c48] - unable to determine constructor/method parameter names
2020-04-16 18:10:31.159 DEBUG [aggregator-service,,,] 35262 --- [    Test worker] o.s.b.f.s.DefaultListableBeanFactory     : Creating shared instance of singleton bean '_relProvider'
2020-04-16 18:10:31.161 DEBUG [aggregator-service,,,] 35262 --- [    Test worker] o.s.b.f.s.DefaultListableBeanFactory     : Creating shared instance of singleton bean 'relProviderPluginRegistry'
2020-04-16 18:10:31.186 DEBUG [aggregator-service,,,] 35262 --- [    Test worker] o.s.b.f.s.DefaultListableBeanFactory     : Autowiring by type from bean name '_relProvider' via factory method to bean named 'relProviderPluginRegistry'
2020-04-16 18:10:31.192 DEBUG [aggregator-service,,,] 35262 --- [    Test worker] o.s.b.f.s.DefaultListableBeanFactory     : Creating shared instance of singleton bean 'messageResolver'
2020-04-16 18:10:31.198 DEBUG [aggregator-service,,,] 35262 --- [    Test worker] o.s.b.f.s.DefaultListableBeanFactory     : Autowiring by type from bean name 'org.springframework.hateoas.mediatype.hal.HalMediaTypeConfiguration' via constructor to bean named '_relProvider'
2020-04-16 18:10:31.198 DEBUG [aggregator-service,,,] 35262 --- [    Test worker] o.s.b.f.s.DefaultListableBeanFactory     : Autowiring by type from bean name 'org.springframework.hateoas.mediatype.hal.HalMediaTypeConfiguration' via constructor to bean named 'messageResolver'
2020-04-16 18:10:31.203 DEBUG [aggregator-service,,,] 35262 --- [    Test worker] o.s.b.f.s.DefaultListableBeanFactory     : Autowiring by type from bean name 'hypermediaWebMvcConverters' via factory method to bean named 'org.springframework.hateoas.mediatype.hal.HalMediaTypeConfiguration'
2020-04-16 18:10:31.205 DEBUG [aggregator-service,,,] 35262 --- [    Test worker] o.s.b.f.s.DefaultListableBeanFactory     : Creating shared instance of singleton bean 'jacksonObjectMapper'
2020-04-16 18:10:31.205 DEBUG [aggregator-service,,,] 35262 --- [    Test worker] o.s.b.f.s.DefaultListableBeanFactory     : Creating shared instance of singleton bean 'org.springframework.boot.autoconfigure.jackson.JacksonAutoConfiguration$JacksonObjectMapperConfiguration'
2020-04-16 18:10:31.208 DEBUG [aggregator-service,,,] 35262 --- [    Test worker] o.s.b.f.s.DefaultListableBeanFactory     : Creating shared instance of singleton bean 'org.springframework.boot.autoconfigure.jackson.JacksonAutoConfiguration$JacksonObjectMapperBuilderConfiguration'
2020-04-16 18:10:31.211 DEBUG [aggregator-service,,,] 35262 --- [    Test worker] o.s.b.f.s.DefaultListableBeanFactory     : Creating shared instance of singleton bean 'standardJacksonObjectMapperBuilderCustomizer'
2020-04-16 18:10:31.211 DEBUG [aggregator-service,,,] 35262 --- [    Test worker] o.s.b.f.s.DefaultListableBeanFactory     : Creating shared instance of singleton bean 'org.springframework.boot.autoconfigure.jackson.JacksonAutoConfiguration$Jackson2ObjectMapperBuilderCustomizerConfiguration'
2020-04-16 18:10:31.214 DEBUG [aggregator-service,,,] 35262 --- [    Test worker] o.s.b.f.s.DefaultListableBeanFactory     : Creating shared instance of singleton bean 'spring.jackson-org.springframework.boot.autoconfigure.jackson.JacksonProperties'
2020-04-16 18:10:31.219 DEBUG [aggregator-service,,,] 35262 --- [    Test worker] o.s.b.f.s.DefaultListableBeanFactory     : Autowiring by type from bean name 'standardJacksonObjectMapperBuilderCustomizer' via factory method to bean named 'org.springframework.web.context.support.GenericWebApplicationContext@3a7d07d4'
2020-04-16 18:10:31.219 DEBUG [aggregator-service,,,] 35262 --- [    Test worker] o.s.b.f.s.DefaultListableBeanFactory     : Autowiring by type from bean name 'standardJacksonObjectMapperBuilderCustomizer' via factory method to bean named 'spring.jackson-org.springframework.boot.autoconfigure.jackson.JacksonProperties'
2020-04-16 18:10:31.222 DEBUG [aggregator-service,,,] 35262 --- [    Test worker] o.s.b.f.s.DefaultListableBeanFactory     : Autowiring by type from bean name 'jacksonObjectMapperBuilder' via factory method to bean named 'org.springframework.web.context.support.GenericWebApplicationContext@3a7d07d4'
2020-04-16 18:10:31.222 DEBUG [aggregator-service,,,] 35262 --- [    Test worker] o.s.b.f.s.DefaultListableBeanFactory     : Autowiring by type from bean name 'jacksonObjectMapperBuilder' via factory method to bean named 'standardJacksonObjectMapperBuilderCustomizer'
2020-04-16 18:10:31.224 DEBUG [aggregator-service,,,] 35262 --- [    Test worker] o.s.b.f.s.DefaultListableBeanFactory     : Creating shared instance of singleton bean 'parameterNamesModule'
2020-04-16 18:10:31.224 DEBUG [aggregator-service,,,] 35262 --- [    Test worker] o.s.b.f.s.DefaultListableBeanFactory     : Creating shared instance of singleton bean 'org.springframework.boot.autoconfigure.jackson.JacksonAutoConfiguration$ParameterNamesModuleConfiguration'
2020-04-16 18:10:31.237 DEBUG [aggregator-service,,,] 35262 --- [    Test worker] o.s.b.f.s.DefaultListableBeanFactory     : Creating shared instance of singleton bean 'jsonComponentModule'
2020-04-16 18:10:31.237 DEBUG [aggregator-service,,,] 35262 --- [    Test worker] o.s.b.f.s.DefaultListableBeanFactory     : Creating shared instance of singleton bean 'org.springframework.boot.autoconfigure.jackson.JacksonAutoConfiguration'
2020-04-16 18:10:31.247 DEBUG [aggregator-service,,,] 35262 --- [    Test worker] o.s.b.f.s.DefaultListableBeanFactory     : Creating shared instance of singleton bean 'jacksonGeoModule'
2020-04-16 18:10:31.247 DEBUG [aggregator-service,,,] 35262 --- [    Test worker] o.s.b.f.s.DefaultListableBeanFactory     : Creating shared instance of singleton bean 'org.springframework.data.web.config.SpringDataJacksonConfiguration'
2020-04-16 18:10:31.260 DEBUG [aggregator-service,,,] 35262 --- [    Test worker] o.s.b.f.s.DefaultListableBeanFactory     : Autowiring by type from bean name 'jacksonObjectMapper' via factory method to bean named 'jacksonObjectMapperBuilder'
2020-04-16 18:10:31.336 DEBUG [aggregator-service,,,] 35262 --- [    Test worker] o.s.b.f.s.DefaultListableBeanFactory     : Autowiring by type from bean name 'hypermediaWebMvcConfigurer' via factory method to bean named 'hypermediaWebMvcConverters'
2020-04-16 18:10:31.342 DEBUG [aggregator-service,,,] 35262 --- [    Test worker] o.s.b.f.s.DefaultListableBeanFactory     : Creating shared instance of singleton bean 'org.springframework.data.rest.webmvc.config.RepositoryRestMvcConfiguration'
2020-04-16 18:10:31.342 DEBUG [aggregator-service,,,] 35262 --- [    Test worker] ocalVariableTableParameterNameDiscoverer : Cannot find '.class' file for class [class org.springframework.data.rest.webmvc.config.RepositoryRestMvcConfiguration$$EnhancerBySpringCGLIB$$15287ee1] - unable to determine constructor/method parameter names
2020-04-16 18:10:31.343 DEBUG [aggregator-service,,,] 35262 --- [    Test worker] o.s.b.f.s.DefaultListableBeanFactory     : Autowiring by type from bean name 'org.springframework.data.rest.webmvc.config.RepositoryRestMvcConfiguration' via constructor to bean named 'org.springframework.web.context.support.GenericWebApplicationContext@3a7d07d4'
2020-04-16 18:10:31.354 DEBUG [aggregator-service,,,] 35262 --- [    Test worker] o.s.b.f.s.DefaultListableBeanFactory     : Creating shared instance of singleton bean 'springBootRepositoryRestConfigurer'
2020-04-16 18:10:31.354 DEBUG [aggregator-service,,,] 35262 --- [    Test worker] o.s.b.f.s.DefaultListableBeanFactory     : Creating shared instance of singleton bean 'org.springframework.boot.autoconfigure.data.rest.RepositoryRestMvcAutoConfiguration'
2020-04-16 18:10:31.361 DEBUG [aggregator-service,,,] 35262 --- [    Test worker] o.s.b.f.s.DefaultListableBeanFactory     : Creating shared instance of singleton bean 'spring.data.rest-org.springframework.boot.autoconfigure.data.rest.RepositoryRestProperties'
2020-04-16 18:10:31.386 DEBUG [aggregator-service,,,] 35262 --- [    Test worker] o.s.b.f.s.DefaultListableBeanFactory     : Creating shared instance of singleton bean 'org.springframework.cloud.sleuth.instrument.web.TraceWebMvcConfigurer'
2020-04-16 18:10:31.400 DEBUG [aggregator-service,,,] 35262 --- [    Test worker] o.s.b.f.s.DefaultListableBeanFactory     : Creating shared instance of singleton bean 'entityLinksPluginRegistry'
2020-04-16 18:10:31.400 DEBUG [aggregator-service,,,] 35262 --- [    Test worker] o.s.b.f.s.DefaultListableBeanFactory     : Creating shared instance of singleton bean 'org.springframework.hateoas.config.WebMvcEntityLinksConfiguration'
2020-04-16 18:10:31.409 DEBUG [aggregator-service,,,] 35262 --- [    Test worker] o.s.c.s.i.async.SleuthContextListener    : Context refreshed or closed [org.springframework.context.event.ContextRefreshedEvent[source=FeignContext-feignCommentService, started on Thu Apr 16 18:10:30 IST 2020, parent: org.springframework.web.context.support.GenericWebApplicationContext@3a7d07d4]]
2020-04-16 18:10:31.412 DEBUG [aggregator-service,,,] 35262 --- [    Test worker] o.s.b.f.s.DefaultListableBeanFactory     : Creating shared instance of singleton bean 'org.springframework.cloud.sleuth.instrument.web.client.feign.TraceFeignClientAutoConfiguration'
2020-04-16 18:10:31.416 DEBUG [aggregator-service,,,] 35262 --- [    Test worker] o.s.b.f.s.DefaultListableBeanFactory     : Autowiring by type from bean name 'feignBuilder' via factory method to bean named 'org.springframework.beans.factory.support.DefaultListableBeanFactory@6c2dde52'
2020-04-16 18:10:31.432 DEBUG [aggregator-service,,,] 35262 --- [    Test worker] o.s.b.f.s.DefaultListableBeanFactory     : Creating shared instance of singleton bean 'feign.client-org.springframework.cloud.openfeign.FeignClientProperties'
2020-04-16 18:10:31.444 DEBUG [aggregator-service,,,] 35262 --- [    Test worker] o.s.b.f.s.DefaultListableBeanFactory     : Creating shared instance of singleton bean 'feignTargeter'
2020-04-16 18:10:31.444 DEBUG [aggregator-service,,,] 35262 --- [    Test worker] o.s.b.f.s.DefaultListableBeanFactory     : Creating shared instance of singleton bean 'org.springframework.cloud.openfeign.FeignAutoConfiguration$HystrixFeignTargeterConfiguration'
2020-04-16 18:10:31.466 DEBUG [aggregator-service,,,] 35262 --- [    Test worker] o.s.b.f.s.DefaultListableBeanFactory     : Creating shared instance of singleton bean 'userServiceImpl'
2020-04-16 18:10:31.469 DEBUG [aggregator-service,,,] 35262 --- [    Test worker] o.s.b.f.s.DefaultListableBeanFactory     : Creating shared instance of singleton bean 'restTemplate'
2020-04-16 18:10:31.759 DEBUG [aggregator-service,,,] 35262 --- [    Test worker] o.s.c.e.PropertySourcesPropertyResolver  : Found key 'user.service.uri' in PropertySource 'configurationProperties' with value of type String
2020-04-16 18:10:31.760 DEBUG [aggregator-service,,,] 35262 --- [    Test worker] o.s.c.e.PropertySourcesPropertyResolver  : Found key 'user.service.uri' in PropertySource 'environmentProperties' with value of type String
2020-04-16 18:10:31.774 DEBUG [aggregator-service,,,] 35262 --- [    Test worker] o.s.b.f.s.DefaultListableBeanFactory     : Creating shared instance of singleton bean 'controllerAdvisor'
2020-04-16 18:10:31.782 DEBUG [aggregator-service,,,] 35262 --- [    Test worker] o.s.b.f.s.DefaultListableBeanFactory     : Creating shared instance of singleton bean 'serviceModelToSwagger2MapperImpl'
2020-04-16 18:10:31.789 DEBUG [aggregator-service,,,] 35262 --- [    Test worker] o.s.b.f.s.DefaultListableBeanFactory     : Creating shared instance of singleton bean 'modelMapperImpl'
2020-04-16 18:10:31.795 DEBUG [aggregator-service,,,] 35262 --- [    Test worker] o.s.b.f.s.DefaultListableBeanFactory     : Creating shared instance of singleton bean 'parameterMapperImpl'
2020-04-16 18:10:31.800 DEBUG [aggregator-service,,,] 35262 --- [    Test worker] o.s.b.f.s.DefaultListableBeanFactory     : Creating shared instance of singleton bean 'securityMapperImpl'
2020-04-16 18:10:31.806 DEBUG [aggregator-service,,,] 35262 --- [    Test worker] o.s.b.f.s.DefaultListableBeanFactory     : Creating shared instance of singleton bean 'licenseMapperImpl'
2020-04-16 18:10:31.810 DEBUG [aggregator-service,,,] 35262 --- [    Test worker] o.s.b.f.s.DefaultListableBeanFactory     : Creating shared instance of singleton bean 'vendorExtensionsMapperImpl'
2020-04-16 18:10:31.817 DEBUG [aggregator-service,,,] 35262 --- [    Test worker] o.s.b.f.s.DefaultListableBeanFactory     : Creating shared instance of singleton bean 'cachingOperationReader'
2020-04-16 18:10:31.819 DEBUG [aggregator-service,,,] 35262 --- [    Test worker] o.s.b.f.s.DefaultListableBeanFactory     : Creating shared instance of singleton bean 'apiOperationReader'
2020-04-16 18:10:31.821 DEBUG [aggregator-service,,,] 35262 --- [    Test worker] o.s.b.f.s.DefaultListableBeanFactory     : Creating shared instance of singleton bean 'documentationPluginsManager'
2020-04-16 18:10:31.828 DEBUG [aggregator-service,,,] 35262 --- [    Test worker] o.s.b.f.s.DefaultListableBeanFactory     : Creating shared instance of singleton bean 'documentationPluginRegistry'
2020-04-16 18:10:31.836 DEBUG [aggregator-service,,,] 35262 --- [    Test worker] o.s.b.f.s.DefaultListableBeanFactory     : Creating shared instance of singleton bean 'apiListingBuilderPluginRegistry'
2020-04-16 18:10:31.838 DEBUG [aggregator-service,,,] 35262 --- [    Test worker] o.s.b.f.s.DefaultListableBeanFactory     : Creating shared instance of singleton bean 'parameterBuilderPluginRegistry'
2020-04-16 18:10:31.841 DEBUG [aggregator-service,,,] 35262 --- [    Test worker] o.s.b.f.s.DefaultListableBeanFactory     : Creating shared instance of singleton bean 'expandedParameterBuilderPluginRegistry'
2020-04-16 18:10:31.844 DEBUG [aggregator-service,,,] 35262 --- [    Test worker] o.s.b.f.s.DefaultListableBeanFactory     : Creating shared instance of singleton bean 'operationBuilderPluginRegistry'
2020-04-16 18:10:31.846 DEBUG [aggregator-service,,,] 35262 --- [    Test worker] o.s.b.f.s.DefaultListableBeanFactory     : Creating shared instance of singleton bean 'resourceGroupingStrategyRegistry'
2020-04-16 18:10:31.849 DEBUG [aggregator-service,,,] 35262 --- [    Test worker] o.s.b.f.s.DefaultListableBeanFactory     : Creating shared instance of singleton bean 'operationModelsProviderPluginRegistry'
2020-04-16 18:10:31.851 DEBUG [aggregator-service,,,] 35262 --- [    Test worker] o.s.b.f.s.DefaultListableBeanFactory     : Creating shared instance of singleton bean 'defaultsProviderPluginRegistry'
2020-04-16 18:10:31.853 DEBUG [aggregator-service,,,] 35262 --- [    Test worker] o.s.b.f.s.DefaultListableBeanFactory     : Creating shared instance of singleton bean 'pathDecoratorRegistry'
2020-04-16 18:10:31.854 DEBUG [aggregator-service,,,] 35262 --- [    Test worker] o.s.b.f.s.DefaultListableBeanFactory     : Creating shared instance of singleton bean 'apiListingScannerPluginRegistry'
2020-04-16 18:10:31.859 DEBUG [aggregator-service,,,] 35262 --- [    Test worker] o.s.b.f.s.DefaultListableBeanFactory     : Creating shared instance of singleton bean 'cachingOperationNameGenerator'
2020-04-16 18:10:31.861 DEBUG [aggregator-service,,,] 35262 --- [    Test worker] o.s.b.f.s.DefaultListableBeanFactory     : Autowiring by type from bean name 'apiOperationReader' via constructor to bean named 'documentationPluginsManager'
2020-04-16 18:10:31.861 DEBUG [aggregator-service,,,] 35262 --- [    Test worker] o.s.b.f.s.DefaultListableBeanFactory     : Autowiring by type from bean name 'apiOperationReader' via constructor to bean named 'cachingOperationNameGenerator'
2020-04-16 18:10:31.864 DEBUG [aggregator-service,,,] 35262 --- [    Test worker] o.s.b.f.s.DefaultListableBeanFactory     : Autowiring by type from bean name 'cachingOperationReader' via constructor to bean named 'apiOperationReader'
2020-04-16 18:10:31.866 DEBUG [aggregator-service,,,] 35262 --- [    Test worker] o.s.b.f.s.DefaultListableBeanFactory     : Creating shared instance of singleton bean 'apiDescriptionLookup'
2020-04-16 18:10:31.868 DEBUG [aggregator-service,,,] 35262 --- [    Test worker] o.s.b.f.s.DefaultListableBeanFactory     : Creating shared instance of singleton bean 'apiDescriptionReader'
2020-04-16 18:10:31.870 DEBUG [aggregator-service,,,] 35262 --- [    Test worker] o.s.b.f.s.DefaultListableBeanFactory     : Autowiring by type from bean name 'apiDescriptionReader' via constructor to bean named 'cachingOperationReader'
2020-04-16 18:10:31.870 DEBUG [aggregator-service,,,] 35262 --- [    Test worker] o.s.b.f.s.DefaultListableBeanFactory     : Autowiring by type from bean name 'apiDescriptionReader' via constructor to bean named 'documentationPluginsManager'
2020-04-16 18:10:31.870 DEBUG [aggregator-service,,,] 35262 --- [    Test worker] o.s.b.f.s.DefaultListableBeanFactory     : Autowiring by type from bean name 'apiDescriptionReader' via constructor to bean named 'apiDescriptionLookup'
2020-04-16 18:10:31.872 DEBUG [aggregator-service,,,] 35262 --- [    Test worker] o.s.b.f.s.DefaultListableBeanFactory     : Creating shared instance of singleton bean 'apiModelReader'
2020-04-16 18:10:31.874 DEBUG [aggregator-service,,,] 35262 --- [    Test worker] o.s.b.f.s.DefaultListableBeanFactory     : Creating shared instance of singleton bean 'cachingModelProvider'
2020-04-16 18:10:31.874 DEBUG [aggregator-service,,,] 35262 --- [    Test worker] o.s.b.f.s.DefaultListableBeanFactory     : Creating shared instance of singleton bean 'defaultModelProvider'
2020-04-16 18:10:31.875 DEBUG [aggregator-service,,,] 35262 --- [    Test worker] o.s.b.f.s.DefaultListableBeanFactory     : Creating shared instance of singleton bean 'typeResolver'
2020-04-16 18:10:31.875 DEBUG [aggregator-service,,,] 35262 --- [    Test worker] o.s.b.f.s.DefaultListableBeanFactory     : Creating shared instance of singleton bean 'springfox.documentation.schema.configuration.ModelsConfiguration'
2020-04-16 18:10:31.885 DEBUG [aggregator-service,,,] 35262 --- [    Test worker] o.s.b.f.s.DefaultListableBeanFactory     : Creating shared instance of singleton bean 'cachingModelPropertiesProvider'
2020-04-16 18:10:31.886 DEBUG [aggregator-service,,,] 35262 --- [    Test worker] o.s.b.f.s.DefaultListableBeanFactory     : Creating shared instance of singleton bean 'optimized'
2020-04-16 18:10:31.887 DEBUG [aggregator-service,,,] 35262 --- [    Test worker] o.s.b.f.s.DefaultListableBeanFactory     : Creating shared instance of singleton bean 'accessorsProvider'
2020-04-16 18:10:31.887 DEBUG [aggregator-service,,,] 35262 --- [    Test worker] o.s.b.f.s.DefaultListableBeanFactory     : Autowiring by type from bean name 'accessorsProvider' via constructor to bean named 'typeResolver'
2020-04-16 18:10:31.890 DEBUG [aggregator-service,,,] 35262 --- [    Test worker] o.s.b.f.s.DefaultListableBeanFactory     : Creating shared instance of singleton bean 'fieldProvider'
2020-04-16 18:10:31.890 DEBUG [aggregator-service,,,] 35262 --- [    Test worker] o.s.b.f.s.DefaultListableBeanFactory     : Autowiring by type from bean name 'fieldProvider' via constructor to bean named 'typeResolver'
2020-04-16 18:10:31.893 DEBUG [aggregator-service,,,] 35262 --- [    Test worker] o.s.b.f.s.DefaultListableBeanFactory     : Creating shared instance of singleton bean 'factoryMethodProvider'
2020-04-16 18:10:31.893 DEBUG [aggregator-service,,,] 35262 --- [    Test worker] o.s.b.f.s.DefaultListableBeanFactory     : Autowiring by type from bean name 'factoryMethodProvider' via constructor to bean named 'typeResolver'
2020-04-16 18:10:31.897 DEBUG [aggregator-service,,,] 35262 --- [    Test worker] o.s.b.f.s.DefaultListableBeanFactory     : Creating shared instance of singleton bean 'objectMapperBeanPropertyNamingStrategy'
2020-04-16 18:10:31.901 DEBUG [aggregator-service,,,] 35262 --- [    Test worker] o.s.b.f.s.DefaultListableBeanFactory     : Creating shared instance of singleton bean 'schemaPluginsManager'
2020-04-16 18:10:31.902 DEBUG [aggregator-service,,,] 35262 --- [    Test worker] o.s.b.f.s.DefaultListableBeanFactory     : Creating shared instance of singleton bean 'modelPropertyBuilderPluginRegistry'
2020-04-16 18:10:31.904 DEBUG [aggregator-service,,,] 35262 --- [    Test worker] o.s.b.f.s.DefaultListableBeanFactory     : Creating shared instance of singleton bean 'modelBuilderPluginRegistry'
2020-04-16 18:10:31.906 DEBUG [aggregator-service,,,] 35262 --- [    Test worker] o.s.b.f.s.DefaultListableBeanFactory     : Creating shared instance of singleton bean 'viewProviderPluginRegistry'
2020-04-16 18:10:31.907 DEBUG [aggregator-service,,,] 35262 --- [    Test worker] o.s.b.f.s.DefaultListableBeanFactory     : Creating shared instance of singleton bean 'syntheticModelProviderPluginRegistry'
2020-04-16 18:10:31.909 DEBUG [aggregator-service,,,] 35262 --- [    Test worker] o.s.b.f.s.DefaultListableBeanFactory     : Autowiring by type from bean name 'schemaPluginsManager' via constructor to bean named 'modelPropertyBuilderPluginRegistry'
2020-04-16 18:10:31.909 DEBUG [aggregator-service,,,] 35262 --- [    Test worker] o.s.b.f.s.DefaultListableBeanFactory     : Autowiring by type from bean name 'schemaPluginsManager' via constructor to bean named 'modelBuilderPluginRegistry'
2020-04-16 18:10:31.909 DEBUG [aggregator-service,,,] 35262 --- [    Test worker] o.s.b.f.s.DefaultListableBeanFactory     : Autowiring by type from bean name 'schemaPluginsManager' via constructor to bean named 'viewProviderPluginRegistry'
2020-04-16 18:10:31.909 DEBUG [aggregator-service,,,] 35262 --- [    Test worker] o.s.b.f.s.DefaultListableBeanFactory     : Autowiring by type from bean name 'schemaPluginsManager' via constructor to bean named 'syntheticModelProviderPluginRegistry'
2020-04-16 18:10:31.913 DEBUG [aggregator-service,,,] 35262 --- [    Test worker] o.s.b.f.s.DefaultListableBeanFactory     : Creating shared instance of singleton bean 'jacksonEnumTypeDeterminer'
2020-04-16 18:10:31.916 DEBUG [aggregator-service,,,] 35262 --- [    Test worker] o.s.b.f.s.DefaultListableBeanFactory     : Creating shared instance of singleton bean 'typeNameExtractor'
2020-04-16 18:10:31.917 DEBUG [aggregator-service,,,] 35262 --- [    Test worker] o.s.b.f.s.DefaultListableBeanFactory     : Creating shared instance of singleton bean 'typeNameProviderPluginRegistry'
2020-04-16 18:10:31.918 DEBUG [aggregator-service,,,] 35262 --- [    Test worker] o.s.b.f.s.DefaultListableBeanFactory     : Autowiring by type from bean name 'typeNameExtractor' via constructor to bean named 'typeResolver'
2020-04-16 18:10:31.919 DEBUG [aggregator-service,,,] 35262 --- [    Test worker] o.s.b.f.s.DefaultListableBeanFactory     : Autowiring by type from bean name 'typeNameExtractor' via constructor to bean named 'typeNameProviderPluginRegistry'
2020-04-16 18:10:31.919 DEBUG [aggregator-service,,,] 35262 --- [    Test worker] o.s.b.f.s.DefaultListableBeanFactory     : Autowiring by type from bean name 'typeNameExtractor' via constructor to bean named 'jacksonEnumTypeDeterminer'
2020-04-16 18:10:31.920 DEBUG [aggregator-service,,,] 35262 --- [    Test worker] o.s.b.f.s.DefaultListableBeanFactory     : Autowiring by type from bean name 'optimized' via constructor to bean named 'accessorsProvider'
2020-04-16 18:10:31.920 DEBUG [aggregator-service,,,] 35262 --- [    Test worker] o.s.b.f.s.DefaultListableBeanFactory     : Autowiring by type from bean name 'optimized' via constructor to bean named 'fieldProvider'
2020-04-16 18:10:31.921 DEBUG [aggregator-service,,,] 35262 --- [    Test worker] o.s.b.f.s.DefaultListableBeanFactory     : Autowiring by type from bean name 'optimized' via constructor to bean named 'factoryMethodProvider'
2020-04-16 18:10:31.921 DEBUG [aggregator-service,,,] 35262 --- [    Test worker] o.s.b.f.s.DefaultListableBeanFactory     : Autowiring by type from bean name 'optimized' via constructor to bean named 'typeResolver'
2020-04-16 18:10:31.921 DEBUG [aggregator-service,,,] 35262 --- [    Test worker] o.s.b.f.s.DefaultListableBeanFactory     : Autowiring by type from bean name 'optimized' via constructor to bean named 'objectMapperBeanPropertyNamingStrategy'
2020-04-16 18:10:31.921 DEBUG [aggregator-service,,,] 35262 --- [    Test worker] o.s.b.f.s.DefaultListableBeanFactory     : Autowiring by type from bean name 'optimized' via constructor to bean named 'schemaPluginsManager'
2020-04-16 18:10:31.921 DEBUG [aggregator-service,,,] 35262 --- [    Test worker] o.s.b.f.s.DefaultListableBeanFactory     : Autowiring by type from bean name 'optimized' via constructor to bean named 'jacksonEnumTypeDeterminer'
2020-04-16 18:10:31.921 DEBUG [aggregator-service,,,] 35262 --- [    Test worker] o.s.b.f.s.DefaultListableBeanFactory     : Autowiring by type from bean name 'optimized' via constructor to bean named 'typeNameExtractor'
2020-04-16 18:10:31.925 DEBUG [aggregator-service,,,] 35262 --- [    Test worker] o.s.b.f.s.DefaultListableBeanFactory     : Autowiring by type from bean name 'cachingModelPropertiesProvider' via constructor to bean named 'typeResolver'
2020-04-16 18:10:31.925 DEBUG [aggregator-service,,,] 35262 --- [    Test worker] o.s.b.f.s.DefaultListableBeanFactory     : Autowiring by type from bean name 'cachingModelPropertiesProvider' via constructor to bean named 'optimized'
2020-04-16 18:10:31.930 DEBUG [aggregator-service,,,] 35262 --- [    Test worker] o.s.b.f.s.DefaultListableBeanFactory     : Creating shared instance of singleton bean 'cachingModelDependencyProvider'
2020-04-16 18:10:31.930 DEBUG [aggregator-service,,,] 35262 --- [    Test worker] o.s.b.f.s.DefaultListableBeanFactory     : Creating shared instance of singleton bean 'defaultModelDependencyProvider'
2020-04-16 18:10:31.931 DEBUG [aggregator-service,,,] 35262 --- [    Test worker] o.s.b.f.s.DefaultListableBeanFactory     : Autowiring by type from bean name 'defaultModelDependencyProvider' via constructor to bean named 'typeResolver'
2020-04-16 18:10:31.931 DEBUG [aggregator-service,,,] 35262 --- [    Test worker] o.s.b.f.s.DefaultListableBeanFactory     : Autowiring by type from bean name 'defaultModelDependencyProvider' via constructor to bean named 'cachingModelPropertiesProvider'
2020-04-16 18:10:31.931 DEBUG [aggregator-service,,,] 35262 --- [    Test worker] o.s.b.f.s.DefaultListableBeanFactory     : Autowiring by type from bean name 'defaultModelDependencyProvider' via constructor to bean named 'typeNameExtractor'
2020-04-16 18:10:31.931 DEBUG [aggregator-service,,,] 35262 --- [    Test worker] o.s.b.f.s.DefaultListableBeanFactory     : Autowiring by type from bean name 'defaultModelDependencyProvider' via constructor to bean named 'jacksonEnumTypeDeterminer'
2020-04-16 18:10:31.931 DEBUG [aggregator-service,,,] 35262 --- [    Test worker] o.s.b.f.s.DefaultListableBeanFactory     : Autowiring by type from bean name 'defaultModelDependencyProvider' via constructor to bean named 'schemaPluginsManager'
2020-04-16 18:10:31.934 DEBUG [aggregator-service,,,] 35262 --- [    Test worker] o.s.b.f.s.DefaultListableBeanFactory     : Autowiring by type from bean name 'cachingModelDependencyProvider' via constructor to bean named 'defaultModelDependencyProvider'
2020-04-16 18:10:31.936 DEBUG [aggregator-service,,,] 35262 --- [    Test worker] o.s.b.f.s.DefaultListableBeanFactory     : Autowiring by type from bean name 'defaultModelProvider' via constructor to bean named 'typeResolver'
2020-04-16 18:10:31.936 DEBUG [aggregator-service,,,] 35262 --- [    Test worker] o.s.b.f.s.DefaultListableBeanFactory     : Autowiring by type from bean name 'defaultModelProvider' via constructor to bean named 'cachingModelPropertiesProvider'
2020-04-16 18:10:31.936 DEBUG [aggregator-service,,,] 35262 --- [    Test worker] o.s.b.f.s.DefaultListableBeanFactory     : Autowiring by type from bean name 'defaultModelProvider' via constructor to bean named 'cachingModelDependencyProvider'
2020-04-16 18:10:31.936 DEBUG [aggregator-service,,,] 35262 --- [    Test worker] o.s.b.f.s.DefaultListableBeanFactory     : Autowiring by type from bean name 'defaultModelProvider' via constructor to bean named 'schemaPluginsManager'
2020-04-16 18:10:31.936 DEBUG [aggregator-service,,,] 35262 --- [    Test worker] o.s.b.f.s.DefaultListableBeanFactory     : Autowiring by type from bean name 'defaultModelProvider' via constructor to bean named 'typeNameExtractor'
2020-04-16 18:10:31.936 DEBUG [aggregator-service,,,] 35262 --- [    Test worker] o.s.b.f.s.DefaultListableBeanFactory     : Autowiring by type from bean name 'defaultModelProvider' via constructor to bean named 'jacksonEnumTypeDeterminer'
2020-04-16 18:10:31.939 DEBUG [aggregator-service,,,] 35262 --- [    Test worker] o.s.b.f.s.DefaultListableBeanFactory     : Autowiring by type from bean name 'cachingModelProvider' via constructor to bean named 'defaultModelProvider'
2020-04-16 18:10:31.941 DEBUG [aggregator-service,,,] 35262 --- [    Test worker] o.s.b.f.s.DefaultListableBeanFactory     : Autowiring by type from bean name 'apiModelReader' via constructor to bean named 'cachingModelProvider'
2020-04-16 18:10:31.941 DEBUG [aggregator-service,,,] 35262 --- [    Test worker] o.s.b.f.s.DefaultListableBeanFactory     : Autowiring by type from bean name 'apiModelReader' via constructor to bean named 'typeResolver'
2020-04-16 18:10:31.941 DEBUG [aggregator-service,,,] 35262 --- [    Test worker] o.s.b.f.s.DefaultListableBeanFactory     : Autowiring by type from bean name 'apiModelReader' via constructor to bean named 'documentationPluginsManager'
2020-04-16 18:10:31.941 DEBUG [aggregator-service,,,] 35262 --- [    Test worker] o.s.b.f.s.DefaultListableBeanFactory     : Autowiring by type from bean name 'apiModelReader' via constructor to bean named 'jacksonEnumTypeDeterminer'
2020-04-16 18:10:31.941 DEBUG [aggregator-service,,,] 35262 --- [    Test worker] o.s.b.f.s.DefaultListableBeanFactory     : Autowiring by type from bean name 'apiModelReader' via constructor to bean named 'typeNameExtractor'
2020-04-16 18:10:31.944 DEBUG [aggregator-service,,,] 35262 --- [    Test worker] o.s.b.f.s.DefaultListableBeanFactory     : Creating shared instance of singleton bean 'apiListingReferenceScanner'
2020-04-16 18:10:31.946 DEBUG [aggregator-service,,,] 35262 --- [    Test worker] o.s.b.f.s.DefaultListableBeanFactory     : Creating shared instance of singleton bean 'apiDocumentationScanner'
2020-04-16 18:10:31.949 DEBUG [aggregator-service,,,] 35262 --- [    Test worker] o.s.b.f.s.DefaultListableBeanFactory     : Creating shared instance of singleton bean 'apiListingScanner'
2020-04-16 18:10:31.951 DEBUG [aggregator-service,,,] 35262 --- [    Test worker] o.s.b.f.s.DefaultListableBeanFactory     : Autowiring by type from bean name 'apiListingScanner' via constructor to bean named 'apiDescriptionReader'
2020-04-16 18:10:31.951 DEBUG [aggregator-service,,,] 35262 --- [    Test worker] o.s.b.f.s.DefaultListableBeanFactory     : Autowiring by type from bean name 'apiListingScanner' via constructor to bean named 'apiModelReader'
2020-04-16 18:10:31.951 DEBUG [aggregator-service,,,] 35262 --- [    Test worker] o.s.b.f.s.DefaultListableBeanFactory     : Autowiring by type from bean name 'apiListingScanner' via constructor to bean named 'documentationPluginsManager'
2020-04-16 18:10:31.953 DEBUG [aggregator-service,,,] 35262 --- [    Test worker] o.s.b.f.s.DefaultListableBeanFactory     : Autowiring by type from bean name 'apiDocumentationScanner' via constructor to bean named 'apiListingReferenceScanner'
2020-04-16 18:10:31.953 DEBUG [aggregator-service,,,] 35262 --- [    Test worker] o.s.b.f.s.DefaultListableBeanFactory     : Autowiring by type from bean name 'apiDocumentationScanner' via constructor to bean named 'apiListingScanner'
2020-04-16 18:10:31.955 DEBUG [aggregator-service,,,] 35262 --- [    Test worker] o.s.b.f.s.DefaultListableBeanFactory     : Creating shared instance of singleton bean 'apiListingReader'
2020-04-16 18:10:31.957 DEBUG [aggregator-service,,,] 35262 --- [    Test worker] o.s.b.f.s.DefaultListableBeanFactory     : Creating shared instance of singleton bean 'mediaTypeReader'
2020-04-16 18:10:31.961 DEBUG [aggregator-service,,,] 35262 --- [    Test worker] o.s.b.f.s.DefaultListableBeanFactory     : Creating shared instance of singleton bean 'defaultTagsProvider'
2020-04-16 18:10:31.963 DEBUG [aggregator-service,,,] 35262 --- [    Test worker] o.s.b.f.s.DefaultListableBeanFactory     : Creating shared instance of singleton bean 'operationParameterRequestConditionReader'
2020-04-16 18:10:31.963 DEBUG [aggregator-service,,,] 35262 --- [    Test worker] o.s.b.f.s.DefaultListableBeanFactory     : Autowiring by type from bean name 'operationParameterRequestConditionReader' via constructor to bean named 'typeResolver'
2020-04-16 18:10:31.966 DEBUG [aggregator-service,,,] 35262 --- [    Test worker] o.s.b.f.s.DefaultListableBeanFactory     : Creating shared instance of singleton bean 'operationResponseClassReader'
2020-04-16 18:10:31.967 DEBUG [aggregator-service,,,] 35262 --- [    Test worker] o.s.b.f.s.DefaultListableBeanFactory     : Autowiring by type from bean name 'operationResponseClassReader' via constructor to bean named 'schemaPluginsManager'
2020-04-16 18:10:31.967 DEBUG [aggregator-service,,,] 35262 --- [    Test worker] o.s.b.f.s.DefaultListableBeanFactory     : Autowiring by type from bean name 'operationResponseClassReader' via constructor to bean named 'jacksonEnumTypeDeterminer'
2020-04-16 18:10:31.967 DEBUG [aggregator-service,,,] 35262 --- [    Test worker] o.s.b.f.s.DefaultListableBeanFactory     : Autowiring by type from bean name 'operationResponseClassReader' via constructor to bean named 'typeNameExtractor'
2020-04-16 18:10:31.969 DEBUG [aggregator-service,,,] 35262 --- [    Test worker] o.s.b.f.s.DefaultListableBeanFactory     : Creating shared instance of singleton bean 'defaultOperationReader'
2020-04-16 18:10:31.971 DEBUG [aggregator-service,,,] 35262 --- [    Test worker] o.s.b.f.s.DefaultListableBeanFactory     : Creating shared instance of singleton bean 'operationParameterReader'
2020-04-16 18:10:31.973 DEBUG [aggregator-service,,,] 35262 --- [    Test worker] o.s.b.f.s.DefaultListableBeanFactory     : Creating shared instance of singleton bean 'modelAttributeParameterExpander'
2020-04-16 18:10:31.974 DEBUG [aggregator-service,,,] 35262 --- [    Test worker] o.s.b.f.s.DefaultListableBeanFactory     : Autowiring by type from bean name 'modelAttributeParameterExpander' via constructor to bean named 'fieldProvider'
2020-04-16 18:10:31.974 DEBUG [aggregator-service,,,] 35262 --- [    Test worker] o.s.b.f.s.DefaultListableBeanFactory     : Autowiring by type from bean name 'modelAttributeParameterExpander' via constructor to bean named 'accessorsProvider'
2020-04-16 18:10:31.974 DEBUG [aggregator-service,,,] 35262 --- [    Test worker] o.s.b.f.s.DefaultListableBeanFactory     : Autowiring by type from bean name 'modelAttributeParameterExpander' via constructor to bean named 'jacksonEnumTypeDeterminer'
2020-04-16 18:10:31.977 DEBUG [aggregator-service,,,] 35262 --- [    Test worker] o.s.b.f.s.DefaultListableBeanFactory     : Autowiring by type from bean name 'operationParameterReader' via constructor to bean named 'modelAttributeParameterExpander'
2020-04-16 18:10:31.978 DEBUG [aggregator-service,,,] 35262 --- [    Test worker] o.s.b.f.s.DefaultListableBeanFactory     : Autowiring by type from bean name 'operationParameterReader' via constructor to bean named 'jacksonEnumTypeDeterminer'
2020-04-16 18:10:31.980 DEBUG [aggregator-service,,,] 35262 --- [    Test worker] o.s.b.f.s.DefaultListableBeanFactory     : Creating shared instance of singleton bean 'responseMessagesReader'
2020-04-16 18:10:31.981 DEBUG [aggregator-service,,,] 35262 --- [    Test worker] o.s.b.f.s.DefaultListableBeanFactory     : Autowiring by type from bean name 'responseMessagesReader' via constructor to bean named 'jacksonEnumTypeDeterminer'
2020-04-16 18:10:31.981 DEBUG [aggregator-service,,,] 35262 --- [    Test worker] o.s.b.f.s.DefaultListableBeanFactory     : Autowiring by type from bean name 'responseMessagesReader' via constructor to bean named 'typeNameExtractor'
2020-04-16 18:10:31.981 DEBUG [aggregator-service,,,] 35262 --- [    Test worker] o.s.b.f.s.DefaultListableBeanFactory     : Autowiring by type from bean name 'responseMessagesReader' via constructor to bean named 'schemaPluginsManager'
2020-04-16 18:10:31.983 DEBUG [aggregator-service,,,] 35262 --- [    Test worker] o.s.b.f.s.DefaultListableBeanFactory     : Creating shared instance of singleton bean 'operationParameterHeadersConditionReader'
2020-04-16 18:10:31.983 DEBUG [aggregator-service,,,] 35262 --- [    Test worker] o.s.b.f.s.DefaultListableBeanFactory     : Autowiring by type from bean name 'operationParameterHeadersConditionReader' via constructor to bean named 'typeResolver'
2020-04-16 18:10:31.986 DEBUG [aggregator-service,,,] 35262 --- [    Test worker] o.s.b.f.s.DefaultListableBeanFactory     : Creating shared instance of singleton bean 'operationTagsReader'
2020-04-16 18:10:31.987 DEBUG [aggregator-service,,,] 35262 --- [    Test worker] o.s.b.f.s.DefaultListableBeanFactory     : Autowiring by type from bean name 'operationTagsReader' via constructor to bean named 'defaultTagsProvider'
2020-04-16 18:10:31.989 DEBUG [aggregator-service,,,] 35262 --- [    Test worker] o.s.b.f.s.DefaultListableBeanFactory     : Creating shared instance of singleton bean 'operationModelsProvider'
2020-04-16 18:10:31.990 DEBUG [aggregator-service,,,] 35262 --- [    Test worker] o.s.b.f.s.DefaultListableBeanFactory     : Autowiring by type from bean name 'operationModelsProvider' via constructor to bean named 'schemaPluginsManager'
2020-04-16 18:10:31.992 DEBUG [aggregator-service,,,] 35262 --- [    Test worker] o.s.b.f.s.DefaultListableBeanFactory     : Creating shared instance of singleton bean 'operationDeprecatedReader'
2020-04-16 18:10:31.995 DEBUG [aggregator-service,,,] 35262 --- [    Test worker] o.s.b.f.s.DefaultListableBeanFactory     : Creating shared instance of singleton bean 'parameterTypeReader'
2020-04-16 18:10:31.998 DEBUG [aggregator-service,,,] 35262 --- [    Test worker] o.s.b.f.s.DefaultListableBeanFactory     : Creating shared instance of singleton bean 'parameterDataTypeReader'
2020-04-16 18:10:31.998 DEBUG [aggregator-service,,,] 35262 --- [    Test worker] o.s.b.f.s.DefaultListableBeanFactory     : Autowiring by type from bean name 'parameterDataTypeReader' via constructor to bean named 'schemaPluginsManager'
2020-04-16 18:10:31.998 DEBUG [aggregator-service,,,] 35262 --- [    Test worker] o.s.b.f.s.DefaultListableBeanFactory     : Autowiring by type from bean name 'parameterDataTypeReader' via constructor to bean named 'typeNameExtractor'
2020-04-16 18:10:31.998 DEBUG [aggregator-service,,,] 35262 --- [    Test worker] o.s.b.f.s.DefaultListableBeanFactory     : Autowiring by type from bean name 'parameterDataTypeReader' via constructor to bean named 'typeResolver'
2020-04-16 18:10:31.998 DEBUG [aggregator-service,,,] 35262 --- [    Test worker] o.s.b.f.s.DefaultListableBeanFactory     : Autowiring by type from bean name 'parameterDataTypeReader' via constructor to bean named 'jacksonEnumTypeDeterminer'
2020-04-16 18:10:32.000 DEBUG [aggregator-service,,,] 35262 --- [    Test worker] o.s.b.f.s.DefaultListableBeanFactory     : Creating shared instance of singleton bean 'parameterNameReader'
2020-04-16 18:10:32.003 DEBUG [aggregator-service,,,] 35262 --- [    Test worker] o.s.b.f.s.DefaultListableBeanFactory     : Creating shared instance of singleton bean 'parameterMultiplesReader'
2020-04-16 18:10:32.005 DEBUG [aggregator-service,,,] 35262 --- [    Test worker] o.s.b.f.s.DefaultListableBeanFactory     : Creating shared instance of singleton bean 'expandedParameterBuilder'
2020-04-16 18:10:32.006 DEBUG [aggregator-service,,,] 35262 --- [    Test worker] o.s.b.f.s.DefaultListableBeanFactory     : Autowiring by type from bean name 'expandedParameterBuilder' via constructor to bean named 'typeResolver'
2020-04-16 18:10:32.006 DEBUG [aggregator-service,,,] 35262 --- [    Test worker] o.s.b.f.s.DefaultListableBeanFactory     : Autowiring by type from bean name 'expandedParameterBuilder' via constructor to bean named 'jacksonEnumTypeDeterminer'
2020-04-16 18:10:32.008 DEBUG [aggregator-service,,,] 35262 --- [    Test worker] o.s.b.f.s.DefaultListableBeanFactory     : Creating shared instance of singleton bean 'parameterRequiredReader'
2020-04-16 18:10:32.010 DEBUG [aggregator-service,,,] 35262 --- [    Test worker] o.s.b.f.s.DefaultListableBeanFactory     : Creating shared instance of singleton bean 'descriptionResolver'
2020-04-16 18:10:32.010 DEBUG [aggregator-service,,,] 35262 --- [    Test worker] o.s.b.f.s.DefaultListableBeanFactory     : Creating shared instance of singleton bean 'springfox.documentation.spring.web.SpringfoxWebConfiguration'
2020-04-16 18:10:32.016 DEBUG [aggregator-service,,,] 35262 --- [    Test worker] o.s.b.f.s.DefaultListableBeanFactory     : Autowiring by type from bean name 'descriptionResolver' via factory method to bean named 'environment'
2020-04-16 18:10:32.019 DEBUG [aggregator-service,,,] 35262 --- [    Test worker] o.s.b.f.s.DefaultListableBeanFactory     : Autowiring by type from bean name 'parameterRequiredReader' via constructor to bean named 'descriptionResolver'
2020-04-16 18:10:32.022 DEBUG [aggregator-service,,,] 35262 --- [    Test worker] o.s.b.f.s.DefaultListableBeanFactory     : Creating shared instance of singleton bean 'parameterDefaultReader'
2020-04-16 18:10:32.023 DEBUG [aggregator-service,,,] 35262 --- [    Test worker] o.s.b.f.s.DefaultListableBeanFactory     : Autowiring by type from bean name 'parameterDefaultReader' via constructor to bean named 'descriptionResolver'
2020-04-16 18:10:32.025 DEBUG [aggregator-service,,,] 35262 --- [    Test worker] o.s.b.f.s.DefaultListableBeanFactory     : Creating shared instance of singleton bean 'webMvcRequestHandlerProvider'
2020-04-16 18:10:32.028 DEBUG [aggregator-service,,,] 35262 --- [    Test worker] o.s.b.f.s.DefaultListableBeanFactory     : Creating shared instance of singleton bean 'methodResolver'
2020-04-16 18:10:32.028 DEBUG [aggregator-service,,,] 35262 --- [    Test worker] o.s.b.f.s.DefaultListableBeanFactory     : Autowiring by type from bean name 'methodResolver' via factory method to bean named 'typeResolver'
2020-04-16 18:10:32.032 DEBUG [aggregator-service,,,] 35262 --- [    Test worker] o.s.b.f.s.DefaultListableBeanFactory     : Creating shared instance of singleton bean 'requestMappingHandlerMapping'
2020-04-16 18:10:32.033 DEBUG [aggregator-service,,,] 35262 --- [    Test worker] o.s.b.f.s.DefaultListableBeanFactory     : Creating shared instance of singleton bean 'mvcContentNegotiationManager'
2020-04-16 18:10:32.041 DEBUG [aggregator-service,,,] 35262 --- [    Test worker] o.s.b.f.s.DefaultListableBeanFactory     : Creating shared instance of singleton bean 'mvcConversionService'
2020-04-16 18:10:32.044 DEBUG [aggregator-service,,,] 35262 --- [    Test worker] o.s.b.f.s.DefaultListableBeanFactory     : Creating shared instance of singleton bean 'jsonSchemaConverter'
2020-04-16 18:10:32.056 DEBUG [aggregator-service,,,] 35262 --- [    Test worker] o.s.b.f.s.DefaultListableBeanFactory     : Creating shared instance of singleton bean 'persistentEntities'
2020-04-16 18:10:32.057 DEBUG [aggregator-service,,,] 35262 --- [    Test worker] o.s.b.f.s.DefaultListableBeanFactory     : Creating shared instance of singleton bean 'jpaMappingContext'
2020-04-16 18:10:32.062 DEBUG [aggregator-service,,,] 35262 --- [    Test worker] .c.JpaMetamodelMappingContextFactoryBean : Initializing JpaMetamodelMappingContext…
2020-04-16 18:10:32.069 DEBUG [aggregator-service,,,] 35262 --- [    Test worker] .c.JpaMetamodelMappingContextFactoryBean : Finished initializing JpaMetamodelMappingContext!
2020-04-16 18:10:32.094 DEBUG [aggregator-service,,,] 35262 --- [    Test worker] o.s.b.f.s.DefaultListableBeanFactory     : Creating shared instance of singleton bean 'associationLinks'
2020-04-16 18:10:32.095 DEBUG [aggregator-service,,,] 35262 --- [    Test worker] o.s.b.f.s.DefaultListableBeanFactory     : Creating shared instance of singleton bean 'resourceMappings'
2020-04-16 18:10:32.095 DEBUG [aggregator-service,,,] 35262 --- [    Test worker] o.s.b.f.s.DefaultListableBeanFactory     : Creating shared instance of singleton bean 'repositories'
2020-04-16 18:10:32.102 DEBUG [aggregator-service,,,] 35262 --- [    Test worker] o.s.b.f.s.DefaultListableBeanFactory     : Creating shared instance of singleton bean 'repositoryRestConfiguration'
2020-04-16 18:10:32.104 DEBUG [aggregator-service,,,] 35262 --- [    Test worker] o.s.b.f.s.DefaultListableBeanFactory     : Creating shared instance of singleton bean 'metadataConfiguration'
2020-04-16 18:10:32.107 DEBUG [aggregator-service,,,] 35262 --- [    Test worker] o.s.b.f.s.DefaultListableBeanFactory     : Creating shared instance of singleton bean 'enumTranslator'
2020-04-16 18:10:32.139 DEBUG [aggregator-service,,,] 35262 --- [    Test worker] o.s.b.f.s.DefaultListableBeanFactory     : Creating shared instance of singleton bean 'defaultConversionService'
2020-04-16 18:10:32.140 DEBUG [aggregator-service,,,] 35262 --- [    Test worker] o.s.b.f.s.DefaultListableBeanFactory     : Creating shared instance of singleton bean 'repositoryInvokerFactory'
2020-04-16 18:10:32.167 DEBUG [aggregator-service,,,] 35262 --- [    Test worker] o.s.b.f.s.DefaultListableBeanFactory     : Creating shared instance of singleton bean 'excerptProjector'
2020-04-16 18:10:32.174 DEBUG [aggregator-service,,,] 35262 --- [    Test worker] o.s.b.f.s.DefaultListableBeanFactory     : Creating shared instance of singleton bean 'linkCollector'
2020-04-16 18:10:32.174 DEBUG [aggregator-service,,,] 35262 --- [    Test worker] o.s.b.f.s.DefaultListableBeanFactory     : Creating shared instance of singleton bean 'selfLinkProvider'
2020-04-16 18:10:32.175 DEBUG [aggregator-service,,,] 35262 --- [    Test worker] o.s.b.f.s.DefaultListableBeanFactory     : Creating shared instance of singleton bean 'entityLinks'
2020-04-16 18:10:32.176 DEBUG [aggregator-service,,,] 35262 --- [    Test worker] o.s.b.f.s.DefaultListableBeanFactory     : Creating shared instance of singleton bean 'pageableResolver'
2020-04-16 18:10:32.179 DEBUG [aggregator-service,,,] 35262 --- [    Test worker] o.s.b.f.s.DefaultListableBeanFactory     : Creating shared instance of singleton bean 'sortResolver'
2020-04-16 18:10:32.195 DEBUG [aggregator-service,,,] 35262 --- [    Test worker] o.s.b.f.s.DefaultListableBeanFactory     : Creating shared instance of singleton bean 'backendIdConverterRegistry'
2020-04-16 18:10:32.214 DEBUG [aggregator-service,,,] 35262 --- [    Test worker] o.s.b.f.s.DefaultListableBeanFactory     : Creating shared instance of singleton bean 'representationModelProcessorInvoker'
2020-04-16 18:10:32.217 DEBUG [aggregator-service,,,] 35262 --- [    Test worker] o.s.b.f.s.DefaultListableBeanFactory     : Creating shared instance of singleton bean 'profileResourceProcessor'
2020-04-16 18:10:32.218 DEBUG [aggregator-service,,,] 35262 --- [    Test worker] o.s.b.f.s.DefaultListableBeanFactory     : Autowiring by type from bean name 'profileResourceProcessor' via factory method to bean named 'repositoryRestConfiguration'
2020-04-16 18:10:32.221 DEBUG [aggregator-service,,,] 35262 --- [    Test worker] o.s.b.f.s.DefaultListableBeanFactory     : Autowiring by type from bean name 'representationModelProcessorInvoker' via factory method to bean named 'profileResourceProcessor'
2020-04-16 18:10:32.244 DEBUG [aggregator-service,,,] 35262 --- [    Test worker] o.s.b.f.s.DefaultListableBeanFactory     : Autowiring by type from bean name 'requestMappingHandlerMapping' via factory method to bean named 'mvcContentNegotiationManager'
2020-04-16 18:10:32.244 DEBUG [aggregator-service,,,] 35262 --- [    Test worker] o.s.b.f.s.DefaultListableBeanFactory     : Autowiring by type from bean name 'requestMappingHandlerMapping' via factory method to bean named 'mvcConversionService'
2020-04-16 18:10:32.244 DEBUG [aggregator-service,,,] 35262 --- [    Test worker] o.s.b.f.s.DefaultListableBeanFactory     : Autowiring by type from bean name 'requestMappingHandlerMapping' via factory method to bean named 'mvcResourceUrlProvider'
2020-04-16 18:10:32.246 DEBUG [aggregator-service,,,] 35262 --- [    Test worker] o.s.b.f.s.DefaultListableBeanFactory     : Autowiring by type from bean name 'requestMappingHandlerMapping' via factory method to bean named 'mvcContentNegotiationManager'
2020-04-16 18:10:32.246 DEBUG [aggregator-service,,,] 35262 --- [    Test worker] o.s.b.f.s.DefaultListableBeanFactory     : Autowiring by type from bean name 'requestMappingHandlerMapping' via factory method to bean named 'mvcConversionService'
2020-04-16 18:10:32.246 DEBUG [aggregator-service,,,] 35262 --- [    Test worker] o.s.b.f.s.DefaultListableBeanFactory     : Autowiring by type from bean name 'requestMappingHandlerMapping' via factory method to bean named 'mvcResourceUrlProvider'
2020-04-16 18:10:32.255 DEBUG [aggregator-service,,,] 35262 --- [    Test worker] o.s.b.f.s.DefaultListableBeanFactory     : Creating shared instance of singleton bean 'brave.spring.webmvc.SpanCustomizingAsyncHandlerInterceptor'
2020-04-16 18:10:32.296 DEBUG [aggregator-service,,,] 35262 --- [    Test worker] s.w.s.m.m.a.RequestMappingHandlerMapping : 8 mappings in 'requestMappingHandlerMapping'
2020-04-16 18:10:32.306 DEBUG [aggregator-service,,,] 35262 --- [    Test worker] o.s.b.f.s.DefaultListableBeanFactory     : Creating shared instance of singleton bean 'webEndpointServletHandlerMapping'
2020-04-16 18:10:32.307 DEBUG [aggregator-service,,,] 35262 --- [    Test worker] o.s.b.f.s.DefaultListableBeanFactory     : Creating shared instance of singleton bean 'org.springframework.boot.actuate.autoconfigure.endpoint.web.servlet.WebMvcEndpointManagementContextConfiguration'
2020-04-16 18:10:32.310 DEBUG [aggregator-service,,,] 35262 --- [    Test worker] o.s.b.f.s.DefaultListableBeanFactory     : Creating shared instance of singleton bean 'webEndpointDiscoverer'
2020-04-16 18:10:32.312 DEBUG [aggregator-service,,,] 35262 --- [    Test worker] o.s.b.f.s.DefaultListableBeanFactory     : Creating shared instance of singleton bean 'org.springframework.boot.actuate.autoconfigure.endpoint.web.WebEndpointAutoConfiguration'
2020-04-16 18:10:32.313 DEBUG [aggregator-service,,,] 35262 --- [    Test worker] o.s.b.f.s.DefaultListableBeanFactory     : Creating shared instance of singleton bean 'management.endpoints.web-org.springframework.boot.actuate.autoconfigure.endpoint.web.WebEndpointProperties'
2020-04-16 18:10:32.318 DEBUG [aggregator-service,,,] 35262 --- [    Test worker] o.s.b.f.s.DefaultListableBeanFactory     : Autowiring by type from bean name 'org.springframework.boot.actuate.autoconfigure.endpoint.web.WebEndpointAutoConfiguration' via constructor to bean named 'org.springframework.web.context.support.GenericWebApplicationContext@3a7d07d4'
2020-04-16 18:10:32.318 DEBUG [aggregator-service,,,] 35262 --- [    Test worker] o.s.b.f.s.DefaultListableBeanFactory     : Autowiring by type from bean name 'org.springframework.boot.actuate.autoconfigure.endpoint.web.WebEndpointAutoConfiguration' via constructor to bean named 'management.endpoints.web-org.springframework.boot.actuate.autoconfigure.endpoint.web.WebEndpointProperties'
2020-04-16 18:10:32.323 DEBUG [aggregator-service,,,] 35262 --- [    Test worker] o.s.b.f.s.DefaultListableBeanFactory     : Creating shared instance of singleton bean 'endpointOperationParameterMapper'
2020-04-16 18:10:32.323 DEBUG [aggregator-service,,,] 35262 --- [    Test worker] o.s.b.f.s.DefaultListableBeanFactory     : Creating shared instance of singleton bean 'org.springframework.boot.actuate.autoconfigure.endpoint.EndpointAutoConfiguration'
2020-04-16 18:10:32.331 DEBUG [aggregator-service,,,] 35262 --- [    Test worker] o.s.b.f.s.DefaultListableBeanFactory     : Creating shared instance of singleton bean 'endpointMediaTypes'
2020-04-16 18:10:32.333 DEBUG [aggregator-service,,,] 35262 --- [    Test worker] o.s.b.f.s.DefaultListableBeanFactory     : Autowiring by type from bean name 'webEndpointDiscoverer' via factory method to bean named 'endpointOperationParameterMapper'
2020-04-16 18:10:32.333 DEBUG [aggregator-service,,,] 35262 --- [    Test worker] o.s.b.f.s.DefaultListableBeanFactory     : Autowiring by type from bean name 'webEndpointDiscoverer' via factory method to bean named 'endpointMediaTypes'
2020-04-16 18:10:32.334 DEBUG [aggregator-service,,,] 35262 --- [    Test worker] o.s.b.f.s.DefaultListableBeanFactory     : Creating shared instance of singleton bean 'webEndpointPathMapper'
2020-04-16 18:10:32.339 DEBUG [aggregator-service,,,] 35262 --- [    Test worker] o.s.b.f.s.DefaultListableBeanFactory     : Creating shared instance of singleton bean 'endpointCachingOperationInvokerAdvisor'
2020-04-16 18:10:32.339 DEBUG [aggregator-service,,,] 35262 --- [    Test worker] o.s.b.f.s.DefaultListableBeanFactory     : Autowiring by type from bean name 'endpointCachingOperationInvokerAdvisor' via factory method to bean named 'environment'
2020-04-16 18:10:32.344 DEBUG [aggregator-service,,,] 35262 --- [    Test worker] o.s.b.f.s.DefaultListableBeanFactory     : Creating shared instance of singleton bean 'webExposeExcludePropertyEndpointFilter'
2020-04-16 18:10:32.359 DEBUG [aggregator-service,,,] 35262 --- [    Test worker] o.s.b.f.s.DefaultListableBeanFactory     : Creating shared instance of singleton bean 'servletEndpointDiscoverer'
2020-04-16 18:10:32.359 DEBUG [aggregator-service,,,] 35262 --- [    Test worker] o.s.b.f.s.DefaultListableBeanFactory     : Creating shared instance of singleton bean 'org.springframework.boot.actuate.autoconfigure.endpoint.web.WebEndpointAutoConfiguration$WebEndpointServletConfiguration'
2020-04-16 18:10:32.362 DEBUG [aggregator-service,,,] 35262 --- [    Test worker] o.s.b.f.s.DefaultListableBeanFactory     : Autowiring by type from bean name 'servletEndpointDiscoverer' via factory method to bean named 'org.springframework.web.context.support.GenericWebApplicationContext@3a7d07d4'
2020-04-16 18:10:32.362 DEBUG [aggregator-service,,,] 35262 --- [    Test worker] o.s.b.f.s.DefaultListableBeanFactory     : Creating shared instance of singleton bean 'servletExposeExcludePropertyEndpointFilter'
2020-04-16 18:10:32.362 DEBUG [aggregator-service,,,] 35262 --- [    Test worker] o.s.b.f.s.DefaultListableBeanFactory     : Creating shared instance of singleton bean 'org.springframework.boot.actuate.autoconfigure.endpoint.web.ServletEndpointManagementContextConfiguration'
2020-04-16 18:10:32.364 DEBUG [aggregator-service,,,] 35262 --- [    Test worker] o.s.b.f.s.DefaultListableBeanFactory     : Autowiring by type from bean name 'servletExposeExcludePropertyEndpointFilter' via factory method to bean named 'management.endpoints.web-org.springframework.boot.actuate.autoconfigure.endpoint.web.WebEndpointProperties'
2020-04-16 18:10:32.370 DEBUG [aggregator-service,,,] 35262 --- [    Test worker] o.s.b.f.s.DefaultListableBeanFactory     : Creating shared instance of singleton bean 'controllerEndpointDiscoverer'
2020-04-16 18:10:32.371 DEBUG [aggregator-service,,,] 35262 --- [    Test worker] o.s.b.f.s.DefaultListableBeanFactory     : Creating shared instance of singleton bean 'controllerExposeExcludePropertyEndpointFilter'
2020-04-16 18:10:32.377 DEBUG [aggregator-service,,,] 35262 --- [    Test worker] o.s.b.f.s.DefaultListableBeanFactory     : Creating shared instance of singleton bean 'management.endpoints.web.cors-org.springframework.boot.actuate.autoconfigure.endpoint.web.CorsEndpointProperties'
2020-04-16 18:10:32.381 DEBUG [aggregator-service,,,] 35262 --- [    Test worker] o.s.b.f.s.DefaultListableBeanFactory     : Autowiring by type from bean name 'webEndpointServletHandlerMapping' via factory method to bean named 'webEndpointDiscoverer'
2020-04-16 18:10:32.381 DEBUG [aggregator-service,,,] 35262 --- [    Test worker] o.s.b.f.s.DefaultListableBeanFactory     : Autowiring by type from bean name 'webEndpointServletHandlerMapping' via factory method to bean named 'servletEndpointDiscoverer'
2020-04-16 18:10:32.382 DEBUG [aggregator-service,,,] 35262 --- [    Test worker] o.s.b.f.s.DefaultListableBeanFactory     : Autowiring by type from bean name 'webEndpointServletHandlerMapping' via factory method to bean named 'controllerEndpointDiscoverer'
2020-04-16 18:10:32.382 DEBUG [aggregator-service,,,] 35262 --- [    Test worker] o.s.b.f.s.DefaultListableBeanFactory     : Autowiring by type from bean name 'webEndpointServletHandlerMapping' via factory method to bean named 'endpointMediaTypes'
2020-04-16 18:10:32.382 DEBUG [aggregator-service,,,] 35262 --- [    Test worker] o.s.b.f.s.DefaultListableBeanFactory     : Autowiring by type from bean name 'webEndpointServletHandlerMapping' via factory method to bean named 'management.endpoints.web.cors-org.springframework.boot.actuate.autoconfigure.endpoint.web.CorsEndpointProperties'
2020-04-16 18:10:32.382 DEBUG [aggregator-service,,,] 35262 --- [    Test worker] o.s.b.f.s.DefaultListableBeanFactory     : Autowiring by type from bean name 'webEndpointServletHandlerMapping' via factory method to bean named 'management.endpoints.web-org.springframework.boot.actuate.autoconfigure.endpoint.web.WebEndpointProperties'
2020-04-16 18:10:32.382 DEBUG [aggregator-service,,,] 35262 --- [    Test worker] o.s.b.f.s.DefaultListableBeanFactory     : Autowiring by type from bean name 'webEndpointServletHandlerMapping' via factory method to bean named 'environment'
2020-04-16 18:10:32.386 DEBUG [aggregator-service,,,] 35262 --- [    Test worker] o.s.b.f.s.DefaultListableBeanFactory     : Creating shared instance of singleton bean 'healthEndpoint'
2020-04-16 18:10:32.386 DEBUG [aggregator-service,,,] 35262 --- [    Test worker] o.s.b.f.s.DefaultListableBeanFactory     : Creating shared instance of singleton bean 'org.springframework.boot.actuate.autoconfigure.health.HealthEndpointConfiguration'
2020-04-16 18:10:32.389 DEBUG [aggregator-service,,,] 35262 --- [    Test worker] o.s.b.f.s.DefaultListableBeanFactory     : Creating shared instance of singleton bean 'healthContributorRegistry'
2020-04-16 18:10:32.390 DEBUG [aggregator-service,,,] 35262 --- [    Test worker] o.s.b.f.s.DefaultListableBeanFactory     : Creating shared instance of singleton bean 'healthEndpointGroups'
2020-04-16 18:10:32.391 DEBUG [aggregator-service,,,] 35262 --- [    Test worker] o.s.b.f.s.DefaultListableBeanFactory     : Creating shared instance of singleton bean 'healthEndpointProperties'
2020-04-16 18:10:32.392 DEBUG [aggregator-service,,,] 35262 --- [    Test worker] o.s.b.f.s.DefaultListableBeanFactory     : Creating shared instance of singleton bean 'org.springframework.boot.actuate.autoconfigure.health.HealthEndpointAutoConfiguration'
2020-04-16 18:10:32.395 DEBUG [aggregator-service,,,] 35262 --- [    Test worker] o.s.b.f.s.DefaultListableBeanFactory     : Creating shared instance of singleton bean 'management.health.status-org.springframework.boot.actuate.autoconfigure.health.HealthIndicatorProperties'
2020-04-16 18:10:32.398 DEBUG [aggregator-service,,,] 35262 --- [    Test worker] o.s.b.f.s.DefaultListableBeanFactory     : Autowiring by type from bean name 'healthEndpointProperties' via factory method to bean named 'management.health.status-org.springframework.boot.actuate.autoconfigure.health.HealthIndicatorProperties'
2020-04-16 18:10:32.403 DEBUG [aggregator-service,,,] 35262 --- [    Test worker] o.s.b.f.s.DefaultListableBeanFactory     : Autowiring by type from bean name 'healthEndpointGroups' via factory method to bean named 'org.springframework.web.context.support.GenericWebApplicationContext@3a7d07d4'
2020-04-16 18:10:32.404 DEBUG [aggregator-service,,,] 35262 --- [    Test worker] o.s.b.f.s.DefaultListableBeanFactory     : Autowiring by type from bean name 'healthEndpointGroups' via factory method to bean named 'healthEndpointProperties'
2020-04-16 18:10:32.406 DEBUG [aggregator-service,,,] 35262 --- [    Test worker] o.s.b.f.s.DefaultListableBeanFactory     : Creating shared instance of singleton bean 'healthStatusAggregator'
2020-04-16 18:10:32.406 DEBUG [aggregator-service,,,] 35262 --- [    Test worker] o.s.b.f.s.DefaultListableBeanFactory     : Autowiring by type from bean name 'healthStatusAggregator' via factory method to bean named 'healthEndpointProperties'
2020-04-16 18:10:32.412 DEBUG [aggregator-service,,,] 35262 --- [    Test worker] o.s.b.f.s.DefaultListableBeanFactory     : Creating shared instance of singleton bean 'healthHttpCodeStatusMapper'
2020-04-16 18:10:32.412 DEBUG [aggregator-service,,,] 35262 --- [    Test worker] o.s.b.f.s.DefaultListableBeanFactory     : Autowiring by type from bean name 'healthHttpCodeStatusMapper' via factory method to bean named 'healthEndpointProperties'
2020-04-16 18:10:32.420 DEBUG [aggregator-service,,,] 35262 --- [    Test worker] o.s.b.f.s.DefaultListableBeanFactory     : Autowiring by type from bean name 'healthContributorRegistry' via factory method to bean named 'org.springframework.web.context.support.GenericWebApplicationContext@3a7d07d4'
2020-04-16 18:10:32.420 DEBUG [aggregator-service,,,] 35262 --- [    Test worker] o.s.b.f.s.DefaultListableBeanFactory     : Autowiring by type from bean name 'healthContributorRegistry' via factory method to bean named 'healthEndpointGroups'
2020-04-16 18:10:32.421 DEBUG [aggregator-service,,,] 35262 --- [    Test worker] o.s.b.f.s.DefaultListableBeanFactory     : Creating shared instance of singleton bean 'diskSpaceHealthIndicator'
2020-04-16 18:10:32.421 DEBUG [aggregator-service,,,] 35262 --- [    Test worker] o.s.b.f.s.DefaultListableBeanFactory     : Creating shared instance of singleton bean 'org.springframework.boot.actuate.autoconfigure.system.DiskSpaceHealthContributorAutoConfiguration'
2020-04-16 18:10:32.424 DEBUG [aggregator-service,,,] 35262 --- [    Test worker] o.s.b.f.s.DefaultListableBeanFactory     : Creating shared instance of singleton bean 'management.health.diskspace-org.springframework.boot.actuate.autoconfigure.system.DiskSpaceHealthIndicatorProperties'
2020-04-16 18:10:32.428 DEBUG [aggregator-service,,,] 35262 --- [    Test worker] o.s.b.f.s.DefaultListableBeanFactory     : Autowiring by type from bean name 'diskSpaceHealthIndicator' via factory method to bean named 'management.health.diskspace-org.springframework.boot.actuate.autoconfigure.system.DiskSpaceHealthIndicatorProperties'
2020-04-16 18:10:32.432 DEBUG [aggregator-service,,,] 35262 --- [    Test worker] o.s.b.f.s.DefaultListableBeanFactory     : Creating shared instance of singleton bean 'pingHealthContributor'
2020-04-16 18:10:32.433 DEBUG [aggregator-service,,,] 35262 --- [    Test worker] o.s.b.f.s.DefaultListableBeanFactory     : Creating shared instance of singleton bean 'org.springframework.boot.actuate.autoconfigure.health.HealthContributorAutoConfiguration'
2020-04-16 18:10:32.437 DEBUG [aggregator-service,,,] 35262 --- [    Test worker] o.s.b.f.s.DefaultListableBeanFactory     : Creating shared instance of singleton bean 'dbHealthContributor'
2020-04-16 18:10:32.437 DEBUG [aggregator-service,,,] 35262 --- [    Test worker] o.s.b.f.s.DefaultListableBeanFactory     : Creating shared instance of singleton bean 'org.springframework.boot.actuate.autoconfigure.jdbc.DataSourceHealthContributorAutoConfiguration'
2020-04-16 18:10:32.438 DEBUG [aggregator-service,,,] 35262 --- [    Test worker] o.s.b.f.s.DefaultListableBeanFactory     : Autowiring by type from bean name 'org.springframework.boot.actuate.autoconfigure.jdbc.DataSourceHealthContributorAutoConfiguration' via constructor to bean named 'dataSource'
2020-04-16 18:10:32.445 DEBUG [aggregator-service,,,] 35262 --- [    Test worker] o.s.b.f.s.DefaultListableBeanFactory     : Autowiring by type from bean name 'dbHealthContributor' via factory method to bean named 'dataSource'
2020-04-16 18:10:32.450 DEBUG [aggregator-service,,,] 35262 --- [    Test worker] o.s.b.f.s.DefaultListableBeanFactory     : Creating shared instance of singleton bean 'refreshScopeHealthIndicator'
2020-04-16 18:10:32.450 DEBUG [aggregator-service,,,] 35262 --- [    Test worker] o.s.b.f.s.DefaultListableBeanFactory     : Creating shared instance of singleton bean 'org.springframework.cloud.autoconfigure.RefreshEndpointAutoConfiguration'
2020-04-16 18:10:32.453 DEBUG [aggregator-service,,,] 35262 --- [    Test worker] o.s.b.f.s.DefaultListableBeanFactory     : Creating shared instance of singleton bean 'configurationPropertiesRebinder'
2020-04-16 18:10:32.453 DEBUG [aggregator-service,,,] 35262 --- [    Test worker] o.s.b.f.s.DefaultListableBeanFactory     : Creating shared instance of singleton bean 'org.springframework.cloud.autoconfigure.ConfigurationPropertiesRebinderAutoConfiguration'
2020-04-16 18:10:32.458 DEBUG [aggregator-service,,,] 35262 --- [    Test worker] o.s.b.f.s.DefaultListableBeanFactory     : Autowiring by type from bean name 'configurationPropertiesRebinder' via factory method to bean named 'configurationPropertiesBeans'
2020-04-16 18:10:32.463 DEBUG [aggregator-service,,,] 35262 --- [    Test worker] o.s.b.f.s.DefaultListableBeanFactory     : Autowiring by type from bean name 'refreshScopeHealthIndicator' via factory method to bean named 'configurationPropertiesRebinder'
2020-04-16 18:10:32.466 DEBUG [aggregator-service,,,] 35262 --- [    Test worker] o.s.b.f.s.DefaultListableBeanFactory     : Creating shared instance of singleton bean 'discoveryCompositeHealthContributor'
2020-04-16 18:10:32.466 DEBUG [aggregator-service,,,] 35262 --- [    Test worker] o.s.b.f.s.DefaultListableBeanFactory     : Creating shared instance of singleton bean 'org.springframework.cloud.client.CommonsClientAutoConfiguration$DiscoveryLoadBalancerConfiguration'
2020-04-16 18:10:32.470 DEBUG [aggregator-service,,,] 35262 --- [    Test worker] o.s.b.f.s.DefaultListableBeanFactory     : Creating shared instance of singleton bean 'discoveryClientHealthIndicator'
2020-04-16 18:10:32.471 DEBUG [aggregator-service,,,] 35262 --- [    Test worker] o.s.b.f.s.DefaultListableBeanFactory     : Creating shared instance of singleton bean 'spring.cloud.discovery.client.health-indicator-org.springframework.cloud.client.discovery.health.DiscoveryClientHealthIndicatorProperties'
2020-04-16 18:10:32.474 DEBUG [aggregator-service,,,] 35262 --- [    Test worker] o.s.b.f.s.DefaultListableBeanFactory     : Autowiring by type from bean name 'discoveryClientHealthIndicator' via factory method to bean named 'spring.cloud.discovery.client.health-indicator-org.springframework.cloud.client.discovery.health.DiscoveryClientHealthIndicatorProperties'
2020-04-16 18:10:32.479 DEBUG [aggregator-service,,,] 35262 --- [    Test worker] o.s.b.f.s.DefaultListableBeanFactory     : Autowiring by type from bean name 'discoveryCompositeHealthContributor' via factory method to bean named 'discoveryClientHealthIndicator'
2020-04-16 18:10:32.485 DEBUG [aggregator-service,,,] 35262 --- [    Test worker] o.s.b.f.s.DefaultListableBeanFactory     : Creating shared instance of singleton bean 'hystrixHealthIndicator'
2020-04-16 18:10:32.485 DEBUG [aggregator-service,,,] 35262 --- [    Test worker] o.s.b.f.s.DefaultListableBeanFactory     : Creating shared instance of singleton bean 'org.springframework.cloud.netflix.hystrix.HystrixAutoConfiguration'
2020-04-16 18:10:32.502 DEBUG [aggregator-service,,,] 35262 --- [    Test worker] o.s.b.f.s.DefaultListableBeanFactory     : Autowiring by type from bean name 'healthEndpoint' via factory method to bean named 'healthContributorRegistry'
2020-04-16 18:10:32.502 DEBUG [aggregator-service,,,] 35262 --- [    Test worker] o.s.b.f.s.DefaultListableBeanFactory     : Autowiring by type from bean name 'healthEndpoint' via factory method to bean named 'healthEndpointGroups'
2020-04-16 18:10:32.509 DEBUG [aggregator-service,,,] 35262 --- [    Test worker] o.s.b.f.s.DefaultListableBeanFactory     : Creating shared instance of singleton bean 'infoEndpoint'
2020-04-16 18:10:32.509 DEBUG [aggregator-service,,,] 35262 --- [    Test worker] o.s.b.f.s.DefaultListableBeanFactory     : Creating shared instance of singleton bean 'org.springframework.boot.actuate.autoconfigure.info.InfoEndpointAutoConfiguration'
2020-04-16 18:10:32.512 DEBUG [aggregator-service,,,] 35262 --- [    Test worker] o.s.b.f.s.DefaultListableBeanFactory     : Creating shared instance of singleton bean 'envInfoContributor'
2020-04-16 18:10:32.512 DEBUG [aggregator-service,,,] 35262 --- [    Test worker] o.s.b.f.s.DefaultListableBeanFactory     : Creating shared instance of singleton bean 'org.springframework.boot.actuate.autoconfigure.info.InfoContributorAutoConfiguration'
2020-04-16 18:10:32.516 DEBUG [aggregator-service,,,] 35262 --- [    Test worker] o.s.b.f.s.DefaultListableBeanFactory     : Autowiring by type from bean name 'envInfoContributor' via factory method to bean named 'environment'
2020-04-16 18:10:32.520 DEBUG [aggregator-service,,,] 35262 --- [    Test worker] o.s.b.f.s.DefaultListableBeanFactory     : Creating shared instance of singleton bean 'metricsEndpoint'
2020-04-16 18:10:32.520 DEBUG [aggregator-service,,,] 35262 --- [    Test worker] o.s.b.f.s.DefaultListableBeanFactory     : Creating shared instance of singleton bean 'org.springframework.boot.actuate.autoconfigure.metrics.MetricsEndpointAutoConfiguration'
2020-04-16 18:10:32.523 DEBUG [aggregator-service,,,] 35262 --- [    Test worker] o.s.b.f.s.DefaultListableBeanFactory     : Autowiring by type from bean name 'metricsEndpoint' via factory method to bean named 'simpleMeterRegistry'
2020-04-16 18:10:32.527 DEBUG [aggregator-service,,,] 35262 --- [    Test worker] o.s.b.f.s.DefaultListableBeanFactory     : Creating shared instance of singleton bean 'hystrixStreamEndpoint'
2020-04-16 18:10:32.527 DEBUG [aggregator-service,,,] 35262 --- [    Test worker] o.s.b.f.s.DefaultListableBeanFactory     : Creating shared instance of singleton bean 'org.springframework.cloud.netflix.hystrix.HystrixAutoConfiguration$HystrixServletAutoConfiguration'
2020-04-16 18:10:32.530 DEBUG [aggregator-service,,,] 35262 --- [    Test worker] o.s.b.f.s.DefaultListableBeanFactory     : Creating shared instance of singleton bean 'management.endpoint.hystrix-org.springframework.cloud.netflix.hystrix.HystrixProperties'
2020-04-16 18:10:32.533 DEBUG [aggregator-service,,,] 35262 --- [    Test worker] o.s.b.f.s.DefaultListableBeanFactory     : Autowiring by type from bean name 'hystrixStreamEndpoint' via factory method to bean named 'management.endpoint.hystrix-org.springframework.cloud.netflix.hystrix.HystrixProperties'
2020-04-16 18:10:32.538 DEBUG [aggregator-service,,,] 35262 --- [    Test worker] o.s.b.f.s.DefaultListableBeanFactory     : Creating shared instance of singleton bean 'healthEndpointWebExtension'
2020-04-16 18:10:32.539 DEBUG [aggregator-service,,,] 35262 --- [    Test worker] o.s.b.f.s.DefaultListableBeanFactory     : Creating shared instance of singleton bean 'org.springframework.boot.actuate.autoconfigure.health.HealthEndpointWebExtensionConfiguration'
2020-04-16 18:10:32.541 DEBUG [aggregator-service,,,] 35262 --- [    Test worker] o.s.b.f.s.DefaultListableBeanFactory     : Autowiring by type from bean name 'healthEndpointWebExtension' via factory method to bean named 'healthContributorRegistry'
2020-04-16 18:10:32.541 DEBUG [aggregator-service,,,] 35262 --- [    Test worker] o.s.b.f.s.DefaultListableBeanFactory     : Autowiring by type from bean name 'healthEndpointWebExtension' via factory method to bean named 'healthEndpointGroups'
2020-04-16 18:10:32.592 DEBUG [aggregator-service,,,] 35262 --- [    Test worker] o.s.c.e.PropertySourcesPropertyResolver  : Found key 'server.port' in PropertySource 'configurationProperties' with value of type String
2020-04-16 18:10:32.592  INFO [aggregator-service,,,] 35262 --- [    Test worker] o.s.b.a.e.web.EndpointLinksResolver      : Exposing 4 endpoint(s) beneath base path ''
2020-04-16 18:10:32.612 DEBUG [aggregator-service,,,] 35262 --- [    Test worker] o.s.b.f.s.DefaultListableBeanFactory     : Creating shared instance of singleton bean 'controllerEndpointHandlerMapping'
2020-04-16 18:10:32.612 DEBUG [aggregator-service,,,] 35262 --- [    Test worker] o.s.b.f.s.DefaultListableBeanFactory     : Autowiring by type from bean name 'controllerEndpointHandlerMapping' via factory method to bean named 'controllerEndpointDiscoverer'
2020-04-16 18:10:32.612 DEBUG [aggregator-service,,,] 35262 --- [    Test worker] o.s.b.f.s.DefaultListableBeanFactory     : Autowiring by type from bean name 'controllerEndpointHandlerMapping' via factory method to bean named 'management.endpoints.web.cors-org.springframework.boot.actuate.autoconfigure.endpoint.web.CorsEndpointProperties'
2020-04-16 18:10:32.612 DEBUG [aggregator-service,,,] 35262 --- [    Test worker] o.s.b.f.s.DefaultListableBeanFactory     : Autowiring by type from bean name 'controllerEndpointHandlerMapping' via factory method to bean named 'management.endpoints.web-org.springframework.boot.actuate.autoconfigure.endpoint.web.WebEndpointProperties'
2020-04-16 18:10:32.626 DEBUG [aggregator-service,,,] 35262 --- [    Test worker] o.s.b.f.s.DefaultListableBeanFactory     : Autowiring by type from bean name 'webMvcRequestHandlerProvider' via constructor to bean named 'methodResolver'
2020-04-16 18:10:32.626 DEBUG [aggregator-service,,,] 35262 --- [    Test worker] o.s.b.f.s.DefaultListableBeanFactory     : Autowiring by type from bean name 'webMvcRequestHandlerProvider' via constructor to bean named 'requestMappingHandlerMapping'
2020-04-16 18:10:32.626 DEBUG [aggregator-service,,,] 35262 --- [    Test worker] o.s.b.f.s.DefaultListableBeanFactory     : Autowiring by type from bean name 'webMvcRequestHandlerProvider' via constructor to bean named 'webEndpointServletHandlerMapping'
2020-04-16 18:10:32.626 DEBUG [aggregator-service,,,] 35262 --- [    Test worker] o.s.b.f.s.DefaultListableBeanFactory     : Autowiring by type from bean name 'webMvcRequestHandlerProvider' via constructor to bean named 'controllerEndpointHandlerMapping'
2020-04-16 18:10:32.629 DEBUG [aggregator-service,,,] 35262 --- [    Test worker] o.s.b.f.s.DefaultListableBeanFactory     : Creating shared instance of singleton bean 'documentationPluginsBootstrapper'
2020-04-16 18:10:32.631 DEBUG [aggregator-service,,,] 35262 --- [    Test worker] o.s.b.f.s.DefaultListableBeanFactory     : Creating shared instance of singleton bean 'resourceGroupCache'
2020-04-16 18:10:32.635 DEBUG [aggregator-service,,,] 35262 --- [    Test worker] o.s.b.f.s.DefaultListableBeanFactory     : Creating shared instance of singleton bean 'defaults'
2020-04-16 18:10:32.641 DEBUG [aggregator-service,,,] 35262 --- [    Test worker] o.s.b.f.s.DefaultListableBeanFactory     : Creating shared instance of singleton bean 'pathProvider'
2020-04-16 18:10:32.644 DEBUG [aggregator-service,,,] 35262 --- [    Test worker] o.s.b.f.s.DefaultListableBeanFactory     : Autowiring by type from bean name 'documentationPluginsBootstrapper' via constructor to bean named 'documentationPluginsManager'
2020-04-16 18:10:32.644 DEBUG [aggregator-service,,,] 35262 --- [    Test worker] o.s.b.f.s.DefaultListableBeanFactory     : Autowiring by type from bean name 'documentationPluginsBootstrapper' via constructor to bean named 'webMvcRequestHandlerProvider'
2020-04-16 18:10:32.644 DEBUG [aggregator-service,,,] 35262 --- [    Test worker] o.s.b.f.s.DefaultListableBeanFactory     : Autowiring by type from bean name 'documentationPluginsBootstrapper' via constructor to bean named 'resourceGroupCache'
2020-04-16 18:10:32.644 DEBUG [aggregator-service,,,] 35262 --- [    Test worker] o.s.b.f.s.DefaultListableBeanFactory     : Autowiring by type from bean name 'documentationPluginsBootstrapper' via constructor to bean named 'apiDocumentationScanner'
2020-04-16 18:10:32.644 DEBUG [aggregator-service,,,] 35262 --- [    Test worker] o.s.b.f.s.DefaultListableBeanFactory     : Autowiring by type from bean name 'documentationPluginsBootstrapper' via constructor to bean named 'typeResolver'
2020-04-16 18:10:32.644 DEBUG [aggregator-service,,,] 35262 --- [    Test worker] o.s.b.f.s.DefaultListableBeanFactory     : Autowiring by type from bean name 'documentationPluginsBootstrapper' via constructor to bean named 'defaults'
2020-04-16 18:10:32.644 DEBUG [aggregator-service,,,] 35262 --- [    Test worker] o.s.b.f.s.DefaultListableBeanFactory     : Autowiring by type from bean name 'documentationPluginsBootstrapper' via constructor to bean named 'pathProvider'
2020-04-16 18:10:32.644 DEBUG [aggregator-service,,,] 35262 --- [    Test worker] o.s.b.f.s.DefaultListableBeanFactory     : Autowiring by type from bean name 'documentationPluginsBootstrapper' via constructor to bean named 'environment'
2020-04-16 18:10:32.651 DEBUG [aggregator-service,,,] 35262 --- [    Test worker] o.s.b.f.s.DefaultListableBeanFactory     : Creating shared instance of singleton bean 'pathSanitizer'
2020-04-16 18:10:32.655 DEBUG [aggregator-service,,,] 35262 --- [    Test worker] o.s.b.f.s.DefaultListableBeanFactory     : Creating shared instance of singleton bean 'pathMappingDecorator'
2020-04-16 18:10:32.657 DEBUG [aggregator-service,,,] 35262 --- [    Test worker] o.s.b.f.s.DefaultListableBeanFactory     : Creating shared instance of singleton bean 'queryStringUriTemplateDecorator'
2020-04-16 18:10:32.668 DEBUG [aggregator-service,,,] 35262 --- [    Test worker] o.s.b.f.s.DefaultListableBeanFactory     : Creating shared instance of singleton bean 'operationPathDecorator'
2020-04-16 18:10:32.671 DEBUG [aggregator-service,,,] 35262 --- [    Test worker] o.s.b.f.s.DefaultListableBeanFactory     : Creating shared instance of singleton bean 'xmlModelPlugin'
2020-04-16 18:10:32.671 DEBUG [aggregator-service,,,] 35262 --- [    Test worker] o.s.b.f.s.DefaultListableBeanFactory     : Autowiring by type from bean name 'xmlModelPlugin' via constructor to bean named 'typeResolver'
2020-04-16 18:10:32.674 DEBUG [aggregator-service,,,] 35262 --- [    Test worker] o.s.b.f.s.DefaultListableBeanFactory     : Creating shared instance of singleton bean 'propertyDiscriminatorBasedInheritancePlugin'
2020-04-16 18:10:32.674 DEBUG [aggregator-service,,,] 35262 --- [    Test worker] o.s.b.f.s.DefaultListableBeanFactory     : Autowiring by type from bean name 'propertyDiscriminatorBasedInheritancePlugin' via constructor to bean named 'typeResolver'
2020-04-16 18:10:32.674 DEBUG [aggregator-service,,,] 35262 --- [    Test worker] o.s.b.f.s.DefaultListableBeanFactory     : Autowiring by type from bean name 'propertyDiscriminatorBasedInheritancePlugin' via constructor to bean named 'jacksonEnumTypeDeterminer'
2020-04-16 18:10:32.674 DEBUG [aggregator-service,,,] 35262 --- [    Test worker] o.s.b.f.s.DefaultListableBeanFactory     : Autowiring by type from bean name 'propertyDiscriminatorBasedInheritancePlugin' via constructor to bean named 'typeNameExtractor'
2020-04-16 18:10:32.677 DEBUG [aggregator-service,,,] 35262 --- [    Test worker] o.s.b.f.s.DefaultListableBeanFactory     : Creating shared instance of singleton bean 'xmlPropertyPlugin'
2020-04-16 18:10:32.680 DEBUG [aggregator-service,,,] 35262 --- [    Test worker] o.s.b.f.s.DefaultListableBeanFactory     : Creating shared instance of singleton bean 'jacksonJsonViewProvider'
2020-04-16 18:10:32.680 DEBUG [aggregator-service,,,] 35262 --- [    Test worker] o.s.b.f.s.DefaultListableBeanFactory     : Autowiring by type from bean name 'jacksonJsonViewProvider' via constructor to bean named 'typeResolver'
2020-04-16 18:10:32.683 DEBUG [aggregator-service,,,] 35262 --- [    Test worker] o.s.b.f.s.DefaultListableBeanFactory     : Creating shared instance of singleton bean 'apiModelBuilder'
2020-04-16 18:10:32.683 DEBUG [aggregator-service,,,] 35262 --- [    Test worker] o.s.b.f.s.DefaultListableBeanFactory     : Autowiring by type from bean name 'apiModelBuilder' via constructor to bean named 'typeResolver'
2020-04-16 18:10:32.683 DEBUG [aggregator-service,,,] 35262 --- [    Test worker] o.s.b.f.s.DefaultListableBeanFactory     : Autowiring by type from bean name 'apiModelBuilder' via constructor to bean named 'typeNameExtractor'
2020-04-16 18:10:32.683 DEBUG [aggregator-service,,,] 35262 --- [    Test worker] o.s.b.f.s.DefaultListableBeanFactory     : Autowiring by type from bean name 'apiModelBuilder' via constructor to bean named 'jacksonEnumTypeDeterminer'
2020-04-16 18:10:32.685 DEBUG [aggregator-service,,,] 35262 --- [    Test worker] o.s.b.f.s.DefaultListableBeanFactory     : Creating shared instance of singleton bean 'apiModelTypeNameProvider'
2020-04-16 18:10:32.688 DEBUG [aggregator-service,,,] 35262 --- [    Test worker] o.s.b.f.s.DefaultListableBeanFactory     : Creating shared instance of singleton bean 'apiModelPropertyPropertyBuilder'
2020-04-16 18:10:32.688 DEBUG [aggregator-service,,,] 35262 --- [    Test worker] o.s.b.f.s.DefaultListableBeanFactory     : Autowiring by type from bean name 'apiModelPropertyPropertyBuilder' via constructor to bean named 'descriptionResolver'
2020-04-16 18:10:32.690 DEBUG [aggregator-service,,,] 35262 --- [    Test worker] o.s.b.f.s.DefaultListableBeanFactory     : Creating shared instance of singleton bean 'operationHiddenReader'
2020-04-16 18:10:32.692 DEBUG [aggregator-service,,,] 35262 --- [    Test worker] o.s.b.f.s.DefaultListableBeanFactory     : Creating shared instance of singleton bean 'swaggerOperationResponseClassReader'
2020-04-16 18:10:32.693 DEBUG [aggregator-service,,,] 35262 --- [    Test worker] o.s.b.f.s.DefaultListableBeanFactory     : Autowiring by type from bean name 'swaggerOperationResponseClassReader' via constructor to bean named 'typeResolver'
2020-04-16 18:10:32.693 DEBUG [aggregator-service,,,] 35262 --- [    Test worker] o.s.b.f.s.DefaultListableBeanFactory     : Autowiring by type from bean name 'swaggerOperationResponseClassReader' via constructor to bean named 'jacksonEnumTypeDeterminer'
2020-04-16 18:10:32.693 DEBUG [aggregator-service,,,] 35262 --- [    Test worker] o.s.b.f.s.DefaultListableBeanFactory     : Autowiring by type from bean name 'swaggerOperationResponseClassReader' via constructor to bean named 'typeNameExtractor'
2020-04-16 18:10:32.696 DEBUG [aggregator-service,,,] 35262 --- [    Test worker] o.s.b.f.s.DefaultListableBeanFactory     : Creating shared instance of singleton bean 'operationAuthReader'
2020-04-16 18:10:32.699 DEBUG [aggregator-service,,,] 35262 --- [    Test worker] o.s.b.f.s.DefaultListableBeanFactory     : Creating shared instance of singleton bean 'swaggerOperationModelsProvider'
2020-04-16 18:10:32.699 DEBUG [aggregator-service,,,] 35262 --- [    Test worker] o.s.b.f.s.DefaultListableBeanFactory     : Autowiring by type from bean name 'swaggerOperationModelsProvider' via constructor to bean named 'typeResolver'
2020-04-16 18:10:32.702 DEBUG [aggregator-service,,,] 35262 --- [    Test worker] o.s.b.f.s.DefaultListableBeanFactory     : Creating shared instance of singleton bean 'operationHttpMethodReader'
2020-04-16 18:10:32.704 DEBUG [aggregator-service,,,] 35262 --- [    Test worker] o.s.b.f.s.DefaultListableBeanFactory     : Creating shared instance of singleton bean 'swaggerMediaTypeReader'
2020-04-16 18:10:32.706 DEBUG [aggregator-service,,,] 35262 --- [    Test worker] o.s.b.f.s.DefaultListableBeanFactory     : Creating shared instance of singleton bean 'operationNicknameIntoUniqueIdReader'
2020-04-16 18:10:32.708 DEBUG [aggregator-service,,,] 35262 --- [    Test worker] o.s.b.f.s.DefaultListableBeanFactory     : Creating shared instance of singleton bean 'operationNotesReader'
2020-04-16 18:10:32.709 DEBUG [aggregator-service,,,] 35262 --- [    Test worker] o.s.b.f.s.DefaultListableBeanFactory     : Autowiring by type from bean name 'operationNotesReader' via constructor to bean named 'descriptionResolver'
2020-04-16 18:10:32.711 DEBUG [aggregator-service,,,] 35262 --- [    Test worker] o.s.b.f.s.DefaultListableBeanFactory     : Creating shared instance of singleton bean 'swaggerOperationTagsReader'
2020-04-16 18:10:32.712 DEBUG [aggregator-service,,,] 35262 --- [    Test worker] o.s.b.f.s.DefaultListableBeanFactory     : Autowiring by type from bean name 'swaggerOperationTagsReader' via constructor to bean named 'defaultTagsProvider'
2020-04-16 18:10:32.714 DEBUG [aggregator-service,,,] 35262 --- [    Test worker] o.s.b.f.s.DefaultListableBeanFactory     : Creating shared instance of singleton bean 'swaggerResponseMessageReader'
2020-04-16 18:10:32.715 DEBUG [aggregator-service,,,] 35262 --- [    Test worker] o.s.b.f.s.DefaultListableBeanFactory     : Autowiring by type from bean name 'swaggerResponseMessageReader' via constructor to bean named 'jacksonEnumTypeDeterminer'
2020-04-16 18:10:32.715 DEBUG [aggregator-service,,,] 35262 --- [    Test worker] o.s.b.f.s.DefaultListableBeanFactory     : Autowiring by type from bean name 'swaggerResponseMessageReader' via constructor to bean named 'typeNameExtractor'
2020-04-16 18:10:32.715 DEBUG [aggregator-service,,,] 35262 --- [    Test worker] o.s.b.f.s.DefaultListableBeanFactory     : Autowiring by type from bean name 'swaggerResponseMessageReader' via constructor to bean named 'typeResolver'
2020-04-16 18:10:32.718 DEBUG [aggregator-service,,,] 35262 --- [    Test worker] o.s.b.f.s.DefaultListableBeanFactory     : Creating shared instance of singleton bean 'operationSummaryReader'
2020-04-16 18:10:32.718 DEBUG [aggregator-service,,,] 35262 --- [    Test worker] o.s.b.f.s.DefaultListableBeanFactory     : Autowiring by type from bean name 'operationSummaryReader' via constructor to bean named 'descriptionResolver'
2020-04-16 18:10:32.720 DEBUG [aggregator-service,,,] 35262 --- [    Test worker] o.s.b.f.s.DefaultListableBeanFactory     : Creating shared instance of singleton bean 'vendorExtensionsReader'
2020-04-16 18:10:32.723 DEBUG [aggregator-service,,,] 35262 --- [    Test worker] o.s.b.f.s.DefaultListableBeanFactory     : Creating shared instance of singleton bean 'operationImplicitParameterReader'
2020-04-16 18:10:32.724 DEBUG [aggregator-service,,,] 35262 --- [    Test worker] o.s.b.f.s.DefaultListableBeanFactory     : Autowiring by type from bean name 'operationImplicitParameterReader' via constructor to bean named 'descriptionResolver'
2020-04-16 18:10:32.726 DEBUG [aggregator-service,,,] 35262 --- [    Test worker] o.s.b.f.s.DefaultListableBeanFactory     : Creating shared instance of singleton bean 'operationImplicitParametersReader'
2020-04-16 18:10:32.726 DEBUG [aggregator-service,,,] 35262 --- [    Test worker] o.s.b.f.s.DefaultListableBeanFactory     : Autowiring by type from bean name 'operationImplicitParametersReader' via constructor to bean named 'descriptionResolver'
2020-04-16 18:10:32.729 DEBUG [aggregator-service,,,] 35262 --- [    Test worker] o.s.b.f.s.DefaultListableBeanFactory     : Creating shared instance of singleton bean 'operationPositionReader'
2020-04-16 18:10:32.731 DEBUG [aggregator-service,,,] 35262 --- [    Test worker] o.s.b.f.s.DefaultListableBeanFactory     : Creating shared instance of singleton bean 'swaggerExpandedParameterBuilder'
2020-04-16 18:10:32.732 DEBUG [aggregator-service,,,] 35262 --- [    Test worker] o.s.b.f.s.DefaultListableBeanFactory     : Autowiring by type from bean name 'swaggerExpandedParameterBuilder' via constructor to bean named 'descriptionResolver'
2020-04-16 18:10:32.732 DEBUG [aggregator-service,,,] 35262 --- [    Test worker] o.s.b.f.s.DefaultListableBeanFactory     : Autowiring by type from bean name 'swaggerExpandedParameterBuilder' via constructor to bean named 'jacksonEnumTypeDeterminer'
2020-04-16 18:10:32.735 DEBUG [aggregator-service,,,] 35262 --- [    Test worker] o.s.b.f.s.DefaultListableBeanFactory     : Creating shared instance of singleton bean 'swaggerParameterDescriptionReader'
2020-04-16 18:10:32.735 DEBUG [aggregator-service,,,] 35262 --- [    Test worker] o.s.b.f.s.DefaultListableBeanFactory     : Autowiring by type from bean name 'swaggerParameterDescriptionReader' via constructor to bean named 'descriptionResolver'
2020-04-16 18:10:32.735 DEBUG [aggregator-service,,,] 35262 --- [    Test worker] o.s.b.f.s.DefaultListableBeanFactory     : Autowiring by type from bean name 'swaggerParameterDescriptionReader' via constructor to bean named 'jacksonEnumTypeDeterminer'
2020-04-16 18:10:32.738 DEBUG [aggregator-service,,,] 35262 --- [    Test worker] o.s.b.f.s.DefaultListableBeanFactory     : Creating shared instance of singleton bean 'swaggerApiListingReader'
2020-04-16 18:10:32.740 DEBUG [aggregator-service,,,] 35262 --- [    Test worker] o.s.b.f.s.DefaultListableBeanFactory     : Creating shared instance of singleton bean 'classOrApiAnnotationResourceGrouping'
2020-04-16 18:10:32.744 DEBUG [aggregator-service,,,] 35262 --- [    Test worker] o.s.b.f.s.DefaultListableBeanFactory     : Creating shared instance of singleton bean 'inMemorySwaggerResourcesProvider'
2020-04-16 18:10:32.744 DEBUG [aggregator-service,,,] 35262 --- [    Test worker] o.s.b.f.s.DefaultListableBeanFactory     : Autowiring by type from bean name 'inMemorySwaggerResourcesProvider' via constructor to bean named 'environment'
2020-04-16 18:10:32.745 DEBUG [aggregator-service,,,] 35262 --- [    Test worker] o.s.b.f.s.DefaultListableBeanFactory     : Autowiring by type from bean name 'inMemorySwaggerResourcesProvider' via constructor to bean named 'resourceGroupCache'
2020-04-16 18:10:32.748 DEBUG [aggregator-service,,,] 35262 --- [    Test worker] o.s.b.f.s.DefaultListableBeanFactory     : Creating shared instance of singleton bean 'apiResourceController'
2020-04-16 18:10:32.749 DEBUG [aggregator-service,,,] 35262 --- [    Test worker] o.s.b.f.s.DefaultListableBeanFactory     : Autowiring by type from bean name 'apiResourceController' via constructor to bean named 'inMemorySwaggerResourcesProvider'
2020-04-16 18:10:32.752 DEBUG [aggregator-service,,,] 35262 --- [    Test worker] o.s.b.f.s.DefaultListableBeanFactory     : Creating shared instance of singleton bean 'repositoryEntityController'
2020-04-16 18:10:32.759 DEBUG [aggregator-service,,,] 35262 --- [    Test worker] o.s.b.f.s.DefaultListableBeanFactory     : Creating shared instance of singleton bean 'pagedResourcesAssembler'
2020-04-16 18:10:32.767 DEBUG [aggregator-service,,,] 35262 --- [    Test worker] o.s.b.f.s.DefaultListableBeanFactory     : Creating shared instance of singleton bean 'httpHeadersPreparer'
2020-04-16 18:10:32.767 DEBUG [aggregator-service,,,] 35262 --- [    Test worker] o.s.b.f.s.DefaultListableBeanFactory     : Creating shared instance of singleton bean 'auditableBeanWrapperFactory'
2020-04-16 18:10:32.781 DEBUG [aggregator-service,,,] 35262 --- [    Test worker] o.s.b.f.s.DefaultListableBeanFactory     : Autowiring by type from bean name 'repositoryEntityController' via constructor to bean named 'repositories'
2020-04-16 18:10:32.781 DEBUG [aggregator-service,,,] 35262 --- [    Test worker] o.s.b.f.s.DefaultListableBeanFactory     : Autowiring by type from bean name 'repositoryEntityController' via constructor to bean named 'repositoryRestConfiguration'
2020-04-16 18:10:32.781 DEBUG [aggregator-service,,,] 35262 --- [    Test worker] o.s.b.f.s.DefaultListableBeanFactory     : Autowiring by type from bean name 'repositoryEntityController' via constructor to bean named 'entityLinks'
2020-04-16 18:10:32.781 DEBUG [aggregator-service,,,] 35262 --- [    Test worker] o.s.b.f.s.DefaultListableBeanFactory     : Autowiring by type from bean name 'repositoryEntityController' via constructor to bean named 'pagedResourcesAssembler'
2020-04-16 18:10:32.781 DEBUG [aggregator-service,,,] 35262 --- [    Test worker] o.s.b.f.s.DefaultListableBeanFactory     : Autowiring by type from bean name 'repositoryEntityController' via constructor to bean named 'httpHeadersPreparer'
2020-04-16 18:10:32.788 DEBUG [aggregator-service,,,] 35262 --- [    Test worker] o.s.b.f.s.DefaultListableBeanFactory     : Creating shared instance of singleton bean 'repositoryPropertyReferenceController'
2020-04-16 18:10:32.791 DEBUG [aggregator-service,,,] 35262 --- [    Test worker] o.s.b.f.s.DefaultListableBeanFactory     : Autowiring by type from bean name 'repositoryPropertyReferenceController' via constructor to bean named 'repositories'
2020-04-16 18:10:32.791 DEBUG [aggregator-service,,,] 35262 --- [    Test worker] o.s.b.f.s.DefaultListableBeanFactory     : Autowiring by type from bean name 'repositoryPropertyReferenceController' via constructor to bean named 'repositoryInvokerFactory'
2020-04-16 18:10:32.791 DEBUG [aggregator-service,,,] 35262 --- [    Test worker] o.s.b.f.s.DefaultListableBeanFactory     : Autowiring by type from bean name 'repositoryPropertyReferenceController' via constructor to bean named 'pagedResourcesAssembler'
2020-04-16 18:10:32.796 DEBUG [aggregator-service,,,] 35262 --- [    Test worker] o.s.b.f.s.DefaultListableBeanFactory     : Creating shared instance of singleton bean 'repositorySearchController'
2020-04-16 18:10:32.800 DEBUG [aggregator-service,,,] 35262 --- [    Test worker] o.s.b.f.s.DefaultListableBeanFactory     : Autowiring by type from bean name 'repositorySearchController' via constructor to bean named 'pagedResourcesAssembler'
2020-04-16 18:10:32.800 DEBUG [aggregator-service,,,] 35262 --- [    Test worker] o.s.b.f.s.DefaultListableBeanFactory     : Autowiring by type from bean name 'repositorySearchController' via constructor to bean named 'entityLinks'
2020-04-16 18:10:32.800 DEBUG [aggregator-service,,,] 35262 --- [    Test worker] o.s.b.f.s.DefaultListableBeanFactory     : Autowiring by type from bean name 'repositorySearchController' via constructor to bean named 'resourceMappings'
2020-04-16 18:10:32.800 DEBUG [aggregator-service,,,] 35262 --- [    Test worker] o.s.b.f.s.DefaultListableBeanFactory     : Autowiring by type from bean name 'repositorySearchController' via constructor to bean named 'httpHeadersPreparer'
2020-04-16 18:10:32.803 DEBUG [aggregator-service,,,] 35262 --- [    Test worker] o.s.b.f.s.DefaultListableBeanFactory     : Creating shared instance of singleton bean 'profileController'
2020-04-16 18:10:32.804 DEBUG [aggregator-service,,,] 35262 --- [    Test worker] o.s.b.f.s.DefaultListableBeanFactory     : Autowiring by type from bean name 'profileController' via constructor to bean named 'repositoryRestConfiguration'
2020-04-16 18:10:32.804 DEBUG [aggregator-service,,,] 35262 --- [    Test worker] o.s.b.f.s.DefaultListableBeanFactory     : Autowiring by type from bean name 'profileController' via constructor to bean named 'resourceMappings'
2020-04-16 18:10:32.804 DEBUG [aggregator-service,,,] 35262 --- [    Test worker] o.s.b.f.s.DefaultListableBeanFactory     : Autowiring by type from bean name 'profileController' via constructor to bean named 'repositories'
2020-04-16 18:10:32.807 DEBUG [aggregator-service,,,] 35262 --- [    Test worker] o.s.b.f.s.DefaultListableBeanFactory     : Creating shared instance of singleton bean 'repositorySchemaController'
2020-04-16 18:10:32.808 DEBUG [aggregator-service,,,] 35262 --- [    Test worker] o.s.b.f.s.DefaultListableBeanFactory     : Autowiring by type from bean name 'repositorySchemaController' via constructor to bean named 'jsonSchemaConverter'
2020-04-16 18:10:32.809 DEBUG [aggregator-service,,,] 35262 --- [    Test worker] o.s.b.f.s.DefaultListableBeanFactory     : Creating shared instance of singleton bean 'repositoryController'
2020-04-16 18:10:32.811 DEBUG [aggregator-service,,,] 35262 --- [    Test worker] o.s.b.f.s.DefaultListableBeanFactory     : Creating shared instance of singleton bean 'delegatingEntityLinks'
2020-04-16 18:10:32.813 DEBUG [aggregator-service,,,] 35262 --- [    Test worker] o.s.b.f.s.DefaultListableBeanFactory     : Autowiring by type from bean name 'delegatingEntityLinks' via factory method to bean named 'entityLinksPluginRegistry'
2020-04-16 18:10:32.817 DEBUG [aggregator-service,,,] 35262 --- [    Test worker] o.s.b.f.s.DefaultListableBeanFactory     : Autowiring by type from bean name 'repositoryController' via constructor to bean named 'pagedResourcesAssembler'
2020-04-16 18:10:32.817 DEBUG [aggregator-service,,,] 35262 --- [    Test worker] o.s.b.f.s.DefaultListableBeanFactory     : Autowiring by type from bean name 'repositoryController' via constructor to bean named 'repositories'
2020-04-16 18:10:32.817 DEBUG [aggregator-service,,,] 35262 --- [    Test worker] o.s.b.f.s.DefaultListableBeanFactory     : Autowiring by type from bean name 'repositoryController' via constructor to bean named 'delegatingEntityLinks'
2020-04-16 18:10:32.817 DEBUG [aggregator-service,,,] 35262 --- [    Test worker] o.s.b.f.s.DefaultListableBeanFactory     : Autowiring by type from bean name 'repositoryController' via constructor to bean named 'resourceMappings'
2020-04-16 18:10:32.819 DEBUG [aggregator-service,,,] 35262 --- [    Test worker] o.s.b.f.s.DefaultListableBeanFactory     : Creating shared instance of singleton bean 'alpsController'
2020-04-16 18:10:32.820 DEBUG [aggregator-service,,,] 35262 --- [    Test worker] o.s.b.f.s.DefaultListableBeanFactory     : Autowiring by type from bean name 'alpsController' via constructor to bean named 'repositoryRestConfiguration'
2020-04-16 18:10:32.821 DEBUG [aggregator-service,,,] 35262 --- [    Test worker] o.s.b.f.s.DefaultListableBeanFactory     : Creating shared instance of singleton bean 'jsonSerializer'
2020-04-16 18:10:32.823 DEBUG [aggregator-service,,,] 35262 --- [    Test worker] o.s.b.f.s.DefaultListableBeanFactory     : Creating shared instance of singleton bean 'swagger2Module'
2020-04-16 18:10:32.823 DEBUG [aggregator-service,,,] 35262 --- [    Test worker] o.s.b.f.s.DefaultListableBeanFactory     : Creating shared instance of singleton bean 'springfox.documentation.swagger2.configuration.Swagger2DocumentationWebMvcConfiguration'
2020-04-16 18:10:32.833 DEBUG [aggregator-service,,,] 35262 --- [    Test worker] o.s.b.f.s.DefaultListableBeanFactory     : Autowiring by type from bean name 'jsonSerializer' via factory method to bean named 'swagger2Module'
2020-04-16 18:10:32.837 DEBUG [aggregator-service,,,] 35262 --- [    Test worker] o.s.b.f.s.DefaultListableBeanFactory     : Creating shared instance of singleton bean 'springfox.documentation.spring.web.SpringfoxWebMvcConfiguration'
2020-04-16 18:10:32.841 DEBUG [aggregator-service,,,] 35262 --- [    Test worker] o.s.b.f.s.DefaultListableBeanFactory     : Creating shared instance of singleton bean 'springfox.documentation.swagger.configuration.SwaggerCommonConfiguration'
2020-04-16 18:10:32.845 DEBUG [aggregator-service,,,] 35262 --- [    Test worker] o.s.b.f.s.DefaultListableBeanFactory     : Creating shared instance of singleton bean 'swagger2ControllerMapping'
2020-04-16 18:10:32.847 DEBUG [aggregator-service,,,] 35262 --- [    Test worker] o.s.b.f.s.DefaultListableBeanFactory     : Autowiring by type from bean name 'swagger2ControllerMapping' via factory method to bean named 'environment'
2020-04-16 18:10:32.848 DEBUG [aggregator-service,,,] 35262 --- [    Test worker] o.s.b.f.s.DefaultListableBeanFactory     : Autowiring by type from bean name 'swagger2ControllerMapping' via factory method to bean named 'resourceGroupCache'
2020-04-16 18:10:32.848 DEBUG [aggregator-service,,,] 35262 --- [    Test worker] o.s.b.f.s.DefaultListableBeanFactory     : Autowiring by type from bean name 'swagger2ControllerMapping' via factory method to bean named 'serviceModelToSwagger2MapperImpl'
2020-04-16 18:10:32.848 DEBUG [aggregator-service,,,] 35262 --- [    Test worker] o.s.b.f.s.DefaultListableBeanFactory     : Autowiring by type from bean name 'swagger2ControllerMapping' via factory method to bean named 'jsonSerializer'
2020-04-16 18:10:32.859 DEBUG [aggregator-service,,,] 35262 --- [    Test worker] pertySourcedRequestMappingHandlerMapping : initialising the handler methods
2020-04-16 18:10:32.862  INFO [aggregator-service,,,] 35262 --- [    Test worker] pertySourcedRequestMappingHandlerMapping : Mapped URL path [/v2/api-docs] onto method [springfox.documentation.swagger2.web.Swagger2ControllerWebMvc#getDocumentation(String, HttpServletRequest)]
2020-04-16 18:10:32.865 DEBUG [aggregator-service,,,] 35262 --- [    Test worker] o.s.b.f.s.DefaultListableBeanFactory     : Creating shared instance of singleton bean 'docket'
2020-04-16 18:10:32.873 DEBUG [aggregator-service,,,] 35262 --- [    Test worker] o.s.b.f.s.DefaultListableBeanFactory     : Creating shared instance of singleton bean 'org.springframework.cloud.netflix.hystrix.dashboard.HystrixDashboardConfiguration'
2020-04-16 18:10:32.875 DEBUG [aggregator-service,,,] 35262 --- [    Test worker] o.s.b.f.s.DefaultListableBeanFactory     : Creating shared instance of singleton bean 'hystrix.dashboard-org.springframework.cloud.netflix.hystrix.dashboard.HystrixDashboardProperties'
2020-04-16 18:10:32.878 DEBUG [aggregator-service,,,] 35262 --- [    Test worker] o.s.b.f.s.DefaultListableBeanFactory     : Creating shared instance of singleton bean 'hystrixDashboardFeature'
2020-04-16 18:10:32.880 DEBUG [aggregator-service,,,] 35262 --- [    Test worker] o.s.b.f.s.DefaultListableBeanFactory     : Creating shared instance of singleton bean 'freeMarkerConfigurer'
2020-04-16 18:10:32.947 DEBUG [aggregator-service,,,] 35262 --- [    Test worker] o.s.w.s.v.f.FreeMarkerConfigurer         : File system access not preferred: using SpringTemplateLoader
2020-04-16 18:10:32.948 DEBUG [aggregator-service,,,] 35262 --- [    Test worker] o.s.ui.freemarker.SpringTemplateLoader   : SpringTemplateLoader for FreeMarker: using resource loader [org.springframework.web.context.support.GenericWebApplicationContext@3a7d07d4, started on Thu Apr 16 18:10:28 IST 2020, parent: org.springframework.context.annotation.AnnotationConfigApplicationContext@7cae1ec3] and template loader path [classpath:/templates/]
2020-04-16 18:10:32.952 DEBUG [aggregator-service,,,] 35262 --- [    Test worker] o.s.b.f.s.DefaultListableBeanFactory     : Creating shared instance of singleton bean 'proxyStreamServlet'
2020-04-16 18:10:32.960 DEBUG [aggregator-service,,,] 35262 --- [    Test worker] o.s.b.f.s.DefaultListableBeanFactory     : Creating shared instance of singleton bean 'hsytrixDashboardController'
2020-04-16 18:10:32.962 DEBUG [aggregator-service,,,] 35262 --- [    Test worker] o.s.b.f.s.DefaultListableBeanFactory     : Creating shared instance of singleton bean 'org.springframework.boot.context.properties.ConfigurationBeanFactoryMetadata'
2020-04-16 18:10:32.965 DEBUG [aggregator-service,,,] 35262 --- [    Test worker] o.s.b.f.s.DefaultListableBeanFactory     : Creating shared instance of singleton bean 'org.springframework.cloud.netflix.hystrix.HystrixCircuitBreakerConfiguration'
2020-04-16 18:10:32.966 DEBUG [aggregator-service,,,] 35262 --- [    Test worker] o.s.b.f.s.DefaultListableBeanFactory     : Creating shared instance of singleton bean 'hystrixCommandAspect'
2020-04-16 18:10:32.974 DEBUG [aggregator-service,,,] 35262 --- [    Test worker] o.s.b.f.s.DefaultListableBeanFactory     : Creating shared instance of singleton bean 'hystrixShutdownHook'
2020-04-16 18:10:32.976 DEBUG [aggregator-service,,,] 35262 --- [    Test worker] o.s.b.f.s.DefaultListableBeanFactory     : Creating shared instance of singleton bean 'hystrixFeature'
2020-04-16 18:10:32.976 DEBUG [aggregator-service,,,] 35262 --- [    Test worker] o.s.b.f.s.DefaultListableBeanFactory     : Creating shared instance of singleton bean 'org.springframework.boot.autoconfigure.context.PropertyPlaceholderAutoConfiguration'
2020-04-16 18:10:32.978 DEBUG [aggregator-service,,,] 35262 --- [    Test worker] o.s.b.f.s.DefaultListableBeanFactory     : Creating shared instance of singleton bean 'org.springframework.boot.autoconfigure.websocket.servlet.WebSocketServletAutoConfiguration$TomcatWebSocketConfiguration'
2020-04-16 18:10:32.980 DEBUG [aggregator-service,,,] 35262 --- [    Test worker] o.s.b.f.s.DefaultListableBeanFactory     : Creating shared instance of singleton bean 'websocketServletWebServerCustomizer'
2020-04-16 18:10:32.982 DEBUG [aggregator-service,,,] 35262 --- [    Test worker] o.s.b.f.s.DefaultListableBeanFactory     : Creating shared instance of singleton bean 'org.springframework.boot.autoconfigure.websocket.servlet.WebSocketServletAutoConfiguration'
2020-04-16 18:10:32.983 DEBUG [aggregator-service,,,] 35262 --- [    Test worker] o.s.b.f.s.DefaultListableBeanFactory     : Creating shared instance of singleton bean 'org.springframework.boot.autoconfigure.web.servlet.ServletWebServerFactoryConfiguration$EmbeddedTomcat'
2020-04-16 18:10:32.985 DEBUG [aggregator-service,,,] 35262 --- [    Test worker] o.s.b.f.s.DefaultListableBeanFactory     : Creating shared instance of singleton bean 'tomcatServletWebServerFactory'
2020-04-16 18:10:33.003 DEBUG [aggregator-service,,,] 35262 --- [    Test worker] o.a.catalina.core.AprLifecycleListener   : The APR based Apache Tomcat Native library could not be found using names [tcnative-1, libtcnative-1] on the java.library.path [/Users/pramthak/Library/Java/Extensions:/Library/Java/Extensions:/Network/Library/Java/Extensions:/System/Library/Java/Extensions:/usr/lib/java:.]. The errors reported were [Can't load library: /Users/pramthak/project/practise/microservices/aggregatorservice/bin/libtcnative-1.dylib, Can't load library: /Users/pramthak/project/practise/microservices/aggregatorservice/bin/liblibtcnative-1.dylib, no tcnative-1 in java.library.path, no libtcnative-1 in java.library.path]

org.apache.tomcat.jni.LibraryNotFoundError: Can't load library: /Users/pramthak/project/practise/microservices/aggregatorservice/bin/libtcnative-1.dylib, Can't load library: /Users/pramthak/project/practise/microservices/aggregatorservice/bin/liblibtcnative-1.dylib, no tcnative-1 in java.library.path, no libtcnative-1 in java.library.path
	at org.apache.tomcat.jni.Library.<init>(Library.java:102) ~[tomcat-embed-core-9.0.33.jar:9.0.33]
	at org.apache.tomcat.jni.Library.initialize(Library.java:206) ~[tomcat-embed-core-9.0.33.jar:9.0.33]
	at org.apache.catalina.core.AprLifecycleListener.init(AprLifecycleListener.java:198) [tomcat-embed-core-9.0.33.jar:9.0.33]
	at org.apache.catalina.core.AprLifecycleListener.isAprAvailable(AprLifecycleListener.java:107) [tomcat-embed-core-9.0.33.jar:9.0.33]
	at org.springframework.boot.web.embedded.tomcat.TomcatServletWebServerFactory.getDefaultLifecycleListeners(TomcatServletWebServerFactory.java:168) [spring-boot-2.2.6.RELEASE.jar:2.2.6.RELEASE]
	at org.springframework.boot.web.embedded.tomcat.TomcatServletWebServerFactory.<init>(TomcatServletWebServerFactory.java:119) [spring-boot-2.2.6.RELEASE.jar:2.2.6.RELEASE]
	at org.springframework.boot.autoconfigure.web.servlet.ServletWebServerFactoryConfiguration$EmbeddedTomcat.tomcatServletWebServerFactory(ServletWebServerFactoryConfiguration.java:75) [spring-boot-autoconfigure-2.2.6.RELEASE.jar:2.2.6.RELEASE]
	at sun.reflect.NativeMethodAccessorImpl.invoke0(Native Method) ~[na:1.8.0_181]
	at sun.reflect.NativeMethodAccessorImpl.invoke(NativeMethodAccessorImpl.java:62) ~[na:1.8.0_181]
	at sun.reflect.DelegatingMethodAccessorImpl.invoke(DelegatingMethodAccessorImpl.java:43) ~[na:1.8.0_181]
	at java.lang.reflect.Method.invoke(Method.java:498) ~[na:1.8.0_181]
	at org.springframework.beans.factory.support.SimpleInstantiationStrategy.instantiate(SimpleInstantiationStrategy.java:154) [spring-beans-5.2.5.RELEASE.jar:5.2.5.RELEASE]
	at org.springframework.beans.factory.support.ConstructorResolver.instantiate(ConstructorResolver.java:651) [spring-beans-5.2.5.RELEASE.jar:5.2.5.RELEASE]
	at org.springframework.beans.factory.support.ConstructorResolver.instantiateUsingFactoryMethod(ConstructorResolver.java:636) [spring-beans-5.2.5.RELEASE.jar:5.2.5.RELEASE]
	at org.springframework.beans.factory.support.AbstractAutowireCapableBeanFactory.instantiateUsingFactoryMethod(AbstractAutowireCapableBeanFactory.java:1338) [spring-beans-5.2.5.RELEASE.jar:5.2.5.RELEASE]
	at org.springframework.beans.factory.support.AbstractAutowireCapableBeanFactory.createBeanInstance(AbstractAutowireCapableBeanFactory.java:1177) [spring-beans-5.2.5.RELEASE.jar:5.2.5.RELEASE]
	at org.springframework.beans.factory.support.AbstractAutowireCapableBeanFactory.doCreateBean(AbstractAutowireCapableBeanFactory.java:557) [spring-beans-5.2.5.RELEASE.jar:5.2.5.RELEASE]
	at org.springframework.beans.factory.support.AbstractAutowireCapableBeanFactory.createBean(AbstractAutowireCapableBeanFactory.java:517) [spring-beans-5.2.5.RELEASE.jar:5.2.5.RELEASE]
	at org.springframework.beans.factory.support.AbstractBeanFactory.lambda$doGetBean$0(AbstractBeanFactory.java:323) [spring-beans-5.2.5.RELEASE.jar:5.2.5.RELEASE]
	at org.springframework.beans.factory.support.DefaultSingletonBeanRegistry.getSingleton(DefaultSingletonBeanRegistry.java:222) ~[spring-beans-5.2.5.RELEASE.jar:5.2.5.RELEASE]
	at org.springframework.beans.factory.support.AbstractBeanFactory.doGetBean(AbstractBeanFactory.java:321) [spring-beans-5.2.5.RELEASE.jar:5.2.5.RELEASE]
	at org.springframework.beans.factory.support.AbstractBeanFactory.getBean(AbstractBeanFactory.java:202) [spring-beans-5.2.5.RELEASE.jar:5.2.5.RELEASE]
	at org.springframework.beans.factory.support.DefaultListableBeanFactory.preInstantiateSingletons(DefaultListableBeanFactory.java:882) ~[spring-beans-5.2.5.RELEASE.jar:5.2.5.RELEASE]
	at org.springframework.context.support.AbstractApplicationContext.finishBeanFactoryInitialization(AbstractApplicationContext.java:878) ~[spring-context-5.2.5.RELEASE.jar:5.2.5.RELEASE]
	at org.springframework.context.support.AbstractApplicationContext.refresh(AbstractApplicationContext.java:550) ~[spring-context-5.2.5.RELEASE.jar:5.2.5.RELEASE]
	at org.springframework.boot.SpringApplication.refresh(SpringApplication.java:747) ~[spring-boot-2.2.6.RELEASE.jar:2.2.6.RELEASE]
	at org.springframework.boot.SpringApplication.refreshContext(SpringApplication.java:397) ~[spring-boot-2.2.6.RELEASE.jar:2.2.6.RELEASE]
	at org.springframework.boot.SpringApplication.run(SpringApplication.java:315) ~[spring-boot-2.2.6.RELEASE.jar:2.2.6.RELEASE]
	at org.springframework.boot.test.context.SpringBootContextLoader.loadContext(SpringBootContextLoader.java:126) ~[spring-boot-test-2.2.6.RELEASE.jar:2.2.6.RELEASE]
	at org.springframework.test.context.cache.DefaultCacheAwareContextLoaderDelegate.loadContextInternal(DefaultCacheAwareContextLoaderDelegate.java:99) ~[spring-test-5.2.5.RELEASE.jar:5.2.5.RELEASE]
	at org.springframework.test.context.cache.DefaultCacheAwareContextLoaderDelegate.loadContext(DefaultCacheAwareContextLoaderDelegate.java:124) ~[spring-test-5.2.5.RELEASE.jar:5.2.5.RELEASE]
	at org.springframework.test.context.support.DefaultTestContext.getApplicationContext(DefaultTestContext.java:123) ~[spring-test-5.2.5.RELEASE.jar:5.2.5.RELEASE]
	at org.springframework.test.context.web.ServletTestExecutionListener.setUpRequestContextIfNecessary(ServletTestExecutionListener.java:190) ~[spring-test-5.2.5.RELEASE.jar:5.2.5.RELEASE]
	at org.springframework.test.context.web.ServletTestExecutionListener.prepareTestInstance(ServletTestExecutionListener.java:132) ~[spring-test-5.2.5.RELEASE.jar:5.2.5.RELEASE]
	at org.springframework.test.context.TestContextManager.prepareTestInstance(TestContextManager.java:244) ~[spring-test-5.2.5.RELEASE.jar:5.2.5.RELEASE]
	at org.springframework.test.context.junit.jupiter.SpringExtension.postProcessTestInstance(SpringExtension.java:98) ~[spring-test-5.2.5.RELEASE.jar:5.2.5.RELEASE]
	at org.junit.jupiter.engine.descriptor.ClassBasedTestDescriptor.lambda$invokeTestInstancePostProcessors$5(ClassBasedTestDescriptor.java:337) ~[junit-jupiter-engine-5.5.2.jar:5.5.2]
	at org.junit.jupiter.engine.descriptor.ClassBasedTestDescriptor.executeAndMaskThrowable(ClassBasedTestDescriptor.java:342) ~[junit-jupiter-engine-5.5.2.jar:5.5.2]
	at org.junit.jupiter.engine.descriptor.ClassBasedTestDescriptor.lambda$invokeTestInstancePostProcessors$6(ClassBasedTestDescriptor.java:337) ~[junit-jupiter-engine-5.5.2.jar:5.5.2]
	at java.util.stream.ReferencePipeline$3$1.accept(ReferencePipeline.java:193) ~[na:1.8.0_181]
	at java.util.stream.ReferencePipeline$2$1.accept(ReferencePipeline.java:175) ~[na:1.8.0_181]
	at java.util.ArrayList$ArrayListSpliterator.forEachRemaining(ArrayList.java:1382) ~[na:1.8.0_181]
	at java.util.stream.AbstractPipeline.copyInto(AbstractPipeline.java:481) ~[na:1.8.0_181]
	at java.util.stream.AbstractPipeline.wrapAndCopyInto(AbstractPipeline.java:471) ~[na:1.8.0_181]
	at java.util.stream.StreamSpliterators$WrappingSpliterator.forEachRemaining(StreamSpliterators.java:312) ~[na:1.8.0_181]
	at java.util.stream.Streams$ConcatSpliterator.forEachRemaining(Streams.java:743) ~[na:1.8.0_181]
	at java.util.stream.Streams$ConcatSpliterator.forEachRemaining(Streams.java:742) ~[na:1.8.0_181]
	at java.util.stream.ReferencePipeline$Head.forEach(ReferencePipeline.java:580) ~[na:1.8.0_181]
	at org.junit.jupiter.engine.descriptor.ClassBasedTestDescriptor.invokeTestInstancePostProcessors(ClassBasedTestDescriptor.java:336) ~[junit-jupiter-engine-5.5.2.jar:5.5.2]
	at org.junit.jupiter.engine.descriptor.ClassBasedTestDescriptor.instantiateAndPostProcessTestInstance(ClassBasedTestDescriptor.java:259) ~[junit-jupiter-engine-5.5.2.jar:5.5.2]
	at org.junit.jupiter.engine.descriptor.ClassBasedTestDescriptor.lambda$testInstancesProvider$2(ClassBasedTestDescriptor.java:252) ~[junit-jupiter-engine-5.5.2.jar:5.5.2]
	at java.util.Optional.orElseGet(Optional.java:267) ~[na:1.8.0_181]
	at org.junit.jupiter.engine.descriptor.ClassBasedTestDescriptor.lambda$testInstancesProvider$3(ClassBasedTestDescriptor.java:251) ~[junit-jupiter-engine-5.5.2.jar:5.5.2]
	at org.junit.jupiter.engine.execution.TestInstancesProvider.getTestInstances(TestInstancesProvider.java:29) ~[junit-jupiter-engine-5.5.2.jar:5.5.2]
	at org.junit.jupiter.engine.descriptor.TestMethodTestDescriptor.lambda$prepare$0(TestMethodTestDescriptor.java:106) ~[junit-jupiter-engine-5.5.2.jar:5.5.2]
	at org.junit.platform.engine.support.hierarchical.ThrowableCollector.execute(ThrowableCollector.java:73) ~[junit-platform-engine-1.5.2.jar:1.5.2]
	at org.junit.jupiter.engine.descriptor.TestMethodTestDescriptor.prepare(TestMethodTestDescriptor.java:105) ~[junit-jupiter-engine-5.5.2.jar:5.5.2]
	at org.junit.jupiter.engine.descriptor.TestMethodTestDescriptor.prepare(TestMethodTestDescriptor.java:69) ~[junit-jupiter-engine-5.5.2.jar:5.5.2]
	at org.junit.platform.engine.support.hierarchical.NodeTestTask.lambda$prepare$1(NodeTestTask.java:107) ~[junit-platform-engine-1.5.2.jar:1.5.2]
	at org.junit.platform.engine.support.hierarchical.ThrowableCollector.execute(ThrowableCollector.java:73) ~[junit-platform-engine-1.5.2.jar:1.5.2]
	at org.junit.platform.engine.support.hierarchical.NodeTestTask.prepare(NodeTestTask.java:107) ~[junit-platform-engine-1.5.2.jar:1.5.2]
	at org.junit.platform.engine.support.hierarchical.NodeTestTask.execute(NodeTestTask.java:75) ~[junit-platform-engine-1.5.2.jar:1.5.2]
	at java.util.ArrayList.forEach(ArrayList.java:1257) ~[na:1.8.0_181]
	at org.junit.platform.engine.support.hierarchical.SameThreadHierarchicalTestExecutorService.invokeAll(SameThreadHierarchicalTestExecutorService.java:38) ~[junit-platform-engine-1.5.2.jar:1.5.2]
	at org.junit.platform.engine.support.hierarchical.NodeTestTask.lambda$executeRecursively$5(NodeTestTask.java:139) ~[junit-platform-engine-1.5.2.jar:1.5.2]
	at org.junit.platform.engine.support.hierarchical.ThrowableCollector.execute(ThrowableCollector.java:73) ~[junit-platform-engine-1.5.2.jar:1.5.2]
	at org.junit.platform.engine.support.hierarchical.NodeTestTask.lambda$executeRecursively$7(NodeTestTask.java:125) ~[junit-platform-engine-1.5.2.jar:1.5.2]
	at org.junit.platform.engine.support.hierarchical.Node.around(Node.java:135) ~[junit-platform-engine-1.5.2.jar:1.5.2]
	at org.junit.platform.engine.support.hierarchical.NodeTestTask.lambda$executeRecursively$8(NodeTestTask.java:123) ~[junit-platform-engine-1.5.2.jar:1.5.2]
	at org.junit.platform.engine.support.hierarchical.ThrowableCollector.execute(ThrowableCollector.java:73) ~[junit-platform-engine-1.5.2.jar:1.5.2]
	at org.junit.platform.engine.support.hierarchical.NodeTestTask.executeRecursively(NodeTestTask.java:122) ~[junit-platform-engine-1.5.2.jar:1.5.2]
	at org.junit.platform.engine.support.hierarchical.NodeTestTask.execute(NodeTestTask.java:80) ~[junit-platform-engine-1.5.2.jar:1.5.2]
	at java.util.ArrayList.forEach(ArrayList.java:1257) ~[na:1.8.0_181]
	at org.junit.platform.engine.support.hierarchical.SameThreadHierarchicalTestExecutorService.invokeAll(SameThreadHierarchicalTestExecutorService.java:38) ~[junit-platform-engine-1.5.2.jar:1.5.2]
	at org.junit.platform.engine.support.hierarchical.NodeTestTask.lambda$executeRecursively$5(NodeTestTask.java:139) ~[junit-platform-engine-1.5.2.jar:1.5.2]
	at org.junit.platform.engine.support.hierarchical.ThrowableCollector.execute(ThrowableCollector.java:73) ~[junit-platform-engine-1.5.2.jar:1.5.2]
	at org.junit.platform.engine.support.hierarchical.NodeTestTask.lambda$executeRecursively$7(NodeTestTask.java:125) ~[junit-platform-engine-1.5.2.jar:1.5.2]
	at org.junit.platform.engine.support.hierarchical.Node.around(Node.java:135) ~[junit-platform-engine-1.5.2.jar:1.5.2]
	at org.junit.platform.engine.support.hierarchical.NodeTestTask.lambda$executeRecursively$8(NodeTestTask.java:123) ~[junit-platform-engine-1.5.2.jar:1.5.2]
	at org.junit.platform.engine.support.hierarchical.ThrowableCollector.execute(ThrowableCollector.java:73) ~[junit-platform-engine-1.5.2.jar:1.5.2]
	at org.junit.platform.engine.support.hierarchical.NodeTestTask.executeRecursively(NodeTestTask.java:122) ~[junit-platform-engine-1.5.2.jar:1.5.2]
	at org.junit.platform.engine.support.hierarchical.NodeTestTask.execute(NodeTestTask.java:80) ~[junit-platform-engine-1.5.2.jar:1.5.2]
	at org.junit.platform.engine.support.hierarchical.SameThreadHierarchicalTestExecutorService.submit(SameThreadHierarchicalTestExecutorService.java:32) ~[junit-platform-engine-1.5.2.jar:1.5.2]
	at org.junit.platform.engine.support.hierarchical.HierarchicalTestExecutor.execute(HierarchicalTestExecutor.java:57) ~[junit-platform-engine-1.5.2.jar:1.5.2]
	at org.junit.platform.engine.support.hierarchical.HierarchicalTestEngine.execute(HierarchicalTestEngine.java:51) ~[junit-platform-engine-1.5.2.jar:1.5.2]
	at org.junit.platform.launcher.core.DefaultLauncher.execute(DefaultLauncher.java:220) ~[na:na]
	at org.junit.platform.launcher.core.DefaultLauncher.lambda$execute$6(DefaultLauncher.java:188) ~[na:na]
	at org.junit.platform.launcher.core.DefaultLauncher.withInterceptedStreams(DefaultLauncher.java:202) ~[na:na]
	at org.junit.platform.launcher.core.DefaultLauncher.execute(DefaultLauncher.java:181) ~[na:na]
	at org.junit.platform.launcher.core.DefaultLauncher.execute(DefaultLauncher.java:128) ~[na:na]
	at org.gradle.api.internal.tasks.testing.junitplatform.JUnitPlatformTestClassProcessor$CollectAllTestClassesExecutor.processAllTestClasses(JUnitPlatformTestClassProcessor.java:99) ~[na:na]
	at org.gradle.api.internal.tasks.testing.junitplatform.JUnitPlatformTestClassProcessor$CollectAllTestClassesExecutor.access$000(JUnitPlatformTestClassProcessor.java:79) ~[na:na]
	at org.gradle.api.internal.tasks.testing.junitplatform.JUnitPlatformTestClassProcessor.stop(JUnitPlatformTestClassProcessor.java:75) ~[na:na]
	at org.gradle.api.internal.tasks.testing.SuiteTestClassProcessor.stop(SuiteTestClassProcessor.java:61) ~[na:na]
	at sun.reflect.NativeMethodAccessorImpl.invoke0(Native Method) ~[na:1.8.0_181]
	at sun.reflect.NativeMethodAccessorImpl.invoke(NativeMethodAccessorImpl.java:62) ~[na:1.8.0_181]
	at sun.reflect.DelegatingMethodAccessorImpl.invoke(DelegatingMethodAccessorImpl.java:43) ~[na:1.8.0_181]
	at java.lang.reflect.Method.invoke(Method.java:498) ~[na:1.8.0_181]
	at org.gradle.internal.dispatch.ReflectionDispatch.dispatch(ReflectionDispatch.java:36) ~[na:na]
	at org.gradle.internal.dispatch.ReflectionDispatch.dispatch(ReflectionDispatch.java:24) ~[na:na]
	at org.gradle.internal.dispatch.ContextClassLoaderDispatch.dispatch(ContextClassLoaderDispatch.java:33) ~[na:na]
	at org.gradle.internal.dispatch.ProxyDispatchAdapter$DispatchingInvocationHandler.invoke(ProxyDispatchAdapter.java:94) ~[na:na]
	at com.sun.proxy.$Proxy2.stop(Unknown Source) ~[na:na]
	at org.gradle.api.internal.tasks.testing.worker.TestWorker.stop(TestWorker.java:132) ~[na:na]
	at sun.reflect.NativeMethodAccessorImpl.invoke0(Native Method) ~[na:1.8.0_181]
	at sun.reflect.NativeMethodAccessorImpl.invoke(NativeMethodAccessorImpl.java:62) ~[na:1.8.0_181]
	at sun.reflect.DelegatingMethodAccessorImpl.invoke(DelegatingMethodAccessorImpl.java:43) ~[na:1.8.0_181]
	at java.lang.reflect.Method.invoke(Method.java:498) ~[na:1.8.0_181]
	at org.gradle.internal.dispatch.ReflectionDispatch.dispatch(ReflectionDispatch.java:36) ~[na:na]
	at org.gradle.internal.dispatch.ReflectionDispatch.dispatch(ReflectionDispatch.java:24) ~[na:na]
	at org.gradle.internal.remote.internal.hub.MessageHubBackedObjectConnection$DispatchWrapper.dispatch(MessageHubBackedObjectConnection.java:182) ~[na:na]
	at org.gradle.internal.remote.internal.hub.MessageHubBackedObjectConnection$DispatchWrapper.dispatch(MessageHubBackedObjectConnection.java:164) ~[na:na]
	at org.gradle.internal.remote.internal.hub.MessageHub$Handler.run(MessageHub.java:412) ~[na:na]
	at org.gradle.internal.concurrent.ExecutorPolicy$CatchAndRecordFailures.onExecute(ExecutorPolicy.java:64) ~[na:na]
	at org.gradle.internal.concurrent.ManagedExecutorImpl$1.run(ManagedExecutorImpl.java:48) ~[na:na]
	at java.util.concurrent.ThreadPoolExecutor.runWorker(ThreadPoolExecutor.java:1149) ~[na:1.8.0_181]
	at java.util.concurrent.ThreadPoolExecutor$Worker.run(ThreadPoolExecutor.java:624) ~[na:1.8.0_181]
	at org.gradle.internal.concurrent.ThreadFactoryImpl$ManagedThreadRunnable.run(ThreadFactoryImpl.java:56) ~[na:na]
	at java.lang.Thread.run(Thread.java:748) ~[na:1.8.0_181]

2020-04-16 18:10:33.022 DEBUG [aggregator-service,,,] 35262 --- [    Test worker] o.s.b.f.s.DefaultListableBeanFactory     : Creating shared instance of singleton bean 'servletWebServerFactoryCustomizer'
2020-04-16 18:10:33.022 DEBUG [aggregator-service,,,] 35262 --- [    Test worker] o.s.b.f.s.DefaultListableBeanFactory     : Creating shared instance of singleton bean 'org.springframework.boot.autoconfigure.web.servlet.ServletWebServerFactoryAutoConfiguration'
2020-04-16 18:10:33.026 DEBUG [aggregator-service,,,] 35262 --- [    Test worker] o.s.b.f.s.DefaultListableBeanFactory     : Creating shared instance of singleton bean 'server-org.springframework.boot.autoconfigure.web.ServerProperties'
2020-04-16 18:10:33.033 DEBUG [aggregator-service,,,] 35262 --- [    Test worker] o.s.b.f.s.DefaultListableBeanFactory     : Autowiring by type from bean name 'servletWebServerFactoryCustomizer' via factory method to bean named 'server-org.springframework.boot.autoconfigure.web.ServerProperties'
2020-04-16 18:10:33.035 DEBUG [aggregator-service,,,] 35262 --- [    Test worker] o.s.b.f.s.DefaultListableBeanFactory     : Creating shared instance of singleton bean 'tomcatServletWebServerFactoryCustomizer'
2020-04-16 18:10:33.035 DEBUG [aggregator-service,,,] 35262 --- [    Test worker] o.s.b.f.s.DefaultListableBeanFactory     : Autowiring by type from bean name 'tomcatServletWebServerFactoryCustomizer' via factory method to bean named 'server-org.springframework.boot.autoconfigure.web.ServerProperties'
2020-04-16 18:10:33.038 DEBUG [aggregator-service,,,] 35262 --- [    Test worker] o.s.b.f.s.DefaultListableBeanFactory     : Creating shared instance of singleton bean 'tomcatWebServerFactoryCustomizer'
2020-04-16 18:10:33.038 DEBUG [aggregator-service,,,] 35262 --- [    Test worker] o.s.b.f.s.DefaultListableBeanFactory     : Creating shared instance of singleton bean 'org.springframework.boot.autoconfigure.web.embedded.EmbeddedWebServerFactoryCustomizerAutoConfiguration$TomcatWebServerFactoryCustomizerConfiguration'
2020-04-16 18:10:33.039 DEBUG [aggregator-service,,,] 35262 --- [    Test worker] o.s.b.f.s.DefaultListableBeanFactory     : Autowiring by type from bean name 'tomcatWebServerFactoryCustomizer' via factory method to bean named 'environment'
2020-04-16 18:10:33.040 DEBUG [aggregator-service,,,] 35262 --- [    Test worker] o.s.b.f.s.DefaultListableBeanFactory     : Autowiring by type from bean name 'tomcatWebServerFactoryCustomizer' via factory method to bean named 'server-org.springframework.boot.autoconfigure.web.ServerProperties'
2020-04-16 18:10:33.044 DEBUG [aggregator-service,,,] 35262 --- [    Test worker] o.s.b.f.s.DefaultListableBeanFactory     : Creating shared instance of singleton bean 'localeCharsetMappingsCustomizer'
2020-04-16 18:10:33.044 DEBUG [aggregator-service,,,] 35262 --- [    Test worker] o.s.b.f.s.DefaultListableBeanFactory     : Creating shared instance of singleton bean 'org.springframework.boot.autoconfigure.web.servlet.HttpEncodingAutoConfiguration'
2020-04-16 18:10:33.045 DEBUG [aggregator-service,,,] 35262 --- [    Test worker] o.s.b.f.s.DefaultListableBeanFactory     : Creating shared instance of singleton bean 'spring.http-org.springframework.boot.autoconfigure.http.HttpProperties'
2020-04-16 18:10:33.047 DEBUG [aggregator-service,,,] 35262 --- [    Test worker] o.s.b.f.s.DefaultListableBeanFactory     : Autowiring by type from bean name 'org.springframework.boot.autoconfigure.web.servlet.HttpEncodingAutoConfiguration' via constructor to bean named 'spring.http-org.springframework.boot.autoconfigure.http.HttpProperties'
2020-04-16 18:10:33.064 DEBUG [aggregator-service,,,] 35262 --- [    Test worker] o.s.b.f.s.DefaultListableBeanFactory     : Creating shared instance of singleton bean 'errorPageCustomizer'
2020-04-16 18:10:33.065 DEBUG [aggregator-service,,,] 35262 --- [    Test worker] o.s.b.f.s.DefaultListableBeanFactory     : Creating shared instance of singleton bean 'org.springframework.boot.autoconfigure.web.servlet.error.ErrorMvcAutoConfiguration'
2020-04-16 18:10:33.065 DEBUG [aggregator-service,,,] 35262 --- [    Test worker] o.s.b.f.s.DefaultListableBeanFactory     : Autowiring by type from bean name 'org.springframework.boot.autoconfigure.web.servlet.error.ErrorMvcAutoConfiguration' via constructor to bean named 'server-org.springframework.boot.autoconfigure.web.ServerProperties'
2020-04-16 18:10:33.067 DEBUG [aggregator-service,,,] 35262 --- [    Test worker] o.s.b.f.s.DefaultListableBeanFactory     : Creating shared instance of singleton bean 'dispatcherServletRegistration'
2020-04-16 18:10:33.068 DEBUG [aggregator-service,,,] 35262 --- [    Test worker] o.s.b.f.s.DefaultListableBeanFactory     : Creating shared instance of singleton bean 'org.springframework.boot.autoconfigure.web.servlet.DispatcherServletAutoConfiguration$DispatcherServletRegistrationConfiguration'
2020-04-16 18:10:33.071 DEBUG [aggregator-service,,,] 35262 --- [    Test worker] o.s.b.f.s.DefaultListableBeanFactory     : Creating shared instance of singleton bean 'dispatcherServlet'
2020-04-16 18:10:33.071 DEBUG [aggregator-service,,,] 35262 --- [    Test worker] o.s.b.f.s.DefaultListableBeanFactory     : Creating shared instance of singleton bean 'org.springframework.boot.autoconfigure.web.servlet.DispatcherServletAutoConfiguration$DispatcherServletConfiguration'
2020-04-16 18:10:33.074 DEBUG [aggregator-service,,,] 35262 --- [    Test worker] o.s.b.f.s.DefaultListableBeanFactory     : Autowiring by type from bean name 'dispatcherServlet' via factory method to bean named 'spring.http-org.springframework.boot.autoconfigure.http.HttpProperties'
2020-04-16 18:10:33.074 DEBUG [aggregator-service,,,] 35262 --- [    Test worker] o.s.b.f.s.DefaultListableBeanFactory     : Autowiring by type from bean name 'dispatcherServlet' via factory method to bean named 'spring.mvc-org.springframework.boot.autoconfigure.web.servlet.WebMvcProperties'
2020-04-16 18:10:33.091 DEBUG [aggregator-service,,,] 35262 --- [    Test worker] o.s.b.f.s.DefaultListableBeanFactory     : Autowiring by type from bean name 'dispatcherServletRegistration' via factory method to bean named 'dispatcherServlet'
2020-04-16 18:10:33.091 DEBUG [aggregator-service,,,] 35262 --- [    Test worker] o.s.b.f.s.DefaultListableBeanFactory     : Autowiring by type from bean name 'dispatcherServletRegistration' via factory method to bean named 'spring.mvc-org.springframework.boot.autoconfigure.web.servlet.WebMvcProperties'
2020-04-16 18:10:33.093 DEBUG [aggregator-service,,,] 35262 --- [    Test worker] o.s.b.f.s.DefaultListableBeanFactory     : Creating shared instance of singleton bean 'multipartConfigElement'
2020-04-16 18:10:33.093 DEBUG [aggregator-service,,,] 35262 --- [    Test worker] o.s.b.f.s.DefaultListableBeanFactory     : Creating shared instance of singleton bean 'org.springframework.boot.autoconfigure.web.servlet.MultipartAutoConfiguration'
2020-04-16 18:10:33.094 DEBUG [aggregator-service,,,] 35262 --- [    Test worker] o.s.b.f.s.DefaultListableBeanFactory     : Creating shared instance of singleton bean 'spring.servlet.multipart-org.springframework.boot.autoconfigure.web.servlet.MultipartProperties'
2020-04-16 18:10:33.097 DEBUG [aggregator-service,,,] 35262 --- [    Test worker] o.s.b.f.s.DefaultListableBeanFactory     : Autowiring by type from bean name 'org.springframework.boot.autoconfigure.web.servlet.MultipartAutoConfiguration' via constructor to bean named 'spring.servlet.multipart-org.springframework.boot.autoconfigure.web.servlet.MultipartProperties'
2020-04-16 18:10:33.116 DEBUG [aggregator-service,,,] 35262 --- [    Test worker] o.s.b.f.s.DefaultListableBeanFactory     : Autowiring by type from bean name 'errorPageCustomizer' via factory method to bean named 'dispatcherServletRegistration'
2020-04-16 18:10:33.125 DEBUG [aggregator-service,,,] 35262 --- [    Test worker] o.s.b.f.s.DefaultListableBeanFactory     : Creating shared instance of singleton bean 'org.springframework.boot.autoconfigure.web.servlet.DispatcherServletAutoConfiguration'
2020-04-16 18:10:33.127 DEBUG [aggregator-service,,,] 35262 --- [    Test worker] o.s.b.f.s.DefaultListableBeanFactory     : Creating shared instance of singleton bean 'org.springframework.cloud.netflix.archaius.ArchaiusAutoConfiguration$PropagateEventsConfiguration'
2020-04-16 18:10:33.129 DEBUG [aggregator-service,,,] 35262 --- [    Test worker] o.s.b.f.s.DefaultListableBeanFactory     : Creating shared instance of singleton bean 'org.springframework.cloud.netflix.archaius.ArchaiusAutoConfiguration$ArchaiusEndpointConfiguration'
2020-04-16 18:10:33.131 DEBUG [aggregator-service,,,] 35262 --- [    Test worker] o.s.b.f.s.DefaultListableBeanFactory     : Creating shared instance of singleton bean 'org.springframework.cloud.netflix.archaius.ArchaiusAutoConfiguration'
2020-04-16 18:10:33.133 DEBUG [aggregator-service,,,] 35262 --- [    Test worker] o.s.b.f.s.DefaultListableBeanFactory     : Creating shared instance of singleton bean 'configurableEnvironmentConfiguration'
2020-04-16 18:10:33.133 DEBUG [aggregator-service,,,] 35262 --- [    Test worker] o.s.b.f.s.DefaultListableBeanFactory     : Autowiring by type from bean name 'configurableEnvironmentConfiguration' via factory method to bean named 'environment'
2020-04-16 18:10:33.133 DEBUG [aggregator-service,,,] 35262 --- [    Test worker] o.s.b.f.s.DefaultListableBeanFactory     : Autowiring by type from bean name 'configurableEnvironmentConfiguration' via factory method to bean named 'org.springframework.web.context.support.GenericWebApplicationContext@3a7d07d4'
2020-04-16 18:10:33.134 DEBUG [aggregator-service,,,] 35262 --- [    Test worker] o.s.b.f.s.DefaultListableBeanFactory     : Creating shared instance of singleton bean 'configurableEnvironmentConfiguration'
2020-04-16 18:10:33.134 DEBUG [aggregator-service,,,] 35262 --- [    Test worker] o.s.c.e.PropertySourcesPropertyResolver  : Found key 'spring.application.name' in PropertySource 'configurationProperties' with value of type String
2020-04-16 18:10:33.135  WARN [aggregator-service,,,] 35262 --- [    Test worker] c.n.c.sources.URLConfigurationSource     : No URLs will be polled as dynamic configuration sources.
2020-04-16 18:10:33.135  INFO [aggregator-service,,,] 35262 --- [    Test worker] c.n.c.sources.URLConfigurationSource     : To enable URLs as dynamic configuration sources, define System property archaius.configurationSource.additionalUrls or make config.properties available on classpath.
2020-04-16 18:10:33.151 DEBUG [aggregator-service,,,] 35262 --- [    Test worker] o.s.b.f.s.DefaultListableBeanFactory     : Creating shared instance of singleton bean 'org.springframework.boot.autoconfigure.task.TaskExecutionAutoConfiguration'
2020-04-16 18:10:33.153 DEBUG [aggregator-service,,,] 35262 --- [    Test worker] o.s.b.f.s.DefaultListableBeanFactory     : Creating shared instance of singleton bean 'taskExecutorBuilder'
2020-04-16 18:10:33.154 DEBUG [aggregator-service,,,] 35262 --- [    Test worker] o.s.b.f.s.DefaultListableBeanFactory     : Creating shared instance of singleton bean 'spring.task.execution-org.springframework.boot.autoconfigure.task.TaskExecutionProperties'
2020-04-16 18:10:33.156 DEBUG [aggregator-service,,,] 35262 --- [    Test worker] o.s.b.f.s.DefaultListableBeanFactory     : Autowiring by type from bean name 'taskExecutorBuilder' via factory method to bean named 'spring.task.execution-org.springframework.boot.autoconfigure.task.TaskExecutionProperties'
2020-04-16 18:10:33.162 DEBUG [aggregator-service,,,] 35262 --- [    Test worker] o.s.b.f.s.DefaultListableBeanFactory     : Creating shared instance of singleton bean 'org.springframework.boot.autoconfigure.validation.ValidationAutoConfiguration'
2020-04-16 18:10:33.163 DEBUG [aggregator-service,,,] 35262 --- [    Test worker] o.s.b.f.s.DefaultListableBeanFactory     : Creating shared instance of singleton bean 'defaultValidator'
2020-04-16 18:10:33.164 DEBUG [aggregator-service,,,] 35262 --- [    Test worker] o.h.v.i.e.resolver.TraversableResolvers  : Found javax.persistence.Persistence on classpath containing 'getPersistenceUtil'. Assuming JPA 2 environment. Trying to instantiate JPA aware TraversableResolver
2020-04-16 18:10:33.164 DEBUG [aggregator-service,,,] 35262 --- [    Test worker] o.h.v.i.e.resolver.TraversableResolvers  : Instantiated JPA aware TraversableResolver of type org.hibernate.validator.internal.engine.resolver.JPATraversableResolver.
2020-04-16 18:10:33.164 DEBUG [aggregator-service,,,] 35262 --- [    Test worker] .h.v.m.ResourceBundleMessageInterpolator : Loaded expression factory via original TCCL
2020-04-16 18:10:33.169 DEBUG [aggregator-service,,,] 35262 --- [    Test worker] o.h.v.i.e.resolver.TraversableResolvers  : Found javax.persistence.Persistence on classpath containing 'getPersistenceUtil'. Assuming JPA 2 environment. Trying to instantiate JPA aware TraversableResolver
2020-04-16 18:10:33.170 DEBUG [aggregator-service,,,] 35262 --- [    Test worker] o.h.v.i.e.resolver.TraversableResolvers  : Instantiated JPA aware TraversableResolver of type org.hibernate.validator.internal.engine.resolver.JPATraversableResolver.
2020-04-16 18:10:33.170 DEBUG [aggregator-service,,,] 35262 --- [    Test worker] o.h.v.internal.engine.ConfigurationImpl  : Setting custom MessageInterpolator of type org.springframework.validation.beanvalidation.LocaleContextMessageInterpolator
2020-04-16 18:10:33.171 DEBUG [aggregator-service,,,] 35262 --- [    Test worker] o.h.v.internal.engine.ConfigurationImpl  : Setting custom ConstraintValidatorFactory of type org.springframework.validation.beanvalidation.SpringConstraintValidatorFactory
2020-04-16 18:10:33.171 DEBUG [aggregator-service,,,] 35262 --- [    Test worker] o.h.v.internal.engine.ConfigurationImpl  : Setting custom ParameterNameProvider of type org.springframework.validation.beanvalidation.LocalValidatorFactoryBean$1
2020-04-16 18:10:33.172 DEBUG [aggregator-service,,,] 35262 --- [    Test worker] o.h.v.i.xml.config.ValidationXmlParser   : Trying to load META-INF/validation.xml for XML based Validator configuration.
2020-04-16 18:10:33.172 DEBUG [aggregator-service,,,] 35262 --- [    Test worker] o.h.v.i.xml.config.ResourceLoaderHelper  : Trying to load META-INF/validation.xml via user class loader
2020-04-16 18:10:33.172 DEBUG [aggregator-service,,,] 35262 --- [    Test worker] o.h.v.i.xml.config.ResourceLoaderHelper  : Trying to load META-INF/validation.xml via TCCL
2020-04-16 18:10:33.172 DEBUG [aggregator-service,,,] 35262 --- [    Test worker] o.h.v.i.xml.config.ResourceLoaderHelper  : Trying to load META-INF/validation.xml via Hibernate Validator's class loader
2020-04-16 18:10:33.172 DEBUG [aggregator-service,,,] 35262 --- [    Test worker] o.h.v.i.xml.config.ValidationXmlParser   : No META-INF/validation.xml found. Using annotation based configuration only.
2020-04-16 18:10:33.176 DEBUG [aggregator-service,,,] 35262 --- [    Test worker] o.h.v.i.engine.ValidatorFactoryImpl      : HV000234: Using org.springframework.validation.beanvalidation.LocaleContextMessageInterpolator as ValidatorFactory-scoped message interpolator.
2020-04-16 18:10:33.176 DEBUG [aggregator-service,,,] 35262 --- [    Test worker] o.h.v.i.engine.ValidatorFactoryImpl      : HV000234: Using org.hibernate.validator.internal.engine.resolver.JPATraversableResolver as ValidatorFactory-scoped traversable resolver.
2020-04-16 18:10:33.176 DEBUG [aggregator-service,,,] 35262 --- [    Test worker] o.h.v.i.engine.ValidatorFactoryImpl      : HV000234: Using org.hibernate.validator.internal.util.ExecutableParameterNameProvider as ValidatorFactory-scoped parameter name provider.
2020-04-16 18:10:33.176 DEBUG [aggregator-service,,,] 35262 --- [    Test worker] o.h.v.i.engine.ValidatorFactoryImpl      : HV000234: Using org.hibernate.validator.internal.engine.DefaultClockProvider as ValidatorFactory-scoped clock provider.
2020-04-16 18:10:33.176 DEBUG [aggregator-service,,,] 35262 --- [    Test worker] o.h.v.i.engine.ValidatorFactoryImpl      : HV000234: Using org.hibernate.validator.internal.engine.scripting.DefaultScriptEvaluatorFactory as ValidatorFactory-scoped script evaluator factory.
2020-04-16 18:10:33.183 DEBUG [aggregator-service,,,] 35262 --- [    Test worker] o.s.b.f.s.DefaultListableBeanFactory     : Creating shared instance of singleton bean 'org.springframework.boot.autoconfigure.web.servlet.error.ErrorMvcAutoConfiguration$WhitelabelErrorViewConfiguration'
2020-04-16 18:10:33.185 DEBUG [aggregator-service,,,] 35262 --- [    Test worker] o.s.b.f.s.DefaultListableBeanFactory     : Creating shared instance of singleton bean 'error'
2020-04-16 18:10:33.188 DEBUG [aggregator-service,,,] 35262 --- [    Test worker] o.s.b.f.s.DefaultListableBeanFactory     : Creating shared instance of singleton bean 'beanNameViewResolver'
2020-04-16 18:10:33.192 DEBUG [aggregator-service,,,] 35262 --- [    Test worker] o.s.b.f.s.DefaultListableBeanFactory     : Creating shared instance of singleton bean 'org.springframework.boot.autoconfigure.web.servlet.error.ErrorMvcAutoConfiguration$DefaultErrorViewResolverConfiguration'
2020-04-16 18:10:33.192 DEBUG [aggregator-service,,,] 35262 --- [    Test worker] o.s.b.f.s.DefaultListableBeanFactory     : Autowiring by type from bean name 'org.springframework.boot.autoconfigure.web.servlet.error.ErrorMvcAutoConfiguration$DefaultErrorViewResolverConfiguration' via constructor to bean named 'org.springframework.web.context.support.GenericWebApplicationContext@3a7d07d4'
2020-04-16 18:10:33.192 DEBUG [aggregator-service,,,] 35262 --- [    Test worker] o.s.b.f.s.DefaultListableBeanFactory     : Autowiring by type from bean name 'org.springframework.boot.autoconfigure.web.servlet.error.ErrorMvcAutoConfiguration$DefaultErrorViewResolverConfiguration' via constructor to bean named 'spring.resources-org.springframework.boot.autoconfigure.web.ResourceProperties'
2020-04-16 18:10:33.194 DEBUG [aggregator-service,,,] 35262 --- [    Test worker] o.s.b.f.s.DefaultListableBeanFactory     : Creating shared instance of singleton bean 'conventionErrorViewResolver'
2020-04-16 18:10:33.197 DEBUG [aggregator-service,,,] 35262 --- [    Test worker] o.s.b.f.s.DefaultListableBeanFactory     : Creating shared instance of singleton bean 'errorAttributes'
2020-04-16 18:10:33.200 DEBUG [aggregator-service,,,] 35262 --- [    Test worker] o.s.b.f.s.DefaultListableBeanFactory     : Creating shared instance of singleton bean 'basicErrorController'
2020-04-16 18:10:33.201 DEBUG [aggregator-service,,,] 35262 --- [    Test worker] o.s.b.f.s.DefaultListableBeanFactory     : Autowiring by type from bean name 'basicErrorController' via factory method to bean named 'errorAttributes'
2020-04-16 18:10:33.206 DEBUG [aggregator-service,,,] 35262 --- [    Test worker] o.s.b.f.s.DefaultListableBeanFactory     : Creating shared instance of singleton bean 'requestMappingHandlerAdapter'
2020-04-16 18:10:33.208 DEBUG [aggregator-service,,,] 35262 --- [    Test worker] o.s.b.f.s.DefaultListableBeanFactory     : Creating shared instance of singleton bean 'mvcValidator'
2020-04-16 18:10:33.215 DEBUG [aggregator-service,,,] 35262 --- [    Test worker] o.s.b.f.s.DefaultListableBeanFactory     : Autowiring by type from bean name 'requestMappingHandlerAdapter' via factory method to bean named 'mvcContentNegotiationManager'
2020-04-16 18:10:33.215 DEBUG [aggregator-service,,,] 35262 --- [    Test worker] o.s.b.f.s.DefaultListableBeanFactory     : Autowiring by type from bean name 'requestMappingHandlerAdapter' via factory method to bean named 'mvcConversionService'
2020-04-16 18:10:33.215 DEBUG [aggregator-service,,,] 35262 --- [    Test worker] o.s.b.f.s.DefaultListableBeanFactory     : Autowiring by type from bean name 'requestMappingHandlerAdapter' via factory method to bean named 'mvcValidator'
2020-04-16 18:10:33.215 DEBUG [aggregator-service,,,] 35262 --- [    Test worker] o.s.b.f.s.DefaultListableBeanFactory     : Autowiring by type from bean name 'requestMappingHandlerAdapter' via factory method to bean named 'mvcContentNegotiationManager'
2020-04-16 18:10:33.215 DEBUG [aggregator-service,,,] 35262 --- [    Test worker] o.s.b.f.s.DefaultListableBeanFactory     : Autowiring by type from bean name 'requestMappingHandlerAdapter' via factory method to bean named 'mvcConversionService'
2020-04-16 18:10:33.215 DEBUG [aggregator-service,,,] 35262 --- [    Test worker] o.s.b.f.s.DefaultListableBeanFactory     : Autowiring by type from bean name 'requestMappingHandlerAdapter' via factory method to bean named 'mvcValidator'
2020-04-16 18:10:33.220 DEBUG [aggregator-service,,,] 35262 --- [    Test worker] o.s.b.f.s.DefaultListableBeanFactory     : Creating shared instance of singleton bean 'messageConverters'
2020-04-16 18:10:33.220 DEBUG [aggregator-service,,,] 35262 --- [    Test worker] o.s.b.f.s.DefaultListableBeanFactory     : Creating shared instance of singleton bean 'org.springframework.boot.autoconfigure.http.HttpMessageConvertersAutoConfiguration'
2020-04-16 18:10:33.223 DEBUG [aggregator-service,,,] 35262 --- [    Test worker] o.s.b.f.s.DefaultListableBeanFactory     : Creating shared instance of singleton bean 'stringHttpMessageConverter'
2020-04-16 18:10:33.223 DEBUG [aggregator-service,,,] 35262 --- [    Test worker] o.s.b.f.s.DefaultListableBeanFactory     : Creating shared instance of singleton bean 'org.springframework.boot.autoconfigure.http.HttpMessageConvertersAutoConfiguration$StringHttpMessageConverterConfiguration'
2020-04-16 18:10:33.225 DEBUG [aggregator-service,,,] 35262 --- [    Test worker] o.s.b.f.s.DefaultListableBeanFactory     : Autowiring by type from bean name 'stringHttpMessageConverter' via factory method to bean named 'spring.http-org.springframework.boot.autoconfigure.http.HttpProperties'
2020-04-16 18:10:33.230 DEBUG [aggregator-service,,,] 35262 --- [    Test worker] o.s.b.f.s.DefaultListableBeanFactory     : Creating shared instance of singleton bean 'mappingJackson2HttpMessageConverter'
2020-04-16 18:10:33.230 DEBUG [aggregator-service,,,] 35262 --- [    Test worker] o.s.b.f.s.DefaultListableBeanFactory     : Creating shared instance of singleton bean 'org.springframework.boot.autoconfigure.http.JacksonHttpMessageConvertersConfiguration$MappingJackson2HttpMessageConverterConfiguration'
2020-04-16 18:10:33.232 DEBUG [aggregator-service,,,] 35262 --- [    Test worker] o.s.b.f.s.DefaultListableBeanFactory     : Autowiring by type from bean name 'mappingJackson2HttpMessageConverter' via factory method to bean named 'jacksonObjectMapper'
2020-04-16 18:10:33.239 DEBUG [aggregator-service,,,] 35262 --- [    Test worker] o.s.b.f.s.DefaultListableBeanFactory     : Creating shared instance of singleton bean 'jacksonHttpMessageConverter'
2020-04-16 18:10:33.246 DEBUG [aggregator-service,,,] 35262 --- [    Test worker] o.s.b.f.s.DefaultListableBeanFactory     : Creating shared instance of singleton bean 'halJacksonHttpMessageConverter'
2020-04-16 18:10:33.250 DEBUG [aggregator-service,,,] 35262 --- [    Test worker] o.s.b.f.s.DefaultListableBeanFactory     : Creating shared instance of singleton bean 'uriListHttpMessageConverter'
2020-04-16 18:10:33.252 DEBUG [aggregator-service,,,] 35262 --- [    Test worker] o.s.b.f.s.DefaultListableBeanFactory     : Creating shared instance of singleton bean 'alpsJsonHttpMessageConverter'
2020-04-16 18:10:33.252 DEBUG [aggregator-service,,,] 35262 --- [    Test worker] o.s.b.f.s.DefaultListableBeanFactory     : Creating shared instance of singleton bean 'alpsConverter'
2020-04-16 18:10:33.300 DEBUG [aggregator-service,,,] 35262 --- [    Test worker] o.s.b.f.s.DefaultListableBeanFactory     : Creating shared instance of singleton bean 'pagedResourcesAssemblerArgumentResolver'
2020-04-16 18:10:33.304 DEBUG [aggregator-service,,,] 35262 --- [    Test worker] o.s.b.f.s.DefaultListableBeanFactory     : Creating shared instance of singleton bean 'applicationTaskExecutor'
2020-04-16 18:10:33.305 DEBUG [aggregator-service,,,] 35262 --- [    Test worker] o.s.b.f.s.DefaultListableBeanFactory     : Autowiring by type from bean name 'applicationTaskExecutor' via factory method to bean named 'taskExecutorBuilder'
2020-04-16 18:10:33.313  INFO [aggregator-service,,,] 35262 --- [    Test worker] o.s.s.concurrent.ThreadPoolTaskExecutor  : Initializing ExecutorService 'applicationTaskExecutor'
2020-04-16 18:10:33.320 DEBUG [aggregator-service,,,] 35262 --- [    Test worker] o.s.b.f.s.DefaultListableBeanFactory     : Creating shared instance of singleton bean 'spring.sleuth.async-org.springframework.cloud.sleuth.instrument.async.SleuthAsyncProperties'
2020-04-16 18:10:33.323 DEBUG [aggregator-service,,,] 35262 --- [    Test worker] o.s.aop.framework.ProxyFactoryBean       : Advice has changed; re-caching singleton instance
2020-04-16 18:10:33.349 DEBUG [aggregator-service,,,] 35262 --- [    Test worker] o.s.b.f.s.DefaultListableBeanFactory     : Creating shared instance of singleton bean 'repositoryRestExceptionHandler'
2020-04-16 18:10:33.353 DEBUG [aggregator-service,,,] 35262 --- [    Test worker] s.w.s.m.m.a.RequestMappingHandlerAdapter : ControllerAdvice beans: 0 @ModelAttribute, 0 @InitBinder, 1 RequestBodyAdvice, 1 ResponseBodyAdvice
2020-04-16 18:10:33.383 DEBUG [aggregator-service,,,] 35262 --- [    Test worker] o.s.b.f.s.DefaultListableBeanFactory     : Creating shared instance of singleton bean 'welcomePageHandlerMapping'
2020-04-16 18:10:33.383 DEBUG [aggregator-service,,,] 35262 --- [    Test worker] o.s.b.f.s.DefaultListableBeanFactory     : Autowiring by type from bean name 'welcomePageHandlerMapping' via factory method to bean named 'org.springframework.web.context.support.GenericWebApplicationContext@3a7d07d4'
2020-04-16 18:10:33.383 DEBUG [aggregator-service,,,] 35262 --- [    Test worker] o.s.b.f.s.DefaultListableBeanFactory     : Autowiring by type from bean name 'welcomePageHandlerMapping' via factory method to bean named 'mvcConversionService'
2020-04-16 18:10:33.383 DEBUG [aggregator-service,,,] 35262 --- [    Test worker] o.s.b.f.s.DefaultListableBeanFactory     : Autowiring by type from bean name 'welcomePageHandlerMapping' via factory method to bean named 'mvcResourceUrlProvider'
2020-04-16 18:10:33.397 DEBUG [aggregator-service,,,] 35262 --- [    Test worker] o.s.b.f.s.DefaultListableBeanFactory     : Creating shared instance of singleton bean 'mvcPathMatcher'
2020-04-16 18:10:33.400 DEBUG [aggregator-service,,,] 35262 --- [    Test worker] o.s.b.f.s.DefaultListableBeanFactory     : Creating shared instance of singleton bean 'mvcUrlPathHelper'
2020-04-16 18:10:33.403 DEBUG [aggregator-service,,,] 35262 --- [    Test worker] o.s.b.f.s.DefaultListableBeanFactory     : Creating shared instance of singleton bean 'viewControllerHandlerMapping'
2020-04-16 18:10:33.406 DEBUG [aggregator-service,,,] 35262 --- [    Test worker] o.s.b.f.s.DefaultListableBeanFactory     : Autowiring by type from bean name 'viewControllerHandlerMapping' via factory method to bean named 'mvcPathMatcher'
2020-04-16 18:10:33.406 DEBUG [aggregator-service,,,] 35262 --- [    Test worker] o.s.b.f.s.DefaultListableBeanFactory     : Autowiring by type from bean name 'viewControllerHandlerMapping' via factory method to bean named 'mvcUrlPathHelper'
2020-04-16 18:10:33.406 DEBUG [aggregator-service,,,] 35262 --- [    Test worker] o.s.b.f.s.DefaultListableBeanFactory     : Autowiring by type from bean name 'viewControllerHandlerMapping' via factory method to bean named 'mvcConversionService'
2020-04-16 18:10:33.406 DEBUG [aggregator-service,,,] 35262 --- [    Test worker] o.s.b.f.s.DefaultListableBeanFactory     : Autowiring by type from bean name 'viewControllerHandlerMapping' via factory method to bean named 'mvcResourceUrlProvider'
2020-04-16 18:10:33.408 DEBUG [aggregator-service,,,] 35262 --- [    Test worker] o.s.b.f.s.DefaultListableBeanFactory     : Creating shared instance of singleton bean 'beanNameHandlerMapping'
2020-04-16 18:10:33.408 DEBUG [aggregator-service,,,] 35262 --- [    Test worker] o.s.b.f.s.DefaultListableBeanFactory     : Autowiring by type from bean name 'beanNameHandlerMapping' via factory method to bean named 'mvcConversionService'
2020-04-16 18:10:33.408 DEBUG [aggregator-service,,,] 35262 --- [    Test worker] o.s.b.f.s.DefaultListableBeanFactory     : Autowiring by type from bean name 'beanNameHandlerMapping' via factory method to bean named 'mvcResourceUrlProvider'
2020-04-16 18:10:33.419 DEBUG [aggregator-service,,,] 35262 --- [    Test worker] o.s.b.f.s.DefaultListableBeanFactory     : Creating shared instance of singleton bean 'routerFunctionMapping'
2020-04-16 18:10:33.419 DEBUG [aggregator-service,,,] 35262 --- [    Test worker] o.s.b.f.s.DefaultListableBeanFactory     : Autowiring by type from bean name 'routerFunctionMapping' via factory method to bean named 'mvcConversionService'
2020-04-16 18:10:33.419 DEBUG [aggregator-service,,,] 35262 --- [    Test worker] o.s.b.f.s.DefaultListableBeanFactory     : Autowiring by type from bean name 'routerFunctionMapping' via factory method to bean named 'mvcResourceUrlProvider'
2020-04-16 18:10:33.429 DEBUG [aggregator-service,,,] 35262 --- [    Test worker] o.s.b.f.s.DefaultListableBeanFactory     : Creating shared instance of singleton bean 'resourceHandlerMapping'
2020-04-16 18:10:33.430 DEBUG [aggregator-service,,,] 35262 --- [    Test worker] o.s.b.f.s.DefaultListableBeanFactory     : Autowiring by type from bean name 'resourceHandlerMapping' via factory method to bean named 'mvcUrlPathHelper'
2020-04-16 18:10:33.430 DEBUG [aggregator-service,,,] 35262 --- [    Test worker] o.s.b.f.s.DefaultListableBeanFactory     : Autowiring by type from bean name 'resourceHandlerMapping' via factory method to bean named 'mvcPathMatcher'
2020-04-16 18:10:33.430 DEBUG [aggregator-service,,,] 35262 --- [    Test worker] o.s.b.f.s.DefaultListableBeanFactory     : Autowiring by type from bean name 'resourceHandlerMapping' via factory method to bean named 'mvcContentNegotiationManager'
2020-04-16 18:10:33.430 DEBUG [aggregator-service,,,] 35262 --- [    Test worker] o.s.b.f.s.DefaultListableBeanFactory     : Autowiring by type from bean name 'resourceHandlerMapping' via factory method to bean named 'mvcConversionService'
2020-04-16 18:10:33.430 DEBUG [aggregator-service,,,] 35262 --- [    Test worker] o.s.b.f.s.DefaultListableBeanFactory     : Autowiring by type from bean name 'resourceHandlerMapping' via factory method to bean named 'mvcResourceUrlProvider'
2020-04-16 18:10:33.444 DEBUG [aggregator-service,,,] 35262 --- [    Test worker] o.s.w.s.handler.SimpleUrlHandlerMapping  : Patterns [/webjars/**, /**] in 'resourceHandlerMapping'
2020-04-16 18:10:33.446 DEBUG [aggregator-service,,,] 35262 --- [    Test worker] o.s.b.f.s.DefaultListableBeanFactory     : Creating shared instance of singleton bean 'defaultServletHandlerMapping'
2020-04-16 18:10:33.447 DEBUG [aggregator-service,,,] 35262 --- [    Test worker] o.s.b.f.s.DefaultListableBeanFactory     : Creating shared instance of singleton bean 'handlerFunctionAdapter'
2020-04-16 18:10:33.450 DEBUG [aggregator-service,,,] 35262 --- [    Test worker] o.s.b.f.s.DefaultListableBeanFactory     : Creating shared instance of singleton bean 'mvcUriComponentsContributor'
2020-04-16 18:10:33.452 DEBUG [aggregator-service,,,] 35262 --- [    Test worker] o.s.b.f.s.DefaultListableBeanFactory     : Autowiring by type from bean name 'mvcUriComponentsContributor' via factory method to bean named 'mvcConversionService'
2020-04-16 18:10:33.452 DEBUG [aggregator-service,,,] 35262 --- [    Test worker] o.s.b.f.s.DefaultListableBeanFactory     : Autowiring by type from bean name 'mvcUriComponentsContributor' via factory method to bean named 'requestMappingHandlerAdapter'
2020-04-16 18:10:33.454 DEBUG [aggregator-service,,,] 35262 --- [    Test worker] o.s.b.f.s.DefaultListableBeanFactory     : Creating shared instance of singleton bean 'httpRequestHandlerAdapter'
2020-04-16 18:10:33.456 DEBUG [aggregator-service,,,] 35262 --- [    Test worker] o.s.b.f.s.DefaultListableBeanFactory     : Creating shared instance of singleton bean 'simpleControllerHandlerAdapter'
2020-04-16 18:10:33.457 DEBUG [aggregator-service,,,] 35262 --- [    Test worker] o.s.b.f.s.DefaultListableBeanFactory     : Creating shared instance of singleton bean 'handlerExceptionResolver'
2020-04-16 18:10:33.458 DEBUG [aggregator-service,,,] 35262 --- [    Test worker] o.s.b.f.s.DefaultListableBeanFactory     : Autowiring by type from bean name 'handlerExceptionResolver' via factory method to bean named 'mvcContentNegotiationManager'
2020-04-16 18:10:33.464 DEBUG [aggregator-service,,,] 35262 --- [    Test worker] .m.m.a.ExceptionHandlerExceptionResolver : ControllerAdvice beans: 2 @ExceptionHandler, 1 ResponseBodyAdvice
2020-04-16 18:10:33.469 DEBUG [aggregator-service,,,] 35262 --- [    Test worker] o.s.b.f.s.DefaultListableBeanFactory     : Creating shared instance of singleton bean 'baseUri'
2020-04-16 18:10:33.473 DEBUG [aggregator-service,,,] 35262 --- [    Test worker] o.s.b.f.s.DefaultListableBeanFactory     : Creating shared instance of singleton bean 'serverHttpRequestMethodArgumentResolver'
2020-04-16 18:10:33.475 DEBUG [aggregator-service,,,] 35262 --- [    Test worker] o.s.b.f.s.DefaultListableBeanFactory     : Creating shared instance of singleton bean 'repoRequestArgumentResolver'
2020-04-16 18:10:33.475 DEBUG [aggregator-service,,,] 35262 --- [    Test worker] o.s.b.f.s.DefaultListableBeanFactory     : Creating shared instance of singleton bean 'resourceMetadataHandlerMethodArgumentResolver'
2020-04-16 18:10:33.480 DEBUG [aggregator-service,,,] 35262 --- [    Test worker] o.s.b.f.s.DefaultListableBeanFactory     : Creating shared instance of singleton bean 'persistentEntityArgumentResolver'
2020-04-16 18:10:33.480 DEBUG [aggregator-service,,,] 35262 --- [    Test worker] o.s.b.f.s.DefaultListableBeanFactory     : Creating shared instance of singleton bean 'defaultMessageConverters'
2020-04-16 18:10:33.490 DEBUG [aggregator-service,,,] 35262 --- [    Test worker] o.s.b.f.s.DefaultListableBeanFactory     : Creating shared instance of singleton bean 'backendIdHandlerMethodArgumentResolver'
2020-04-16 18:10:33.497 DEBUG [aggregator-service,,,] 35262 --- [    Test worker] o.s.b.f.s.DefaultListableBeanFactory     : Creating shared instance of singleton bean 'eTagArgumentResolver'
2020-04-16 18:10:33.501 DEBUG [aggregator-service,,,] 35262 --- [    Test worker] o.s.b.f.s.DefaultListableBeanFactory     : Creating shared instance of singleton bean 'mvcViewResolver'
2020-04-16 18:10:33.502 DEBUG [aggregator-service,,,] 35262 --- [    Test worker] o.s.b.f.s.DefaultListableBeanFactory     : Autowiring by type from bean name 'mvcViewResolver' via factory method to bean named 'mvcContentNegotiationManager'
2020-04-16 18:10:33.508 DEBUG [aggregator-service,,,] 35262 --- [    Test worker] o.s.b.f.s.DefaultListableBeanFactory     : Creating shared instance of singleton bean 'defaultViewResolver'
2020-04-16 18:10:33.529 DEBUG [aggregator-service,,,] 35262 --- [    Test worker] o.s.b.f.s.DefaultListableBeanFactory     : Creating shared instance of singleton bean 'viewResolver'
2020-04-16 18:10:33.529 DEBUG [aggregator-service,,,] 35262 --- [    Test worker] o.s.b.f.s.DefaultListableBeanFactory     : Autowiring by type from bean name 'viewResolver' via factory method to bean named 'org.springframework.beans.factory.support.DefaultListableBeanFactory@6c2dde52'
2020-04-16 18:10:33.537 DEBUG [aggregator-service,,,] 35262 --- [    Test worker] o.s.b.f.s.DefaultListableBeanFactory     : Creating shared instance of singleton bean 'freeMarkerViewResolver'
2020-04-16 18:10:33.537 DEBUG [aggregator-service,,,] 35262 --- [    Test worker] o.s.b.f.s.DefaultListableBeanFactory     : Creating shared instance of singleton bean 'org.springframework.boot.autoconfigure.freemarker.FreeMarkerServletWebConfiguration'
2020-04-16 18:10:33.539 DEBUG [aggregator-service,,,] 35262 --- [    Test worker] o.s.b.f.s.DefaultListableBeanFactory     : Creating shared instance of singleton bean 'spring.freemarker-org.springframework.boot.autoconfigure.freemarker.FreeMarkerProperties'
2020-04-16 18:10:33.547 DEBUG [aggregator-service,,,] 35262 --- [    Test worker] o.s.b.f.s.DefaultListableBeanFactory     : Autowiring by type from bean name 'org.springframework.boot.autoconfigure.freemarker.FreeMarkerServletWebConfiguration' via constructor to bean named 'spring.freemarker-org.springframework.boot.autoconfigure.freemarker.FreeMarkerProperties'
2020-04-16 18:10:33.562 DEBUG [aggregator-service,,,] 35262 --- [    Test worker] o.s.b.f.s.DefaultListableBeanFactory     : Creating shared instance of singleton bean 'requestContextFilter'
2020-04-16 18:10:33.572 DEBUG [aggregator-service,,,] 35262 --- [    Test worker] o.s.b.f.s.DefaultListableBeanFactory     : Creating shared instance of singleton bean 'org.springframework.boot.autoconfigure.web.servlet.WebMvcAutoConfiguration'
2020-04-16 18:10:33.575 DEBUG [aggregator-service,,,] 35262 --- [    Test worker] o.s.b.f.s.DefaultListableBeanFactory     : Creating shared instance of singleton bean 'formContentFilter'
2020-04-16 18:10:33.584 DEBUG [aggregator-service,,,] 35262 --- [    Test worker] o.s.b.f.s.DefaultListableBeanFactory     : Creating shared instance of singleton bean 'org.springframework.boot.autoconfigure.transaction.jta.JtaAutoConfiguration'
2020-04-16 18:10:33.586 DEBUG [aggregator-service,,,] 35262 --- [    Test worker] o.s.b.f.s.DefaultListableBeanFactory     : Creating shared instance of singleton bean 'org.springframework.boot.autoconfigure.jdbc.DataSourceAutoConfiguration$PooledDataSourceConfiguration'
2020-04-16 18:10:33.587 DEBUG [aggregator-service,,,] 35262 --- [    Test worker] o.s.b.f.s.DefaultListableBeanFactory     : Creating shared instance of singleton bean 'org.springframework.boot.autoconfigure.jdbc.metadata.DataSourcePoolMetadataProvidersConfiguration'
2020-04-16 18:10:33.588 DEBUG [aggregator-service,,,] 35262 --- [    Test worker] o.s.b.f.s.DefaultListableBeanFactory     : Creating shared instance of singleton bean 'org.springframework.boot.autoconfigure.jdbc.DataSourceInitializationConfiguration'
2020-04-16 18:10:33.590 DEBUG [aggregator-service,,,] 35262 --- [    Test worker] o.s.b.f.s.DefaultListableBeanFactory     : Creating shared instance of singleton bean 'org.springframework.boot.autoconfigure.jdbc.DataSourceAutoConfiguration'
2020-04-16 18:10:33.591 DEBUG [aggregator-service,,,] 35262 --- [    Test worker] o.s.b.f.s.DefaultListableBeanFactory     : Creating shared instance of singleton bean 'loggingRebinder'
2020-04-16 18:10:33.595 DEBUG [aggregator-service,,,] 35262 --- [    Test worker] o.s.b.f.s.DefaultListableBeanFactory     : Creating shared instance of singleton bean 'transactionManager'
2020-04-16 18:10:33.599 DEBUG [aggregator-service,,,] 35262 --- [    Test worker] o.s.b.f.s.DefaultListableBeanFactory     : Creating shared instance of singleton bean 'platformTransactionManagerCustomizers'
2020-04-16 18:10:33.599 DEBUG [aggregator-service,,,] 35262 --- [    Test worker] o.s.b.f.s.DefaultListableBeanFactory     : Creating shared instance of singleton bean 'org.springframework.boot.autoconfigure.transaction.TransactionAutoConfiguration'
2020-04-16 18:10:33.602 DEBUG [aggregator-service,,,] 35262 --- [    Test worker] o.s.b.f.s.DefaultListableBeanFactory     : Creating shared instance of singleton bean 'spring.transaction-org.springframework.boot.autoconfigure.transaction.TransactionProperties'
2020-04-16 18:10:33.618 DEBUG [aggregator-service,,,] 35262 --- [    Test worker] o.s.b.f.s.DefaultListableBeanFactory     : Creating shared instance of singleton bean 'org.springframework.boot.autoconfigure.orm.jpa.HibernateJpaAutoConfiguration'
2020-04-16 18:10:33.619 DEBUG [aggregator-service,,,] 35262 --- [    Test worker] o.s.b.f.s.DefaultListableBeanFactory     : Creating shared instance of singleton bean 'org.springframework.boot.actuate.autoconfigure.web.servlet.ServletManagementContextAutoConfiguration'
2020-04-16 18:10:33.621 DEBUG [aggregator-service,,,] 35262 --- [    Test worker] o.s.b.f.s.DefaultListableBeanFactory     : Creating shared instance of singleton bean 'servletWebChildContextFactory'
2020-04-16 18:10:33.624 DEBUG [aggregator-service,,,] 35262 --- [    Test worker] o.s.b.f.s.DefaultListableBeanFactory     : Creating shared instance of singleton bean 'managementServletContext'
2020-04-16 18:10:33.624 DEBUG [aggregator-service,,,] 35262 --- [    Test worker] o.s.b.f.s.DefaultListableBeanFactory     : Autowiring by type from bean name 'managementServletContext' via factory method to bean named 'management.endpoints.web-org.springframework.boot.actuate.autoconfigure.endpoint.web.WebEndpointProperties'
2020-04-16 18:10:33.629 DEBUG [aggregator-service,,,] 35262 --- [    Test worker] o.s.b.f.s.DefaultListableBeanFactory     : Creating shared instance of singleton bean 'org.springframework.boot.actuate.autoconfigure.health.LegacyHealthEndpointAdaptersConfiguration'
2020-04-16 18:10:33.631 DEBUG [aggregator-service,,,] 35262 --- [    Test worker] o.s.b.f.s.DefaultListableBeanFactory     : Creating shared instance of singleton bean 'org.springframework.boot.actuate.autoconfigure.health.LegacyHealthEndpointCompatibilityConfiguration'
2020-04-16 18:10:33.633 DEBUG [aggregator-service,,,] 35262 --- [    Test worker] o.s.b.f.s.DefaultListableBeanFactory     : Creating shared instance of singleton bean 'healthAggregator'
2020-04-16 18:10:33.633 DEBUG [aggregator-service,,,] 35262 --- [    Test worker] o.s.b.f.s.DefaultListableBeanFactory     : Autowiring by type from bean name 'healthAggregator' via factory method to bean named 'management.health.status-org.springframework.boot.actuate.autoconfigure.health.HealthIndicatorProperties'
2020-04-16 18:10:33.637 DEBUG [aggregator-service,,,] 35262 --- [    Test worker] o.s.b.f.s.DefaultListableBeanFactory     : Creating shared instance of singleton bean 'healthStatusHttpMapper'
2020-04-16 18:10:33.637 DEBUG [aggregator-service,,,] 35262 --- [    Test worker] o.s.b.f.s.DefaultListableBeanFactory     : Autowiring by type from bean name 'healthStatusHttpMapper' via factory method to bean named 'management.health.status-org.springframework.boot.actuate.autoconfigure.health.HealthIndicatorProperties'
2020-04-16 18:10:33.639 DEBUG [aggregator-service,,,] 35262 --- [    Test worker] o.s.b.f.s.DefaultListableBeanFactory     : Creating shared instance of singleton bean 'healthIndicatorRegistry'
2020-04-16 18:10:33.639 DEBUG [aggregator-service,,,] 35262 --- [    Test worker] o.s.b.f.s.DefaultListableBeanFactory     : Autowiring by type from bean name 'healthIndicatorRegistry' via factory method to bean named 'healthContributorRegistry'
2020-04-16 18:10:33.641 DEBUG [aggregator-service,,,] 35262 --- [    Test worker] o.s.b.f.s.DefaultListableBeanFactory     : Creating shared instance of singleton bean 'org.springframework.boot.autoconfigure.info.ProjectInfoAutoConfiguration'
2020-04-16 18:10:33.642 DEBUG [aggregator-service,,,] 35262 --- [    Test worker] o.s.b.f.s.DefaultListableBeanFactory     : Creating shared instance of singleton bean 'spring.info-org.springframework.boot.autoconfigure.info.ProjectInfoProperties'
2020-04-16 18:10:33.644 DEBUG [aggregator-service,,,] 35262 --- [    Test worker] o.s.b.f.s.DefaultListableBeanFactory     : Autowiring by type from bean name 'org.springframework.boot.autoconfigure.info.ProjectInfoAutoConfiguration' via constructor to bean named 'spring.info-org.springframework.boot.autoconfigure.info.ProjectInfoProperties'
2020-04-16 18:10:33.646 DEBUG [aggregator-service,,,] 35262 --- [    Test worker] o.s.b.f.s.DefaultListableBeanFactory     : Creating shared instance of singleton bean 'management.info-org.springframework.boot.actuate.autoconfigure.info.InfoContributorProperties'
2020-04-16 18:10:33.649 DEBUG [aggregator-service,,,] 35262 --- [    Test worker] o.s.b.f.s.DefaultListableBeanFactory     : Creating shared instance of singleton bean 'pathMappedEndpoints'
2020-04-16 18:10:33.650 DEBUG [aggregator-service,,,] 35262 --- [    Test worker] o.s.b.f.s.DefaultListableBeanFactory     : Autowiring by type from bean name 'pathMappedEndpoints' via factory method to bean named 'servletEndpointDiscoverer'
2020-04-16 18:10:33.650 DEBUG [aggregator-service,,,] 35262 --- [    Test worker] o.s.b.f.s.DefaultListableBeanFactory     : Autowiring by type from bean name 'pathMappedEndpoints' via factory method to bean named 'webEndpointDiscoverer'
2020-04-16 18:10:33.650 DEBUG [aggregator-service,,,] 35262 --- [    Test worker] o.s.b.f.s.DefaultListableBeanFactory     : Autowiring by type from bean name 'pathMappedEndpoints' via factory method to bean named 'controllerEndpointDiscoverer'
2020-04-16 18:10:33.655 DEBUG [aggregator-service,,,] 35262 --- [    Test worker] o.s.b.f.s.DefaultListableBeanFactory     : Creating shared instance of singleton bean 'org.springframework.cloud.autoconfigure.LifecycleMvcEndpointAutoConfiguration'
2020-04-16 18:10:33.657 DEBUG [aggregator-service,,,] 35262 --- [    Test worker] o.s.b.f.s.DefaultListableBeanFactory     : Creating shared instance of singleton bean 'environmentManager'
2020-04-16 18:10:33.658 DEBUG [aggregator-service,,,] 35262 --- [    Test worker] o.s.b.f.s.DefaultListableBeanFactory     : Autowiring by type from bean name 'environmentManager' via factory method to bean named 'environment'
2020-04-16 18:10:33.661 DEBUG [aggregator-service,,,] 35262 --- [    Test worker] o.s.b.f.s.DefaultListableBeanFactory     : Creating shared instance of singleton bean 'org.springframework.boot.actuate.autoconfigure.metrics.CompositeMeterRegistryAutoConfiguration'
2020-04-16 18:10:33.662 DEBUG [aggregator-service,,,] 35262 --- [    Test worker] o.s.b.f.s.DefaultListableBeanFactory     : Creating shared instance of singleton bean 'org.springframework.boot.actuate.autoconfigure.metrics.jdbc.DataSourcePoolMetricsAutoConfiguration$HikariDataSourceMetricsConfiguration'
2020-04-16 18:10:33.663 DEBUG [aggregator-service,,,] 35262 --- [    Test worker] o.s.b.f.s.DefaultListableBeanFactory     : Autowiring by type from bean name 'org.springframework.boot.actuate.autoconfigure.metrics.jdbc.DataSourcePoolMetricsAutoConfiguration$HikariDataSourceMetricsConfiguration' via constructor to bean named 'simpleMeterRegistry'
2020-04-16 18:10:33.667 DEBUG [aggregator-service,,,] 35262 --- [    Test worker] o.s.b.f.s.DefaultListableBeanFactory     : Creating shared instance of singleton bean 'org.springframework.boot.actuate.autoconfigure.metrics.jdbc.DataSourcePoolMetricsAutoConfiguration$DataSourcePoolMetadataMetricsConfiguration'
2020-04-16 18:10:33.674 DEBUG [aggregator-service,,,] 35262 --- [    Test worker] o.s.b.f.s.DefaultListableBeanFactory     : Creating shared instance of singleton bean 'org.springframework.boot.actuate.autoconfigure.metrics.jdbc.DataSourcePoolMetricsAutoConfiguration'
2020-04-16 18:10:33.675 DEBUG [aggregator-service,,,] 35262 --- [    Test worker] o.s.b.f.s.DefaultListableBeanFactory     : Creating shared instance of singleton bean 'org.springframework.boot.actuate.autoconfigure.metrics.orm.jpa.HibernateMetricsAutoConfiguration'
2020-04-16 18:10:33.682 DEBUG [aggregator-service,,,] 35262 --- [    Test worker] o.h.stat.internal.StatisticsInitiator    : Statistics initialized [enabled=false]
2020-04-16 18:10:33.685 DEBUG [aggregator-service,,,] 35262 --- [    Test worker] o.s.b.f.s.DefaultListableBeanFactory     : Creating shared instance of singleton bean 'org.springframework.boot.autoconfigure.http.JacksonHttpMessageConvertersConfiguration'
2020-04-16 18:10:33.687 DEBUG [aggregator-service,,,] 35262 --- [    Test worker] o.s.b.f.s.DefaultListableBeanFactory     : Creating shared instance of singleton bean 'org.springframework.boot.autoconfigure.web.client.RestTemplateAutoConfiguration'
2020-04-16 18:10:33.689 DEBUG [aggregator-service,,,] 35262 --- [    Test worker] o.s.b.f.s.DefaultListableBeanFactory     : Creating shared instance of singleton bean 'restTemplateBuilder'
2020-04-16 18:10:33.690 DEBUG [aggregator-service,,,] 35262 --- [    Test worker] o.s.b.f.s.DefaultListableBeanFactory     : Creating shared instance of singleton bean 'metricsRestTemplateCustomizer'
2020-04-16 18:10:33.690 DEBUG [aggregator-service,,,] 35262 --- [    Test worker] o.s.b.f.s.DefaultListableBeanFactory     : Creating shared instance of singleton bean 'org.springframework.boot.actuate.autoconfigure.metrics.web.client.RestTemplateMetricsConfiguration'
2020-04-16 18:10:33.693 DEBUG [aggregator-service,,,] 35262 --- [    Test worker] o.s.b.f.s.DefaultListableBeanFactory     : Creating shared instance of singleton bean 'restTemplateExchangeTagsProvider'
2020-04-16 18:10:33.696 DEBUG [aggregator-service,,,] 35262 --- [    Test worker] o.s.b.f.s.DefaultListableBeanFactory     : Autowiring by type from bean name 'metricsRestTemplateCustomizer' via factory method to bean named 'simpleMeterRegistry'
2020-04-16 18:10:33.696 DEBUG [aggregator-service,,,] 35262 --- [    Test worker] o.s.b.f.s.DefaultListableBeanFactory     : Autowiring by type from bean name 'metricsRestTemplateCustomizer' via factory method to bean named 'restTemplateExchangeTagsProvider'
2020-04-16 18:10:33.696 DEBUG [aggregator-service,,,] 35262 --- [    Test worker] o.s.b.f.s.DefaultListableBeanFactory     : Autowiring by type from bean name 'metricsRestTemplateCustomizer' via factory method to bean named 'management.metrics-org.springframework.boot.actuate.autoconfigure.metrics.MetricsProperties'
2020-04-16 18:10:33.700 DEBUG [aggregator-service,,,] 35262 --- [    Test worker] o.s.b.f.s.DefaultListableBeanFactory     : Creating shared instance of singleton bean 'traceRestTemplateCustomizer'
2020-04-16 18:10:33.700 DEBUG [aggregator-service,,,] 35262 --- [    Test worker] o.s.b.f.s.DefaultListableBeanFactory     : Creating shared instance of singleton bean 'org.springframework.cloud.sleuth.instrument.web.client.TraceWebClientAutoConfiguration$RestTemplateConfig$TraceInterceptorConfiguration'
2020-04-16 18:10:33.709 DEBUG [aggregator-service,,,] 35262 --- [    Test worker] o.s.b.f.s.DefaultListableBeanFactory     : Creating shared instance of singleton bean 'webMvcMetricsFilter'
2020-04-16 18:10:33.709 DEBUG [aggregator-service,,,] 35262 --- [    Test worker] o.s.b.f.s.DefaultListableBeanFactory     : Autowiring by type from bean name 'webMvcMetricsFilter' via factory method to bean named 'simpleMeterRegistry'
2020-04-16 18:10:33.709 DEBUG [aggregator-service,,,] 35262 --- [    Test worker] o.s.b.f.s.DefaultListableBeanFactory     : Autowiring by type from bean name 'webMvcMetricsFilter' via factory method to bean named 'webMvcTagsProvider'
2020-04-16 18:10:33.715 DEBUG [aggregator-service,,,] 35262 --- [    Test worker] o.s.b.f.s.DefaultListableBeanFactory     : Creating shared instance of singleton bean 'org.springframework.boot.actuate.autoconfigure.metrics.web.tomcat.TomcatMetricsAutoConfiguration'
2020-04-16 18:10:33.717 DEBUG [aggregator-service,,,] 35262 --- [    Test worker] o.s.b.f.s.DefaultListableBeanFactory     : Creating shared instance of singleton bean 'tomcatMetricsBinder'
2020-04-16 18:10:33.717 DEBUG [aggregator-service,,,] 35262 --- [    Test worker] o.s.b.f.s.DefaultListableBeanFactory     : Autowiring by type from bean name 'tomcatMetricsBinder' via factory method to bean named 'simpleMeterRegistry'
2020-04-16 18:10:33.720 DEBUG [aggregator-service,,,] 35262 --- [    Test worker] o.s.b.f.s.DefaultListableBeanFactory     : Creating shared instance of singleton bean 'org.springframework.boot.actuate.autoconfigure.web.mappings.MappingsEndpointAutoConfiguration$ServletWebConfiguration$SpringMvcConfiguration'
2020-04-16 18:10:33.721 DEBUG [aggregator-service,,,] 35262 --- [    Test worker] o.s.b.f.s.DefaultListableBeanFactory     : Creating shared instance of singleton bean 'dispatcherServletMappingDescriptionProvider'
2020-04-16 18:10:33.725 DEBUG [aggregator-service,,,] 35262 --- [    Test worker] o.s.b.f.s.DefaultListableBeanFactory     : Creating shared instance of singleton bean 'org.springframework.boot.actuate.autoconfigure.web.mappings.MappingsEndpointAutoConfiguration$ServletWebConfiguration'
2020-04-16 18:10:33.727 DEBUG [aggregator-service,,,] 35262 --- [    Test worker] o.s.b.f.s.DefaultListableBeanFactory     : Creating shared instance of singleton bean 'servletMappingDescriptionProvider'
2020-04-16 18:10:33.730 DEBUG [aggregator-service,,,] 35262 --- [    Test worker] o.s.b.f.s.DefaultListableBeanFactory     : Creating shared instance of singleton bean 'filterMappingDescriptionProvider'
2020-04-16 18:10:33.732 DEBUG [aggregator-service,,,] 35262 --- [    Test worker] o.s.b.f.s.DefaultListableBeanFactory     : Creating shared instance of singleton bean 'org.springframework.boot.actuate.autoconfigure.web.mappings.MappingsEndpointAutoConfiguration'
2020-04-16 18:10:33.734 DEBUG [aggregator-service,,,] 35262 --- [    Test worker] o.s.b.f.s.DefaultListableBeanFactory     : Creating shared instance of singleton bean 'org.springframework.boot.autoconfigure.aop.AopAutoConfiguration$AspectJAutoProxyingConfiguration$CglibAutoProxyConfiguration'
2020-04-16 18:10:33.735 DEBUG [aggregator-service,,,] 35262 --- [    Test worker] o.s.b.f.s.DefaultListableBeanFactory     : Creating shared instance of singleton bean 'org.springframework.boot.autoconfigure.aop.AopAutoConfiguration$AspectJAutoProxyingConfiguration'
2020-04-16 18:10:33.736 DEBUG [aggregator-service,,,] 35262 --- [    Test worker] o.s.b.f.s.DefaultListableBeanFactory     : Creating shared instance of singleton bean 'org.springframework.boot.autoconfigure.aop.AopAutoConfiguration'
2020-04-16 18:10:33.738 DEBUG [aggregator-service,,,] 35262 --- [    Test worker] o.s.b.f.s.DefaultListableBeanFactory     : Creating shared instance of singleton bean 'org.springframework.boot.autoconfigure.context.ConfigurationPropertiesAutoConfiguration'
2020-04-16 18:10:33.739 DEBUG [aggregator-service,,,] 35262 --- [    Test worker] o.s.b.f.s.DefaultListableBeanFactory     : Creating shared instance of singleton bean 'org.springframework.boot.autoconfigure.dao.PersistenceExceptionTranslationAutoConfiguration'
2020-04-16 18:10:33.741 DEBUG [aggregator-service,,,] 35262 --- [    Test worker] o.s.b.f.s.DefaultListableBeanFactory     : Creating shared instance of singleton bean 'org.springframework.boot.autoconfigure.data.jpa.JpaRepositoriesAutoConfiguration'
2020-04-16 18:10:33.743 DEBUG [aggregator-service,,,] 35262 --- [    Test worker] o.s.b.f.s.DefaultListableBeanFactory     : Creating shared instance of singleton bean 'org.springframework.data.jpa.util.JpaMetamodelCacheCleanup'
2020-04-16 18:10:33.745 DEBUG [aggregator-service,,,] 35262 --- [    Test worker] o.s.b.f.s.DefaultListableBeanFactory     : Creating shared instance of singleton bean 'org.springframework.data.jpa.repository.support.JpaEvaluationContextExtension'
2020-04-16 18:10:33.750 DEBUG [aggregator-service,,,] 35262 --- [    Test worker] o.s.b.f.s.DefaultListableBeanFactory     : Creating shared instance of singleton bean 'halLinkDisocoverer'
2020-04-16 18:10:33.758 DEBUG [aggregator-service,,,] 35262 --- [    Test worker] o.s.b.f.s.DefaultListableBeanFactory     : Creating shared instance of singleton bean 'defaultRelProvider'
2020-04-16 18:10:33.765 DEBUG [aggregator-service,,,] 35262 --- [    Test worker] o.s.b.f.s.DefaultListableBeanFactory     : Creating shared instance of singleton bean 'annotationRelProvider'
2020-04-16 18:10:33.768 DEBUG [aggregator-service,,,] 35262 --- [    Test worker] o.s.b.f.s.DefaultListableBeanFactory     : Creating shared instance of singleton bean 'linkDiscoverers'
2020-04-16 18:10:33.769 DEBUG [aggregator-service,,,] 35262 --- [    Test worker] o.s.b.f.s.DefaultListableBeanFactory     : Creating shared instance of singleton bean 'linkDiscovererRegistry'
2020-04-16 18:10:33.771 DEBUG [aggregator-service,,,] 35262 --- [    Test worker] o.s.b.f.s.DefaultListableBeanFactory     : Autowiring by type from bean name 'linkDiscoverers' via factory method to bean named 'linkDiscovererRegistry'
2020-04-16 18:10:33.773 DEBUG [aggregator-service,,,] 35262 --- [    Test worker] o.s.b.f.s.DefaultListableBeanFactory     : Creating shared instance of singleton bean 'webMvcEntityLinks'
2020-04-16 18:10:33.776 DEBUG [aggregator-service,,,] 35262 --- [    Test worker] o.s.b.f.s.DefaultListableBeanFactory     : Creating shared instance of singleton bean 'webMvcLinkBuilderFactory'
2020-04-16 18:10:33.792 DEBUG [aggregator-service,,,] 35262 --- [    Test worker] o.s.b.f.s.DefaultListableBeanFactory     : Creating shared instance of singleton bean 'org.springframework.hateoas.config.RestTemplateHateoasConfiguration'
2020-04-16 18:10:33.797 DEBUG [aggregator-service,,,] 35262 --- [    Test worker] o.s.b.f.s.DefaultListableBeanFactory     : Creating shared instance of singleton bean 'repositoryRelProvider'
2020-04-16 18:10:33.800 DEBUG [aggregator-service,,,] 35262 --- [    Test worker] o.s.b.f.s.DefaultListableBeanFactory     : Creating shared instance of singleton bean 'validatingRepositoryEventListener'
2020-04-16 18:10:33.804 DEBUG [aggregator-service,,,] 35262 --- [    Test worker] o.s.b.f.s.DefaultListableBeanFactory     : Creating shared instance of singleton bean 'jpaHelper'
2020-04-16 18:10:33.806 DEBUG [aggregator-service,,,] 35262 --- [    Test worker] o.s.b.f.s.DefaultListableBeanFactory     : Creating shared instance of singleton bean 'repositoryExporterHandlerAdapter'
2020-04-16 18:10:33.819 DEBUG [aggregator-service,,,] 35262 --- [    Test worker] o.s.d.r.w.RepositoryRestHandlerAdapter   : ControllerAdvice beans: 0 @ModelAttribute, 0 @InitBinder, 0 RequestBodyAdvice, 1 ResponseBodyAdvice
2020-04-16 18:10:33.821 DEBUG [aggregator-service,,,] 35262 --- [    Test worker] o.s.b.f.s.DefaultListableBeanFactory     : Creating shared instance of singleton bean 'restHandlerMapping'
2020-04-16 18:10:33.836 DEBUG [aggregator-service,,,] 35262 --- [    Test worker] o.s.d.r.w.RepositoryRestHandlerMapping   : 27 mappings in <unknown>
2020-04-16 18:10:33.839 DEBUG [aggregator-service,,,] 35262 --- [    Test worker] o.s.d.r.w.BasePathAwareHandlerMapping    : 5 mappings in <unknown>
2020-04-16 18:10:33.842 DEBUG [aggregator-service,,,] 35262 --- [    Test worker] o.s.b.f.s.DefaultListableBeanFactory     : Creating shared instance of singleton bean 'freeMarkerConfiguration'
2020-04-16 18:10:33.843 DEBUG [aggregator-service,,,] 35262 --- [    Test worker] o.s.b.f.s.DefaultListableBeanFactory     : Autowiring by type from bean name 'freeMarkerConfiguration' via factory method to bean named 'freeMarkerConfigurer'
2020-04-16 18:10:33.869 DEBUG [aggregator-service,,,] 35262 --- [    Test worker] o.s.b.f.s.DefaultListableBeanFactory     : Creating shared instance of singleton bean 'org.springframework.boot.autoconfigure.freemarker.FreeMarkerAutoConfiguration'
2020-04-16 18:10:33.870 DEBUG [aggregator-service,,,] 35262 --- [    Test worker] o.s.b.f.s.DefaultListableBeanFactory     : Autowiring by type from bean name 'org.springframework.boot.autoconfigure.freemarker.FreeMarkerAutoConfiguration' via constructor to bean named 'org.springframework.web.context.support.GenericWebApplicationContext@3a7d07d4'
2020-04-16 18:10:33.870 DEBUG [aggregator-service,,,] 35262 --- [    Test worker] o.s.b.f.s.DefaultListableBeanFactory     : Autowiring by type from bean name 'org.springframework.boot.autoconfigure.freemarker.FreeMarkerAutoConfiguration' via constructor to bean named 'spring.freemarker-org.springframework.boot.autoconfigure.freemarker.FreeMarkerProperties'
2020-04-16 18:10:33.872 DEBUG [aggregator-service,,,] 35262 --- [    Test worker] o.s.b.f.s.DefaultListableBeanFactory     : Creating shared instance of singleton bean 'org.springframework.boot.autoconfigure.h2.H2ConsoleAutoConfiguration'
2020-04-16 18:10:33.874 DEBUG [aggregator-service,,,] 35262 --- [    Test worker] o.s.b.f.s.DefaultListableBeanFactory     : Creating shared instance of singleton bean 'h2Console'
2020-04-16 18:10:33.875 DEBUG [aggregator-service,,,] 35262 --- [    Test worker] o.s.b.f.s.DefaultListableBeanFactory     : Creating shared instance of singleton bean 'spring.h2.console-org.springframework.boot.autoconfigure.h2.H2ConsoleProperties'
2020-04-16 18:10:33.878 DEBUG [aggregator-service,,,] 35262 --- [    Test worker] o.s.b.f.s.DefaultListableBeanFactory     : Autowiring by type from bean name 'h2Console' via factory method to bean named 'spring.h2.console-org.springframework.boot.autoconfigure.h2.H2ConsoleProperties'
2020-04-16 18:10:33.878  INFO [aggregator-service,,,] 35262 --- [    Test worker] o.s.b.a.h2.H2ConsoleAutoConfiguration    : H2 console available at '/h2-console'. Database available at 'jdbc:h2:mem:commentservicedb'
2020-04-16 18:10:33.879 DEBUG [aggregator-service,,,] 35262 --- [    Test worker] o.s.b.f.s.DefaultListableBeanFactory     : Creating shared instance of singleton bean 'org.springframework.cloud.openfeign.hateoas.FeignHalAutoConfiguration'
2020-04-16 18:10:33.881 DEBUG [aggregator-service,,,] 35262 --- [    Test worker] o.s.b.f.s.DefaultListableBeanFactory     : Creating shared instance of singleton bean 'org.springframework.boot.autoconfigure.hateoas.HypermediaHttpMessageConverterConfiguration'
2020-04-16 18:10:33.883 DEBUG [aggregator-service,,,] 35262 --- [    Test worker] o.s.b.f.s.DefaultListableBeanFactory     : Creating shared instance of singleton bean 'halMessageConverterSupportedMediaTypeCustomizer'
2020-04-16 18:10:33.886 DEBUG [aggregator-service,,,] 35262 --- [    Test worker] o.s.b.f.s.DefaultListableBeanFactory     : Creating shared instance of singleton bean 'org.springframework.boot.autoconfigure.hateoas.HypermediaAutoConfiguration'
2020-04-16 18:10:33.887 DEBUG [aggregator-service,,,] 35262 --- [    Test worker] o.s.b.f.s.DefaultListableBeanFactory     : Creating shared instance of singleton bean 'spring.hateoas-org.springframework.boot.autoconfigure.hateoas.HateoasProperties'
2020-04-16 18:10:33.889 DEBUG [aggregator-service,,,] 35262 --- [    Test worker] o.s.b.f.s.DefaultListableBeanFactory     : Creating shared instance of singleton bean 'org.springframework.boot.autoconfigure.jdbc.JdbcTemplateConfiguration'
2020-04-16 18:10:33.891 DEBUG [aggregator-service,,,] 35262 --- [    Test worker] o.s.b.f.s.DefaultListableBeanFactory     : Creating shared instance of singleton bean 'jdbcTemplate'
2020-04-16 18:10:33.892 DEBUG [aggregator-service,,,] 35262 --- [    Test worker] o.s.b.f.s.DefaultListableBeanFactory     : Creating shared instance of singleton bean 'spring.jdbc-org.springframework.boot.autoconfigure.jdbc.JdbcProperties'
2020-04-16 18:10:33.894 DEBUG [aggregator-service,,,] 35262 --- [    Test worker] o.s.b.f.s.DefaultListableBeanFactory     : Autowiring by type from bean name 'jdbcTemplate' via factory method to bean named 'dataSource'
2020-04-16 18:10:33.894 DEBUG [aggregator-service,,,] 35262 --- [    Test worker] o.s.b.f.s.DefaultListableBeanFactory     : Autowiring by type from bean name 'jdbcTemplate' via factory method to bean named 'spring.jdbc-org.springframework.boot.autoconfigure.jdbc.JdbcProperties'
2020-04-16 18:10:33.907 DEBUG [aggregator-service,,,] 35262 --- [    Test worker] o.s.b.f.s.DefaultListableBeanFactory     : Creating shared instance of singleton bean 'org.springframework.boot.autoconfigure.jdbc.NamedParameterJdbcTemplateConfiguration'
2020-04-16 18:10:33.909 DEBUG [aggregator-service,,,] 35262 --- [    Test worker] o.s.b.f.s.DefaultListableBeanFactory     : Creating shared instance of singleton bean 'namedParameterJdbcTemplate'
2020-04-16 18:10:33.910 DEBUG [aggregator-service,,,] 35262 --- [    Test worker] o.s.b.f.s.DefaultListableBeanFactory     : Autowiring by type from bean name 'namedParameterJdbcTemplate' via factory method to bean named 'jdbcTemplate'
2020-04-16 18:10:33.916 DEBUG [aggregator-service,,,] 35262 --- [    Test worker] o.s.b.f.s.DefaultListableBeanFactory     : Creating shared instance of singleton bean 'org.springframework.boot.autoconfigure.jdbc.JdbcTemplateAutoConfiguration'
2020-04-16 18:10:33.918 DEBUG [aggregator-service,,,] 35262 --- [    Test worker] o.s.b.f.s.DefaultListableBeanFactory     : Creating shared instance of singleton bean 'org.springframework.boot.autoconfigure.security.oauth2.resource.servlet.OAuth2ResourceServerAutoConfiguration'
2020-04-16 18:10:33.920 DEBUG [aggregator-service,,,] 35262 --- [    Test worker] o.s.b.f.s.DefaultListableBeanFactory     : Creating shared instance of singleton bean 'spring.security.oauth2.resourceserver-org.springframework.boot.autoconfigure.security.oauth2.resource.OAuth2ResourceServerProperties'
2020-04-16 18:10:33.922 DEBUG [aggregator-service,,,] 35262 --- [    Test worker] o.s.b.f.s.DefaultListableBeanFactory     : Creating shared instance of singleton bean 'org.springframework.boot.autoconfigure.task.TaskSchedulingAutoConfiguration'
2020-04-16 18:10:33.935 DEBUG [aggregator-service,,,] 35262 --- [    Test worker] o.s.b.f.s.DefaultListableBeanFactory     : Creating shared instance of singleton bean 'taskSchedulerBuilder'
2020-04-16 18:10:33.936 DEBUG [aggregator-service,,,] 35262 --- [    Test worker] o.s.b.f.s.DefaultListableBeanFactory     : Creating shared instance of singleton bean 'spring.task.scheduling-org.springframework.boot.autoconfigure.task.TaskSchedulingProperties'
2020-04-16 18:10:33.938 DEBUG [aggregator-service,,,] 35262 --- [    Test worker] o.s.b.f.s.DefaultListableBeanFactory     : Autowiring by type from bean name 'taskSchedulerBuilder' via factory method to bean named 'spring.task.scheduling-org.springframework.boot.autoconfigure.task.TaskSchedulingProperties'
2020-04-16 18:10:33.941 DEBUG [aggregator-service,,,] 35262 --- [    Test worker] o.s.b.f.s.DefaultListableBeanFactory     : Creating shared instance of singleton bean 'org.springframework.boot.autoconfigure.jdbc.DataSourceTransactionManagerAutoConfiguration$DataSourceTransactionManagerConfiguration'
2020-04-16 18:10:33.944 DEBUG [aggregator-service,,,] 35262 --- [    Test worker] o.s.b.f.s.DefaultListableBeanFactory     : Creating shared instance of singleton bean 'org.springframework.boot.autoconfigure.jdbc.DataSourceTransactionManagerAutoConfiguration'
2020-04-16 18:10:33.946 DEBUG [aggregator-service,,,] 35262 --- [    Test worker] o.s.b.f.s.DefaultListableBeanFactory     : Creating shared instance of singleton bean 'org.springframework.boot.autoconfigure.transaction.TransactionAutoConfiguration$EnableTransactionManagementConfiguration$CglibAutoProxyConfiguration'
2020-04-16 18:10:33.948 DEBUG [aggregator-service,,,] 35262 --- [    Test worker] o.s.b.f.s.DefaultListableBeanFactory     : Creating shared instance of singleton bean 'org.springframework.boot.autoconfigure.transaction.TransactionAutoConfiguration$EnableTransactionManagementConfiguration'
2020-04-16 18:10:33.949 DEBUG [aggregator-service,,,] 35262 --- [    Test worker] o.s.b.f.s.DefaultListableBeanFactory     : Creating shared instance of singleton bean 'org.springframework.boot.autoconfigure.transaction.TransactionAutoConfiguration$TransactionTemplateConfiguration'
2020-04-16 18:10:33.951 DEBUG [aggregator-service,,,] 35262 --- [    Test worker] o.s.b.f.s.DefaultListableBeanFactory     : Creating shared instance of singleton bean 'transactionTemplate'
2020-04-16 18:10:33.951 DEBUG [aggregator-service,,,] 35262 --- [    Test worker] o.s.b.f.s.DefaultListableBeanFactory     : Autowiring by type from bean name 'transactionTemplate' via factory method to bean named 'transactionManager'
2020-04-16 18:10:33.960 DEBUG [aggregator-service,,,] 35262 --- [    Test worker] o.s.b.f.s.DefaultListableBeanFactory     : Creating shared instance of singleton bean 'org.springframework.boot.autoconfigure.web.embedded.EmbeddedWebServerFactoryCustomizerAutoConfiguration'
2020-04-16 18:10:33.962 DEBUG [aggregator-service,,,] 35262 --- [    Test worker] o.s.b.f.s.DefaultListableBeanFactory     : Creating shared instance of singleton bean 'characterEncodingFilter'
2020-04-16 18:10:33.972 DEBUG [aggregator-service,,,] 35262 --- [    Test worker] o.s.b.f.s.DefaultListableBeanFactory     : Creating shared instance of singleton bean 'multipartResolver'
2020-04-16 18:10:33.975 DEBUG [aggregator-service,,,] 35262 --- [    Test worker] o.s.b.f.s.DefaultListableBeanFactory     : Creating shared instance of singleton bean 'org.springframework.cloud.autoconfigure.RefreshEndpointAutoConfiguration$RefreshEndpointConfiguration'
2020-04-16 18:10:33.977 DEBUG [aggregator-service,,,] 35262 --- [    Test worker] o.s.b.f.s.DefaultListableBeanFactory     : Creating shared instance of singleton bean 'org.springframework.cloud.autoconfigure.RestartEndpointWithoutIntegrationConfiguration'
2020-04-16 18:10:33.978 DEBUG [aggregator-service,,,] 35262 --- [    Test worker] o.s.b.f.s.DefaultListableBeanFactory     : Creating shared instance of singleton bean 'org.springframework.cloud.autoconfigure.PauseResumeEndpointsConfiguration'
2020-04-16 18:10:33.981 DEBUG [aggregator-service,,,] 35262 --- [    Test worker] o.s.b.f.s.DefaultListableBeanFactory     : Creating shared instance of singleton bean 'org.springframework.cloud.client.discovery.composite.CompositeDiscoveryClientAutoConfiguration'
2020-04-16 18:10:33.983 DEBUG [aggregator-service,,,] 35262 --- [    Test worker] o.s.b.f.s.DefaultListableBeanFactory     : Creating shared instance of singleton bean 'compositeDiscoveryClient'
2020-04-16 18:10:33.984 DEBUG [aggregator-service,,,] 35262 --- [    Test worker] o.s.b.f.s.DefaultListableBeanFactory     : Creating shared instance of singleton bean 'simpleDiscoveryClient'
2020-04-16 18:10:33.984 DEBUG [aggregator-service,,,] 35262 --- [    Test worker] o.s.b.f.s.DefaultListableBeanFactory     : Creating shared instance of singleton bean 'org.springframework.cloud.client.discovery.simple.SimpleDiscoveryClientAutoConfiguration'
2020-04-16 18:10:33.986 DEBUG [aggregator-service,,,] 35262 --- [    Test worker] o.s.c.e.PropertySourcesPropertyResolver  : Found key 'spring.application.name' in PropertySource 'configurationProperties' with value of type String
2020-04-16 18:10:33.987 DEBUG [aggregator-service,,,] 35262 --- [    Test worker] o.s.c.e.PropertySourcesPropertyResolver  : Found key 'spring.application.name' in PropertySource 'environmentProperties' with value of type String
2020-04-16 18:10:33.988 DEBUG [aggregator-service,,,] 35262 --- [    Test worker] o.s.b.f.s.DefaultListableBeanFactory     : Creating shared instance of singleton bean 'inetUtils'
2020-04-16 18:10:33.988 DEBUG [aggregator-service,,,] 35262 --- [    Test worker] o.s.b.f.s.DefaultListableBeanFactory     : Creating shared instance of singleton bean 'org.springframework.cloud.commons.util.UtilAutoConfiguration'
2020-04-16 18:10:33.990 DEBUG [aggregator-service,,,] 35262 --- [    Test worker] o.s.b.f.s.DefaultListableBeanFactory     : Creating shared instance of singleton bean 'inetUtilsProperties'
2020-04-16 18:10:33.993 DEBUG [aggregator-service,,,] 35262 --- [    Test worker] o.s.b.f.s.DefaultListableBeanFactory     : Autowiring by type from bean name 'inetUtils' via factory method to bean named 'inetUtilsProperties'
2020-04-16 18:10:33.997 DEBUG [aggregator-service,,,] 35262 --- [    Test worker] o.s.b.f.s.DefaultListableBeanFactory     : Creating shared instance of singleton bean 'simpleDiscoveryProperties'
2020-04-16 18:10:34.002 DEBUG [aggregator-service,,,] 35262 --- [    Test worker] o.s.b.f.s.DefaultListableBeanFactory     : Autowiring by type from bean name 'simpleDiscoveryClient' via factory method to bean named 'simpleDiscoveryProperties'
2020-04-16 18:10:34.005 DEBUG [aggregator-service,,,] 35262 --- [    Test worker] o.s.b.f.s.DefaultListableBeanFactory     : Autowiring by type from bean name 'compositeDiscoveryClient' via factory method to bean named 'simpleDiscoveryClient'
2020-04-16 18:10:34.008 DEBUG [aggregator-service,,,] 35262 --- [    Test worker] o.s.b.f.s.DefaultListableBeanFactory     : Creating shared instance of singleton bean 'org.springframework.cloud.client.CommonsClientAutoConfiguration$ActuatorConfiguration'
2020-04-16 18:10:34.010 DEBUG [aggregator-service,,,] 35262 --- [    Test worker] o.s.b.f.s.DefaultListableBeanFactory     : Creating shared instance of singleton bean 'commonsFeatures'
2020-04-16 18:10:34.011 DEBUG [aggregator-service,,,] 35262 --- [    Test worker] o.s.b.f.s.DefaultListableBeanFactory     : Creating shared instance of singleton bean 'hystrixStreamFeature'
2020-04-16 18:10:34.011 DEBUG [aggregator-service,,,] 35262 --- [    Test worker] o.s.b.f.s.DefaultListableBeanFactory     : Creating shared instance of singleton bean 'feignFeature'
2020-04-16 18:10:34.013 DEBUG [aggregator-service,,,] 35262 --- [    Test worker] o.s.b.f.s.DefaultListableBeanFactory     : Creating shared instance of singleton bean 'org.springframework.cloud.client.CommonsClientAutoConfiguration'
2020-04-16 18:10:34.014 DEBUG [aggregator-service,,,] 35262 --- [    Test worker] o.s.b.f.s.DefaultListableBeanFactory     : Creating shared instance of singleton bean 'org.springframework.cloud.client.ReactiveCommonsClientAutoConfiguration'
2020-04-16 18:10:34.016 DEBUG [aggregator-service,,,] 35262 --- [    Test worker] o.s.b.f.s.DefaultListableBeanFactory     : Creating shared instance of singleton bean 'org.springframework.cloud.client.serviceregistry.AutoServiceRegistrationConfiguration'
2020-04-16 18:10:34.017 DEBUG [aggregator-service,,,] 35262 --- [    Test worker] o.s.b.f.s.DefaultListableBeanFactory     : Creating shared instance of singleton bean 'spring.cloud.service-registry.auto-registration-org.springframework.cloud.client.serviceregistry.AutoServiceRegistrationProperties'
2020-04-16 18:10:34.019 DEBUG [aggregator-service,,,] 35262 --- [    Test worker] o.s.b.f.s.DefaultListableBeanFactory     : Creating shared instance of singleton bean 'org.springframework.cloud.client.serviceregistry.AutoServiceRegistrationAutoConfiguration'
2020-04-16 18:10:34.022 DEBUG [aggregator-service,,,] 35262 --- [    Test worker] o.s.b.f.s.DefaultListableBeanFactory     : Creating shared instance of singleton bean 'org.springframework.cloud.client.serviceregistry.ServiceRegistryAutoConfiguration'
2020-04-16 18:10:34.023 DEBUG [aggregator-service,,,] 35262 --- [    Test worker] o.s.b.f.s.DefaultListableBeanFactory     : Creating shared instance of singleton bean 'org.springframework.cloud.sleuth.log.SleuthLogAutoConfiguration$Slf4jConfiguration'
2020-04-16 18:10:34.025 DEBUG [aggregator-service,,,] 35262 --- [    Test worker] o.s.b.f.s.DefaultListableBeanFactory     : Creating shared instance of singleton bean 'slf4jSpanDecorator'
2020-04-16 18:10:34.025 DEBUG [aggregator-service,,,] 35262 --- [    Test worker] o.s.b.f.s.DefaultListableBeanFactory     : Creating shared instance of singleton bean 'spring.sleuth-org.springframework.cloud.sleuth.autoconfig.SleuthProperties'
2020-04-16 18:10:34.029 DEBUG [aggregator-service,,,] 35262 --- [    Test worker] o.s.b.f.s.DefaultListableBeanFactory     : Creating shared instance of singleton bean 'spring.sleuth.log.slf4j-org.springframework.cloud.sleuth.log.SleuthSlf4jProperties'
2020-04-16 18:10:34.031 DEBUG [aggregator-service,,,] 35262 --- [    Test worker] o.s.b.f.s.DefaultListableBeanFactory     : Autowiring by type from bean name 'slf4jSpanDecorator' via factory method to bean named 'spring.sleuth-org.springframework.cloud.sleuth.autoconfig.SleuthProperties'
2020-04-16 18:10:34.031 DEBUG [aggregator-service,,,] 35262 --- [    Test worker] o.s.b.f.s.DefaultListableBeanFactory     : Autowiring by type from bean name 'slf4jSpanDecorator' via factory method to bean named 'spring.sleuth.log.slf4j-org.springframework.cloud.sleuth.log.SleuthSlf4jProperties'
2020-04-16 18:10:34.034 DEBUG [aggregator-service,,,] 35262 --- [    Test worker] o.s.b.f.s.DefaultListableBeanFactory     : Creating shared instance of singleton bean 'org.springframework.cloud.sleuth.log.SleuthLogAutoConfiguration'
2020-04-16 18:10:34.035 DEBUG [aggregator-service,,,] 35262 --- [    Test worker] o.s.b.f.s.DefaultListableBeanFactory     : Creating shared instance of singleton bean 'org.springframework.cloud.sleuth.propagation.SleuthTagPropagationAutoConfiguration$TagPropagationConfiguration'
2020-04-16 18:10:34.037 DEBUG [aggregator-service,,,] 35262 --- [    Test worker] o.s.b.f.s.DefaultListableBeanFactory     : Creating shared instance of singleton bean 'sleuthFinishedSpanHandler'
2020-04-16 18:10:34.038 DEBUG [aggregator-service,,,] 35262 --- [    Test worker] o.s.b.f.s.DefaultListableBeanFactory     : Creating shared instance of singleton bean 'spring.sleuth.propagation.tag-org.springframework.cloud.sleuth.propagation.SleuthTagPropagationProperties'
2020-04-16 18:10:34.040 DEBUG [aggregator-service,,,] 35262 --- [    Test worker] o.s.b.f.s.DefaultListableBeanFactory     : Autowiring by type from bean name 'sleuthFinishedSpanHandler' via factory method to bean named 'spring.sleuth-org.springframework.cloud.sleuth.autoconfig.SleuthProperties'
2020-04-16 18:10:34.040 DEBUG [aggregator-service,,,] 35262 --- [    Test worker] o.s.b.f.s.DefaultListableBeanFactory     : Autowiring by type from bean name 'sleuthFinishedSpanHandler' via factory method to bean named 'spring.sleuth.propagation.tag-org.springframework.cloud.sleuth.propagation.SleuthTagPropagationProperties'
2020-04-16 18:10:34.043 DEBUG [aggregator-service,,,] 35262 --- [    Test worker] o.s.b.f.s.DefaultListableBeanFactory     : Creating shared instance of singleton bean 'org.springframework.cloud.sleuth.propagation.SleuthTagPropagationAutoConfiguration'
2020-04-16 18:10:34.045 DEBUG [aggregator-service,,,] 35262 --- [    Test worker] o.s.b.f.s.DefaultListableBeanFactory     : Creating shared instance of singleton bean 'org.springframework.cloud.sleuth.autoconfig.TraceAutoConfiguration$TraceMetricsMicrometerConfiguration$NoReporterMetricsBeanConfiguration'
2020-04-16 18:10:34.046 DEBUG [aggregator-service,,,] 35262 --- [    Test worker] o.s.b.f.s.DefaultListableBeanFactory     : Creating shared instance of singleton bean 'sleuthMicrometerReporterMetrics'
2020-04-16 18:10:34.047 DEBUG [aggregator-service,,,] 35262 --- [    Test worker] o.s.b.f.s.DefaultListableBeanFactory     : Autowiring by type from bean name 'sleuthMicrometerReporterMetrics' via factory method to bean named 'simpleMeterRegistry'
2020-04-16 18:10:34.051 DEBUG [aggregator-service,,,] 35262 --- [    Test worker] o.s.b.f.s.DefaultListableBeanFactory     : Creating shared instance of singleton bean 'org.springframework.cloud.sleuth.autoconfig.TraceAutoConfiguration$TraceMetricsMicrometerConfiguration'
2020-04-16 18:10:34.052 DEBUG [aggregator-service,,,] 35262 --- [    Test worker] o.s.b.f.s.DefaultListableBeanFactory     : Creating shared instance of singleton bean 'org.springframework.cloud.sleuth.autoconfig.TraceAutoConfiguration'
2020-04-16 18:10:34.059 DEBUG [aggregator-service,,,] 35262 --- [    Test worker] o.s.b.f.s.DefaultListableBeanFactory     : Creating shared instance of singleton bean 'tracing'
2020-04-16 18:10:34.060 DEBUG [aggregator-service,,,] 35262 --- [    Test worker] o.s.c.e.PropertySourcesPropertyResolver  : Found key 'spring.application.name' in PropertySource 'configurationProperties' with value of type String
2020-04-16 18:10:34.060 DEBUG [aggregator-service,,,] 35262 --- [    Test worker] o.s.c.e.PropertySourcesPropertyResolver  : Found key 'spring.application.name' in PropertySource 'environmentProperties' with value of type String
2020-04-16 18:10:34.061 DEBUG [aggregator-service,,,] 35262 --- [    Test worker] o.s.b.f.s.DefaultListableBeanFactory     : Creating shared instance of singleton bean 'sleuthPropagation'
2020-04-16 18:10:34.061 DEBUG [aggregator-service,,,] 35262 --- [    Test worker] o.s.b.f.s.DefaultListableBeanFactory     : Autowiring by type from bean name 'sleuthPropagation' via factory method to bean named 'spring.sleuth-org.springframework.cloud.sleuth.autoconfig.SleuthProperties'
2020-04-16 18:10:34.067 DEBUG [aggregator-service,,,] 35262 --- [    Test worker] o.s.b.f.s.DefaultListableBeanFactory     : Creating shared instance of singleton bean 'sleuthCurrentTraceContext'
2020-04-16 18:10:34.067 DEBUG [aggregator-service,,,] 35262 --- [    Test worker] o.s.b.f.s.DefaultListableBeanFactory     : Creating shared instance of singleton bean 'sleuthCurrentTraceContextBuilder'
2020-04-16 18:10:34.071 DEBUG [aggregator-service,,,] 35262 --- [    Test worker] o.s.b.f.s.DefaultListableBeanFactory     : Autowiring by type from bean name 'sleuthCurrentTraceContext' via factory method to bean named 'sleuthCurrentTraceContextBuilder'
2020-04-16 18:10:34.075 DEBUG [aggregator-service,,,] 35262 --- [    Test worker] o.s.b.f.s.DefaultListableBeanFactory     : Creating shared instance of singleton bean 'sleuthTraceSampler'
2020-04-16 18:10:34.078 DEBUG [aggregator-service,,,] 35262 --- [    Test worker] o.s.b.f.s.DefaultListableBeanFactory     : Creating shared instance of singleton bean 'errorParser'
2020-04-16 18:10:34.081 DEBUG [aggregator-service,,,] 35262 --- [    Test worker] o.s.b.f.s.DefaultListableBeanFactory     : Creating shared instance of singleton bean 'noOpSpanReporter'
2020-04-16 18:10:34.084 DEBUG [aggregator-service,,,] 35262 --- [    Test worker] o.s.b.f.s.DefaultListableBeanFactory     : Autowiring by type from bean name 'tracing' via factory method to bean named 'sleuthPropagation'
2020-04-16 18:10:34.084 DEBUG [aggregator-service,,,] 35262 --- [    Test worker] o.s.b.f.s.DefaultListableBeanFactory     : Autowiring by type from bean name 'tracing' via factory method to bean named 'sleuthCurrentTraceContext'
2020-04-16 18:10:34.084 DEBUG [aggregator-service,,,] 35262 --- [    Test worker] o.s.b.f.s.DefaultListableBeanFactory     : Autowiring by type from bean name 'tracing' via factory method to bean named 'sleuthTraceSampler'
2020-04-16 18:10:34.084 DEBUG [aggregator-service,,,] 35262 --- [    Test worker] o.s.b.f.s.DefaultListableBeanFactory     : Autowiring by type from bean name 'tracing' via factory method to bean named 'errorParser'
2020-04-16 18:10:34.084 DEBUG [aggregator-service,,,] 35262 --- [    Test worker] o.s.b.f.s.DefaultListableBeanFactory     : Autowiring by type from bean name 'tracing' via factory method to bean named 'spring.sleuth-org.springframework.cloud.sleuth.autoconfig.SleuthProperties'
2020-04-16 18:10:34.084 DEBUG [aggregator-service,,,] 35262 --- [    Test worker] o.s.b.f.s.DefaultListableBeanFactory     : Autowiring by type from bean name 'tracing' via factory method to bean named 'noOpSpanReporter'
2020-04-16 18:10:34.095 DEBUG [aggregator-service,,,] 35262 --- [    Test worker] o.s.b.f.s.DefaultListableBeanFactory     : Creating shared instance of singleton bean 'tracer'
2020-04-16 18:10:34.096 DEBUG [aggregator-service,,,] 35262 --- [    Test worker] o.s.b.f.s.DefaultListableBeanFactory     : Autowiring by type from bean name 'tracer' via factory method to bean named 'tracing'
2020-04-16 18:10:34.099 DEBUG [aggregator-service,,,] 35262 --- [    Test worker] o.s.b.f.s.DefaultListableBeanFactory     : Creating shared instance of singleton bean 'sleuthSpanNamer'
2020-04-16 18:10:34.102 DEBUG [aggregator-service,,,] 35262 --- [    Test worker] o.s.b.f.s.DefaultListableBeanFactory     : Creating shared instance of singleton bean 'spanCustomizer'
2020-04-16 18:10:34.102 DEBUG [aggregator-service,,,] 35262 --- [    Test worker] o.s.b.f.s.DefaultListableBeanFactory     : Autowiring by type from bean name 'spanCustomizer' via factory method to bean named 'tracing'
2020-04-16 18:10:34.104 DEBUG [aggregator-service,,,] 35262 --- [    Test worker] o.s.b.f.s.DefaultListableBeanFactory     : Creating shared instance of singleton bean 'org.springframework.cloud.sleuth.instrument.web.TraceWebAutoConfiguration$DefaultSkipPatternConfig'
2020-04-16 18:10:34.106 DEBUG [aggregator-service,,,] 35262 --- [    Test worker] o.s.b.f.s.DefaultListableBeanFactory     : Creating shared instance of singleton bean 'defaultSkipPatternBean'
2020-04-16 18:10:34.107 DEBUG [aggregator-service,,,] 35262 --- [    Test worker] o.s.b.f.s.DefaultListableBeanFactory     : Creating shared instance of singleton bean 'spring.sleuth.web-org.springframework.cloud.sleuth.instrument.web.SleuthWebProperties'
2020-04-16 18:10:34.110 DEBUG [aggregator-service,,,] 35262 --- [    Test worker] o.s.b.f.s.DefaultListableBeanFactory     : Autowiring by type from bean name 'defaultSkipPatternBean' via factory method to bean named 'spring.sleuth.web-org.springframework.cloud.sleuth.instrument.web.SleuthWebProperties'
2020-04-16 18:10:34.114 DEBUG [aggregator-service,,,] 35262 --- [    Test worker] o.s.b.f.s.DefaultListableBeanFactory     : Creating shared instance of singleton bean 'org.springframework.cloud.sleuth.instrument.web.TraceWebAutoConfiguration$ActuatorSkipPatternProviderConfig'
2020-04-16 18:10:34.117 DEBUG [aggregator-service,,,] 35262 --- [    Test worker] o.s.b.f.s.DefaultListableBeanFactory     : Creating shared instance of singleton bean 'skipPatternForActuatorEndpointsSamePort'
2020-04-16 18:10:34.117 DEBUG [aggregator-service,,,] 35262 --- [    Test worker] o.s.b.f.s.DefaultListableBeanFactory     : Autowiring by type from bean name 'skipPatternForActuatorEndpointsSamePort' via factory method to bean named 'server-org.springframework.boot.autoconfigure.web.ServerProperties'
2020-04-16 18:10:34.117 DEBUG [aggregator-service,,,] 35262 --- [    Test worker] o.s.b.f.s.DefaultListableBeanFactory     : Autowiring by type from bean name 'skipPatternForActuatorEndpointsSamePort' via factory method to bean named 'management.endpoints.web-org.springframework.boot.actuate.autoconfigure.endpoint.web.WebEndpointProperties'
2020-04-16 18:10:34.117 DEBUG [aggregator-service,,,] 35262 --- [    Test worker] o.s.b.f.s.DefaultListableBeanFactory     : Autowiring by type from bean name 'skipPatternForActuatorEndpointsSamePort' via factory method to bean named 'webEndpointDiscoverer'
2020-04-16 18:10:34.121 DEBUG [aggregator-service,,,] 35262 --- [    Test worker] o.s.b.f.s.DefaultListableBeanFactory     : Creating shared instance of singleton bean 'org.springframework.cloud.sleuth.instrument.web.TraceWebAutoConfiguration$ManagementSkipPatternProviderConfig'
2020-04-16 18:10:34.123 DEBUG [aggregator-service,,,] 35262 --- [    Test worker] o.s.b.f.s.DefaultListableBeanFactory     : Creating shared instance of singleton bean 'org.springframework.cloud.sleuth.instrument.web.TraceWebAutoConfiguration'
2020-04-16 18:10:34.126 DEBUG [aggregator-service,,,] 35262 --- [    Test worker] o.s.b.f.s.DefaultListableBeanFactory     : Creating shared instance of singleton bean 'sleuthSkipPatternProvider'
2020-04-16 18:10:34.131 DEBUG [aggregator-service,,,] 35262 --- [    Test worker] o.s.b.f.s.DefaultListableBeanFactory     : Creating shared instance of singleton bean 'org.springframework.cloud.sleuth.instrument.web.TraceHttpAutoConfiguration'
2020-04-16 18:10:34.134 DEBUG [aggregator-service,,,] 35262 --- [    Test worker] o.s.b.f.s.DefaultListableBeanFactory     : Creating shared instance of singleton bean 'httpTracing'
2020-04-16 18:10:34.142 DEBUG [aggregator-service,,,] 35262 --- [    Test worker] o.s.b.f.s.DefaultListableBeanFactory     : Creating shared instance of singleton bean 'sleuthHttpClientSampler'
2020-04-16 18:10:34.144 DEBUG [aggregator-service,,,] 35262 --- [    Test worker] o.s.b.f.s.DefaultListableBeanFactory     : Autowiring by type from bean name 'sleuthHttpClientSampler' via factory method to bean named 'spring.sleuth.web-org.springframework.cloud.sleuth.instrument.web.SleuthWebProperties'
2020-04-16 18:10:34.147 DEBUG [aggregator-service,,,] 35262 --- [    Test worker] o.s.b.f.s.DefaultListableBeanFactory     : Autowiring by type from bean name 'httpTracing' via factory method to bean named 'tracing'
2020-04-16 18:10:34.147 DEBUG [aggregator-service,,,] 35262 --- [    Test worker] o.s.b.f.s.DefaultListableBeanFactory     : Autowiring by type from bean name 'httpTracing' via factory method to bean named 'sleuthSkipPatternProvider'
2020-04-16 18:10:34.148 DEBUG [aggregator-service,,,] 35262 --- [    Test worker] o.s.b.f.s.DefaultListableBeanFactory     : Autowiring by type from bean name 'httpTracing' via factory method to bean named 'sleuthHttpClientSampler'
2020-04-16 18:10:34.154 DEBUG [aggregator-service,,,] 35262 --- [    Test worker] o.s.b.f.s.DefaultListableBeanFactory     : Creating shared instance of singleton bean 'spring.sleuth.keys-org.springframework.cloud.sleuth.instrument.web.TraceKeys'
2020-04-16 18:10:34.156 DEBUG [aggregator-service,,,] 35262 --- [    Test worker] o.s.b.f.s.DefaultListableBeanFactory     : Creating shared instance of singleton bean 'spring.sleuth.http.legacy-org.springframework.cloud.sleuth.instrument.web.SleuthHttpLegacyProperties'
2020-04-16 18:10:34.158 DEBUG [aggregator-service,,,] 35262 --- [    Test worker] o.s.b.f.s.DefaultListableBeanFactory     : Creating shared instance of singleton bean 'org.springframework.cloud.sleuth.instrument.web.TraceWebServletAutoConfiguration$TraceWebMvcAutoConfiguration'
2020-04-16 18:10:34.159 DEBUG [aggregator-service,,,] 35262 --- [    Test worker] o.s.b.f.s.DefaultListableBeanFactory     : Creating shared instance of singleton bean 'org.springframework.cloud.sleuth.instrument.web.TraceWebServletAutoConfiguration'
2020-04-16 18:10:34.162 DEBUG [aggregator-service,,,] 35262 --- [    Test worker] o.s.b.f.s.DefaultListableBeanFactory     : Creating shared instance of singleton bean 'traceWebAspect'
2020-04-16 18:10:34.163 DEBUG [aggregator-service,,,] 35262 --- [    Test worker] o.s.b.f.s.DefaultListableBeanFactory     : Autowiring by type from bean name 'traceWebAspect' via factory method to bean named 'tracing'
2020-04-16 18:10:34.163 DEBUG [aggregator-service,,,] 35262 --- [    Test worker] o.s.b.f.s.DefaultListableBeanFactory     : Autowiring by type from bean name 'traceWebAspect' via factory method to bean named 'sleuthSpanNamer'
2020-04-16 18:10:34.164 DEBUG [aggregator-service,,,] 35262 --- [    Test worker] o.s.b.f.s.DefaultListableBeanFactory     : Creating shared instance of singleton bean 'traceWebFilter'
2020-04-16 18:10:34.164 DEBUG [aggregator-service,,,] 35262 --- [    Test worker] o.s.b.f.s.DefaultListableBeanFactory     : Autowiring by type from bean name 'traceWebFilter' via factory method to bean named 'org.springframework.beans.factory.support.DefaultListableBeanFactory@6c2dde52'
2020-04-16 18:10:34.164 DEBUG [aggregator-service,,,] 35262 --- [    Test worker] o.s.b.f.s.DefaultListableBeanFactory     : Autowiring by type from bean name 'traceWebFilter' via factory method to bean named 'spring.sleuth.web-org.springframework.cloud.sleuth.instrument.web.SleuthWebProperties'
2020-04-16 18:10:34.165 DEBUG [aggregator-service,,,] 35262 --- [    Test worker] o.s.b.f.s.DefaultListableBeanFactory     : Creating shared instance of singleton bean 'exceptionThrowingFilter'
2020-04-16 18:10:34.166 DEBUG [aggregator-service,,,] 35262 --- [    Test worker] o.s.b.f.s.DefaultListableBeanFactory     : Autowiring by type from bean name 'exceptionThrowingFilter' via factory method to bean named 'spring.sleuth.web-org.springframework.cloud.sleuth.instrument.web.SleuthWebProperties'
2020-04-16 18:10:34.167 DEBUG [aggregator-service,,,] 35262 --- [    Test worker] o.s.b.f.s.DefaultListableBeanFactory     : Creating shared instance of singleton bean 'tracingFilter'
2020-04-16 18:10:34.167 DEBUG [aggregator-service,,,] 35262 --- [    Test worker] o.s.b.f.s.DefaultListableBeanFactory     : Autowiring by type from bean name 'tracingFilter' via factory method to bean named 'httpTracing'
2020-04-16 18:10:34.176 DEBUG [aggregator-service,,,] 35262 --- [    Test worker] o.s.b.f.s.DefaultListableBeanFactory     : Creating shared instance of singleton bean 'org.springframework.cloud.sleuth.instrument.web.client.TraceWebClientAutoConfiguration$HttpClientBuilderConfig'
2020-04-16 18:10:34.177 DEBUG [aggregator-service,,,] 35262 --- [    Test worker] o.s.b.f.s.DefaultListableBeanFactory     : Creating shared instance of singleton bean 'traceHttpClientBuilder'
2020-04-16 18:10:34.178 DEBUG [aggregator-service,,,] 35262 --- [    Test worker] o.s.b.f.s.DefaultListableBeanFactory     : Autowiring by type from bean name 'traceHttpClientBuilder' via factory method to bean named 'httpTracing'
2020-04-16 18:10:34.187 DEBUG [aggregator-service,,,] 35262 --- [    Test worker] o.s.b.f.s.DefaultListableBeanFactory     : Creating shared instance of singleton bean 'org.springframework.cloud.sleuth.instrument.web.client.TraceWebClientAutoConfiguration$RestTemplateConfig'
2020-04-16 18:10:34.189 DEBUG [aggregator-service,,,] 35262 --- [    Test worker] o.s.b.f.s.DefaultListableBeanFactory     : Creating shared instance of singleton bean 'tracingClientHttpRequestInterceptor'
2020-04-16 18:10:34.189 DEBUG [aggregator-service,,,] 35262 --- [    Test worker] o.s.b.f.s.DefaultListableBeanFactory     : Autowiring by type from bean name 'tracingClientHttpRequestInterceptor' via factory method to bean named 'httpTracing'
2020-04-16 18:10:34.194 DEBUG [aggregator-service,,,] 35262 --- [    Test worker] o.s.b.f.s.DefaultListableBeanFactory     : Creating shared instance of singleton bean 'org.springframework.cloud.sleuth.instrument.web.client.TraceWebClientAutoConfiguration'
2020-04-16 18:10:34.196 DEBUG [aggregator-service,,,] 35262 --- [    Test worker] o.s.b.f.s.DefaultListableBeanFactory     : Creating shared instance of singleton bean 'org.springframework.cloud.commons.httpclient.HttpClientConfiguration$ApacheHttpClientConfiguration'
2020-04-16 18:10:34.198 DEBUG [aggregator-service,,,] 35262 --- [    Test worker] o.s.b.f.s.DefaultListableBeanFactory     : Creating shared instance of singleton bean 'connManFactory'
2020-04-16 18:10:34.200 DEBUG [aggregator-service,,,] 35262 --- [    Test worker] o.s.b.f.s.DefaultListableBeanFactory     : Creating shared instance of singleton bean 'apacheHttpClientFactory'
2020-04-16 18:10:34.201 DEBUG [aggregator-service,,,] 35262 --- [    Test worker] o.s.b.f.s.DefaultListableBeanFactory     : Autowiring by type from bean name 'apacheHttpClientFactory' via factory method to bean named 'traceHttpClientBuilder'
2020-04-16 18:10:34.203 DEBUG [aggregator-service,,,] 35262 --- [    Test worker] o.s.b.f.s.DefaultListableBeanFactory     : Creating shared instance of singleton bean 'org.springframework.cloud.commons.httpclient.HttpClientConfiguration'
2020-04-16 18:10:34.205 DEBUG [aggregator-service,,,] 35262 --- [    Test worker] o.s.b.f.s.DefaultListableBeanFactory     : Creating shared instance of singleton bean 'org.springframework.cloud.configuration.CompatibilityVerifierAutoConfiguration'
2020-04-16 18:10:34.206 DEBUG [aggregator-service,,,] 35262 --- [    Test worker] o.s.b.f.s.DefaultListableBeanFactory     : Creating shared instance of singleton bean 'compositeCompatibilityVerifier'
2020-04-16 18:10:34.207 DEBUG [aggregator-service,,,] 35262 --- [    Test worker] o.s.b.f.s.DefaultListableBeanFactory     : Creating shared instance of singleton bean 'springBootVersionVerifier'
2020-04-16 18:10:34.207 DEBUG [aggregator-service,,,] 35262 --- [    Test worker] o.s.b.f.s.DefaultListableBeanFactory     : Creating shared instance of singleton bean 'spring.cloud.compatibility-verifier-org.springframework.cloud.configuration.CompatibilityVerifierProperties'
2020-04-16 18:10:34.210 DEBUG [aggregator-service,,,] 35262 --- [    Test worker] o.s.b.f.s.DefaultListableBeanFactory     : Autowiring by type from bean name 'springBootVersionVerifier' via factory method to bean named 'spring.cloud.compatibility-verifier-org.springframework.cloud.configuration.CompatibilityVerifierProperties'
2020-04-16 18:10:34.214 DEBUG [aggregator-service,,,] 35262 --- [    Test worker] o.s.b.f.s.DefaultListableBeanFactory     : Autowiring by type from bean name 'compositeCompatibilityVerifier' via factory method to bean named 'springBootVersionVerifier'
2020-04-16 18:10:34.214 DEBUG [aggregator-service,,,] 35262 --- [    Test worker] o.s.c.c.SpringBootVersionVerifier        : Version found in Boot manifest [2.2.6.RELEASE]
2020-04-16 18:10:34.214 DEBUG [aggregator-service,,,] 35262 --- [    Test worker] o.s.c.c.SpringBootVersionVerifier        : Predicate [Predicate for Boot 2.1] was matched
2020-04-16 18:10:34.214 DEBUG [aggregator-service,,,] 35262 --- [    Test worker] o.s.c.c.CompositeCompatibilityVerifier   : All conditions are passing
2020-04-16 18:10:34.216 DEBUG [aggregator-service,,,] 35262 --- [    Test worker] o.s.b.f.s.DefaultListableBeanFactory     : Creating shared instance of singleton bean 'org.springframework.cloud.netflix.hystrix.HystrixCircuitBreakerAutoConfiguration'
2020-04-16 18:10:34.219 DEBUG [aggregator-service,,,] 35262 --- [    Test worker] o.s.b.f.s.DefaultListableBeanFactory     : Creating shared instance of singleton bean 'hystrixCircuitBreakerFactory'
2020-04-16 18:10:34.228 DEBUG [aggregator-service,,,] 35262 --- [    Test worker] o.s.b.f.s.DefaultListableBeanFactory     : Creating shared instance of singleton bean 'org.springframework.cloud.sleuth.instrument.hystrix.SleuthHystrixAutoConfiguration'
2020-04-16 18:10:34.229 DEBUG [aggregator-service,,,] 35262 --- [    Test worker] o.s.b.f.s.DefaultListableBeanFactory     : Creating shared instance of singleton bean 'sleuthHystrixConcurrencyStrategy'
2020-04-16 18:10:34.230 DEBUG [aggregator-service,,,] 35262 --- [    Test worker] o.s.b.f.s.DefaultListableBeanFactory     : Creating shared instance of singleton bean 'spring.sleuth.hystrix.strategy-org.springframework.cloud.sleuth.instrument.hystrix.SleuthHystrixConcurrencyStrategyProperties'
2020-04-16 18:10:34.232 DEBUG [aggregator-service,,,] 35262 --- [    Test worker] o.s.b.f.s.DefaultListableBeanFactory     : Autowiring by type from bean name 'sleuthHystrixConcurrencyStrategy' via factory method to bean named 'tracing'
2020-04-16 18:10:34.232 DEBUG [aggregator-service,,,] 35262 --- [    Test worker] o.s.b.f.s.DefaultListableBeanFactory     : Autowiring by type from bean name 'sleuthHystrixConcurrencyStrategy' via factory method to bean named 'sleuthSpanNamer'
2020-04-16 18:10:34.232 DEBUG [aggregator-service,,,] 35262 --- [    Test worker] o.s.b.f.s.DefaultListableBeanFactory     : Autowiring by type from bean name 'sleuthHystrixConcurrencyStrategy' via factory method to bean named 'spring.sleuth.hystrix.strategy-org.springframework.cloud.sleuth.instrument.hystrix.SleuthHystrixConcurrencyStrategyProperties'
2020-04-16 18:10:34.232 DEBUG [aggregator-service,,,] 35262 --- [    Test worker] c.s.i.h.SleuthHystrixConcurrencyStrategy : Current Hystrix plugins configuration is [concurrencyStrategy [com.netflix.hystrix.strategy.concurrency.HystrixConcurrencyStrategyDefault@60418bdc],eventNotifier [com.netflix.hystrix.strategy.eventnotifier.HystrixEventNotifierDefault@341edc30],metricPublisher [io.micrometer.core.instrument.binder.hystrix.MicrometerMetricsPublisher@9ae87d4],propertiesStrategy [com.netflix.hystrix.strategy.properties.HystrixPropertiesStrategyDefault@4ffcf912],]
2020-04-16 18:10:34.232 DEBUG [aggregator-service,,,] 35262 --- [    Test worker] c.s.i.h.SleuthHystrixConcurrencyStrategy : Registering Sleuth Hystrix Concurrency Strategy.
2020-04-16 18:10:34.236 DEBUG [aggregator-service,,,] 35262 --- [    Test worker] o.s.b.f.s.DefaultListableBeanFactory     : Creating shared instance of singleton bean 'org.springframework.cloud.sleuth.instrument.web.client.feign.TraceFeignClientAutoConfiguration$FeignBeanPostProcessorConfiguration'
2020-04-16 18:10:34.238 DEBUG [aggregator-service,,,] 35262 --- [    Test worker] o.s.b.f.s.DefaultListableBeanFactory     : Creating shared instance of singleton bean 'traceFeignObjectWrapper'
2020-04-16 18:10:34.238 DEBUG [aggregator-service,,,] 35262 --- [    Test worker] o.s.b.f.s.DefaultListableBeanFactory     : Autowiring by type from bean name 'traceFeignObjectWrapper' via factory method to bean named 'org.springframework.beans.factory.support.DefaultListableBeanFactory@6c2dde52'
2020-04-16 18:10:34.240 DEBUG [aggregator-service,,,] 35262 --- [    Test worker] o.s.b.f.s.DefaultListableBeanFactory     : Creating shared instance of singleton bean 'traceFeignAspect'
2020-04-16 18:10:34.241 DEBUG [aggregator-service,,,] 35262 --- [    Test worker] o.s.b.f.s.DefaultListableBeanFactory     : Autowiring by type from bean name 'traceFeignAspect' via factory method to bean named 'org.springframework.beans.factory.support.DefaultListableBeanFactory@6c2dde52'
2020-04-16 18:10:34.242 DEBUG [aggregator-service,,,] 35262 --- [    Test worker] o.s.b.f.s.DefaultListableBeanFactory     : Creating shared instance of singleton bean 'feign.httpclient-org.springframework.cloud.openfeign.support.FeignHttpClientProperties'
2020-04-16 18:10:34.245 DEBUG [aggregator-service,,,] 35262 --- [    Test worker] o.s.b.f.s.DefaultListableBeanFactory     : Creating shared instance of singleton bean 'newSpanParser'
2020-04-16 18:10:34.248 DEBUG [aggregator-service,,,] 35262 --- [    Test worker] o.s.b.f.s.DefaultListableBeanFactory     : Creating shared instance of singleton bean 'spelTagValueExpressionResolver'
2020-04-16 18:10:34.250 DEBUG [aggregator-service,,,] 35262 --- [    Test worker] o.s.b.f.s.DefaultListableBeanFactory     : Creating shared instance of singleton bean 'noOpTagValueResolver'
2020-04-16 18:10:34.252 DEBUG [aggregator-service,,,] 35262 --- [    Test worker] o.s.b.f.s.DefaultListableBeanFactory     : Creating shared instance of singleton bean 'nonReactorSleuthMethodInvocationProcessor'
2020-04-16 18:10:34.257 DEBUG [aggregator-service,,,] 35262 --- [    Test worker] o.s.b.f.s.DefaultListableBeanFactory     : Creating shared instance of singleton bean 'spring.sleuth.scheduled-org.springframework.cloud.sleuth.instrument.scheduling.SleuthSchedulingProperties'
2020-04-16 18:10:34.259 DEBUG [aggregator-service,,,] 35262 --- [    Test worker] o.s.b.f.s.DefaultListableBeanFactory     : Creating shared instance of singleton bean 'org.springframework.cloud.sleuth.instrument.scheduling.TraceSchedulingAutoConfiguration'
2020-04-16 18:10:34.261 DEBUG [aggregator-service,,,] 35262 --- [    Test worker] o.s.b.f.s.DefaultListableBeanFactory     : Creating shared instance of singleton bean 'traceSchedulingAspect'
2020-04-16 18:10:34.262 DEBUG [aggregator-service,,,] 35262 --- [    Test worker] o.s.b.f.s.DefaultListableBeanFactory     : Autowiring by type from bean name 'traceSchedulingAspect' via factory method to bean named 'tracer'
2020-04-16 18:10:34.263 DEBUG [aggregator-service,,,] 35262 --- [    Test worker] o.s.b.f.s.DefaultListableBeanFactory     : Autowiring by type from bean name 'traceSchedulingAspect' via factory method to bean named 'spring.sleuth.scheduled-org.springframework.cloud.sleuth.instrument.scheduling.SleuthSchedulingProperties'
2020-04-16 18:10:34.264 DEBUG [aggregator-service,,,] 35262 --- [    Test worker] o.s.b.f.s.DefaultListableBeanFactory     : Creating shared instance of singleton bean 'org.springframework.cloud.sleuth.instrument.async.AsyncDefaultAutoConfiguration$DefaultAsyncConfigurerSupport'
2020-04-16 18:10:34.267 DEBUG [aggregator-service,,,] 35262 --- [    Test worker] o.s.b.f.s.DefaultListableBeanFactory     : Creating shared instance of singleton bean 'org.springframework.cloud.sleuth.instrument.async.AsyncDefaultAutoConfiguration'
2020-04-16 18:10:34.269 DEBUG [aggregator-service,,,] 35262 --- [    Test worker] o.s.b.f.s.DefaultListableBeanFactory     : Creating shared instance of singleton bean 'traceAsyncAspect'
2020-04-16 18:10:34.269 DEBUG [aggregator-service,,,] 35262 --- [    Test worker] o.s.b.f.s.DefaultListableBeanFactory     : Autowiring by type from bean name 'traceAsyncAspect' via factory method to bean named 'tracer'
2020-04-16 18:10:34.269 DEBUG [aggregator-service,,,] 35262 --- [    Test worker] o.s.b.f.s.DefaultListableBeanFactory     : Autowiring by type from bean name 'traceAsyncAspect' via factory method to bean named 'sleuthSpanNamer'
2020-04-16 18:10:34.270 DEBUG [aggregator-service,,,] 35262 --- [    Test worker] o.s.b.f.s.DefaultListableBeanFactory     : Creating shared instance of singleton bean 'org.springframework.cloud.sleuth.instrument.circuitbreaker.SleuthCircuitBreakerAutoConfiguration'
2020-04-16 18:10:34.272 DEBUG [aggregator-service,,,] 35262 --- [    Test worker] o.s.b.f.s.DefaultListableBeanFactory     : Creating shared instance of singleton bean 'traceCircuitBreakerFactoryAspect'
2020-04-16 18:10:34.272 DEBUG [aggregator-service,,,] 35262 --- [    Test worker] o.s.b.f.s.DefaultListableBeanFactory     : Autowiring by type from bean name 'traceCircuitBreakerFactoryAspect' via factory method to bean named 'tracer'
2020-04-16 18:10:34.274 DEBUG [aggregator-service,,,] 35262 --- [    Test worker] o.s.b.f.s.DefaultListableBeanFactory     : Creating shared instance of singleton bean 'spring.sleuth.circuitbreaker-org.springframework.cloud.sleuth.instrument.circuitbreaker.SleuthCircuitBreakerProperties'
2020-04-16 18:10:34.276 DEBUG [aggregator-service,,,] 35262 --- [    Test worker] o.s.b.f.s.DefaultListableBeanFactory     : Creating shared instance of singleton bean 'org.springframework.cloud.sleuth.instrument.messaging.TraceMessagingAutoConfiguration'
2020-04-16 18:10:34.279 DEBUG [aggregator-service,,,] 35262 --- [    Test worker] o.s.b.f.s.DefaultListableBeanFactory     : Creating shared instance of singleton bean 'messagingTracing'
2020-04-16 18:10:34.281 DEBUG [aggregator-service,,,] 35262 --- [    Test worker] o.s.b.f.s.DefaultListableBeanFactory     : Autowiring by type from bean name 'messagingTracing' via factory method to bean named 'tracing'
2020-04-16 18:10:34.283 DEBUG [aggregator-service,,,] 35262 --- [    Test worker] o.s.b.f.s.DefaultListableBeanFactory     : Creating shared instance of singleton bean 'spring.sleuth-org.springframework.cloud.sleuth.instrument.messaging.SleuthMessagingProperties'
2020-04-16 18:10:34.286 DEBUG [aggregator-service,,,] 35262 --- [    Test worker] o.s.b.f.s.DefaultListableBeanFactory     : Creating shared instance of singleton bean 'org.springframework.cloud.sleuth.instrument.rpc.TraceRpcAutoConfiguration'
2020-04-16 18:10:34.288 DEBUG [aggregator-service,,,] 35262 --- [    Test worker] o.s.b.f.s.DefaultListableBeanFactory     : Creating shared instance of singleton bean 'rpcTracing'
2020-04-16 18:10:34.290 DEBUG [aggregator-service,,,] 35262 --- [    Test worker] o.s.b.f.s.DefaultListableBeanFactory     : Autowiring by type from bean name 'rpcTracing' via factory method to bean named 'tracing'
2020-04-16 18:10:34.292 DEBUG [aggregator-service,,,] 35262 --- [    Test worker] o.s.b.f.s.DefaultListableBeanFactory     : Creating shared instance of singleton bean 'org.springframework.cloud.sleuth.instrument.rxjava.RxJavaAutoConfiguration'
2020-04-16 18:10:34.294 DEBUG [aggregator-service,,,] 35262 --- [    Test worker] o.s.b.f.s.DefaultListableBeanFactory     : Creating shared instance of singleton bean 'sleuthRxJavaSchedulersHook'
2020-04-16 18:10:34.296 DEBUG [aggregator-service,,,] 35262 --- [    Test worker] o.s.b.f.s.DefaultListableBeanFactory     : Creating shared instance of singleton bean 'spring.sleuth.rxjava.schedulers-org.springframework.cloud.sleuth.instrument.rxjava.SleuthRxJavaSchedulersProperties'
2020-04-16 18:10:34.299 DEBUG [aggregator-service,,,] 35262 --- [    Test worker] o.s.b.f.s.DefaultListableBeanFactory     : Autowiring by type from bean name 'sleuthRxJavaSchedulersHook' via factory method to bean named 'tracer'
2020-04-16 18:10:34.299 DEBUG [aggregator-service,,,] 35262 --- [    Test worker] o.s.b.f.s.DefaultListableBeanFactory     : Autowiring by type from bean name 'sleuthRxJavaSchedulersHook' via factory method to bean named 'spring.sleuth.rxjava.schedulers-org.springframework.cloud.sleuth.instrument.rxjava.SleuthRxJavaSchedulersProperties'
2020-04-16 18:10:34.299 DEBUG [aggregator-service,,,] 35262 --- [    Test worker] o.s.c.s.i.r.SleuthRxJavaSchedulersHook   : Current RxJava plugins configuration is [schedulersHook [rx.plugins.RxJavaSchedulersHook@28c247ee],errorHandler [rx.plugins.RxJavaPlugins$1@332baadf],observableExecutionHook [rx.plugins.RxJavaObservableExecutionHookDefault@5fa43167],]
2020-04-16 18:10:34.299 DEBUG [aggregator-service,,,] 35262 --- [    Test worker] o.s.c.s.i.r.SleuthRxJavaSchedulersHook   : Registering Sleuth RxJava Schedulers Hook.
2020-04-16 18:10:34.304 DEBUG [aggregator-service,,,] 35262 --- [    Test worker] o.s.b.f.s.DefaultListableBeanFactory     : Creating shared instance of singleton bean 'org.springframework.cloud.sleuth.instrument.web.client.TraceWebAsyncClientAutoConfiguration'
2020-04-16 18:10:34.306 DEBUG [aggregator-service,,,] 35262 --- [    Test worker] o.s.b.f.s.DefaultListableBeanFactory     : Creating shared instance of singleton bean 'org.springframework.cloud.sleuth.sampler.SamplerAutoConfiguration$RefreshScopedSamplerConfiguration'
2020-04-16 18:10:34.308 DEBUG [aggregator-service,,,] 35262 --- [    Test worker] o.s.b.f.s.DefaultListableBeanFactory     : Creating shared instance of singleton bean 'org.springframework.cloud.sleuth.sampler.SamplerAutoConfiguration'
2020-04-16 18:10:34.310 DEBUG [aggregator-service,,,] 35262 --- [    Test worker] o.s.b.f.s.DefaultListableBeanFactory     : Creating shared instance of singleton bean 'spring.sleuth.sampler-org.springframework.cloud.sleuth.sampler.SamplerProperties'
2020-04-16 18:10:34.312 DEBUG [aggregator-service,,,] 35262 --- [    Test worker] o.s.b.f.s.DefaultListableBeanFactory     : Creating shared instance of singleton bean 'org.springframework.boot.actuate.autoconfigure.endpoint.web.ServletEndpointManagementContextConfiguration$WebMvcServletEndpointManagementContextConfiguration'
2020-04-16 18:10:34.314 DEBUG [aggregator-service,,,] 35262 --- [    Test worker] o.s.b.f.s.DefaultListableBeanFactory     : Creating shared instance of singleton bean 'servletEndpointRegistrar'
2020-04-16 18:10:34.314 DEBUG [aggregator-service,,,] 35262 --- [    Test worker] o.s.b.f.s.DefaultListableBeanFactory     : Autowiring by type from bean name 'servletEndpointRegistrar' via factory method to bean named 'management.endpoints.web-org.springframework.boot.actuate.autoconfigure.endpoint.web.WebEndpointProperties'
2020-04-16 18:10:34.314 DEBUG [aggregator-service,,,] 35262 --- [    Test worker] o.s.b.f.s.DefaultListableBeanFactory     : Autowiring by type from bean name 'servletEndpointRegistrar' via factory method to bean named 'servletEndpointDiscoverer'
2020-04-16 18:10:34.314 DEBUG [aggregator-service,,,] 35262 --- [    Test worker] o.s.b.f.s.DefaultListableBeanFactory     : Autowiring by type from bean name 'servletEndpointRegistrar' via factory method to bean named 'dispatcherServletRegistration'
2020-04-16 18:10:34.316 DEBUG [aggregator-service,,,] 35262 --- [    Test worker] o.s.b.f.s.DefaultListableBeanFactory     : Creating shared instance of singleton bean 'org.springframework.boot.actuate.autoconfigure.web.server.ManagementContextAutoConfiguration$SameManagementContextConfiguration$EnableSameManagementContextConfiguration'
2020-04-16 18:10:34.318 DEBUG [aggregator-service,,,] 35262 --- [    Test worker] o.s.b.f.s.DefaultListableBeanFactory     : Creating shared instance of singleton bean 'org.springframework.boot.actuate.autoconfigure.web.server.ManagementContextAutoConfiguration$SameManagementContextConfiguration'
2020-04-16 18:10:34.318 DEBUG [aggregator-service,,,] 35262 --- [    Test worker] o.s.b.f.s.DefaultListableBeanFactory     : Autowiring by type from bean name 'org.springframework.boot.actuate.autoconfigure.web.server.ManagementContextAutoConfiguration$SameManagementContextConfiguration' via constructor to bean named 'environment'
2020-04-16 18:10:34.320 DEBUG [aggregator-service,,,] 35262 --- [    Test worker] o.s.b.f.s.DefaultListableBeanFactory     : Creating shared instance of singleton bean 'org.springframework.boot.actuate.autoconfigure.web.server.ManagementContextAutoConfiguration'
2020-04-16 18:10:34.321 DEBUG [aggregator-service,,,] 35262 --- [    Test worker] o.s.b.f.s.DefaultListableBeanFactory     : Creating shared instance of singleton bean 'management.server-org.springframework.boot.actuate.autoconfigure.web.server.ManagementServerProperties'
2020-04-16 18:10:34.338 DEBUG [aggregator-service,,,] 35262 --- [    Test worker] o.s.c.support.DefaultLifecycleProcessor  : Starting beans in phase 2147483647
2020-04-16 18:10:34.339  INFO [aggregator-service,,,] 35262 --- [    Test worker] d.s.w.p.DocumentationPluginsBootstrapper : Documentation plugins bootstrapped
2020-04-16 18:10:34.342  INFO [aggregator-service,,,] 35262 --- [    Test worker] d.s.w.p.DocumentationPluginsBootstrapper : Found 1 custom documentation plugin(s)
2020-04-16 18:10:34.356 DEBUG [aggregator-service,,,] 35262 --- [    Test worker] s.d.s.w.p.DefaultRequestHandlerCombiner  : Total number of request handlers 13
2020-04-16 18:10:34.356 DEBUG [aggregator-service,,,] 35262 --- [    Test worker] s.d.s.w.p.DefaultRequestHandlerCombiner  : Adding key: /aggregator/usercomments/{userId}, WebMvcRequestHandler{requestMapping={GET /aggregator/usercomments/{userId}}, handlerMethod=com.demo.commentservice.controller.CommentAndUserAggregator#getUserComments(String), key=RequestHandlerKey{pathMappings=[/aggregator/usercomments/{userId}], supportedMethods=[GET], supportedMediaTypes=[], producibleMediaTypes=[]}}
2020-04-16 18:10:34.356 DEBUG [aggregator-service,,,] 35262 --- [    Test worker] s.d.s.w.p.DefaultRequestHandlerCombiner  : Adding key: /error, WebMvcRequestHandler{requestMapping={ /error}, handlerMethod=org.springframework.boot.autoconfigure.web.servlet.error.BasicErrorController#error(HttpServletRequest), key=RequestHandlerKey{pathMappings=[/error], supportedMethods=[], supportedMediaTypes=[], producibleMediaTypes=[]}}
2020-04-16 18:10:34.356 DEBUG [aggregator-service,,,] 35262 --- [    Test worker] s.d.s.w.p.DefaultRequestHandlerCombiner  : Adding key: /error, WebMvcRequestHandler{requestMapping={ /error, produces [text/html]}, handlerMethod=org.springframework.boot.autoconfigure.web.servlet.error.BasicErrorController#errorHtml(HttpServletRequest, HttpServletResponse), key=RequestHandlerKey{pathMappings=[/error], supportedMethods=[], supportedMediaTypes=[], producibleMediaTypes=[text/html]}}
2020-04-16 18:10:34.357 DEBUG [aggregator-service,,,] 35262 --- [    Test worker] s.d.s.w.p.DefaultRequestHandlerCombiner  : Adding key: /health, WebMvcRequestHandler{requestMapping={GET /health, produces [application/vnd.spring-boot.actuator.v3+json || application/vnd.spring-boot.actuator.v2+json || application/json]}, handlerMethod=Actuator web endpoint 'health', key=RequestHandlerKey{pathMappings=[/health], supportedMethods=[GET], supportedMediaTypes=[], producibleMediaTypes=[application/vnd.spring-boot.actuator.v3+json, application/vnd.spring-boot.actuator.v2+json, application/json]}}
2020-04-16 18:10:34.357 DEBUG [aggregator-service,,,] 35262 --- [    Test worker] s.d.s.w.p.DefaultRequestHandlerCombiner  : Adding key: /health/**, WebMvcRequestHandler{requestMapping={GET /health/**, produces [application/vnd.spring-boot.actuator.v3+json || application/vnd.spring-boot.actuator.v2+json || application/json]}, handlerMethod=Actuator web endpoint 'health-path', key=RequestHandlerKey{pathMappings=[/health/**], supportedMethods=[GET], supportedMediaTypes=[], producibleMediaTypes=[application/vnd.spring-boot.actuator.v3+json, application/vnd.spring-boot.actuator.v2+json, application/json]}}
2020-04-16 18:10:34.357 DEBUG [aggregator-service,,,] 35262 --- [    Test worker] s.d.s.w.p.DefaultRequestHandlerCombiner  : Adding key: /hystrix, WebMvcRequestHandler{requestMapping={ /hystrix}, handlerMethod=org.springframework.cloud.netflix.hystrix.dashboard.HystrixDashboardController#home(Model, WebRequest), key=RequestHandlerKey{pathMappings=[/hystrix], supportedMethods=[], supportedMediaTypes=[], producibleMediaTypes=[]}}
2020-04-16 18:10:34.357 DEBUG [aggregator-service,,,] 35262 --- [    Test worker] s.d.s.w.p.DefaultRequestHandlerCombiner  : Adding key: /hystrix/{path}, WebMvcRequestHandler{requestMapping={ /hystrix/{path}}, handlerMethod=org.springframework.cloud.netflix.hystrix.dashboard.HystrixDashboardController#monitor(String, Model, WebRequest), key=RequestHandlerKey{pathMappings=[/hystrix/{path}], supportedMethods=[], supportedMediaTypes=[], producibleMediaTypes=[]}}
2020-04-16 18:10:34.357 DEBUG [aggregator-service,,,] 35262 --- [    Test worker] s.d.s.w.p.DefaultRequestHandlerCombiner  : Adding key: /info, WebMvcRequestHandler{requestMapping={GET /info, produces [application/vnd.spring-boot.actuator.v3+json || application/vnd.spring-boot.actuator.v2+json || application/json]}, handlerMethod=Actuator web endpoint 'info', key=RequestHandlerKey{pathMappings=[/info], supportedMethods=[GET], supportedMediaTypes=[], producibleMediaTypes=[application/vnd.spring-boot.actuator.v3+json, application/vnd.spring-boot.actuator.v2+json, application/json]}}
2020-04-16 18:10:34.357 DEBUG [aggregator-service,,,] 35262 --- [    Test worker] s.d.s.w.p.DefaultRequestHandlerCombiner  : Adding key: /metrics, WebMvcRequestHandler{requestMapping={GET /metrics, produces [application/vnd.spring-boot.actuator.v3+json || application/vnd.spring-boot.actuator.v2+json || application/json]}, handlerMethod=Actuator web endpoint 'metrics', key=RequestHandlerKey{pathMappings=[/metrics], supportedMethods=[GET], supportedMediaTypes=[], producibleMediaTypes=[application/vnd.spring-boot.actuator.v3+json, application/vnd.spring-boot.actuator.v2+json, application/json]}}
2020-04-16 18:10:34.357 DEBUG [aggregator-service,,,] 35262 --- [    Test worker] s.d.s.w.p.DefaultRequestHandlerCombiner  : Adding key: /metrics/{requiredMetricName}, WebMvcRequestHandler{requestMapping={GET /metrics/{requiredMetricName}, produces [application/vnd.spring-boot.actuator.v3+json || application/vnd.spring-boot.actuator.v2+json || application/json]}, handlerMethod=Actuator web endpoint 'metrics-requiredMetricName', key=RequestHandlerKey{pathMappings=[/metrics/{requiredMetricName}], supportedMethods=[GET], supportedMediaTypes=[], producibleMediaTypes=[application/vnd.spring-boot.actuator.v3+json, application/vnd.spring-boot.actuator.v2+json, application/json]}}
2020-04-16 18:10:34.358 DEBUG [aggregator-service,,,] 35262 --- [    Test worker] s.d.s.w.p.DefaultRequestHandlerCombiner  : Adding key: /swagger-resources, WebMvcRequestHandler{requestMapping={ /swagger-resources}, handlerMethod=springfox.documentation.swagger.web.ApiResourceController#swaggerResources(), key=RequestHandlerKey{pathMappings=[/swagger-resources], supportedMethods=[], supportedMediaTypes=[], producibleMediaTypes=[]}}
2020-04-16 18:10:34.358 DEBUG [aggregator-service,,,] 35262 --- [    Test worker] s.d.s.w.p.DefaultRequestHandlerCombiner  : Adding key: /swagger-resources/configuration/security, WebMvcRequestHandler{requestMapping={ /swagger-resources/configuration/security}, handlerMethod=springfox.documentation.swagger.web.ApiResourceController#securityConfiguration(), key=RequestHandlerKey{pathMappings=[/swagger-resources/configuration/security], supportedMethods=[], supportedMediaTypes=[], producibleMediaTypes=[]}}
2020-04-16 18:10:34.358 DEBUG [aggregator-service,,,] 35262 --- [    Test worker] s.d.s.w.p.DefaultRequestHandlerCombiner  : Adding key: /swagger-resources/configuration/ui, WebMvcRequestHandler{requestMapping={ /swagger-resources/configuration/ui}, handlerMethod=springfox.documentation.swagger.web.ApiResourceController#uiConfiguration(), key=RequestHandlerKey{pathMappings=[/swagger-resources/configuration/ui], supportedMethods=[], supportedMediaTypes=[], producibleMediaTypes=[]}}
2020-04-16 18:10:34.367 DEBUG [aggregator-service,,,] 35262 --- [    Test worker] s.d.s.w.p.DefaultRequestHandlerCombiner  : Combined number of request handlers 13
2020-04-16 18:10:34.378  INFO [aggregator-service,,,] 35262 --- [    Test worker] s.d.s.w.s.ApiListingReferenceScanner     : Scanning for api listing references
2020-04-16 18:10:34.385 DEBUG [aggregator-service,,,] 35262 --- [    Test worker] s.d.s.w.r.o.OperationModelsProvider      : Adding return parameter of type Lcom/demo/commentservice/model/UserComments;
2020-04-16 18:10:34.387 DEBUG [aggregator-service,,,] 35262 --- [    Test worker] s.d.s.w.r.o.OperationModelsProvider      : Reading parameters models for handlerMethod |getUserComments|
2020-04-16 18:10:34.388 DEBUG [aggregator-service,,,] 35262 --- [    Test worker] s.d.s.w.r.o.OperationModelsProvider      : Finished reading parameters models for handlerMethod |getUserComments|
2020-04-16 18:10:34.389 DEBUG [aggregator-service,,,] 35262 --- [    Test worker] s.d.s.r.o.SwaggerOperationModelsProvider : Reading parameters models for handlerMethod |getUserComments|
2020-04-16 18:10:34.412 DEBUG [aggregator-service,,,] 35262 --- [    Test worker] s.d.s.p.OptimizedModelPropertiesProvider : Reading property comments
2020-04-16 18:10:34.416 DEBUG [aggregator-service,,,] 35262 --- [    Test worker] s.d.s.property.bean.BeanModelProperty    : Evaluating unwrapped getter for member getComments
2020-04-16 18:10:34.417 DEBUG [aggregator-service,,,] 35262 --- [    Test worker] p.ObjectMapperBeanPropertyNamingStrategy : Name 'comments' renamed to 'comments'
2020-04-16 18:10:34.417 DEBUG [aggregator-service,,,] 35262 --- [    Test worker] s.d.s.p.OptimizedModelPropertiesProvider : Adding property comments to model
2020-04-16 18:10:34.418 DEBUG [aggregator-service,,,] 35262 --- [    Test worker] s.d.s.property.bean.BeanModelProperty    : Evaluating unwrapped getter for member getComments
2020-04-16 18:10:34.418 DEBUG [aggregator-service,,,] 35262 --- [    Test worker] s.d.s.property.bean.BeanModelProperty    : Evaluating unwrapped getter for member getComments
2020-04-16 18:10:34.418 DEBUG [aggregator-service,,,] 35262 --- [    Test worker] s.d.s.property.bean.BeanModelProperty    : Evaluating unwrapped getter for member getComments
2020-04-16 18:10:34.420 DEBUG [aggregator-service,,,] 35262 --- [    Test worker] s.d.s.property.bean.BeanModelProperty    : Evaluating unwrapped getter for member getComments
2020-04-16 18:10:34.424 DEBUG [aggregator-service,,,] 35262 --- [    Test worker] s.d.schema.TypeNameExtractor             : Generated unique model named: Comment, with model id: 0_0_com.demo.commentservice.model.Comment
2020-04-16 18:10:34.424 DEBUG [aggregator-service,,,] 35262 --- [    Test worker] s.d.s.p.OptimizedModelPropertiesProvider : Reading property user
2020-04-16 18:10:34.424 DEBUG [aggregator-service,,,] 35262 --- [    Test worker] s.d.s.property.bean.BeanModelProperty    : Evaluating unwrapped getter for member getUser
2020-04-16 18:10:34.424 DEBUG [aggregator-service,,,] 35262 --- [    Test worker] p.ObjectMapperBeanPropertyNamingStrategy : Name 'user' renamed to 'user'
2020-04-16 18:10:34.424 DEBUG [aggregator-service,,,] 35262 --- [    Test worker] s.d.s.p.OptimizedModelPropertiesProvider : Adding property user to model
2020-04-16 18:10:34.425 DEBUG [aggregator-service,,,] 35262 --- [    Test worker] s.d.s.property.bean.BeanModelProperty    : Evaluating unwrapped getter for member getUser
2020-04-16 18:10:34.425 DEBUG [aggregator-service,,,] 35262 --- [    Test worker] s.d.s.property.bean.BeanModelProperty    : Evaluating unwrapped getter for member getUser
2020-04-16 18:10:34.425 DEBUG [aggregator-service,,,] 35262 --- [    Test worker] s.d.s.property.bean.BeanModelProperty    : Evaluating unwrapped getter for member getUser
2020-04-16 18:10:34.425 DEBUG [aggregator-service,,,] 35262 --- [    Test worker] s.d.s.property.bean.BeanModelProperty    : Evaluating unwrapped getter for member getUser
2020-04-16 18:10:34.425 DEBUG [aggregator-service,,,] 35262 --- [    Test worker] s.d.schema.TypeNameExtractor             : Generated unique model named: User, with model id: 0_0_com.demo.commentservice.model.User
2020-04-16 18:10:34.426 DEBUG [aggregator-service,,,] 35262 --- [    Test worker] s.d.schema.DefaultModelProvider          : Inferred 2 properties. Properties found comments, user
2020-04-16 18:10:34.426 DEBUG [aggregator-service,,,] 35262 --- [    Test worker] s.d.schema.TypeNameExtractor             : Generated unique model named: UserComments, with model id: 0_0_com.demo.commentservice.model.UserComments
2020-04-16 18:10:34.427 DEBUG [aggregator-service,,,] 35262 --- [    Test worker] s.d.spring.web.scanners.ApiModelReader   : Generated parameter model id: 0_0_com.demo.commentservice.model.UserComments, name: UserComments
2020-04-16 18:10:34.428 DEBUG [aggregator-service,,,] 35262 --- [    Test worker] s.d.schema.TypeNameExtractor             : Generated unique model named: UserComments, with model id: 0_0_com.demo.commentservice.model.UserComments
2020-04-16 18:10:34.428 DEBUG [aggregator-service,,,] 35262 --- [    Test worker] s.d.schema.TypeNameExtractor             : Generated unique model named: User, with model id: 0_0_com.demo.commentservice.model.User
2020-04-16 18:10:34.428 DEBUG [aggregator-service,,,] 35262 --- [    Test worker] s.d.s.DefaultModelDependencyProvider     : Adding type Ljava/util/List<Lcom/demo/commentservice/model/Comment;>; for parameter comments
2020-04-16 18:10:34.429 DEBUG [aggregator-service,,,] 35262 --- [    Test worker] s.d.schema.TypeNameExtractor             : Generated unique model named: Comment, with model id: 0_0_com.demo.commentservice.model.Comment
2020-04-16 18:10:34.429 DEBUG [aggregator-service,,,] 35262 --- [    Test worker] s.d.s.DefaultModelDependencyProvider     : Adding collectionElement type Lcom/demo/commentservice/model/Comment;
2020-04-16 18:10:34.429 DEBUG [aggregator-service,,,] 35262 --- [    Test worker] s.d.s.DefaultModelDependencyProvider     : Recursively resolving dependencies for collectionElement type Lcom/demo/commentservice/model/Comment;
2020-04-16 18:10:34.429 DEBUG [aggregator-service,,,] 35262 --- [    Test worker] s.d.schema.TypeNameExtractor             : Generated unique model named: Comment, with model id: 0_0_com.demo.commentservice.model.Comment
2020-04-16 18:10:34.430 DEBUG [aggregator-service,,,] 35262 --- [    Test worker] s.d.s.p.OptimizedModelPropertiesProvider : Reading property updateBy
2020-04-16 18:10:34.430 DEBUG [aggregator-service,,,] 35262 --- [    Test worker] s.d.s.property.bean.BeanModelProperty    : Evaluating unwrapped getter for member getUpdateBy
2020-04-16 18:10:34.430 DEBUG [aggregator-service,,,] 35262 --- [    Test worker] p.ObjectMapperBeanPropertyNamingStrategy : Name 'updateBy' renamed to 'updateBy'
2020-04-16 18:10:34.430 DEBUG [aggregator-service,,,] 35262 --- [    Test worker] s.d.s.p.OptimizedModelPropertiesProvider : Adding property updateBy to model
2020-04-16 18:10:34.430 DEBUG [aggregator-service,,,] 35262 --- [    Test worker] s.d.s.property.bean.BeanModelProperty    : Evaluating unwrapped getter for member getUpdateBy
2020-04-16 18:10:34.430 DEBUG [aggregator-service,,,] 35262 --- [    Test worker] s.d.s.property.bean.BeanModelProperty    : Evaluating unwrapped getter for member getUpdateBy
2020-04-16 18:10:34.431 DEBUG [aggregator-service,,,] 35262 --- [    Test worker] s.d.s.property.bean.BeanModelProperty    : Evaluating unwrapped getter for member getUpdateBy
2020-04-16 18:10:34.431 DEBUG [aggregator-service,,,] 35262 --- [    Test worker] s.d.s.property.bean.BeanModelProperty    : Evaluating unwrapped getter for member getUpdateBy
2020-04-16 18:10:34.431 DEBUG [aggregator-service,,,] 35262 --- [    Test worker] s.d.s.p.OptimizedModelPropertiesProvider : Reading property createdBy
2020-04-16 18:10:34.431 DEBUG [aggregator-service,,,] 35262 --- [    Test worker] s.d.s.property.bean.BeanModelProperty    : Evaluating unwrapped getter for member getCreatedBy
2020-04-16 18:10:34.431 DEBUG [aggregator-service,,,] 35262 --- [    Test worker] p.ObjectMapperBeanPropertyNamingStrategy : Name 'createdBy' renamed to 'createdBy'
2020-04-16 18:10:34.431 DEBUG [aggregator-service,,,] 35262 --- [    Test worker] s.d.s.p.OptimizedModelPropertiesProvider : Adding property createdBy to model
2020-04-16 18:10:34.431 DEBUG [aggregator-service,,,] 35262 --- [    Test worker] s.d.s.property.bean.BeanModelProperty    : Evaluating unwrapped getter for member getCreatedBy
2020-04-16 18:10:34.431 DEBUG [aggregator-service,,,] 35262 --- [    Test worker] s.d.s.property.bean.BeanModelProperty    : Evaluating unwrapped getter for member getCreatedBy
2020-04-16 18:10:34.431 DEBUG [aggregator-service,,,] 35262 --- [    Test worker] s.d.s.property.bean.BeanModelProperty    : Evaluating unwrapped getter for member getCreatedBy
2020-04-16 18:10:34.432 DEBUG [aggregator-service,,,] 35262 --- [    Test worker] s.d.s.property.bean.BeanModelProperty    : Evaluating unwrapped getter for member getCreatedBy
2020-04-16 18:10:34.432 DEBUG [aggregator-service,,,] 35262 --- [    Test worker] s.d.s.p.OptimizedModelPropertiesProvider : Reading property rating
2020-04-16 18:10:34.432 DEBUG [aggregator-service,,,] 35262 --- [    Test worker] s.d.s.property.bean.BeanModelProperty    : Evaluating unwrapped getter for member getRating
2020-04-16 18:10:34.432 DEBUG [aggregator-service,,,] 35262 --- [    Test worker] p.ObjectMapperBeanPropertyNamingStrategy : Name 'rating' renamed to 'rating'
2020-04-16 18:10:34.432 DEBUG [aggregator-service,,,] 35262 --- [    Test worker] s.d.s.p.OptimizedModelPropertiesProvider : Adding property rating to model
2020-04-16 18:10:34.432 DEBUG [aggregator-service,,,] 35262 --- [    Test worker] s.d.s.property.bean.BeanModelProperty    : Evaluating unwrapped getter for member getRating
2020-04-16 18:10:34.432 DEBUG [aggregator-service,,,] 35262 --- [    Test worker] s.d.s.property.bean.BeanModelProperty    : Evaluating unwrapped getter for member getRating
2020-04-16 18:10:34.432 DEBUG [aggregator-service,,,] 35262 --- [    Test worker] s.d.s.property.bean.BeanModelProperty    : Evaluating unwrapped getter for member getRating
2020-04-16 18:10:34.433 DEBUG [aggregator-service,,,] 35262 --- [    Test worker] s.d.s.property.bean.BeanModelProperty    : Evaluating unwrapped getter for member getRating
2020-04-16 18:10:34.433 DEBUG [aggregator-service,,,] 35262 --- [    Test worker] s.d.s.p.OptimizedModelPropertiesProvider : Reading property commentId
2020-04-16 18:10:34.433 DEBUG [aggregator-service,,,] 35262 --- [    Test worker] s.d.s.property.bean.BeanModelProperty    : Evaluating unwrapped getter for member getCommentId
2020-04-16 18:10:34.433 DEBUG [aggregator-service,,,] 35262 --- [    Test worker] p.ObjectMapperBeanPropertyNamingStrategy : Name 'commentId' renamed to 'commentId'
2020-04-16 18:10:34.433 DEBUG [aggregator-service,,,] 35262 --- [    Test worker] s.d.s.p.OptimizedModelPropertiesProvider : Adding property commentId to model
2020-04-16 18:10:34.433 DEBUG [aggregator-service,,,] 35262 --- [    Test worker] s.d.s.property.bean.BeanModelProperty    : Evaluating unwrapped getter for member getCommentId
2020-04-16 18:10:34.433 DEBUG [aggregator-service,,,] 35262 --- [    Test worker] s.d.s.property.bean.BeanModelProperty    : Evaluating unwrapped getter for member getCommentId
2020-04-16 18:10:34.433 DEBUG [aggregator-service,,,] 35262 --- [    Test worker] s.d.s.property.bean.BeanModelProperty    : Evaluating unwrapped getter for member getCommentId
2020-04-16 18:10:34.433 DEBUG [aggregator-service,,,] 35262 --- [    Test worker] s.d.s.property.bean.BeanModelProperty    : Evaluating unwrapped getter for member getCommentId
2020-04-16 18:10:34.434 DEBUG [aggregator-service,,,] 35262 --- [    Test worker] s.d.s.p.OptimizedModelPropertiesProvider : Reading property mediaLinks
2020-04-16 18:10:34.434 DEBUG [aggregator-service,,,] 35262 --- [    Test worker] s.d.s.property.bean.BeanModelProperty    : Evaluating unwrapped getter for member getMediaLinks
2020-04-16 18:10:34.434 DEBUG [aggregator-service,,,] 35262 --- [    Test worker] p.ObjectMapperBeanPropertyNamingStrategy : Name 'mediaLinks' renamed to 'mediaLinks'
2020-04-16 18:10:34.434 DEBUG [aggregator-service,,,] 35262 --- [    Test worker] s.d.s.p.OptimizedModelPropertiesProvider : Adding property mediaLinks to model
2020-04-16 18:10:34.434 DEBUG [aggregator-service,,,] 35262 --- [    Test worker] s.d.s.property.bean.BeanModelProperty    : Evaluating unwrapped getter for member getMediaLinks
2020-04-16 18:10:34.434 DEBUG [aggregator-service,,,] 35262 --- [    Test worker] s.d.s.property.bean.BeanModelProperty    : Evaluating unwrapped getter for member getMediaLinks
2020-04-16 18:10:34.434 DEBUG [aggregator-service,,,] 35262 --- [    Test worker] s.d.s.property.bean.BeanModelProperty    : Evaluating unwrapped getter for member getMediaLinks
2020-04-16 18:10:34.434 DEBUG [aggregator-service,,,] 35262 --- [    Test worker] s.d.s.property.bean.BeanModelProperty    : Evaluating unwrapped getter for member getMediaLinks
2020-04-16 18:10:34.435 DEBUG [aggregator-service,,,] 35262 --- [    Test worker] s.d.s.p.OptimizedModelPropertiesProvider : Reading property comment
2020-04-16 18:10:34.435 DEBUG [aggregator-service,,,] 35262 --- [    Test worker] s.d.s.property.bean.BeanModelProperty    : Evaluating unwrapped getter for member getComment
2020-04-16 18:10:34.435 DEBUG [aggregator-service,,,] 35262 --- [    Test worker] p.ObjectMapperBeanPropertyNamingStrategy : Name 'comment' renamed to 'comment'
2020-04-16 18:10:34.435 DEBUG [aggregator-service,,,] 35262 --- [    Test worker] s.d.s.p.OptimizedModelPropertiesProvider : Adding property comment to model
2020-04-16 18:10:34.435 DEBUG [aggregator-service,,,] 35262 --- [    Test worker] s.d.s.property.bean.BeanModelProperty    : Evaluating unwrapped getter for member getComment
2020-04-16 18:10:34.435 DEBUG [aggregator-service,,,] 35262 --- [    Test worker] s.d.s.property.bean.BeanModelProperty    : Evaluating unwrapped getter for member getComment
2020-04-16 18:10:34.435 DEBUG [aggregator-service,,,] 35262 --- [    Test worker] s.d.s.property.bean.BeanModelProperty    : Evaluating unwrapped getter for member getComment
2020-04-16 18:10:34.435 DEBUG [aggregator-service,,,] 35262 --- [    Test worker] s.d.s.property.bean.BeanModelProperty    : Evaluating unwrapped getter for member getComment
2020-04-16 18:10:34.436 DEBUG [aggregator-service,,,] 35262 --- [    Test worker] s.d.s.p.OptimizedModelPropertiesProvider : Reading property userId
2020-04-16 18:10:34.436 DEBUG [aggregator-service,,,] 35262 --- [    Test worker] s.d.s.property.bean.BeanModelProperty    : Evaluating unwrapped getter for member getUserId
2020-04-16 18:10:34.436 DEBUG [aggregator-service,,,] 35262 --- [    Test worker] p.ObjectMapperBeanPropertyNamingStrategy : Name 'userId' renamed to 'userId'
2020-04-16 18:10:34.436 DEBUG [aggregator-service,,,] 35262 --- [    Test worker] s.d.s.p.OptimizedModelPropertiesProvider : Adding property userId to model
2020-04-16 18:10:34.436 DEBUG [aggregator-service,,,] 35262 --- [    Test worker] s.d.s.property.bean.BeanModelProperty    : Evaluating unwrapped getter for member getUserId
2020-04-16 18:10:34.436 DEBUG [aggregator-service,,,] 35262 --- [    Test worker] s.d.s.property.bean.BeanModelProperty    : Evaluating unwrapped getter for member getUserId
2020-04-16 18:10:34.436 DEBUG [aggregator-service,,,] 35262 --- [    Test worker] s.d.s.property.bean.BeanModelProperty    : Evaluating unwrapped getter for member getUserId
2020-04-16 18:10:34.436 DEBUG [aggregator-service,,,] 35262 --- [    Test worker] s.d.s.property.bean.BeanModelProperty    : Evaluating unwrapped getter for member getUserId
2020-04-16 18:10:34.436 DEBUG [aggregator-service,,,] 35262 --- [    Test worker] s.d.s.p.OptimizedModelPropertiesProvider : Reading property status
2020-04-16 18:10:34.437 DEBUG [aggregator-service,,,] 35262 --- [    Test worker] s.d.s.property.bean.BeanModelProperty    : Evaluating unwrapped getter for member getStatus
2020-04-16 18:10:34.437 DEBUG [aggregator-service,,,] 35262 --- [    Test worker] p.ObjectMapperBeanPropertyNamingStrategy : Name 'status' renamed to 'status'
2020-04-16 18:10:34.437 DEBUG [aggregator-service,,,] 35262 --- [    Test worker] s.d.s.p.OptimizedModelPropertiesProvider : Adding property status to model
2020-04-16 18:10:34.437 DEBUG [aggregator-service,,,] 35262 --- [    Test worker] s.d.s.property.bean.BeanModelProperty    : Evaluating unwrapped getter for member getStatus
2020-04-16 18:10:34.437 DEBUG [aggregator-service,,,] 35262 --- [    Test worker] s.d.s.property.bean.BeanModelProperty    : Evaluating unwrapped getter for member getStatus
2020-04-16 18:10:34.437 DEBUG [aggregator-service,,,] 35262 --- [    Test worker] s.d.s.property.bean.BeanModelProperty    : Evaluating unwrapped getter for member getStatus
2020-04-16 18:10:34.437 DEBUG [aggregator-service,,,] 35262 --- [    Test worker] s.d.s.property.bean.BeanModelProperty    : Evaluating unwrapped getter for member getStatus
2020-04-16 18:10:34.438 DEBUG [aggregator-service,,,] 35262 --- [    Test worker] s.d.s.DefaultModelDependencyProvider     : Adding type Ljava/util/List<Ljava/lang/String;>; for parameter mediaLinks
2020-04-16 18:10:34.438 DEBUG [aggregator-service,,,] 35262 --- [    Test worker] s.d.s.DefaultModelDependencyProvider     : Recursively resolving dependencies for collectionElement type Ljava/lang/String;
2020-04-16 18:10:34.438 DEBUG [aggregator-service,,,] 35262 --- [    Test worker] s.d.s.DefaultModelDependencyProvider     : Marking base type Ljava/lang/String; as seen
2020-04-16 18:10:34.438 DEBUG [aggregator-service,,,] 35262 --- [    Test worker] s.d.s.DefaultModelDependencyProvider     : Adding type Lcom/demo/commentservice/model/User; for parameter user
2020-04-16 18:10:34.438 DEBUG [aggregator-service,,,] 35262 --- [    Test worker] s.d.s.DefaultModelDependencyProvider     : Recursively resolving dependencies for type Lcom/demo/commentservice/model/User;
2020-04-16 18:10:34.438 DEBUG [aggregator-service,,,] 35262 --- [    Test worker] s.d.schema.TypeNameExtractor             : Generated unique model named: User, with model id: 0_0_com.demo.commentservice.model.User
2020-04-16 18:10:34.439 DEBUG [aggregator-service,,,] 35262 --- [    Test worker] s.d.s.p.OptimizedModelPropertiesProvider : Reading property gender
2020-04-16 18:10:34.439 DEBUG [aggregator-service,,,] 35262 --- [    Test worker] s.d.s.property.bean.BeanModelProperty    : Evaluating unwrapped getter for member getGender
2020-04-16 18:10:34.439 DEBUG [aggregator-service,,,] 35262 --- [    Test worker] p.ObjectMapperBeanPropertyNamingStrategy : Name 'gender' renamed to 'gender'
2020-04-16 18:10:34.439 DEBUG [aggregator-service,,,] 35262 --- [    Test worker] s.d.s.p.OptimizedModelPropertiesProvider : Adding property gender to model
2020-04-16 18:10:34.439 DEBUG [aggregator-service,,,] 35262 --- [    Test worker] s.d.s.property.bean.BeanModelProperty    : Evaluating unwrapped getter for member getGender
2020-04-16 18:10:34.439 DEBUG [aggregator-service,,,] 35262 --- [    Test worker] s.d.s.property.bean.BeanModelProperty    : Evaluating unwrapped getter for member getGender
2020-04-16 18:10:34.439 DEBUG [aggregator-service,,,] 35262 --- [    Test worker] s.d.s.property.bean.BeanModelProperty    : Evaluating unwrapped getter for member getGender
2020-04-16 18:10:34.439 DEBUG [aggregator-service,,,] 35262 --- [    Test worker] s.d.s.property.bean.BeanModelProperty    : Evaluating unwrapped getter for member getGender
2020-04-16 18:10:34.440 DEBUG [aggregator-service,,,] 35262 --- [    Test worker] s.d.s.p.OptimizedModelPropertiesProvider : Reading property name
2020-04-16 18:10:34.440 DEBUG [aggregator-service,,,] 35262 --- [    Test worker] s.d.s.property.bean.BeanModelProperty    : Evaluating unwrapped getter for member getName
2020-04-16 18:10:34.440 DEBUG [aggregator-service,,,] 35262 --- [    Test worker] p.ObjectMapperBeanPropertyNamingStrategy : Name 'name' renamed to 'name'
2020-04-16 18:10:34.440 DEBUG [aggregator-service,,,] 35262 --- [    Test worker] s.d.s.p.OptimizedModelPropertiesProvider : Adding property name to model
2020-04-16 18:10:34.440 DEBUG [aggregator-service,,,] 35262 --- [    Test worker] s.d.s.property.bean.BeanModelProperty    : Evaluating unwrapped getter for member getName
2020-04-16 18:10:34.440 DEBUG [aggregator-service,,,] 35262 --- [    Test worker] s.d.s.property.bean.BeanModelProperty    : Evaluating unwrapped getter for member getName
2020-04-16 18:10:34.440 DEBUG [aggregator-service,,,] 35262 --- [    Test worker] s.d.s.property.bean.BeanModelProperty    : Evaluating unwrapped getter for member getName
2020-04-16 18:10:34.440 DEBUG [aggregator-service,,,] 35262 --- [    Test worker] s.d.s.property.bean.BeanModelProperty    : Evaluating unwrapped getter for member getName
2020-04-16 18:10:34.440 DEBUG [aggregator-service,,,] 35262 --- [    Test worker] s.d.s.p.OptimizedModelPropertiesProvider : Reading property emailId
2020-04-16 18:10:34.441 DEBUG [aggregator-service,,,] 35262 --- [    Test worker] s.d.s.property.bean.BeanModelProperty    : Evaluating unwrapped getter for member getEmailId
2020-04-16 18:10:34.441 DEBUG [aggregator-service,,,] 35262 --- [    Test worker] p.ObjectMapperBeanPropertyNamingStrategy : Name 'emailId' renamed to 'emailId'
2020-04-16 18:10:34.441 DEBUG [aggregator-service,,,] 35262 --- [    Test worker] s.d.s.p.OptimizedModelPropertiesProvider : Adding property emailId to model
2020-04-16 18:10:34.441 DEBUG [aggregator-service,,,] 35262 --- [    Test worker] s.d.s.property.bean.BeanModelProperty    : Evaluating unwrapped getter for member getEmailId
2020-04-16 18:10:34.441 DEBUG [aggregator-service,,,] 35262 --- [    Test worker] s.d.s.property.bean.BeanModelProperty    : Evaluating unwrapped getter for member getEmailId
2020-04-16 18:10:34.441 DEBUG [aggregator-service,,,] 35262 --- [    Test worker] s.d.s.property.bean.BeanModelProperty    : Evaluating unwrapped getter for member getEmailId
2020-04-16 18:10:34.441 DEBUG [aggregator-service,,,] 35262 --- [    Test worker] s.d.s.property.bean.BeanModelProperty    : Evaluating unwrapped getter for member getEmailId
2020-04-16 18:10:34.441 DEBUG [aggregator-service,,,] 35262 --- [    Test worker] s.d.s.p.OptimizedModelPropertiesProvider : Reading property mobileNo
2020-04-16 18:10:34.441 DEBUG [aggregator-service,,,] 35262 --- [    Test worker] s.d.s.property.bean.BeanModelProperty    : Evaluating unwrapped getter for member getMobileNo
2020-04-16 18:10:34.441 DEBUG [aggregator-service,,,] 35262 --- [    Test worker] p.ObjectMapperBeanPropertyNamingStrategy : Name 'mobileNo' renamed to 'mobileNo'
2020-04-16 18:10:34.441 DEBUG [aggregator-service,,,] 35262 --- [    Test worker] s.d.s.p.OptimizedModelPropertiesProvider : Adding property mobileNo to model
2020-04-16 18:10:34.441 DEBUG [aggregator-service,,,] 35262 --- [    Test worker] s.d.s.property.bean.BeanModelProperty    : Evaluating unwrapped getter for member getMobileNo
2020-04-16 18:10:34.442 DEBUG [aggregator-service,,,] 35262 --- [    Test worker] s.d.s.property.bean.BeanModelProperty    : Evaluating unwrapped getter for member getMobileNo
2020-04-16 18:10:34.442 DEBUG [aggregator-service,,,] 35262 --- [    Test worker] s.d.s.property.bean.BeanModelProperty    : Evaluating unwrapped getter for member getMobileNo
2020-04-16 18:10:34.442 DEBUG [aggregator-service,,,] 35262 --- [    Test worker] s.d.s.property.bean.BeanModelProperty    : Evaluating unwrapped getter for member getMobileNo
2020-04-16 18:10:34.442 DEBUG [aggregator-service,,,] 35262 --- [    Test worker] s.d.s.p.OptimizedModelPropertiesProvider : Reading property userId
2020-04-16 18:10:34.442 DEBUG [aggregator-service,,,] 35262 --- [    Test worker] s.d.s.property.bean.BeanModelProperty    : Evaluating unwrapped getter for member getUserId
2020-04-16 18:10:34.442 DEBUG [aggregator-service,,,] 35262 --- [    Test worker] p.ObjectMapperBeanPropertyNamingStrategy : Name 'userId' renamed to 'userId'
2020-04-16 18:10:34.442 DEBUG [aggregator-service,,,] 35262 --- [    Test worker] s.d.s.p.OptimizedModelPropertiesProvider : Adding property userId to model
2020-04-16 18:10:34.442 DEBUG [aggregator-service,,,] 35262 --- [    Test worker] s.d.s.property.bean.BeanModelProperty    : Evaluating unwrapped getter for member getUserId
2020-04-16 18:10:34.442 DEBUG [aggregator-service,,,] 35262 --- [    Test worker] s.d.s.property.bean.BeanModelProperty    : Evaluating unwrapped getter for member getUserId
2020-04-16 18:10:34.442 DEBUG [aggregator-service,,,] 35262 --- [    Test worker] s.d.s.property.bean.BeanModelProperty    : Evaluating unwrapped getter for member getUserId
2020-04-16 18:10:34.442 DEBUG [aggregator-service,,,] 35262 --- [    Test worker] s.d.s.property.bean.BeanModelProperty    : Evaluating unwrapped getter for member getUserId
2020-04-16 18:10:34.444 DEBUG [aggregator-service,,,] 35262 --- [    Test worker] s.d.schema.TypeNameExtractor             : Generated unique model named: Comment, with model id: 0_0_com.demo.commentservice.model.Comment
2020-04-16 18:10:34.444 DEBUG [aggregator-service,,,] 35262 --- [    Test worker] s.d.schema.TypeNameExtractor             : Generated unique model named: User, with model id: 0_0_com.demo.commentservice.model.User
2020-04-16 18:10:34.444 DEBUG [aggregator-service,,,] 35262 --- [    Test worker] s.d.schema.DefaultModelProvider          : Inferred 8 properties. Properties found updateBy, createdBy, rating, commentId, mediaLinks, comment, userId, status
2020-04-16 18:10:34.444 DEBUG [aggregator-service,,,] 35262 --- [    Test worker] s.d.schema.TypeNameExtractor             : Generated unique model named: Comment, with model id: 0_0_com.demo.commentservice.model.Comment
2020-04-16 18:10:34.445 DEBUG [aggregator-service,,,] 35262 --- [    Test worker] s.d.schema.DefaultModelProvider          : Inferred 5 properties. Properties found gender, name, emailId, mobileNo, userId
2020-04-16 18:10:34.445 DEBUG [aggregator-service,,,] 35262 --- [    Test worker] s.d.schema.TypeNameExtractor             : Generated unique model named: User, with model id: 0_0_com.demo.commentservice.model.User
2020-04-16 18:10:34.445 DEBUG [aggregator-service,,,] 35262 --- [    Test worker] s.d.schema.DefaultModelProvider          : Skipping model of type Ljava/util/List<Lcom/demo/commentservice/model/Comment;>; as its either a container type, map, enum or base type, or its already been handled
2020-04-16 18:10:34.445 DEBUG [aggregator-service,,,] 35262 --- [    Test worker] s.d.schema.DefaultModelProvider          : Skipping model of type Ljava/util/List<Ljava/lang/String;>; as its either a container type, map, enum or base type, or its already been handled
2020-04-16 18:10:34.451 DEBUG [aggregator-service,,,] 35262 --- [    Test worker] s.d.schema.TypeNameExtractor             : Generated unique model named: UserComments, with model id: 0_0_com.demo.commentservice.model.UserComments
2020-04-16 18:10:34.451 DEBUG [aggregator-service,,,] 35262 --- [    Test worker] s.d.s.w.r.o.OperationResponseClassReader : Setting spring response class to: UserComments
2020-04-16 18:10:34.462 DEBUG [aggregator-service,,,] 35262 --- [    Test worker] .r.o.SwaggerOperationResponseClassReader : Setting response class to:UserComments
2020-04-16 18:10:34.462 DEBUG [aggregator-service,,,] 35262 --- [    Test worker] s.d.s.r.operation.OperationAuthReader    : Authorization count 0 for method getUserComments
2020-04-16 18:10:34.476 DEBUG [aggregator-service,,,] 35262 --- [    Test worker] o.s.c.support.DefaultLifecycleProcessor  : Successfully started bean 'documentationPluginsBootstrapper'
2020-04-16 18:10:34.504 DEBUG [aggregator-service,,,] 35262 --- [    Test worker] ConditionEvaluationReportLoggingListener : 


============================
CONDITIONS EVALUATION REPORT
============================


Positive matches:
-----------------

   AopAutoConfiguration matched:
      - @ConditionalOnProperty (spring.aop.auto=true) matched (OnPropertyCondition)

   AopAutoConfiguration.AspectJAutoProxyingConfiguration matched:
      - @ConditionalOnClass found required class 'org.aspectj.weaver.Advice' (OnClassCondition)

   AopAutoConfiguration.AspectJAutoProxyingConfiguration.CglibAutoProxyConfiguration matched:
      - @ConditionalOnProperty (spring.aop.proxy-target-class=true) matched (OnPropertyCondition)

   ArchaiusAutoConfiguration matched:
      - @ConditionalOnClass found required classes 'com.netflix.config.ConcurrentCompositeConfiguration', 'org.apache.commons.configuration.ConfigurationBuilder' (OnClassCondition)

   ArchaiusAutoConfiguration.ArchaiusEndpointConfiguration matched:
      - @ConditionalOnClass found required class 'org.springframework.boot.actuate.health.Health' (OnClassCondition)

   ArchaiusAutoConfiguration.PropagateEventsConfiguration matched:
      - @ConditionalOnClass found required class 'org.springframework.cloud.context.environment.EnvironmentChangeEvent' (OnClassCondition)
      - @ConditionalOnProperty (archaius.propagate.environmentChangedEvent) matched (OnPropertyCondition)

   AsyncAutoConfiguration matched:
      - @ConditionalOnProperty (spring.sleuth.scheduled.enabled) matched (OnPropertyCondition)

   AsyncDefaultAutoConfiguration matched:
      - @ConditionalOnProperty (spring.sleuth.async.enabled) matched (OnPropertyCondition)
      - @ConditionalOnBean (types: brave.Tracing; SearchStrategy: all) found bean 'tracing' (OnBeanCondition)

   AsyncDefaultAutoConfiguration#executorBeanPostProcessor matched:
      - @ConditionalOnProperty (spring.sleuth.scheduled.enabled) matched (OnPropertyCondition)

   AsyncDefaultAutoConfiguration.DefaultAsyncConfigurerSupport matched:
      - @ConditionalOnProperty (spring.sleuth.async.configurer.enabled) matched (OnPropertyCondition)
      - @ConditionalOnMissingBean (types: org.springframework.scheduling.annotation.AsyncConfigurer; SearchStrategy: all) did not find any beans (OnBeanCondition)

   AutoServiceRegistrationAutoConfiguration matched:
      - @ConditionalOnProperty (spring.cloud.service-registry.auto-registration.enabled) matched (OnPropertyCondition)

   AutoServiceRegistrationConfiguration matched:
      - @ConditionalOnProperty (spring.cloud.service-registry.auto-registration.enabled) matched (OnPropertyCondition)

   CacheMeterBinderProvidersConfiguration matched:
      - @ConditionalOnClass found required class 'io.micrometer.core.instrument.binder.MeterBinder' (OnClassCondition)

   CommonsClientAutoConfiguration.ActuatorConfiguration matched:
      - @ConditionalOnClass found required class 'org.springframework.boot.actuate.endpoint.annotation.Endpoint' (OnClassCondition)
      - @ConditionalOnProperty (spring.cloud.features.enabled) matched (OnPropertyCondition)

   CommonsClientAutoConfiguration.DiscoveryLoadBalancerConfiguration matched:
      - @ConditionalOnClass found required class 'org.springframework.boot.actuate.health.HealthIndicator' (OnClassCondition)
      - @ConditionalOnProperty (spring.cloud.discovery.enabled) matched; @ConditionalOnProperty (spring.cloud.discovery.blocking.enabled) matched (OnPropertyCondition)
      - @ConditionalOnBean (types: org.springframework.cloud.client.discovery.DiscoveryClient; SearchStrategy: all) found beans 'simpleDiscoveryClient', 'compositeDiscoveryClient' (OnBeanCondition)

   CommonsClientAutoConfiguration.DiscoveryLoadBalancerConfiguration#discoveryClientHealthIndicator matched:
      - @ConditionalOnProperty (spring.cloud.discovery.client.health-indicator.enabled) matched (OnPropertyCondition)

   CommonsClientAutoConfiguration.DiscoveryLoadBalancerConfiguration#discoveryCompositeHealthContributor matched:
      - @ConditionalOnProperty (spring.cloud.discovery.client.composite-indicator.enabled) matched (OnPropertyCondition)
      - @ConditionalOnBean (types: org.springframework.cloud.client.discovery.health.DiscoveryHealthIndicator; SearchStrategy: all) found bean 'discoveryClientHealthIndicator' (OnBeanCondition)

   CompatibilityVerifierAutoConfiguration matched:
      - @ConditionalOnProperty (spring.cloud.compatibility-verifier.enabled) matched (OnPropertyCondition)

   CompositeMeterRegistryAutoConfiguration matched:
      - @ConditionalOnClass found required class 'io.micrometer.core.instrument.composite.CompositeMeterRegistry' (OnClassCondition)

   ConfigurationPropertiesRebinderAutoConfiguration matched:
      - @ConditionalOnBean (types: org.springframework.boot.context.properties.ConfigurationPropertiesBindingPostProcessor; SearchStrategy: all) found bean 'org.springframework.boot.context.properties.ConfigurationPropertiesBindingPostProcessor' (OnBeanCondition)

   ConfigurationPropertiesRebinderAutoConfiguration#configurationPropertiesBeans matched:
      - @ConditionalOnMissingBean (types: org.springframework.cloud.context.properties.ConfigurationPropertiesBeans; SearchStrategy: current) did not find any beans (OnBeanCondition)

   ConfigurationPropertiesRebinderAutoConfiguration#configurationPropertiesRebinder matched:
      - @ConditionalOnMissingBean (types: org.springframework.cloud.context.properties.ConfigurationPropertiesRebinder; SearchStrategy: current) did not find any beans (OnBeanCondition)

   DataSourceAutoConfiguration matched:
      - @ConditionalOnClass found required classes 'javax.sql.DataSource', 'org.springframework.jdbc.datasource.embedded.EmbeddedDatabaseType' (OnClassCondition)

   DataSourceAutoConfiguration.PooledDataSourceConfiguration matched:
      - AnyNestedCondition 1 matched 1 did not; NestedCondition on DataSourceAutoConfiguration.PooledDataSourceCondition.PooledDataSourceAvailable PooledDataSource found supported DataSource; NestedCondition on DataSourceAutoConfiguration.PooledDataSourceCondition.ExplicitType @ConditionalOnProperty (spring.datasource.type) did not find property 'type' (DataSourceAutoConfiguration.PooledDataSourceCondition)
      - @ConditionalOnMissingBean (types: javax.sql.DataSource,javax.sql.XADataSource; SearchStrategy: all) did not find any beans (OnBeanCondition)

   DataSourceConfiguration.Hikari matched:
      - @ConditionalOnClass found required class 'com.zaxxer.hikari.HikariDataSource' (OnClassCondition)
      - @ConditionalOnProperty (spring.datasource.type=com.zaxxer.hikari.HikariDataSource) matched (OnPropertyCondition)
      - @ConditionalOnMissingBean (types: javax.sql.DataSource; SearchStrategy: all) did not find any beans (OnBeanCondition)

   DataSourceHealthContributorAutoConfiguration matched:
      - @ConditionalOnClass found required classes 'org.springframework.jdbc.core.JdbcTemplate', 'org.springframework.jdbc.datasource.lookup.AbstractRoutingDataSource' (OnClassCondition)
      - @ConditionalOnEnabledHealthIndicator management.health.defaults.enabled is considered true (OnEnabledHealthIndicatorCondition)
      - @ConditionalOnBean (types: javax.sql.DataSource; SearchStrategy: all) found bean 'dataSource' (OnBeanCondition)

   DataSourceHealthContributorAutoConfiguration#dbHealthContributor matched:
      - @ConditionalOnMissingBean (names: dbHealthIndicator,dbHealthContributor; SearchStrategy: all) did not find any beans (OnBeanCondition)

   DataSourcePoolMetadataProvidersConfiguration.HikariPoolDataSourceMetadataProviderConfiguration matched:
      - @ConditionalOnClass found required class 'com.zaxxer.hikari.HikariDataSource' (OnClassCondition)

   DataSourcePoolMetricsAutoConfiguration matched:
      - @ConditionalOnClass found required classes 'javax.sql.DataSource', 'io.micrometer.core.instrument.MeterRegistry' (OnClassCondition)
      - @ConditionalOnBean (types: javax.sql.DataSource,io.micrometer.core.instrument.MeterRegistry; SearchStrategy: all) found beans 'simpleMeterRegistry', 'dataSource' (OnBeanCondition)

   DataSourcePoolMetricsAutoConfiguration.DataSourcePoolMetadataMetricsConfiguration matched:
      - @ConditionalOnBean (types: org.springframework.boot.jdbc.metadata.DataSourcePoolMetadataProvider; SearchStrategy: all) found bean 'hikariPoolDataSourceMetadataProvider' (OnBeanCondition)

   DataSourcePoolMetricsAutoConfiguration.HikariDataSourceMetricsConfiguration matched:
      - @ConditionalOnClass found required class 'com.zaxxer.hikari.HikariDataSource' (OnClassCondition)

   DataSourceTransactionManagerAutoConfiguration matched:
      - @ConditionalOnClass found required classes 'org.springframework.jdbc.core.JdbcTemplate', 'org.springframework.transaction.PlatformTransactionManager' (OnClassCondition)

   DataSourceTransactionManagerAutoConfiguration.DataSourceTransactionManagerConfiguration matched:
      - @ConditionalOnSingleCandidate (types: javax.sql.DataSource; SearchStrategy: all) found a primary bean from beans 'dataSource' (OnBeanCondition)

   DiskSpaceHealthContributorAutoConfiguration matched:
      - @ConditionalOnEnabledHealthIndicator management.health.defaults.enabled is considered true (OnEnabledHealthIndicatorCondition)

   DiskSpaceHealthContributorAutoConfiguration#diskSpaceHealthIndicator matched:
      - @ConditionalOnMissingBean (names: diskSpaceHealthIndicator; SearchStrategy: all) did not find any beans (OnBeanCondition)

   DispatcherServletAutoConfiguration matched:
      - @ConditionalOnClass found required class 'org.springframework.web.servlet.DispatcherServlet' (OnClassCondition)
      - found 'session' scope (OnWebApplicationCondition)

   DispatcherServletAutoConfiguration.DispatcherServletConfiguration matched:
      - @ConditionalOnClass found required class 'javax.servlet.ServletRegistration' (OnClassCondition)
      - Default DispatcherServlet did not find dispatcher servlet beans (DispatcherServletAutoConfiguration.DefaultDispatcherServletCondition)

   DispatcherServletAutoConfiguration.DispatcherServletRegistrationConfiguration matched:
      - @ConditionalOnClass found required class 'javax.servlet.ServletRegistration' (OnClassCondition)
      - DispatcherServlet Registration did not find servlet registration bean (DispatcherServletAutoConfiguration.DispatcherServletRegistrationCondition)
      - DispatcherServlet Registration found servlet registration beans 'proxyStreamServlet' and none is named dispatcherServletRegistration (DispatcherServletAutoConfiguration.DispatcherServletRegistrationCondition)

   DispatcherServletAutoConfiguration.DispatcherServletRegistrationConfiguration#dispatcherServletRegistration matched:
      - @ConditionalOnBean (names: dispatcherServlet types: org.springframework.web.servlet.DispatcherServlet; SearchStrategy: all) found bean 'dispatcherServlet' (OnBeanCondition)

   EmbeddedWebServerFactoryCustomizerAutoConfiguration matched:
      - @ConditionalOnWebApplication (required) found 'session' scope (OnWebApplicationCondition)

   EmbeddedWebServerFactoryCustomizerAutoConfiguration.TomcatWebServerFactoryCustomizerConfiguration matched:
      - @ConditionalOnClass found required classes 'org.apache.catalina.startup.Tomcat', 'org.apache.coyote.UpgradeProtocol' (OnClassCondition)

   EndpointAutoConfiguration#endpointCachingOperationInvokerAdvisor matched:
      - @ConditionalOnMissingBean (types: org.springframework.boot.actuate.endpoint.invoker.cache.CachingOperationInvokerAdvisor; SearchStrategy: all) did not find any beans (OnBeanCondition)

   EndpointAutoConfiguration#endpointOperationParameterMapper matched:
      - @ConditionalOnMissingBean (types: org.springframework.boot.actuate.endpoint.invoke.ParameterValueMapper; SearchStrategy: all) did not find any beans (OnBeanCondition)

   ErrorMvcAutoConfiguration matched:
      - @ConditionalOnClass found required classes 'javax.servlet.Servlet', 'org.springframework.web.servlet.DispatcherServlet' (OnClassCondition)
      - found 'session' scope (OnWebApplicationCondition)

   ErrorMvcAutoConfiguration#basicErrorController matched:
      - @ConditionalOnMissingBean (types: org.springframework.boot.web.servlet.error.ErrorController; SearchStrategy: current) did not find any beans (OnBeanCondition)

   ErrorMvcAutoConfiguration#errorAttributes matched:
      - @ConditionalOnMissingBean (types: org.springframework.boot.web.servlet.error.ErrorAttributes; SearchStrategy: current) did not find any beans (OnBeanCondition)

   ErrorMvcAutoConfiguration.DefaultErrorViewResolverConfiguration#conventionErrorViewResolver matched:
      - @ConditionalOnBean (types: org.springframework.web.servlet.DispatcherServlet; SearchStrategy: all) found bean 'dispatcherServlet'; @ConditionalOnMissingBean (types: org.springframework.boot.autoconfigure.web.servlet.error.ErrorViewResolver; SearchStrategy: all) did not find any beans (OnBeanCondition)

   ErrorMvcAutoConfiguration.WhitelabelErrorViewConfiguration matched:
      - @ConditionalOnProperty (server.error.whitelabel.enabled) matched (OnPropertyCondition)
      - ErrorTemplate Missing did not find error template view (ErrorMvcAutoConfiguration.ErrorTemplateMissingCondition)

   ErrorMvcAutoConfiguration.WhitelabelErrorViewConfiguration#beanNameViewResolver matched:
      - @ConditionalOnMissingBean (types: org.springframework.web.servlet.view.BeanNameViewResolver; SearchStrategy: all) did not find any beans (OnBeanCondition)

   ErrorMvcAutoConfiguration.WhitelabelErrorViewConfiguration#defaultErrorView matched:
      - @ConditionalOnMissingBean (names: error; SearchStrategy: all) did not find any beans (OnBeanCondition)

   FeignAutoConfiguration matched:
      - @ConditionalOnClass found required class 'feign.Feign' (OnClassCondition)

   FeignAutoConfiguration.HystrixFeignTargeterConfiguration matched:
      - @ConditionalOnClass found required class 'feign.hystrix.HystrixFeign' (OnClassCondition)

   FeignAutoConfiguration.HystrixFeignTargeterConfiguration#feignTargeter matched:
      - @ConditionalOnMissingBean (types: org.springframework.cloud.openfeign.Targeter; SearchStrategy: all) did not find any beans (OnBeanCondition)

   FeignHalAutoConfiguration matched:
      - @ConditionalOnClass found required class 'org.springframework.hateoas.RepresentationModel' (OnClassCondition)
      - @ConditionalOnWebApplication (required) found 'session' scope (OnWebApplicationCondition)

   FreeMarkerAutoConfiguration matched:
      - @ConditionalOnClass found required classes 'freemarker.template.Configuration', 'org.springframework.ui.freemarker.FreeMarkerConfigurationFactory' (OnClassCondition)

   FreeMarkerServletWebConfiguration matched:
      - @ConditionalOnClass found required classes 'javax.servlet.Servlet', 'org.springframework.web.servlet.view.freemarker.FreeMarkerConfigurer' (OnClassCondition)
      - found 'session' scope (OnWebApplicationCondition)

   FreeMarkerServletWebConfiguration#freeMarkerViewResolver matched:
      - @ConditionalOnProperty (spring.freemarker.enabled) matched (OnPropertyCondition)
      - @ConditionalOnMissingBean (names: freeMarkerViewResolver; SearchStrategy: all) did not find any beans (OnBeanCondition)

   GenericCacheConfiguration matched:
      - Cache org.springframework.boot.autoconfigure.cache.GenericCacheConfiguration automatic cache type (CacheCondition)

   H2ConsoleAutoConfiguration matched:
      - @ConditionalOnClass found required class 'org.h2.server.web.WebServlet' (OnClassCondition)
      - found 'session' scope (OnWebApplicationCondition)
      - @ConditionalOnProperty (spring.h2.console.enabled=true) matched (OnPropertyCondition)

   HealthContributorAutoConfiguration#pingHealthContributor matched:
      - @ConditionalOnEnabledHealthIndicator management.health.defaults.enabled is considered true (OnEnabledHealthIndicatorCondition)

   HealthEndpointAutoConfiguration matched:
      - @ConditionalOnAvailableEndpoint no property management.endpoint.health.enabled found so using endpoint default; @ConditionalOnAvailableEndpoint marked as exposed by a 'management.endpoints.web.exposure' property (OnAvailableEndpointCondition)

   HealthEndpointConfiguration#healthContributorRegistry matched:
      - @ConditionalOnMissingBean (types: org.springframework.boot.actuate.health.HealthContributorRegistry; SearchStrategy: all) did not find any beans (OnBeanCondition)

   HealthEndpointConfiguration#healthEndpoint matched:
      - @ConditionalOnMissingBean (types: org.springframework.boot.actuate.health.HealthEndpoint; SearchStrategy: all) did not find any beans (OnBeanCondition)

   HealthEndpointConfiguration#healthEndpointGroups matched:
      - @ConditionalOnMissingBean (types: org.springframework.boot.actuate.health.HealthEndpointGroups; SearchStrategy: all) did not find any beans (OnBeanCondition)

   HealthEndpointConfiguration#healthHttpCodeStatusMapper matched:
      - @ConditionalOnMissingBean (types: org.springframework.boot.actuate.health.HttpCodeStatusMapper; SearchStrategy: all) did not find any beans (OnBeanCondition)

   HealthEndpointConfiguration#healthStatusAggregator matched:
      - @ConditionalOnMissingBean (types: org.springframework.boot.actuate.health.StatusAggregator; SearchStrategy: all) did not find any beans (OnBeanCondition)

   HealthEndpointWebExtensionConfiguration matched:
      - found 'session' scope (OnWebApplicationCondition)
      - @ConditionalOnBean (types: org.springframework.boot.actuate.health.HealthEndpoint; SearchStrategy: all) found bean 'healthEndpoint' (OnBeanCondition)

   HealthEndpointWebExtensionConfiguration#healthEndpointWebExtension matched:
      - @ConditionalOnBean (types: org.springframework.boot.actuate.health.HealthEndpoint; SearchStrategy: all) found bean 'healthEndpoint'; @ConditionalOnMissingBean (types: org.springframework.boot.actuate.health.HealthEndpointWebExtension; SearchStrategy: all) did not find any beans (OnBeanCondition)

   HibernateJpaAutoConfiguration matched:
      - @ConditionalOnClass found required classes 'org.springframework.orm.jpa.LocalContainerEntityManagerFactoryBean', 'javax.persistence.EntityManager', 'org.hibernate.engine.spi.SessionImplementor' (OnClassCondition)

   HibernateJpaConfiguration matched:
      - @ConditionalOnSingleCandidate (types: javax.sql.DataSource; SearchStrategy: all) found a primary bean from beans 'dataSource' (OnBeanCondition)

   HibernateMetricsAutoConfiguration matched:
      - @ConditionalOnClass found required classes 'javax.persistence.EntityManagerFactory', 'org.hibernate.SessionFactory', 'io.micrometer.core.instrument.MeterRegistry' (OnClassCondition)
      - @ConditionalOnBean (types: javax.persistence.EntityManagerFactory,io.micrometer.core.instrument.MeterRegistry; SearchStrategy: all) found beans 'entityManagerFactory', 'simpleMeterRegistry' (OnBeanCondition)

   HttpClientConfiguration.ApacheHttpClientConfiguration matched:
      - @ConditionalOnClass found required class 'org.apache.http.client.HttpClient' (OnClassCondition)
      - @ConditionalOnProperty (spring.cloud.httpclientfactories.apache.enabled) matched (OnPropertyCondition)

   HttpClientConfiguration.ApacheHttpClientConfiguration#apacheHttpClientFactory matched:
      - @ConditionalOnMissingBean (types: org.springframework.cloud.commons.httpclient.ApacheHttpClientFactory; SearchStrategy: all) did not find any beans (OnBeanCondition)

   HttpClientConfiguration.ApacheHttpClientConfiguration#connManFactory matched:
      - @ConditionalOnMissingBean (types: org.springframework.cloud.commons.httpclient.ApacheHttpClientConnectionManagerFactory; SearchStrategy: all) did not find any beans (OnBeanCondition)

   HttpClientMetricsAutoConfiguration matched:
      - @ConditionalOnClass found required class 'io.micrometer.core.instrument.MeterRegistry' (OnClassCondition)
      - @ConditionalOnBean (types: io.micrometer.core.instrument.MeterRegistry; SearchStrategy: all) found bean 'simpleMeterRegistry' (OnBeanCondition)

   HttpEncodingAutoConfiguration matched:
      - @ConditionalOnClass found required class 'org.springframework.web.filter.CharacterEncodingFilter' (OnClassCondition)
      - found 'session' scope (OnWebApplicationCondition)
      - @ConditionalOnProperty (spring.http.encoding.enabled) matched (OnPropertyCondition)

   HttpEncodingAutoConfiguration#characterEncodingFilter matched:
      - @ConditionalOnMissingBean (types: org.springframework.web.filter.CharacterEncodingFilter; SearchStrategy: all) did not find any beans (OnBeanCondition)

   HttpMessageConvertersAutoConfiguration matched:
      - @ConditionalOnClass found required class 'org.springframework.http.converter.HttpMessageConverter' (OnClassCondition)
      - NoneNestedConditions 0 matched 1 did not; NestedCondition on HttpMessageConvertersAutoConfiguration.NotReactiveWebApplicationCondition.ReactiveWebApplication did not find reactive web application classes (HttpMessageConvertersAutoConfiguration.NotReactiveWebApplicationCondition)

   HttpMessageConvertersAutoConfiguration#messageConverters matched:
      - @ConditionalOnMissingBean (types: org.springframework.boot.autoconfigure.http.HttpMessageConverters; SearchStrategy: all) did not find any beans (OnBeanCondition)

   HttpMessageConvertersAutoConfiguration.StringHttpMessageConverterConfiguration matched:
      - @ConditionalOnClass found required class 'org.springframework.http.converter.StringHttpMessageConverter' (OnClassCondition)

   HttpMessageConvertersAutoConfiguration.StringHttpMessageConverterConfiguration#stringHttpMessageConverter matched:
      - @ConditionalOnMissingBean (types: org.springframework.http.converter.StringHttpMessageConverter; SearchStrategy: all) did not find any beans (OnBeanCondition)

   HypermediaAutoConfiguration matched:
      - @ConditionalOnClass found required classes 'org.springframework.hateoas.EntityModel', 'org.springframework.web.bind.annotation.RequestMapping', 'org.springframework.web.servlet.mvc.method.annotation.RequestMappingHandlerAdapter', 'org.springframework.plugin.core.Plugin' (OnClassCondition)
      - @ConditionalOnWebApplication (required) found 'session' scope (OnWebApplicationCondition)

   HypermediaHttpMessageConverterConfiguration#halMessageConverterSupportedMediaTypeCustomizer matched:
      - @ConditionalOnProperty (spring.hateoas.use-hal-as-default-json-media-type) matched (OnPropertyCondition)

   HystrixAutoConfiguration matched:
      - @ConditionalOnClass found required classes 'com.netflix.hystrix.Hystrix', 'org.springframework.boot.actuate.health.HealthIndicator', 'org.springframework.boot.actuate.autoconfigure.health.HealthContributorAutoConfiguration' (OnClassCondition)

   HystrixAutoConfiguration#hystrixHealthIndicator matched:
      - @ConditionalOnEnabledHealthIndicator management.health.defaults.enabled is considered true (OnEnabledHealthIndicatorCondition)

   HystrixAutoConfiguration.HystrixMetricsConfiguration matched:
      - @ConditionalOnClass found required class 'io.micrometer.core.instrument.binder.hystrix.HystrixMetricsBinder' (OnClassCondition)
      - @ConditionalOnProperty (management.metrics.binders.hystrix.enabled) matched (OnPropertyCondition)

   HystrixAutoConfiguration.HystrixServletAutoConfiguration matched:
      - @ConditionalOnClass found required class 'com.netflix.hystrix.contrib.metrics.eventstream.HystrixMetricsStreamServlet' (OnClassCondition)
      - found 'session' scope (OnWebApplicationCondition)
      - @ConditionalOnBean (types: com.netflix.hystrix.contrib.javanica.aop.aspectj.HystrixCommandAspect; SearchStrategy: all) found bean 'hystrixCommandAspect' (OnBeanCondition)

   HystrixAutoConfiguration.HystrixServletAutoConfiguration#hystrixStreamEndpoint matched:
      - @ConditionalOnAvailableEndpoint no property management.endpoint.hystrix.stream.enabled found so using endpoint default; @ConditionalOnAvailableEndpoint marked as exposed by a 'management.endpoints.web.exposure' property (OnAvailableEndpointCondition)

   HystrixCircuitBreakerAutoConfiguration matched:
      - @ConditionalOnClass found required class 'com.netflix.hystrix.Hystrix' (OnClassCondition)
      - @ConditionalOnProperty (spring.cloud.circuitbreaker.hystrix.enabled) matched (OnPropertyCondition)

   HystrixCircuitBreakerAutoConfiguration#hystrixCircuitBreakerFactory matched:
      - @ConditionalOnMissingBean (types: org.springframework.cloud.client.circuitbreaker.CircuitBreakerFactory; SearchStrategy: all) did not find any beans (OnBeanCondition)

   InfoContributorAutoConfiguration#envInfoContributor matched:
      - @ConditionalOnEnabledInfoContributor management.info.defaults.enabled is considered true (OnEnabledInfoContributorCondition)

   InfoEndpointAutoConfiguration matched:
      - @ConditionalOnAvailableEndpoint no property management.endpoint.info.enabled found so using endpoint default; @ConditionalOnAvailableEndpoint marked as exposed by a 'management.endpoints.web.exposure' property (OnAvailableEndpointCondition)

   InfoEndpointAutoConfiguration#infoEndpoint matched:
      - @ConditionalOnMissingBean (types: org.springframework.boot.actuate.info.InfoEndpoint; SearchStrategy: all) did not find any beans (OnBeanCondition)

   JacksonAutoConfiguration matched:
      - @ConditionalOnClass found required class 'com.fasterxml.jackson.databind.ObjectMapper' (OnClassCondition)

   JacksonAutoConfiguration.Jackson2ObjectMapperBuilderCustomizerConfiguration matched:
      - @ConditionalOnClass found required class 'org.springframework.http.converter.json.Jackson2ObjectMapperBuilder' (OnClassCondition)

   JacksonAutoConfiguration.JacksonObjectMapperBuilderConfiguration matched:
      - @ConditionalOnClass found required class 'org.springframework.http.converter.json.Jackson2ObjectMapperBuilder' (OnClassCondition)

   JacksonAutoConfiguration.JacksonObjectMapperBuilderConfiguration#jacksonObjectMapperBuilder matched:
      - @ConditionalOnMissingBean (types: org.springframework.http.converter.json.Jackson2ObjectMapperBuilder; SearchStrategy: all) did not find any beans (OnBeanCondition)

   JacksonAutoConfiguration.JacksonObjectMapperConfiguration matched:
      - @ConditionalOnClass found required class 'org.springframework.http.converter.json.Jackson2ObjectMapperBuilder' (OnClassCondition)

   JacksonAutoConfiguration.JacksonObjectMapperConfiguration#jacksonObjectMapper matched:
      - @ConditionalOnMissingBean (types: com.fasterxml.jackson.databind.ObjectMapper; SearchStrategy: all) did not find any beans (OnBeanCondition)

   JacksonAutoConfiguration.ParameterNamesModuleConfiguration matched:
      - @ConditionalOnClass found required class 'com.fasterxml.jackson.module.paramnames.ParameterNamesModule' (OnClassCondition)

   JacksonAutoConfiguration.ParameterNamesModuleConfiguration#parameterNamesModule matched:
      - @ConditionalOnMissingBean (types: com.fasterxml.jackson.module.paramnames.ParameterNamesModule; SearchStrategy: all) did not find any beans (OnBeanCondition)

   JacksonHttpMessageConvertersConfiguration.MappingJackson2HttpMessageConverterConfiguration matched:
      - @ConditionalOnClass found required class 'com.fasterxml.jackson.databind.ObjectMapper' (OnClassCondition)
      - @ConditionalOnProperty (spring.http.converters.preferred-json-mapper=jackson) matched (OnPropertyCondition)
      - @ConditionalOnBean (types: com.fasterxml.jackson.databind.ObjectMapper; SearchStrategy: all) found bean 'jacksonObjectMapper' (OnBeanCondition)

   JacksonHttpMessageConvertersConfiguration.MappingJackson2HttpMessageConverterConfiguration#mappingJackson2HttpMessageConverter matched:
      - @ConditionalOnMissingBean (types: org.springframework.http.converter.json.MappingJackson2HttpMessageConverter ignored: org.springframework.hateoas.server.mvc.TypeConstrainedMappingJackson2HttpMessageConverter,org.springframework.data.rest.webmvc.alps.AlpsJsonHttpMessageConverter; SearchStrategy: all) did not find any beans (OnBeanCondition)

   JdbcTemplateAutoConfiguration matched:
      - @ConditionalOnClass found required classes 'javax.sql.DataSource', 'org.springframework.jdbc.core.JdbcTemplate' (OnClassCondition)
      - @ConditionalOnSingleCandidate (types: javax.sql.DataSource; SearchStrategy: all) found a primary bean from beans 'dataSource' (OnBeanCondition)

   JdbcTemplateConfiguration matched:
      - @ConditionalOnMissingBean (types: org.springframework.jdbc.core.JdbcOperations; SearchStrategy: all) did not find any beans (OnBeanCondition)

   JpaBaseConfiguration#entityManagerFactory matched:
      - @ConditionalOnMissingBean (types: org.springframework.orm.jpa.LocalContainerEntityManagerFactoryBean,javax.persistence.EntityManagerFactory; SearchStrategy: all) did not find any beans (OnBeanCondition)

   JpaBaseConfiguration#entityManagerFactoryBuilder matched:
      - @ConditionalOnMissingBean (types: org.springframework.boot.orm.jpa.EntityManagerFactoryBuilder; SearchStrategy: all) did not find any beans (OnBeanCondition)

   JpaBaseConfiguration#jpaVendorAdapter matched:
      - @ConditionalOnMissingBean (types: org.springframework.orm.jpa.JpaVendorAdapter; SearchStrategy: all) did not find any beans (OnBeanCondition)

   JpaBaseConfiguration#transactionManager matched:
      - @ConditionalOnMissingBean (types: org.springframework.transaction.PlatformTransactionManager; SearchStrategy: all) did not find any beans (OnBeanCondition)

   JpaBaseConfiguration.JpaWebConfiguration matched:
      - @ConditionalOnClass found required class 'org.springframework.web.servlet.config.annotation.WebMvcConfigurer' (OnClassCondition)
      - found 'session' scope (OnWebApplicationCondition)
      - @ConditionalOnProperty (spring.jpa.open-in-view=true) matched (OnPropertyCondition)
      - @ConditionalOnMissingBean (types: org.springframework.orm.jpa.support.OpenEntityManagerInViewInterceptor,org.springframework.orm.jpa.support.OpenEntityManagerInViewFilter; SearchStrategy: all) did not find any beans (OnBeanCondition)

   JpaRepositoriesAutoConfiguration matched:
      - @ConditionalOnClass found required class 'org.springframework.data.jpa.repository.JpaRepository' (OnClassCondition)
      - @ConditionalOnProperty (spring.data.jpa.repositories.enabled=true) matched (OnPropertyCondition)
      - @ConditionalOnBean (types: javax.sql.DataSource; SearchStrategy: all) found bean 'dataSource'; @ConditionalOnMissingBean (types: org.springframework.data.jpa.repository.support.JpaRepositoryFactoryBean,org.springframework.data.jpa.repository.config.JpaRepositoryConfigExtension; SearchStrategy: all) did not find any beans (OnBeanCondition)

   JtaAutoConfiguration matched:
      - @ConditionalOnClass found required class 'javax.transaction.Transaction' (OnClassCondition)
      - @ConditionalOnProperty (spring.jta.enabled) matched (OnPropertyCondition)

   JvmMetricsAutoConfiguration matched:
      - @ConditionalOnClass found required class 'io.micrometer.core.instrument.MeterRegistry' (OnClassCondition)
      - @ConditionalOnBean (types: io.micrometer.core.instrument.MeterRegistry; SearchStrategy: all) found bean 'simpleMeterRegistry' (OnBeanCondition)

   JvmMetricsAutoConfiguration#classLoaderMetrics matched:
      - @ConditionalOnMissingBean (types: io.micrometer.core.instrument.binder.jvm.ClassLoaderMetrics; SearchStrategy: all) did not find any beans (OnBeanCondition)

   JvmMetricsAutoConfiguration#jvmGcMetrics matched:
      - @ConditionalOnMissingBean (types: io.micrometer.core.instrument.binder.jvm.JvmGcMetrics; SearchStrategy: all) did not find any beans (OnBeanCondition)

   JvmMetricsAutoConfiguration#jvmMemoryMetrics matched:
      - @ConditionalOnMissingBean (types: io.micrometer.core.instrument.binder.jvm.JvmMemoryMetrics; SearchStrategy: all) did not find any beans (OnBeanCondition)

   JvmMetricsAutoConfiguration#jvmThreadMetrics matched:
      - @ConditionalOnMissingBean (types: io.micrometer.core.instrument.binder.jvm.JvmThreadMetrics; SearchStrategy: all) did not find any beans (OnBeanCondition)

   LegacyHealthEndpointCompatibilityConfiguration#healthAggregator matched:
      - @ConditionalOnMissingBean (types: org.springframework.boot.actuate.health.HealthAggregator; SearchStrategy: all) did not find any beans (OnBeanCondition)

   LegacyHealthEndpointCompatibilityConfiguration#healthIndicatorRegistry matched:
      - @ConditionalOnMissingBean (types: org.springframework.boot.actuate.health.HealthIndicatorRegistry; SearchStrategy: all) did not find any beans (OnBeanCondition)

   LegacyHealthEndpointCompatibilityConfiguration#healthStatusHttpMapper matched:
      - @ConditionalOnMissingBean (types: org.springframework.boot.actuate.health.HealthStatusHttpMapper; SearchStrategy: all) did not find any beans (OnBeanCondition)

   LifecycleMvcEndpointAutoConfiguration#environmentManager matched:
      - @ConditionalOnMissingBean (types: org.springframework.cloud.context.environment.EnvironmentManager; SearchStrategy: all) did not find any beans (OnBeanCondition)

   LogbackMetricsAutoConfiguration matched:
      - @ConditionalOnClass found required classes 'io.micrometer.core.instrument.MeterRegistry', 'ch.qos.logback.classic.LoggerContext', 'org.slf4j.LoggerFactory' (OnClassCondition)
      - LogbackLoggingCondition ILoggerFactory is a Logback LoggerContext (LogbackMetricsAutoConfiguration.LogbackLoggingCondition)
      - @ConditionalOnBean (types: io.micrometer.core.instrument.MeterRegistry; SearchStrategy: all) found bean 'simpleMeterRegistry' (OnBeanCondition)

   LogbackMetricsAutoConfiguration#logbackMetrics matched:
      - @ConditionalOnMissingBean (types: io.micrometer.core.instrument.binder.logging.LogbackMetrics; SearchStrategy: all) did not find any beans (OnBeanCondition)

   ManagementContextAutoConfiguration.SameManagementContextConfiguration matched:
      - Management Port actual port type (SAME) matched required type (OnManagementPortCondition)

   MappingsEndpointAutoConfiguration.ServletWebConfiguration matched:
      - found 'session' scope (OnWebApplicationCondition)

   MappingsEndpointAutoConfiguration.ServletWebConfiguration.SpringMvcConfiguration matched:
      - @ConditionalOnClass found required class 'org.springframework.web.servlet.DispatcherServlet' (OnClassCondition)
      - @ConditionalOnBean (types: org.springframework.web.servlet.DispatcherServlet; SearchStrategy: all) found bean 'dispatcherServlet' (OnBeanCondition)

   MetricsAutoConfiguration matched:
      - @ConditionalOnClass found required class 'io.micrometer.core.annotation.Timed' (OnClassCondition)

   MetricsAutoConfiguration#micrometerClock matched:
      - @ConditionalOnMissingBean (types: io.micrometer.core.instrument.Clock; SearchStrategy: all) did not find any beans (OnBeanCondition)

   MetricsEndpointAutoConfiguration matched:
      - @ConditionalOnClass found required class 'io.micrometer.core.annotation.Timed' (OnClassCondition)
      - @ConditionalOnAvailableEndpoint no property management.endpoint.metrics.enabled found so using endpoint default; @ConditionalOnAvailableEndpoint marked as exposed by a 'management.endpoints.web.exposure' property (OnAvailableEndpointCondition)

   MetricsEndpointAutoConfiguration#metricsEndpoint matched:
      - @ConditionalOnBean (types: io.micrometer.core.instrument.MeterRegistry; SearchStrategy: all) found bean 'simpleMeterRegistry'; @ConditionalOnMissingBean (types: org.springframework.boot.actuate.metrics.MetricsEndpoint; SearchStrategy: all) did not find any beans (OnBeanCondition)

   MultipartAutoConfiguration matched:
      - @ConditionalOnClass found required classes 'javax.servlet.Servlet', 'org.springframework.web.multipart.support.StandardServletMultipartResolver', 'javax.servlet.MultipartConfigElement' (OnClassCondition)
      - found 'session' scope (OnWebApplicationCondition)
      - @ConditionalOnProperty (spring.servlet.multipart.enabled) matched (OnPropertyCondition)

   MultipartAutoConfiguration#multipartConfigElement matched:
      - @ConditionalOnMissingBean (types: javax.servlet.MultipartConfigElement,org.springframework.web.multipart.commons.CommonsMultipartResolver; SearchStrategy: all) did not find any beans (OnBeanCondition)

   MultipartAutoConfiguration#multipartResolver matched:
      - @ConditionalOnMissingBean (types: org.springframework.web.multipart.MultipartResolver; SearchStrategy: all) did not find any beans (OnBeanCondition)

   NamedParameterJdbcTemplateConfiguration matched:
      - @ConditionalOnSingleCandidate (types: org.springframework.jdbc.core.JdbcTemplate; SearchStrategy: all) found a primary bean from beans 'jdbcTemplate'; @ConditionalOnMissingBean (types: org.springframework.jdbc.core.namedparam.NamedParameterJdbcOperations; SearchStrategy: all) did not find any beans (OnBeanCondition)

   NoOpCacheConfiguration matched:
      - Cache org.springframework.boot.autoconfigure.cache.NoOpCacheConfiguration automatic cache type (CacheCondition)

   OAuth2ResourceServerAutoConfiguration matched:
      - found 'session' scope (OnWebApplicationCondition)

   PersistenceExceptionTranslationAutoConfiguration matched:
      - @ConditionalOnClass found required class 'org.springframework.dao.annotation.PersistenceExceptionTranslationPostProcessor' (OnClassCondition)

   PersistenceExceptionTranslationAutoConfiguration#persistenceExceptionTranslationPostProcessor matched:
      - @ConditionalOnProperty (spring.dao.exceptiontranslation.enabled) matched (OnPropertyCondition)
      - @ConditionalOnMissingBean (types: org.springframework.dao.annotation.PersistenceExceptionTranslationPostProcessor; SearchStrategy: all) did not find any beans (OnBeanCondition)

   PropertyPlaceholderAutoConfiguration#propertySourcesPlaceholderConfigurer matched:
      - @ConditionalOnMissingBean (types: org.springframework.context.support.PropertySourcesPlaceholderConfigurer; SearchStrategy: current) did not find any beans (OnBeanCondition)

   RefreshAutoConfiguration matched:
      - @ConditionalOnClass found required class 'org.springframework.cloud.context.scope.refresh.RefreshScope' (OnClassCondition)
      - @ConditionalOnProperty (spring.cloud.refresh.enabled) matched (OnPropertyCondition)

   RefreshAutoConfiguration#contextRefresher matched:
      - @ConditionalOnMissingBean (types: org.springframework.cloud.context.refresh.ContextRefresher; SearchStrategy: all) did not find any beans (OnBeanCondition)

   RefreshAutoConfiguration#loggingRebinder matched:
      - @ConditionalOnMissingBean (types: org.springframework.cloud.logging.LoggingRebinder; SearchStrategy: all) did not find any beans (OnBeanCondition)

   RefreshAutoConfiguration#refreshScope matched:
      - @ConditionalOnMissingBean (types: org.springframework.cloud.context.scope.refresh.RefreshScope; SearchStrategy: all) did not find any beans (OnBeanCondition)

   RefreshAutoConfiguration.JpaInvokerConfiguration matched:
      - @ConditionalOnClass found required class 'javax.persistence.EntityManagerFactory' (OnClassCondition)

   RefreshEndpointAutoConfiguration matched:
      - @ConditionalOnClass found required classes 'org.springframework.boot.actuate.autoconfigure.endpoint.EndpointAutoConfiguration', 'org.springframework.boot.actuate.health.Health' (OnClassCondition)

   RefreshEndpointAutoConfiguration#refreshScopeHealthIndicator matched:
      - @ConditionalOnMissingBean (types: org.springframework.cloud.health.RefreshScopeHealthIndicator; SearchStrategy: all) did not find any beans (OnBeanCondition)
      - @ConditionalOnEnabledHealthIndicator management.health.defaults.enabled is considered true (OnEnabledHealthIndicatorCondition)

   RefreshEndpointAutoConfiguration.RefreshEndpointConfiguration matched:
      - @ConditionalOnBean (types: org.springframework.cloud.bootstrap.config.PropertySourceBootstrapConfiguration; SearchStrategy: all) found bean 'org.springframework.cloud.bootstrap.config.PropertySourceBootstrapConfiguration' (OnBeanCondition)

   RepositoryRestMvcAutoConfiguration matched:
      - @ConditionalOnClass found required class 'org.springframework.data.rest.webmvc.config.RepositoryRestMvcConfiguration' (OnClassCondition)
      - found 'session' scope (OnWebApplicationCondition)
      - @ConditionalOnMissingBean (types: org.springframework.data.rest.webmvc.config.RepositoryRestMvcConfiguration; SearchStrategy: all) did not find any beans (OnBeanCondition)

   RestTemplateAutoConfiguration matched:
      - @ConditionalOnClass found required class 'org.springframework.web.client.RestTemplate' (OnClassCondition)
      - NoneNestedConditions 0 matched 1 did not; NestedCondition on RestTemplateAutoConfiguration.NotReactiveWebApplicationCondition.ReactiveWebApplication did not find reactive web application classes (RestTemplateAutoConfiguration.NotReactiveWebApplicationCondition)

   RestTemplateAutoConfiguration#restTemplateBuilder matched:
      - @ConditionalOnMissingBean (types: org.springframework.boot.web.client.RestTemplateBuilder; SearchStrategy: all) did not find any beans (OnBeanCondition)

   RestTemplateMetricsConfiguration matched:
      - @ConditionalOnClass found required class 'org.springframework.web.client.RestTemplate' (OnClassCondition)
      - @ConditionalOnBean (types: org.springframework.boot.web.client.RestTemplateBuilder; SearchStrategy: all) found bean 'restTemplateBuilder' (OnBeanCondition)

   RestTemplateMetricsConfiguration#restTemplateExchangeTagsProvider matched:
      - @ConditionalOnMissingBean (types: org.springframework.boot.actuate.metrics.web.client.RestTemplateExchangeTagsProvider; SearchStrategy: all) did not find any beans (OnBeanCondition)

   RestartEndpointWithoutIntegrationConfiguration matched:
      - @ConditionalOnMissingClass did not find unwanted class 'org.springframework.integration.monitor.IntegrationMBeanExporter' (OnClassCondition)

   RxJavaAutoConfiguration matched:
      - @ConditionalOnClass found required class 'rx.plugins.RxJavaSchedulersHook' (OnClassCondition)
      - @ConditionalOnProperty (spring.sleuth.rxjava.schedulers.hook.enabled) matched (OnPropertyCondition)
      - @ConditionalOnBean (types: brave.Tracing; SearchStrategy: all) found bean 'tracing' (OnBeanCondition)

   SamplerAutoConfiguration matched:
      - @ConditionalOnProperty (spring.sleuth.enabled) matched (OnPropertyCondition)

   SamplerAutoConfiguration.RefreshScopedSamplerConfiguration matched:
      - @ConditionalOnBean (types: org.springframework.cloud.context.scope.refresh.RefreshScope; SearchStrategy: all) found bean 'refreshScope' (OnBeanCondition)

   ServletEndpointManagementContextConfiguration matched:
      - found 'session' scope (OnWebApplicationCondition)

   ServletEndpointManagementContextConfiguration.WebMvcServletEndpointManagementContextConfiguration matched:
      - @ConditionalOnClass found required class 'org.springframework.web.servlet.DispatcherServlet' (OnClassCondition)

   ServletManagementContextAutoConfiguration matched:
      - @ConditionalOnClass found required class 'javax.servlet.Servlet' (OnClassCondition)
      - found 'session' scope (OnWebApplicationCondition)

   ServletWebServerFactoryAutoConfiguration matched:
      - @ConditionalOnClass found required class 'javax.servlet.ServletRequest' (OnClassCondition)
      - found 'session' scope (OnWebApplicationCondition)

   ServletWebServerFactoryAutoConfiguration#tomcatServletWebServerFactoryCustomizer matched:
      - @ConditionalOnClass found required class 'org.apache.catalina.startup.Tomcat' (OnClassCondition)

   ServletWebServerFactoryConfiguration.EmbeddedTomcat matched:
      - @ConditionalOnClass found required classes 'javax.servlet.Servlet', 'org.apache.catalina.startup.Tomcat', 'org.apache.coyote.UpgradeProtocol' (OnClassCondition)
      - @ConditionalOnMissingBean (types: org.springframework.boot.web.servlet.server.ServletWebServerFactory; SearchStrategy: current) did not find any beans (OnBeanCondition)

   SimpleCacheConfiguration matched:
      - Cache org.springframework.boot.autoconfigure.cache.SimpleCacheConfiguration automatic cache type (CacheCondition)

   SimpleMetricsExportAutoConfiguration matched:
      - @ConditionalOnProperty (management.metrics.export.simple.enabled=true) matched (OnPropertyCondition)
      - @ConditionalOnBean (types: io.micrometer.core.instrument.Clock; SearchStrategy: all) found bean 'micrometerClock'; @ConditionalOnMissingBean (types: io.micrometer.core.instrument.MeterRegistry; SearchStrategy: all) did not find any beans (OnBeanCondition)

   SimpleMetricsExportAutoConfiguration#simpleConfig matched:
      - @ConditionalOnMissingBean (types: io.micrometer.core.instrument.simple.SimpleConfig; SearchStrategy: all) did not find any beans (OnBeanCondition)

   SleuthAnnotationAutoConfiguration matched:
      - @ConditionalOnProperty (spring.sleuth.annotation.enabled) matched (OnPropertyCondition)
      - @ConditionalOnBean (types: brave.Tracing; SearchStrategy: all) found bean 'tracing' (OnBeanCondition)

   SleuthAnnotationAutoConfiguration#newSpanParser matched:
      - @ConditionalOnMissingBean (types: org.springframework.cloud.sleuth.annotation.NewSpanParser; SearchStrategy: all) did not find any beans (OnBeanCondition)

   SleuthAnnotationAutoConfiguration#noOpTagValueResolver matched:
      - @ConditionalOnMissingBean (types: org.springframework.cloud.sleuth.annotation.TagValueResolver; SearchStrategy: all) did not find any beans (OnBeanCondition)

   SleuthAnnotationAutoConfiguration#nonReactorSleuthMethodInvocationProcessor matched:
      - @ConditionalOnMissingClass did not find unwanted class 'reactor.core.publisher.Flux' (OnClassCondition)

   SleuthAnnotationAutoConfiguration#spelTagValueExpressionResolver matched:
      - @ConditionalOnMissingBean (types: org.springframework.cloud.sleuth.annotation.TagValueExpressionResolver; SearchStrategy: all) did not find any beans (OnBeanCondition)

   SleuthCircuitBreakerAutoConfiguration matched:
      - @ConditionalOnClass found required class 'org.springframework.cloud.client.circuitbreaker.CircuitBreaker' (OnClassCondition)
      - @ConditionalOnProperty (spring.sleuth.circuitbreaker.enabled) matched (OnPropertyCondition)
      - @ConditionalOnBean (types: brave.Tracing; SearchStrategy: all) found bean 'tracing' (OnBeanCondition)

   SleuthHystrixAutoConfiguration matched:
      - @ConditionalOnClass found required class 'com.netflix.hystrix.HystrixCommand' (OnClassCondition)
      - @ConditionalOnProperty (spring.sleuth.hystrix.strategy.enabled) matched (OnPropertyCondition)
      - @ConditionalOnBean (types: brave.Tracing; SearchStrategy: all) found bean 'tracing' (OnBeanCondition)

   SleuthLogAutoConfiguration matched:
      - @ConditionalOnProperty (spring.sleuth.enabled) matched (OnPropertyCondition)

   SleuthLogAutoConfiguration.Slf4jConfiguration matched:
      - @ConditionalOnClass found required class 'org.slf4j.MDC' (OnClassCondition)

   SleuthLogAutoConfiguration.Slf4jConfiguration#slf4jSpanDecorator matched:
      - @ConditionalOnProperty (spring.sleuth.log.slf4j.enabled) matched (OnPropertyCondition)

   SleuthTagPropagationAutoConfiguration matched:
      - @ConditionalOnProperty (spring.sleuth.enabled) matched (OnPropertyCondition)

   SleuthTagPropagationAutoConfiguration.TagPropagationConfiguration matched:
      - @ConditionalOnProperty (spring.sleuth.propagation.tag.enabled) matched (OnPropertyCondition)

   Swagger2DocumentationWebMvcConfiguration matched:
      - @ConditionalOnClass found required class 'springfox.documentation.spring.web.SpringfoxWebMvcConfiguration' (OnClassCondition)

   SwaggerConfig matched:
      - @ConditionalOnWebApplication (required) found 'session' scope (OnWebApplicationCondition)

   SystemMetricsAutoConfiguration matched:
      - @ConditionalOnClass found required class 'io.micrometer.core.instrument.MeterRegistry' (OnClassCondition)
      - @ConditionalOnBean (types: io.micrometer.core.instrument.MeterRegistry; SearchStrategy: all) found bean 'simpleMeterRegistry' (OnBeanCondition)

   SystemMetricsAutoConfiguration#fileDescriptorMetrics matched:
      - @ConditionalOnMissingBean (types: io.micrometer.core.instrument.binder.system.FileDescriptorMetrics; SearchStrategy: all) did not find any beans (OnBeanCondition)

   SystemMetricsAutoConfiguration#processorMetrics matched:
      - @ConditionalOnMissingBean (types: io.micrometer.core.instrument.binder.system.ProcessorMetrics; SearchStrategy: all) did not find any beans (OnBeanCondition)

   SystemMetricsAutoConfiguration#uptimeMetrics matched:
      - @ConditionalOnMissingBean (types: io.micrometer.core.instrument.binder.system.UptimeMetrics; SearchStrategy: all) did not find any beans (OnBeanCondition)

   TaskExecutionAutoConfiguration matched:
      - @ConditionalOnClass found required class 'org.springframework.scheduling.concurrent.ThreadPoolTaskExecutor' (OnClassCondition)

   TaskExecutionAutoConfiguration#applicationTaskExecutor matched:
      - @ConditionalOnMissingBean (types: java.util.concurrent.Executor; SearchStrategy: all) did not find any beans (OnBeanCondition)

   TaskExecutionAutoConfiguration#taskExecutorBuilder matched:
      - @ConditionalOnMissingBean (types: org.springframework.boot.task.TaskExecutorBuilder; SearchStrategy: all) did not find any beans (OnBeanCondition)

   TaskSchedulingAutoConfiguration matched:
      - @ConditionalOnClass found required class 'org.springframework.scheduling.concurrent.ThreadPoolTaskScheduler' (OnClassCondition)

   TaskSchedulingAutoConfiguration#taskSchedulerBuilder matched:
      - @ConditionalOnMissingBean (types: org.springframework.boot.task.TaskSchedulerBuilder; SearchStrategy: all) did not find any beans (OnBeanCondition)

   TomcatMetricsAutoConfiguration matched:
      - @ConditionalOnClass found required classes 'io.micrometer.core.instrument.binder.tomcat.TomcatMetrics', 'org.apache.catalina.Manager' (OnClassCondition)
      - @ConditionalOnWebApplication (required) found 'session' scope (OnWebApplicationCondition)

   TomcatMetricsAutoConfiguration#tomcatMetricsBinder matched:
      - @ConditionalOnBean (types: io.micrometer.core.instrument.MeterRegistry; SearchStrategy: all) found bean 'simpleMeterRegistry'; @ConditionalOnMissingBean (types: io.micrometer.core.instrument.binder.tomcat.TomcatMetrics,org.springframework.boot.actuate.metrics.web.tomcat.TomcatMetricsBinder; SearchStrategy: all) did not find any beans (OnBeanCondition)

   TraceAutoConfiguration matched:
      - @ConditionalOnProperty (spring.sleuth.enabled) matched (OnPropertyCondition)

   TraceAutoConfiguration#errorParser matched:
      - @ConditionalOnMissingBean (types: brave.ErrorParser; SearchStrategy: all) did not find any beans (OnBeanCondition)

   TraceAutoConfiguration#noOpSpanReporter matched:
      - @ConditionalOnMissingBean (types: zipkin2.reporter.Reporter; SearchStrategy: all) did not find any beans (OnBeanCondition)

   TraceAutoConfiguration#sleuthCurrentTraceContextBuilder matched:
      - @ConditionalOnMissingBean (types: brave.propagation.CurrentTraceContext$Builder; SearchStrategy: all) did not find any beans (OnBeanCondition)

   TraceAutoConfiguration#sleuthPropagation matched:
      - @ConditionalOnMissingBean (types: brave.propagation.Propagation$Factory; SearchStrategy: all) did not find any beans (OnBeanCondition)

   TraceAutoConfiguration#sleuthSpanNamer matched:
      - @ConditionalOnMissingBean (types: org.springframework.cloud.sleuth.SpanNamer; SearchStrategy: all) did not find any beans (OnBeanCondition)

   TraceAutoConfiguration#sleuthTraceSampler matched:
      - @ConditionalOnMissingBean (types: brave.sampler.Sampler; SearchStrategy: all) did not find any beans (OnBeanCondition)

   TraceAutoConfiguration#spanCustomizer matched:
      - @ConditionalOnMissingBean (types: brave.CurrentSpanCustomizer; SearchStrategy: all) did not find any beans (OnBeanCondition)

   TraceAutoConfiguration#tracer matched:
      - @ConditionalOnMissingBean (types: brave.Tracer; SearchStrategy: all) did not find any beans (OnBeanCondition)

   TraceAutoConfiguration#tracing matched:
      - @ConditionalOnMissingBean (types: brave.Tracing; SearchStrategy: all) did not find any beans (OnBeanCondition)

   TraceAutoConfiguration.TraceMetricsMicrometerConfiguration matched:
      - @ConditionalOnClass found required class 'io.micrometer.core.instrument.MeterRegistry' (OnClassCondition)

   TraceAutoConfiguration.TraceMetricsMicrometerConfiguration.NoReporterMetricsBeanConfiguration matched:
      - @ConditionalOnMissingBean (types: zipkin2.reporter.ReporterMetrics; SearchStrategy: all) did not find any beans (OnBeanCondition)

   TraceAutoConfiguration.TraceMetricsMicrometerConfiguration.NoReporterMetricsBeanConfiguration#sleuthMicrometerReporterMetrics matched:
      - @ConditionalOnBean (types: io.micrometer.core.instrument.MeterRegistry; SearchStrategy: all) found bean 'simpleMeterRegistry' (OnBeanCondition)

   TraceFeignClientAutoConfiguration matched:
      - @ConditionalOnClass found required classes 'feign.Client', 'org.springframework.cloud.openfeign.FeignContext' (OnClassCondition)
      - @ConditionalOnProperty (spring.sleuth.feign.enabled) matched (OnPropertyCondition)
      - @ConditionalOnBean (types: brave.http.HttpTracing; SearchStrategy: all) found bean 'httpTracing' (OnBeanCondition)

   TraceFeignClientAutoConfiguration#feignBuilder matched:
      - @ConditionalOnProperty (feign.hystrix.enabled=false) matched (OnPropertyCondition)
      - @ConditionalOnMissingBean (types: feign.Feign$Builder; SearchStrategy: all) did not find any beans (OnBeanCondition)

   TraceFeignClientAutoConfiguration.FeignBeanPostProcessorConfiguration matched:
      - @ConditionalOnProperty (spring.sleuth.feign.processor.enabled) matched (OnPropertyCondition)

   TraceHttpAutoConfiguration matched:
      - @ConditionalOnProperty (spring.sleuth.http.enabled=true) matched (OnPropertyCondition)
      - @ConditionalOnBean (types: org.springframework.cloud.sleuth.instrument.web.TraceWebAutoConfiguration; SearchStrategy: all) found bean 'org.springframework.cloud.sleuth.instrument.web.TraceWebAutoConfiguration' (OnBeanCondition)

   TraceHttpAutoConfiguration#httpTracing matched:
      - @ConditionalOnMissingBean (types: brave.http.HttpTracing; SearchStrategy: all) did not find any beans (OnBeanCondition)

   TraceHttpAutoConfiguration#sleuthHttpClientSampler matched:
      - @ConditionalOnMissingBean (names: sleuthHttpClientSampler; SearchStrategy: all) did not find any beans (OnBeanCondition)

   TraceMessagingAutoConfiguration matched:
      - @ConditionalOnProperty (spring.sleuth.messaging.enabled) matched (OnPropertyCondition)
      - @ConditionalOnBean (types: brave.Tracing; SearchStrategy: all) found bean 'tracing' (OnBeanCondition)

   TraceMessagingAutoConfiguration#messagingTracing matched:
      - @ConditionalOnMissingBean (types: brave.messaging.MessagingTracing; SearchStrategy: all) did not find any beans (OnBeanCondition)

   TraceRpcAutoConfiguration matched:
      - @ConditionalOnProperty (spring.sleuth.rpc.enabled=true) matched (OnPropertyCondition)
      - @ConditionalOnBean (types: brave.Tracing; SearchStrategy: all) found bean 'tracing' (OnBeanCondition)

   TraceRpcAutoConfiguration#rpcTracing matched:
      - @ConditionalOnMissingBean (types: brave.rpc.RpcTracing; SearchStrategy: all) did not find any beans (OnBeanCondition)

   TraceSchedulingAutoConfiguration matched:
      - @ConditionalOnProperty (spring.sleuth.scheduled.enabled) matched (OnPropertyCondition)
      - @ConditionalOnBean (types: brave.Tracing; SearchStrategy: all) found bean 'tracing' (OnBeanCondition)

   TraceSchedulingAutoConfiguration#traceSchedulingAspect matched:
      - @ConditionalOnClass found required class 'org.aspectj.lang.ProceedingJoinPoint' (OnClassCondition)

   TraceWebAsyncClientAutoConfiguration matched:
      - @ConditionalOnClass found required class 'org.springframework.web.client.AsyncRestTemplate' (OnClassCondition)
      - @ConditionalOnProperty (spring.sleuth.web.async.client.enabled) matched; @ConditionalOnProperty (spring.sleuth.web.client.enabled) matched (OnPropertyCondition)
      - @ConditionalOnBean (types: brave.http.HttpTracing; SearchStrategy: all) found bean 'httpTracing' (OnBeanCondition)

   TraceWebAutoConfiguration matched:
      - @ConditionalOnProperty (spring.sleuth.web.enabled) matched (OnPropertyCondition)
      - @ConditionalOnBean (types: brave.Tracing; SearchStrategy: all) found bean 'tracing' (OnBeanCondition)

   TraceWebAutoConfiguration#sleuthSkipPatternProvider matched:
      - @ConditionalOnMissingBean (types: org.springframework.cloud.sleuth.instrument.web.SkipPatternProvider; SearchStrategy: all) did not find any beans (OnBeanCondition)

   TraceWebAutoConfiguration.ActuatorSkipPatternProviderConfig matched:
      - @ConditionalOnClass found required classes 'org.springframework.boot.autoconfigure.web.ServerProperties', 'org.springframework.boot.actuate.endpoint.EndpointsSupplier', 'org.springframework.boot.actuate.endpoint.web.ExposableWebEndpoint' (OnClassCondition)
      - @ConditionalOnProperty (spring.sleuth.web.ignoreAutoConfiguredSkipPatterns=false) matched (OnPropertyCondition)
      - @ConditionalOnBean (types: org.springframework.boot.autoconfigure.web.ServerProperties; SearchStrategy: all) found bean 'server-org.springframework.boot.autoconfigure.web.ServerProperties' (OnBeanCondition)

   TraceWebAutoConfiguration.ActuatorSkipPatternProviderConfig#skipPatternForActuatorEndpointsSamePort matched:
      - Management Port actual port type (SAME) matched required type (OnManagementPortCondition)

   TraceWebAutoConfiguration.ManagementSkipPatternProviderConfig matched:
      - @ConditionalOnClass found required class 'org.springframework.boot.actuate.autoconfigure.web.server.ManagementServerProperties' (OnClassCondition)
      - @ConditionalOnProperty (spring.sleuth.web.ignoreAutoConfiguredSkipPatterns=false) matched (OnPropertyCondition)

   TraceWebClientAutoConfiguration matched:
      - @ConditionalOnProperty (spring.sleuth.web.client.enabled) matched (OnPropertyCondition)
      - @ConditionalOnBean (types: brave.http.HttpTracing; SearchStrategy: all) found bean 'httpTracing' (OnBeanCondition)

   TraceWebClientAutoConfiguration.HttpClientBuilderConfig matched:
      - @ConditionalOnClass found required class 'org.apache.http.impl.client.HttpClientBuilder' (OnClassCondition)

   TraceWebClientAutoConfiguration.HttpClientBuilderConfig#traceHttpClientBuilder matched:
      - @ConditionalOnMissingBean (types: org.apache.http.impl.client.HttpClientBuilder; SearchStrategy: all) did not find any beans (OnBeanCondition)

   TraceWebClientAutoConfiguration.RestTemplateConfig matched:
      - @ConditionalOnClass found required class 'org.springframework.web.client.RestTemplate' (OnClassCondition)

   TraceWebServletAutoConfiguration matched:
      - found 'session' scope (OnWebApplicationCondition)
      - @ConditionalOnProperty (spring.sleuth.web.enabled) matched (OnPropertyCondition)
      - @ConditionalOnBean (types: brave.http.HttpTracing; SearchStrategy: all) found bean 'httpTracing' (OnBeanCondition)

   TraceWebServletAutoConfiguration#exceptionThrowingFilter matched:
      - @ConditionalOnProperty (spring.sleuth.web.exception-logging-filter-enabled) matched (OnPropertyCondition)

   TraceWebServletAutoConfiguration#tracingFilter matched:
      - @ConditionalOnMissingBean (types: brave.servlet.TracingFilter; SearchStrategy: all) did not find any beans (OnBeanCondition)

   TraceWebServletAutoConfiguration.TraceWebMvcAutoConfiguration matched:
      - @ConditionalOnClass found required class 'org.springframework.web.servlet.config.annotation.WebMvcConfigurer' (OnClassCondition)

   TransactionAutoConfiguration matched:
      - @ConditionalOnClass found required class 'org.springframework.transaction.PlatformTransactionManager' (OnClassCondition)

   TransactionAutoConfiguration#platformTransactionManagerCustomizers matched:
      - @ConditionalOnMissingBean (types: org.springframework.boot.autoconfigure.transaction.TransactionManagerCustomizers; SearchStrategy: all) did not find any beans (OnBeanCondition)

   TransactionAutoConfiguration.EnableTransactionManagementConfiguration matched:
      - @ConditionalOnBean (types: org.springframework.transaction.TransactionManager; SearchStrategy: all) found bean 'transactionManager'; @ConditionalOnMissingBean (types: org.springframework.transaction.annotation.AbstractTransactionManagementConfiguration; SearchStrategy: all) did not find any beans (OnBeanCondition)

   TransactionAutoConfiguration.EnableTransactionManagementConfiguration.CglibAutoProxyConfiguration matched:
      - @ConditionalOnProperty (spring.aop.proxy-target-class=true) matched (OnPropertyCondition)

   TransactionAutoConfiguration.TransactionTemplateConfiguration matched:
      - @ConditionalOnSingleCandidate (types: org.springframework.transaction.PlatformTransactionManager; SearchStrategy: all) found a primary bean from beans 'transactionManager' (OnBeanCondition)

   TransactionAutoConfiguration.TransactionTemplateConfiguration#transactionTemplate matched:
      - @ConditionalOnMissingBean (types: org.springframework.transaction.support.TransactionOperations; SearchStrategy: all) did not find any beans (OnBeanCondition)

   UtilAutoConfiguration matched:
      - @ConditionalOnProperty (spring.cloud.util.enabled) matched (OnPropertyCondition)

   UtilAutoConfiguration#inetUtils matched:
      - @ConditionalOnMissingBean (types: org.springframework.cloud.commons.util.InetUtils; SearchStrategy: all) did not find any beans (OnBeanCondition)

   ValidationAutoConfiguration matched:
      - @ConditionalOnClass found required class 'javax.validation.executable.ExecutableValidator' (OnClassCondition)
      - @ConditionalOnResource found location classpath:META-INF/services/javax.validation.spi.ValidationProvider (OnResourceCondition)

   ValidationAutoConfiguration#defaultValidator matched:
      - @ConditionalOnMissingBean (types: javax.validation.Validator; SearchStrategy: all) did not find any beans (OnBeanCondition)

   ValidationAutoConfiguration#methodValidationPostProcessor matched:
      - @ConditionalOnMissingBean (types: org.springframework.validation.beanvalidation.MethodValidationPostProcessor; SearchStrategy: all) did not find any beans (OnBeanCondition)

   WebEndpointAutoConfiguration matched:
      - @ConditionalOnWebApplication (required) found 'session' scope (OnWebApplicationCondition)

   WebEndpointAutoConfiguration#controllerEndpointDiscoverer matched:
      - @ConditionalOnMissingBean (types: org.springframework.boot.actuate.endpoint.web.annotation.ControllerEndpointsSupplier; SearchStrategy: all) did not find any beans (OnBeanCondition)

   WebEndpointAutoConfiguration#endpointMediaTypes matched:
      - @ConditionalOnMissingBean (types: org.springframework.boot.actuate.endpoint.web.EndpointMediaTypes; SearchStrategy: all) did not find any beans (OnBeanCondition)

   WebEndpointAutoConfiguration#pathMappedEndpoints matched:
      - @ConditionalOnMissingBean (types: org.springframework.boot.actuate.endpoint.web.PathMappedEndpoints; SearchStrategy: all) did not find any beans (OnBeanCondition)

   WebEndpointAutoConfiguration#webEndpointDiscoverer matched:
      - @ConditionalOnMissingBean (types: org.springframework.boot.actuate.endpoint.web.WebEndpointsSupplier; SearchStrategy: all) did not find any beans (OnBeanCondition)

   WebEndpointAutoConfiguration.WebEndpointServletConfiguration matched:
      - found 'session' scope (OnWebApplicationCondition)

   WebEndpointAutoConfiguration.WebEndpointServletConfiguration#servletEndpointDiscoverer matched:
      - @ConditionalOnMissingBean (types: org.springframework.boot.actuate.endpoint.web.annotation.ServletEndpointsSupplier; SearchStrategy: all) did not find any beans (OnBeanCondition)

   WebMvcAutoConfiguration matched:
      - @ConditionalOnClass found required classes 'javax.servlet.Servlet', 'org.springframework.web.servlet.DispatcherServlet', 'org.springframework.web.servlet.config.annotation.WebMvcConfigurer' (OnClassCondition)
      - found 'session' scope (OnWebApplicationCondition)
      - @ConditionalOnMissingBean (types: org.springframework.web.servlet.config.annotation.WebMvcConfigurationSupport; SearchStrategy: all) did not find any beans (OnBeanCondition)

   WebMvcAutoConfiguration#formContentFilter matched:
      - @ConditionalOnProperty (spring.mvc.formcontent.filter.enabled) matched (OnPropertyCondition)
      - @ConditionalOnMissingBean (types: org.springframework.web.filter.FormContentFilter; SearchStrategy: all) did not find any beans (OnBeanCondition)

   WebMvcAutoConfiguration.WebMvcAutoConfigurationAdapter#defaultViewResolver matched:
      - @ConditionalOnMissingBean (types: org.springframework.web.servlet.view.InternalResourceViewResolver; SearchStrategy: all) did not find any beans (OnBeanCondition)

   WebMvcAutoConfiguration.WebMvcAutoConfigurationAdapter#requestContextFilter matched:
      - @ConditionalOnMissingBean (types: org.springframework.web.context.request.RequestContextListener,org.springframework.web.filter.RequestContextFilter; SearchStrategy: all) did not find any beans (OnBeanCondition)

   WebMvcAutoConfiguration.WebMvcAutoConfigurationAdapter#viewResolver matched:
      - @ConditionalOnBean (types: org.springframework.web.servlet.ViewResolver; SearchStrategy: all) found beans 'defaultViewResolver', 'beanNameViewResolver', 'mvcViewResolver'; @ConditionalOnMissingBean (names: viewResolver types: org.springframework.web.servlet.view.ContentNegotiatingViewResolver; SearchStrategy: all) did not find any beans (OnBeanCondition)

   WebMvcEndpointManagementContextConfiguration matched:
      - @ConditionalOnClass found required class 'org.springframework.web.servlet.DispatcherServlet' (OnClassCondition)
      - found 'session' scope (OnWebApplicationCondition)
      - @ConditionalOnBean (types: org.springframework.web.servlet.DispatcherServlet,org.springframework.boot.actuate.endpoint.web.WebEndpointsSupplier; SearchStrategy: all) found beans 'webEndpointDiscoverer', 'dispatcherServlet' (OnBeanCondition)

   WebMvcEndpointManagementContextConfiguration#controllerEndpointHandlerMapping matched:
      - @ConditionalOnMissingBean (types: org.springframework.boot.actuate.endpoint.web.servlet.ControllerEndpointHandlerMapping; SearchStrategy: all) did not find any beans (OnBeanCondition)

   WebMvcEndpointManagementContextConfiguration#webEndpointServletHandlerMapping matched:
      - @ConditionalOnMissingBean (types: org.springframework.boot.actuate.endpoint.web.servlet.WebMvcEndpointHandlerMapping; SearchStrategy: all) did not find any beans (OnBeanCondition)

   WebMvcMetricsAutoConfiguration matched:
      - @ConditionalOnClass found required class 'org.springframework.web.servlet.DispatcherServlet' (OnClassCondition)
      - found 'session' scope (OnWebApplicationCondition)
      - @ConditionalOnBean (types: io.micrometer.core.instrument.MeterRegistry; SearchStrategy: all) found bean 'simpleMeterRegistry' (OnBeanCondition)

   WebMvcMetricsAutoConfiguration#webMvcTagsProvider matched:
      - @ConditionalOnMissingBean (types: org.springframework.boot.actuate.metrics.web.servlet.WebMvcTagsProvider; SearchStrategy: all) did not find any beans (OnBeanCondition)

   WebSocketServletAutoConfiguration matched:
      - @ConditionalOnClass found required classes 'javax.servlet.Servlet', 'javax.websocket.server.ServerContainer' (OnClassCondition)
      - found 'session' scope (OnWebApplicationCondition)

   WebSocketServletAutoConfiguration.TomcatWebSocketConfiguration matched:
      - @ConditionalOnClass found required classes 'org.apache.catalina.startup.Tomcat', 'org.apache.tomcat.websocket.server.WsSci' (OnClassCondition)

   WebSocketServletAutoConfiguration.TomcatWebSocketConfiguration#websocketServletWebServerCustomizer matched:
      - @ConditionalOnMissingBean (names: websocketServletWebServerCustomizer; SearchStrategy: all) did not find any beans (OnBeanCondition)


Negative matches:
-----------------

   ActiveMQAutoConfiguration:
      Did not match:
         - @ConditionalOnClass did not find required class 'javax.jms.ConnectionFactory' (OnClassCondition)

   AopAutoConfiguration.AspectJAutoProxyingConfiguration.JdkDynamicAutoProxyConfiguration:
      Did not match:
         - @ConditionalOnProperty (spring.aop.proxy-target-class=false) did not find property 'proxy-target-class' (OnPropertyCondition)

   AopAutoConfiguration.ClassProxyingConfiguration:
      Did not match:
         - @ConditionalOnMissingClass found unwanted class 'org.aspectj.weaver.Advice' (OnClassCondition)

   AppOpticsMetricsExportAutoConfiguration:
      Did not match:
         - @ConditionalOnClass did not find required class 'io.micrometer.appoptics.AppOpticsMeterRegistry' (OnClassCondition)

   ArchaiusAutoConfiguration.ArchaiusEndpointConfiguration#archaiusEndpoint:
      Did not match:
         - @ConditionalOnAvailableEndpoint no property management.endpoint.archaius.enabled found so using endpoint default; @ConditionalOnAvailableEndpoint no 'management.endpoints' property marked it as exposed (OnAvailableEndpointCondition)

   ArtemisAutoConfiguration:
      Did not match:
         - @ConditionalOnClass did not find required class 'javax.jms.ConnectionFactory' (OnClassCondition)

   AsyncCustomAutoConfiguration:
      Did not match:
         - @ConditionalOnBean (types: org.springframework.scheduling.annotation.AsyncConfigurer; SearchStrategy: all) did not find any beans of type org.springframework.scheduling.annotation.AsyncConfigurer (OnBeanCondition)
      Matched:
         - @ConditionalOnProperty (spring.sleuth.async.enabled) matched (OnPropertyCondition)

   AsyncLoadBalancerAutoConfiguration:
      Did not match:
         - @ConditionalOnBean (types: org.springframework.cloud.client.loadbalancer.LoadBalancerClient; SearchStrategy: all) did not find any beans of type org.springframework.cloud.client.loadbalancer.LoadBalancerClient (OnBeanCondition)
      Matched:
         - @ConditionalOnClass found required class 'org.springframework.web.client.AsyncRestTemplate' (OnClassCondition)

   AtlasMetricsExportAutoConfiguration:
      Did not match:
         - @ConditionalOnClass did not find required class 'io.micrometer.atlas.AtlasMeterRegistry' (OnClassCondition)

   AtomikosJtaConfiguration:
      Did not match:
         - @ConditionalOnClass did not find required class 'com.atomikos.icatch.jta.UserTransactionManager' (OnClassCondition)

   AuditAutoConfiguration:
      Did not match:
         - @ConditionalOnBean (types: org.springframework.boot.actuate.audit.AuditEventRepository; SearchStrategy: all) did not find any beans of type org.springframework.boot.actuate.audit.AuditEventRepository (OnBeanCondition)
      Matched:
         - @ConditionalOnProperty (management.auditevents.enabled) matched (OnPropertyCondition)

   AuditEventsEndpointAutoConfiguration:
      Did not match:
         - @ConditionalOnAvailableEndpoint no property management.endpoint.auditevents.enabled found so using endpoint default; @ConditionalOnAvailableEndpoint no 'management.endpoints' property marked it as exposed (OnAvailableEndpointCondition)

   BatchAutoConfiguration:
      Did not match:
         - @ConditionalOnClass did not find required class 'org.springframework.batch.core.launch.JobLauncher' (OnClassCondition)

   BeansEndpointAutoConfiguration:
      Did not match:
         - @ConditionalOnAvailableEndpoint no property management.endpoint.beans.enabled found so using endpoint default; @ConditionalOnAvailableEndpoint no 'management.endpoints' property marked it as exposed (OnAvailableEndpointCondition)

   BitronixJtaConfiguration:
      Did not match:
         - @ConditionalOnClass did not find required class 'bitronix.tm.jndi.BitronixContext' (OnClassCondition)

   CacheAutoConfiguration:
      Did not match:
         - @ConditionalOnBean (types: org.springframework.cache.interceptor.CacheAspectSupport; SearchStrategy: all) did not find any beans of type org.springframework.cache.interceptor.CacheAspectSupport (OnBeanCondition)
      Matched:
         - @ConditionalOnClass found required class 'org.springframework.cache.CacheManager' (OnClassCondition)

   CacheAutoConfiguration.CacheManagerEntityManagerFactoryDependsOnPostProcessor:
      Did not match:
         - Ancestor org.springframework.boot.autoconfigure.cache.CacheAutoConfiguration did not match (ConditionEvaluationReport.AncestorsMatchedCondition)
      Matched:
         - @ConditionalOnClass found required class 'org.springframework.orm.jpa.LocalContainerEntityManagerFactoryBean' (OnClassCondition)

   CacheMeterBinderProvidersConfiguration.CaffeineCacheMeterBinderProviderConfiguration:
      Did not match:
         - @ConditionalOnClass did not find required class 'com.github.benmanes.caffeine.cache.Cache' (OnClassCondition)

   CacheMeterBinderProvidersConfiguration.EhCache2CacheMeterBinderProviderConfiguration:
      Did not match:
         - @ConditionalOnClass did not find required class 'net.sf.ehcache.Ehcache' (OnClassCondition)

   CacheMeterBinderProvidersConfiguration.HazelcastCacheMeterBinderProviderConfiguration:
      Did not match:
         - @ConditionalOnClass did not find required classes 'com.hazelcast.spring.cache.HazelcastCache', 'com.hazelcast.core.Hazelcast' (OnClassCondition)

   CacheMeterBinderProvidersConfiguration.JCacheCacheMeterBinderProviderConfiguration:
      Did not match:
         - @ConditionalOnClass did not find required class 'javax.cache.CacheManager' (OnClassCondition)

   CacheMetricsAutoConfiguration:
      Did not match:
         - @ConditionalOnBean (types: org.springframework.cache.CacheManager; SearchStrategy: all) did not find any beans of type org.springframework.cache.CacheManager (OnBeanCondition)

   CachesEndpointAutoConfiguration:
      Did not match:
         - @ConditionalOnAvailableEndpoint no property management.endpoint.caches.enabled found so using endpoint default; @ConditionalOnAvailableEndpoint no 'management.endpoints' property marked it as exposed (OnAvailableEndpointCondition)
      Matched:
         - @ConditionalOnClass found required class 'org.springframework.cache.CacheManager' (OnClassCondition)

   CaffeineCacheConfiguration:
      Did not match:
         - @ConditionalOnClass did not find required class 'com.github.benmanes.caffeine.cache.Caffeine' (OnClassCondition)

   CassandraAutoConfiguration:
      Did not match:
         - @ConditionalOnClass did not find required class 'com.datastax.driver.core.Cluster' (OnClassCondition)

   CassandraDataAutoConfiguration:
      Did not match:
         - @ConditionalOnClass did not find required class 'com.datastax.driver.core.Cluster' (OnClassCondition)

   CassandraHealthContributorAutoConfiguration:
      Did not match:
         - @ConditionalOnClass did not find required class 'com.datastax.driver.core.Cluster' (OnClassCondition)

   CassandraReactiveDataAutoConfiguration:
      Did not match:
         - @ConditionalOnClass did not find required class 'com.datastax.driver.core.Cluster' (OnClassCondition)

   CassandraReactiveHealthContributorAutoConfiguration:
      Did not match:
         - @ConditionalOnClass did not find required class 'com.datastax.driver.core.Cluster' (OnClassCondition)

   CassandraReactiveRepositoriesAutoConfiguration:
      Did not match:
         - @ConditionalOnClass did not find required class 'org.springframework.data.cassandra.ReactiveSession' (OnClassCondition)

   CassandraRepositoriesAutoConfiguration:
      Did not match:
         - @ConditionalOnClass did not find required class 'com.datastax.driver.core.Session' (OnClassCondition)

   ClientHttpConnectorAutoConfiguration:
      Did not match:
         - @ConditionalOnClass did not find required class 'org.springframework.web.reactive.function.client.WebClient' (OnClassCondition)

   CloudFoundryActuatorAutoConfiguration:
      Did not match:
         - @ConditionalOnCloudPlatform did not find CLOUD_FOUNDRY (OnCloudPlatformCondition)
      Matched:
         - @ConditionalOnClass found required class 'org.springframework.web.servlet.DispatcherServlet' (OnClassCondition)
         - found 'session' scope (OnWebApplicationCondition)
         - @ConditionalOnProperty (management.cloudfoundry.enabled) matched (OnPropertyCondition)

   CloudHypermediaAutoConfiguration:
      Did not match:
         - @ConditionalOnBean (types: org.springframework.cloud.client.hypermedia.RemoteResource; SearchStrategy: all) did not find any beans of type org.springframework.cloud.client.hypermedia.RemoteResource (OnBeanCondition)

   CloudServiceConnectorsAutoConfiguration:
      Did not match:
         - @ConditionalOnClass did not find required class 'org.springframework.cloud.config.java.CloudScanConfiguration' (OnClassCondition)

   CodecsAutoConfiguration:
      Did not match:
         - @ConditionalOnClass did not find required class 'org.springframework.web.reactive.function.client.WebClient' (OnClassCondition)

   CommonsClientAutoConfiguration.ActuatorConfiguration#featuresEndpoint:
      Did not match:
         - @ConditionalOnAvailableEndpoint no property management.endpoint.features.enabled found so using endpoint default; @ConditionalOnAvailableEndpoint no 'management.endpoints' property marked it as exposed (OnAvailableEndpointCondition)

   CompositeMeterRegistryConfiguration:
      Did not match:
         - NoneNestedConditions 1 matched 1 did not; NestedCondition on CompositeMeterRegistryConfiguration.MultipleNonPrimaryMeterRegistriesCondition.SingleInjectableMeterRegistry @ConditionalOnSingleCandidate (types: io.micrometer.core.instrument.MeterRegistry; SearchStrategy: all) found a primary bean from beans 'simpleMeterRegistry'; NestedCondition on CompositeMeterRegistryConfiguration.MultipleNonPrimaryMeterRegistriesCondition.NoMeterRegistryCondition @ConditionalOnMissingBean (types: io.micrometer.core.instrument.MeterRegistry; SearchStrategy: all) found beans of type 'io.micrometer.core.instrument.MeterRegistry' simpleMeterRegistry (CompositeMeterRegistryConfiguration.MultipleNonPrimaryMeterRegistriesCondition)

   ConditionsReportEndpointAutoConfiguration:
      Did not match:
         - @ConditionalOnAvailableEndpoint no property management.endpoint.conditions.enabled found so using endpoint default; @ConditionalOnAvailableEndpoint no 'management.endpoints' property marked it as exposed (OnAvailableEndpointCondition)

   ConfigurationPropertiesReportEndpointAutoConfiguration:
      Did not match:
         - @ConditionalOnAvailableEndpoint no property management.endpoint.configprops.enabled found so using endpoint default; @ConditionalOnAvailableEndpoint no 'management.endpoints' property marked it as exposed (OnAvailableEndpointCondition)

   CouchbaseAutoConfiguration:
      Did not match:
         - @ConditionalOnClass did not find required class 'com.couchbase.client.java.Cluster' (OnClassCondition)

   CouchbaseCacheConfiguration:
      Did not match:
         - @ConditionalOnClass did not find required classes 'com.couchbase.client.java.Bucket', 'com.couchbase.client.spring.cache.CouchbaseCacheManager' (OnClassCondition)

   CouchbaseDataAutoConfiguration:
      Did not match:
         - @ConditionalOnClass did not find required class 'com.couchbase.client.java.Bucket' (OnClassCondition)

   CouchbaseHealthContributorAutoConfiguration:
      Did not match:
         - @ConditionalOnClass did not find required class 'com.couchbase.client.java.Cluster' (OnClassCondition)

   CouchbaseReactiveDataAutoConfiguration:
      Did not match:
         - @ConditionalOnClass did not find required class 'com.couchbase.client.java.Bucket' (OnClassCondition)

   CouchbaseReactiveHealthContributorAutoConfiguration:
      Did not match:
         - @ConditionalOnClass did not find required class 'com.couchbase.client.java.Cluster' (OnClassCondition)

   CouchbaseReactiveRepositoriesAutoConfiguration:
      Did not match:
         - @ConditionalOnClass did not find required class 'com.couchbase.client.java.Bucket' (OnClassCondition)

   CouchbaseRepositoriesAutoConfiguration:
      Did not match:
         - @ConditionalOnClass did not find required class 'com.couchbase.client.java.Bucket' (OnClassCondition)

   DataSourceAutoConfiguration.EmbeddedDatabaseConfiguration:
      Did not match:
         - EmbeddedDataSource spring.datasource.url is set (DataSourceAutoConfiguration.EmbeddedDatabaseCondition)

   DataSourceConfiguration.Dbcp2:
      Did not match:
         - @ConditionalOnClass did not find required class 'org.apache.commons.dbcp2.BasicDataSource' (OnClassCondition)

   DataSourceConfiguration.Generic:
      Did not match:
         - @ConditionalOnProperty (spring.datasource.type) did not find property 'spring.datasource.type' (OnPropertyCondition)

   DataSourceConfiguration.Tomcat:
      Did not match:
         - @ConditionalOnClass did not find required class 'org.apache.tomcat.jdbc.pool.DataSource' (OnClassCondition)

   DataSourceJmxConfiguration:
      Did not match:
         - @ConditionalOnProperty (spring.jmx.enabled=true) found different value in property 'enabled' (OnPropertyCondition)

   DataSourcePoolMetadataProvidersConfiguration.CommonsDbcp2PoolDataSourceMetadataProviderConfiguration:
      Did not match:
         - @ConditionalOnClass did not find required class 'org.apache.commons.dbcp2.BasicDataSource' (OnClassCondition)

   DataSourcePoolMetadataProvidersConfiguration.TomcatDataSourcePoolMetadataProviderConfiguration:
      Did not match:
         - @ConditionalOnClass did not find required class 'org.apache.tomcat.jdbc.pool.DataSource' (OnClassCondition)

   DataSourceTransactionManagerAutoConfiguration.DataSourceTransactionManagerConfiguration#transactionManager:
      Did not match:
         - @ConditionalOnMissingBean (types: org.springframework.transaction.PlatformTransactionManager; SearchStrategy: all) found beans of type 'org.springframework.transaction.PlatformTransactionManager' transactionManager (OnBeanCondition)

   DatadogMetricsExportAutoConfiguration:
      Did not match:
         - @ConditionalOnClass did not find required class 'io.micrometer.datadog.DatadogMeterRegistry' (OnClassCondition)

   DefaultGzipDecoderConfiguration:
      Did not match:
         - @ConditionalOnProperty (feign.compression.response.enabled) did not find property 'feign.compression.response.enabled' (OnPropertyCondition)

   DispatcherServletAutoConfiguration.DispatcherServletConfiguration#multipartResolver:
      Did not match:
         - @ConditionalOnBean (types: org.springframework.web.multipart.MultipartResolver; SearchStrategy: all) did not find any beans of type org.springframework.web.multipart.MultipartResolver (OnBeanCondition)

   DynatraceMetricsExportAutoConfiguration:
      Did not match:
         - @ConditionalOnClass did not find required class 'io.micrometer.dynatrace.DynatraceMeterRegistry' (OnClassCondition)

   EhCacheCacheConfiguration:
      Did not match:
         - @ConditionalOnClass did not find required class 'net.sf.ehcache.Cache' (OnClassCondition)

   ElasticMetricsExportAutoConfiguration:
      Did not match:
         - @ConditionalOnClass did not find required class 'io.micrometer.elastic.ElasticMeterRegistry' (OnClassCondition)

   ElasticSearchClientHealthContributorAutoConfiguration:
      Did not match:
         - @ConditionalOnClass did not find required class 'org.elasticsearch.client.Client' (OnClassCondition)

   ElasticSearchJestHealthContributorAutoConfiguration:
      Did not match:
         - @ConditionalOnClass did not find required class 'io.searchbox.client.JestClient' (OnClassCondition)

   ElasticSearchRestHealthContributorAutoConfiguration:
      Did not match:
         - @ConditionalOnClass did not find required class 'org.elasticsearch.client.RestClient' (OnClassCondition)

   ElasticsearchAutoConfiguration:
      Did not match:
         - @ConditionalOnClass did not find required class 'org.elasticsearch.client.Client' (OnClassCondition)

   ElasticsearchDataAutoConfiguration:
      Did not match:
         - @ConditionalOnClass did not find required class 'org.springframework.data.elasticsearch.core.ElasticsearchTemplate' (OnClassCondition)

   ElasticsearchRepositoriesAutoConfiguration:
      Did not match:
         - @ConditionalOnClass did not find required class 'org.elasticsearch.client.Client' (OnClassCondition)

   EmbeddedLdapAutoConfiguration:
      Did not match:
         - @ConditionalOnClass did not find required class 'com.unboundid.ldap.listener.InMemoryDirectoryServer' (OnClassCondition)

   EmbeddedMongoAutoConfiguration:
      Did not match:
         - @ConditionalOnClass did not find required class 'com.mongodb.MongoClient' (OnClassCondition)

   EmbeddedWebServerFactoryCustomizerAutoConfiguration.JettyWebServerFactoryCustomizerConfiguration:
      Did not match:
         - @ConditionalOnClass did not find required classes 'org.eclipse.jetty.server.Server', 'org.eclipse.jetty.util.Loader', 'org.eclipse.jetty.webapp.WebAppContext' (OnClassCondition)

   EmbeddedWebServerFactoryCustomizerAutoConfiguration.NettyWebServerFactoryCustomizerConfiguration:
      Did not match:
         - @ConditionalOnClass did not find required class 'reactor.netty.http.server.HttpServer' (OnClassCondition)

   EmbeddedWebServerFactoryCustomizerAutoConfiguration.UndertowWebServerFactoryCustomizerConfiguration:
      Did not match:
         - @ConditionalOnClass did not find required classes 'io.undertow.Undertow', 'org.xnio.SslClientAuthMode' (OnClassCondition)

   EnvironmentEndpointAutoConfiguration:
      Did not match:
         - @ConditionalOnAvailableEndpoint no property management.endpoint.env.enabled found so using endpoint default; @ConditionalOnAvailableEndpoint no 'management.endpoints' property marked it as exposed (OnAvailableEndpointCondition)

   ErrorWebFluxAutoConfiguration:
      Did not match:
         - @ConditionalOnClass did not find required class 'org.springframework.web.reactive.config.WebFluxConfigurer' (OnClassCondition)

   FeignAcceptGzipEncodingAutoConfiguration:
      Did not match:
         - @ConditionalOnProperty (feign.compression.response.enabled) did not find property 'feign.compression.response.enabled' (OnPropertyCondition)
      Matched:
         - @ConditionalOnClass found required class 'feign.Feign' (OnClassCondition)

   FeignAutoConfiguration.DefaultFeignTargeterConfiguration:
      Did not match:
         - @ConditionalOnMissingClass found unwanted class 'feign.hystrix.HystrixFeign' (OnClassCondition)

   FeignAutoConfiguration.HttpClientFeignConfiguration:
      Did not match:
         - @ConditionalOnClass did not find required class 'feign.httpclient.ApacheHttpClient' (OnClassCondition)

   FeignAutoConfiguration.OkHttpFeignConfiguration:
      Did not match:
         - @ConditionalOnClass did not find required class 'feign.okhttp.OkHttpClient' (OnClassCondition)

   FeignContentGzipEncodingAutoConfiguration:
      Did not match:
         - @ConditionalOnProperty (feign.compression.request.enabled) did not find property 'feign.compression.request.enabled' (OnPropertyCondition)
      Matched:
         - @ConditionalOnClass found required class 'feign.Feign' (OnClassCondition)

   FeignHalAutoConfiguration#halJacksonHttpMessageConverter:
      Did not match:
         - @ConditionalOnMissingBean (types: org.springframework.hateoas.server.mvc.TypeConstrainedMappingJackson2HttpMessageConverter; SearchStrategy: all) found beans of type 'org.springframework.hateoas.server.mvc.TypeConstrainedMappingJackson2HttpMessageConverter' jacksonHttpMessageConverter, halJacksonHttpMessageConverter (OnBeanCondition)

   FeignLoadBalancerAutoConfiguration:
      Did not match:
         - @ConditionalOnBean did not find required type 'org.springframework.cloud.loadbalancer.blocking.client.BlockingLoadBalancerClient' (OnBeanCondition)

   FeignRibbonClientAutoConfiguration:
      Did not match:
         - @ConditionalOnClass did not find required class 'com.netflix.loadbalancer.ILoadBalancer' (OnClassCondition)

   FlywayAutoConfiguration:
      Did not match:
         - @ConditionalOnClass did not find required class 'org.flywaydb.core.Flyway' (OnClassCondition)

   FlywayEndpointAutoConfiguration:
      Did not match:
         - @ConditionalOnClass did not find required class 'org.flywaydb.core.Flyway' (OnClassCondition)

   FreeMarkerNonWebConfiguration:
      Did not match:
         - @ConditionalOnWebApplication found 'session' scope and did not find reactive web application classes (OnWebApplicationCondition)

   FreeMarkerReactiveWebConfiguration:
      Did not match:
         - did not find reactive web application classes (OnWebApplicationCondition)

   FreeMarkerServletWebConfiguration#freeMarkerConfigurer:
      Did not match:
         - @ConditionalOnMissingBean (types: org.springframework.web.servlet.view.freemarker.FreeMarkerConfig; SearchStrategy: all) found beans of type 'org.springframework.web.servlet.view.freemarker.FreeMarkerConfig' freeMarkerConfigurer (OnBeanCondition)

   FreeMarkerServletWebConfiguration#resourceUrlEncodingFilter:
      Did not match:
         - @ConditionalOnEnabledResourceChain did not find class org.webjars.WebJarAssetLocator (OnEnabledResourceChainCondition)

   GangliaMetricsExportAutoConfiguration:
      Did not match:
         - @ConditionalOnClass did not find required class 'io.micrometer.ganglia.GangliaMeterRegistry' (OnClassCondition)

   GraphiteMetricsExportAutoConfiguration:
      Did not match:
         - @ConditionalOnClass did not find required class 'io.micrometer.graphite.GraphiteMeterRegistry' (OnClassCondition)

   GroovyTemplateAutoConfiguration:
      Did not match:
         - @ConditionalOnClass did not find required class 'groovy.text.markup.MarkupTemplateEngine' (OnClassCondition)

   GsonAutoConfiguration:
      Did not match:
         - @ConditionalOnClass did not find required class 'com.google.gson.Gson' (OnClassCondition)

   GsonHttpMessageConvertersConfiguration:
      Did not match:
         - @ConditionalOnClass did not find required class 'com.google.gson.Gson' (OnClassCondition)

   HazelcastAutoConfiguration:
      Did not match:
         - @ConditionalOnClass did not find required class 'com.hazelcast.core.HazelcastInstance' (OnClassCondition)

   HazelcastCacheConfiguration:
      Did not match:
         - @ConditionalOnClass did not find required classes 'com.hazelcast.core.HazelcastInstance', 'com.hazelcast.spring.cache.HazelcastCacheManager' (OnClassCondition)

   HazelcastHealthContributorAutoConfiguration:
      Did not match:
         - @ConditionalOnClass did not find required class 'com.hazelcast.core.HazelcastInstance' (OnClassCondition)

   HazelcastJpaDependencyAutoConfiguration:
      Did not match:
         - @ConditionalOnClass did not find required class 'com.hazelcast.core.HazelcastInstance' (OnClassCondition)

   HealthEndpointReactiveWebExtensionConfiguration:
      Did not match:
         - did not find reactive web application classes (OnWebApplicationCondition)

   HeapDumpWebEndpointAutoConfiguration:
      Did not match:
         - @ConditionalOnAvailableEndpoint no property management.endpoint.heapdump.enabled found so using endpoint default; @ConditionalOnAvailableEndpoint no 'management.endpoints' property marked it as exposed (OnAvailableEndpointCondition)

   HttpClientConfiguration.ApacheHttpClientConfiguration#apacheHttpClientBuilder:
      Did not match:
         - @ConditionalOnMissingBean (types: org.apache.http.impl.client.HttpClientBuilder; SearchStrategy: all) found beans of type 'org.apache.http.impl.client.HttpClientBuilder' traceHttpClientBuilder (OnBeanCondition)

   HttpClientConfiguration.OkHttpClientConfiguration:
      Did not match:
         - @ConditionalOnClass did not find required class 'okhttp3.OkHttpClient' (OnClassCondition)

   HttpHandlerAutoConfiguration:
      Did not match:
         - @ConditionalOnClass did not find required class 'org.springframework.web.reactive.DispatcherHandler' (OnClassCondition)

   HttpTraceAutoConfiguration:
      Did not match:
         - @ConditionalOnBean (types: org.springframework.boot.actuate.trace.http.HttpTraceRepository; SearchStrategy: all) did not find any beans of type org.springframework.boot.actuate.trace.http.HttpTraceRepository (OnBeanCondition)
      Matched:
         - @ConditionalOnWebApplication (required) found 'session' scope (OnWebApplicationCondition)
         - @ConditionalOnProperty (management.trace.http.enabled) matched (OnPropertyCondition)

   HttpTraceAutoConfiguration.ReactiveTraceFilterConfiguration:
      Did not match:
         - did not find reactive web application classes (OnWebApplicationCondition)
         - Ancestor org.springframework.boot.actuate.autoconfigure.trace.http.HttpTraceAutoConfiguration did not match (ConditionEvaluationReport.AncestorsMatchedCondition)

   HttpTraceAutoConfiguration.ServletTraceFilterConfiguration:
      Did not match:
         - Ancestor org.springframework.boot.actuate.autoconfigure.trace.http.HttpTraceAutoConfiguration did not match (ConditionEvaluationReport.AncestorsMatchedCondition)
      Matched:
         - found 'session' scope (OnWebApplicationCondition)

   HttpTraceEndpointAutoConfiguration:
      Did not match:
         - @ConditionalOnAvailableEndpoint no property management.endpoint.httptrace.enabled found so using endpoint default; @ConditionalOnAvailableEndpoint no 'management.endpoints' property marked it as exposed (OnAvailableEndpointCondition)

   HumioMetricsExportAutoConfiguration:
      Did not match:
         - @ConditionalOnClass did not find required class 'io.micrometer.humio.HumioMeterRegistry' (OnClassCondition)

   HypermediaAutoConfiguration.HypermediaConfiguration:
      Did not match:
         - @ConditionalOnMissingBean (types: org.springframework.hateoas.client.LinkDiscoverers; SearchStrategy: all) found beans of type 'org.springframework.hateoas.client.LinkDiscoverers' linkDiscoverers (OnBeanCondition)
      Matched:
         - @ConditionalOnClass found required class 'com.fasterxml.jackson.databind.ObjectMapper' (OnClassCondition)

   HystrixAutoConfiguration.HystrixWebfluxManagementContextConfiguration:
      Did not match:
         - @ConditionalOnClass did not find required class 'org.springframework.web.reactive.DispatcherHandler' (OnClassCondition)

   HystrixSecurityAutoConfiguration:
      Did not match:
         - @ConditionalOnClass did not find required class 'org.springframework.security.core.context.SecurityContext' (OnClassCondition)

   InfinispanCacheConfiguration:
      Did not match:
         - @ConditionalOnClass did not find required class 'org.infinispan.spring.embedded.provider.SpringEmbeddedCacheManager' (OnClassCondition)

   InfluxDbAutoConfiguration:
      Did not match:
         - @ConditionalOnClass did not find required class 'org.influxdb.InfluxDB' (OnClassCondition)

   InfluxDbHealthContributorAutoConfiguration:
      Did not match:
         - @ConditionalOnClass did not find required class 'org.influxdb.InfluxDB' (OnClassCondition)

   InfluxMetricsExportAutoConfiguration:
      Did not match:
         - @ConditionalOnClass did not find required class 'io.micrometer.influx.InfluxMeterRegistry' (OnClassCondition)

   InfoContributorAutoConfiguration#buildInfoContributor:
      Did not match:
         - @ConditionalOnSingleCandidate (types: org.springframework.boot.info.BuildProperties; SearchStrategy: all) did not find any beans (OnBeanCondition)
      Matched:
         - @ConditionalOnEnabledInfoContributor management.info.defaults.enabled is considered true (OnEnabledInfoContributorCondition)

   InfoContributorAutoConfiguration#gitInfoContributor:
      Did not match:
         - @ConditionalOnSingleCandidate (types: org.springframework.boot.info.GitProperties; SearchStrategy: all) did not find any beans (OnBeanCondition)
      Matched:
         - @ConditionalOnEnabledInfoContributor management.info.defaults.enabled is considered true (OnEnabledInfoContributorCondition)

   IntegrationAutoConfiguration:
      Did not match:
         - @ConditionalOnClass did not find required class 'org.springframework.integration.config.EnableIntegration' (OnClassCondition)

   IntegrationGraphEndpointAutoConfiguration:
      Did not match:
         - @ConditionalOnClass did not find required class 'org.springframework.integration.graph.IntegrationGraphServer' (OnClassCondition)

   JCacheCacheConfiguration:
      Did not match:
         - @ConditionalOnClass did not find required class 'javax.cache.Caching' (OnClassCondition)

   JacksonAutoConfiguration.JodaDateTimeJacksonConfiguration:
      Did not match:
         - @ConditionalOnClass did not find required classes 'org.joda.time.DateTime', 'com.fasterxml.jackson.datatype.joda.ser.DateTimeSerializer', 'com.fasterxml.jackson.datatype.joda.cfg.JacksonJodaDateFormat' (OnClassCondition)

   JacksonHttpMessageConvertersConfiguration.MappingJackson2XmlHttpMessageConverterConfiguration:
      Did not match:
         - @ConditionalOnClass did not find required class 'com.fasterxml.jackson.dataformat.xml.XmlMapper' (OnClassCondition)

   JdbcRepositoriesAutoConfiguration:
      Did not match:
         - @ConditionalOnClass did not find required class 'org.springframework.data.jdbc.repository.config.AbstractJdbcConfiguration' (OnClassCondition)

   JerseyAutoConfiguration:
      Did not match:
         - @ConditionalOnClass did not find required class 'org.glassfish.jersey.server.spring.SpringComponentProvider' (OnClassCondition)

   JerseySameManagementContextConfiguration:
      Did not match:
         - @ConditionalOnClass did not find required class 'org.glassfish.jersey.server.ResourceConfig' (OnClassCondition)

   JerseyServerMetricsAutoConfiguration:
      Did not match:
         - @ConditionalOnClass did not find required class 'io.micrometer.jersey2.server.MetricsApplicationEventListener' (OnClassCondition)

   JerseyWebEndpointManagementContextConfiguration:
      Did not match:
         - @ConditionalOnClass did not find required class 'org.glassfish.jersey.server.ResourceConfig' (OnClassCondition)

   JestAutoConfiguration:
      Did not match:
         - @ConditionalOnClass did not find required class 'io.searchbox.client.JestClient' (OnClassCondition)

   JettyMetricsAutoConfiguration:
      Did not match:
         - @ConditionalOnClass did not find required class 'org.eclipse.jetty.server.Server' (OnClassCondition)

   JmsAutoConfiguration:
      Did not match:
         - @ConditionalOnClass did not find required class 'javax.jms.Message' (OnClassCondition)

   JmsHealthContributorAutoConfiguration:
      Did not match:
         - @ConditionalOnClass did not find required class 'javax.jms.ConnectionFactory' (OnClassCondition)

   JmxAutoConfiguration:
      Did not match:
         - @ConditionalOnProperty (spring.jmx.enabled=true) found different value in property 'enabled' (OnPropertyCondition)
      Matched:
         - @ConditionalOnClass found required class 'org.springframework.jmx.export.MBeanExporter' (OnClassCondition)

   JmxEndpointAutoConfiguration:
      Did not match:
         - @ConditionalOnProperty (spring.jmx.enabled=true) found different value in property 'enabled' (OnPropertyCondition)

   JmxMetricsExportAutoConfiguration:
      Did not match:
         - @ConditionalOnClass did not find required class 'io.micrometer.jmx.JmxMeterRegistry' (OnClassCondition)

   JndiConnectionFactoryAutoConfiguration:
      Did not match:
         - @ConditionalOnClass did not find required class 'org.springframework.jms.core.JmsTemplate' (OnClassCondition)

   JndiDataSourceAutoConfiguration:
      Did not match:
         - @ConditionalOnProperty (spring.datasource.jndi-name) did not find property 'jndi-name' (OnPropertyCondition)
      Matched:
         - @ConditionalOnClass found required classes 'javax.sql.DataSource', 'org.springframework.jdbc.datasource.embedded.EmbeddedDatabaseType' (OnClassCondition)

   JndiJtaConfiguration:
      Did not match:
         - @ConditionalOnJndi JNDI environment is not available (OnJndiCondition)
      Matched:
         - @ConditionalOnClass found required class 'org.springframework.transaction.jta.JtaTransactionManager' (OnClassCondition)

   JolokiaEndpointAutoConfiguration:
      Did not match:
         - @ConditionalOnClass did not find required class 'org.jolokia.http.AgentServlet' (OnClassCondition)

   JooqAutoConfiguration:
      Did not match:
         - @ConditionalOnClass did not find required class 'org.jooq.DSLContext' (OnClassCondition)

   JpaRepositoriesAutoConfiguration#entityManagerFactoryBootstrapExecutorCustomizer:
      Did not match:
         - AnyNestedCondition 0 matched 2 did not; NestedCondition on JpaRepositoriesAutoConfiguration.BootstrapExecutorCondition.LazyBootstrapMode @ConditionalOnProperty (spring.data.jpa.repositories.bootstrap-mode=lazy) did not find property 'bootstrap-mode'; NestedCondition on JpaRepositoriesAutoConfiguration.BootstrapExecutorCondition.DeferredBootstrapMode @ConditionalOnProperty (spring.data.jpa.repositories.bootstrap-mode=deferred) did not find property 'bootstrap-mode' (JpaRepositoriesAutoConfiguration.BootstrapExecutorCondition)

   JsonbAutoConfiguration:
      Did not match:
         - @ConditionalOnClass did not find required class 'javax.json.bind.Jsonb' (OnClassCondition)

   JsonbHttpMessageConvertersConfiguration:
      Did not match:
         - @ConditionalOnClass did not find required class 'javax.json.bind.Jsonb' (OnClassCondition)

   KafkaAutoConfiguration:
      Did not match:
         - @ConditionalOnClass did not find required class 'org.springframework.kafka.core.KafkaTemplate' (OnClassCondition)

   KafkaMetricsAutoConfiguration:
      Did not match:
         - @ConditionalOnClass did not find required class 'org.apache.kafka.clients.consumer.KafkaConsumer' (OnClassCondition)

   KairosMetricsExportAutoConfiguration:
      Did not match:
         - @ConditionalOnClass did not find required class 'io.micrometer.kairos.KairosMeterRegistry' (OnClassCondition)

   LdapAutoConfiguration:
      Did not match:
         - @ConditionalOnClass did not find required class 'org.springframework.ldap.core.ContextSource' (OnClassCondition)

   LdapHealthContributorAutoConfiguration:
      Did not match:
         - @ConditionalOnClass did not find required class 'org.springframework.ldap.core.LdapOperations' (OnClassCondition)

   LdapRepositoriesAutoConfiguration:
      Did not match:
         - @ConditionalOnClass did not find required class 'org.springframework.data.ldap.repository.LdapRepository' (OnClassCondition)

   LegacyHealthEndpointAdaptersConfiguration#healthAggregatorStatusAggregatorAdapter:
      Did not match:
         - @ConditionalOnBean (types: org.springframework.boot.actuate.health.HealthAggregator; SearchStrategy: all) did not find any beans of type org.springframework.boot.actuate.health.HealthAggregator (OnBeanCondition)

   LegacyHealthEndpointAdaptersConfiguration#healthStatusHttpMapperHttpCodeStatusMapperAdapter:
      Did not match:
         - @ConditionalOnBean (types: org.springframework.boot.actuate.health.HealthStatusHttpMapper; SearchStrategy: all) did not find any beans of type org.springframework.boot.actuate.health.HealthStatusHttpMapper (OnBeanCondition)

   LegacyHealthEndpointCompatibilityConfiguration.LegacyReactiveHealthEndpointCompatibilityConfiguration:
      Did not match:
         - @ConditionalOnClass did not find required class 'reactor.core.publisher.Mono' (OnClassCondition)

   LiquibaseAutoConfiguration:
      Did not match:
         - @ConditionalOnClass did not find required class 'liquibase.change.DatabaseChange' (OnClassCondition)

   LiquibaseEndpointAutoConfiguration:
      Did not match:
         - @ConditionalOnClass did not find required class 'liquibase.integration.spring.SpringLiquibase' (OnClassCondition)

   LoadBalancerAutoConfiguration:
      Did not match:
         - @ConditionalOnBean (types: org.springframework.cloud.client.loadbalancer.LoadBalancerClient; SearchStrategy: all) did not find any beans of type org.springframework.cloud.client.loadbalancer.LoadBalancerClient (OnBeanCondition)
      Matched:
         - @ConditionalOnClass found required class 'org.springframework.web.client.RestTemplate' (OnClassCondition)

   LoadBalancerAutoConfiguration.LoadBalancerInterceptorConfig:
      Did not match:
         - Ancestor org.springframework.cloud.client.loadbalancer.LoadBalancerAutoConfiguration did not match (ConditionEvaluationReport.AncestorsMatchedCondition)
      Matched:
         - @ConditionalOnMissingClass did not find unwanted class 'org.springframework.retry.support.RetryTemplate' (OnClassCondition)

   LoadBalancerAutoConfiguration.RetryAutoConfiguration:
      Did not match:
         - @ConditionalOnClass did not find required class 'org.springframework.retry.support.RetryTemplate' (OnClassCondition)
         - Ancestor org.springframework.cloud.client.loadbalancer.LoadBalancerAutoConfiguration did not match (ConditionEvaluationReport.AncestorsMatchedCondition)

   LoadBalancerAutoConfiguration.RetryInterceptorAutoConfiguration:
      Did not match:
         - @ConditionalOnClass did not find required class 'org.springframework.retry.support.RetryTemplate' (OnClassCondition)
         - Ancestor org.springframework.cloud.client.loadbalancer.LoadBalancerAutoConfiguration did not match (ConditionEvaluationReport.AncestorsMatchedCondition)

   LoadBalancerBeanPostProcessorAutoConfiguration:
      Did not match:
         - @ConditionalOnClass did not find required class 'org.springframework.web.reactive.function.client.WebClient' (OnClassCondition)

   Log4J2MetricsAutoConfiguration:
      Did not match:
         - @ConditionalOnClass did not find required class 'org.apache.logging.log4j.core.LoggerContext' (OnClassCondition)

   LogFileWebEndpointAutoConfiguration:
      Did not match:
         - @ConditionalOnAvailableEndpoint no property management.endpoint.logfile.enabled found so using endpoint default; @ConditionalOnAvailableEndpoint no 'management.endpoints' property marked it as exposed (OnAvailableEndpointCondition)

   LoggersEndpointAutoConfiguration:
      Did not match:
         - @ConditionalOnAvailableEndpoint no property management.endpoint.loggers.enabled found so using endpoint default; @ConditionalOnAvailableEndpoint no 'management.endpoints' property marked it as exposed (OnAvailableEndpointCondition)

   MailHealthContributorAutoConfiguration:
      Did not match:
         - @ConditionalOnBean (types: org.springframework.mail.javamail.JavaMailSenderImpl; SearchStrategy: all) did not find any beans of type org.springframework.mail.javamail.JavaMailSenderImpl (OnBeanCondition)
      Matched:
         - @ConditionalOnClass found required class 'org.springframework.mail.javamail.JavaMailSenderImpl' (OnClassCondition)
         - @ConditionalOnEnabledHealthIndicator management.health.defaults.enabled is considered true (OnEnabledHealthIndicatorCondition)

   MailSenderAutoConfiguration:
      Did not match:
         - @ConditionalOnClass did not find required class 'javax.mail.internet.MimeMessage' (OnClassCondition)

   MailSenderValidatorAutoConfiguration:
      Did not match:
         - @ConditionalOnProperty (spring.mail.test-connection) did not find property 'test-connection' (OnPropertyCondition)

   ManagementContextAutoConfiguration.DifferentManagementContextConfiguration:
      Did not match:
         - Management Port actual port type (SAME) did not match required type (DIFFERENT) (OnManagementPortCondition)

   ManagementWebSecurityAutoConfiguration:
      Did not match:
         - @ConditionalOnClass did not find required class 'org.springframework.security.config.annotation.web.configuration.WebSecurityConfigurerAdapter' (OnClassCondition)

   MappingsEndpointAutoConfiguration#mappingsEndpoint:
      Did not match:
         - @ConditionalOnAvailableEndpoint no property management.endpoint.mappings.enabled found so using endpoint default; @ConditionalOnAvailableEndpoint no 'management.endpoints' property marked it as exposed (OnAvailableEndpointCondition)

   MappingsEndpointAutoConfiguration.ReactiveWebConfiguration:
      Did not match:
         - @ConditionalOnClass did not find required class 'org.springframework.web.reactive.DispatcherHandler' (OnClassCondition)

   MessageSourceAutoConfiguration:
      Did not match:
         - ResourceBundle did not find bundle with basename messages (MessageSourceAutoConfiguration.ResourceBundleCondition)

   MongoAutoConfiguration:
      Did not match:
         - @ConditionalOnClass did not find required class 'com.mongodb.MongoClient' (OnClassCondition)

   MongoDataAutoConfiguration:
      Did not match:
         - @ConditionalOnClass did not find required class 'com.mongodb.client.MongoClient' (OnClassCondition)

   MongoHealthContributorAutoConfiguration:
      Did not match:
         - @ConditionalOnClass did not find required class 'org.springframework.data.mongodb.core.MongoTemplate' (OnClassCondition)

   MongoReactiveAutoConfiguration:
      Did not match:
         - @ConditionalOnClass did not find required class 'com.mongodb.reactivestreams.client.MongoClient' (OnClassCondition)

   MongoReactiveDataAutoConfiguration:
      Did not match:
         - @ConditionalOnClass did not find required class 'com.mongodb.reactivestreams.client.MongoClient' (OnClassCondition)

   MongoReactiveHealthContributorAutoConfiguration:
      Did not match:
         - @ConditionalOnClass did not find required class 'reactor.core.publisher.Flux' (OnClassCondition)

   MongoReactiveRepositoriesAutoConfiguration:
      Did not match:
         - @ConditionalOnClass did not find required class 'com.mongodb.reactivestreams.client.MongoClient' (OnClassCondition)

   MongoRepositoriesAutoConfiguration:
      Did not match:
         - @ConditionalOnClass did not find required class 'com.mongodb.MongoClient' (OnClassCondition)

   MustacheAutoConfiguration:
      Did not match:
         - @ConditionalOnClass did not find required class 'com.samskivert.mustache.Mustache' (OnClassCondition)

   Neo4jDataAutoConfiguration:
      Did not match:
         - @ConditionalOnClass did not find required class 'org.neo4j.ogm.session.SessionFactory' (OnClassCondition)

   Neo4jHealthContributorAutoConfiguration:
      Did not match:
         - @ConditionalOnClass did not find required class 'org.neo4j.ogm.session.SessionFactory' (OnClassCondition)

   Neo4jRepositoriesAutoConfiguration:
      Did not match:
         - @ConditionalOnClass did not find required class 'org.neo4j.ogm.session.Neo4jSession' (OnClassCondition)

   NewRelicMetricsExportAutoConfiguration:
      Did not match:
         - @ConditionalOnClass did not find required class 'io.micrometer.newrelic.NewRelicMeterRegistry' (OnClassCondition)

   NoOpMeterRegistryConfiguration:
      Did not match:
         - @ConditionalOnMissingBean (types: io.micrometer.core.instrument.MeterRegistry; SearchStrategy: all) found beans of type 'io.micrometer.core.instrument.MeterRegistry' simpleMeterRegistry (OnBeanCondition)

   NoopDiscoveryClientAutoConfiguration:
      Did not match:
         - @ConditionalOnMissingBean (types: org.springframework.cloud.client.discovery.DiscoveryClient; SearchStrategy: all) found beans of type 'org.springframework.cloud.client.discovery.DiscoveryClient' compositeDiscoveryClient, simpleDiscoveryClient (OnBeanCondition)

   NoopDiscoveryClientAutoConfiguration.Boot15PortFinderConfiguration:
      Did not match:
         - @ConditionalOnClass did not find required class 'org.springframework.boot.context.embedded.EmbeddedWebApplicationContext' (OnClassCondition)
         - Ancestor org.springframework.cloud.client.discovery.noop.NoopDiscoveryClientAutoConfiguration did not match (ConditionEvaluationReport.AncestorsMatchedCondition)

   OAuth2ClientAutoConfiguration:
      Did not match:
         - @ConditionalOnClass did not find required class 'org.springframework.security.config.annotation.web.configuration.EnableWebSecurity' (OnClassCondition)

   OAuth2ResourceServerAutoConfiguration.JwtConfiguration:
      Did not match:
         - @ConditionalOnClass did not find required classes 'org.springframework.security.oauth2.server.resource.authentication.JwtAuthenticationToken', 'org.springframework.security.oauth2.jwt.JwtDecoder' (OnClassCondition)

   OAuth2ResourceServerAutoConfiguration.OpaqueTokenConfiguration:
      Did not match:
         - @ConditionalOnClass did not find required classes 'org.springframework.security.oauth2.server.resource.BearerTokenAuthenticationToken', 'org.springframework.security.oauth2.server.resource.introspection.OpaqueTokenIntrospector' (OnClassCondition)

   OpentracingAutoConfiguration:
      Did not match:
         - @ConditionalOnClass did not find required class 'io.opentracing.Tracer' (OnClassCondition)

   PauseResumeEndpointsConfiguration#pauseEndpoint:
      Did not match:
         - @ConditionalOnBean (types: org.springframework.cloud.context.restart.RestartEndpoint; SearchStrategy: all) did not find any beans of type org.springframework.cloud.context.restart.RestartEndpoint (OnBeanCondition)

   PauseResumeEndpointsConfiguration#resumeEndpoint:
      Did not match:
         - @ConditionalOnBean (types: org.springframework.cloud.context.restart.RestartEndpoint; SearchStrategy: all) did not find any beans of type org.springframework.cloud.context.restart.RestartEndpoint (OnBeanCondition)

   ProjectInfoAutoConfiguration#buildProperties:
      Did not match:
         - @ConditionalOnResource did not find resource '${spring.info.build.location:classpath:META-INF/build-info.properties}' (OnResourceCondition)

   ProjectInfoAutoConfiguration#gitProperties:
      Did not match:
         - GitResource did not find git info at classpath:git.properties (ProjectInfoAutoConfiguration.GitResourceAvailableCondition)

   PrometheusMetricsExportAutoConfiguration:
      Did not match:
         - @ConditionalOnClass did not find required class 'io.micrometer.prometheus.PrometheusMeterRegistry' (OnClassCondition)

   QuartzAutoConfiguration:
      Did not match:
         - @ConditionalOnClass did not find required class 'org.quartz.Scheduler' (OnClassCondition)

   RSocketMessagingAutoConfiguration:
      Did not match:
         - @ConditionalOnClass did not find required class 'io.rsocket.RSocketFactory' (OnClassCondition)

   RSocketRequesterAutoConfiguration:
      Did not match:
         - @ConditionalOnClass did not find required class 'io.rsocket.RSocketFactory' (OnClassCondition)

   RSocketSecurityAutoConfiguration:
      Did not match:
         - @ConditionalOnClass did not find required class 'org.springframework.security.rsocket.core.SecuritySocketAcceptorInterceptor' (OnClassCondition)

   RSocketServerAutoConfiguration:
      Did not match:
         - @ConditionalOnClass did not find required class 'io.rsocket.RSocketFactory' (OnClassCondition)

   RSocketStrategiesAutoConfiguration:
      Did not match:
         - @ConditionalOnClass did not find required class 'io.netty.buffer.PooledByteBufAllocator' (OnClassCondition)

   RabbitAutoConfiguration:
      Did not match:
         - @ConditionalOnClass did not find required class 'com.rabbitmq.client.Channel' (OnClassCondition)

   RabbitHealthContributorAutoConfiguration:
      Did not match:
         - @ConditionalOnClass did not find required class 'org.springframework.amqp.rabbit.core.RabbitTemplate' (OnClassCondition)

   RabbitMetricsAutoConfiguration:
      Did not match:
         - @ConditionalOnClass did not find required class 'com.rabbitmq.client.ConnectionFactory' (OnClassCondition)

   ReactiveCloudFoundryActuatorAutoConfiguration:
      Did not match:
         - @ConditionalOnWebApplication did not find reactive web application classes (OnWebApplicationCondition)

   ReactiveCommonsClientAutoConfiguration.ReactiveDiscoveryLoadBalancerConfiguration:
      Did not match:
         - @ConditionalOnClass did not find required class 'org.springframework.web.reactive.function.client.WebClient' (OnClassCondition)

   ReactiveCompositeDiscoveryClientAutoConfiguration:
      Did not match:
         - @ConditionalOnClass did not find required class 'org.springframework.web.reactive.function.client.WebClient' (OnClassCondition)

   ReactiveElasticsearchRepositoriesAutoConfiguration:
      Did not match:
         - @ConditionalOnClass did not find required class 'org.springframework.data.elasticsearch.client.reactive.ReactiveElasticsearchClient' (OnClassCondition)

   ReactiveHealthEndpointConfiguration:
      Did not match:
         - @ConditionalOnClass did not find required class 'reactor.core.publisher.Flux' (OnClassCondition)

   ReactiveHystrixCircuitBreakerAutoConfiguration:
      Did not match:
         - @ConditionalOnClass did not find required class 'reactor.core.publisher.Flux' (OnClassCondition)

   ReactiveLoadBalancerAutoConfiguration:
      Did not match:
         - @ConditionalOnClass did not find required class 'org.springframework.web.reactive.function.client.WebClient' (OnClassCondition)

   ReactiveManagementContextAutoConfiguration:
      Did not match:
         - @ConditionalOnClass did not find required class 'reactor.core.publisher.Flux' (OnClassCondition)

   ReactiveManagementWebSecurityAutoConfiguration:
      Did not match:
         - @ConditionalOnClass did not find required class 'org.springframework.security.config.annotation.web.reactive.EnableWebFluxSecurity' (OnClassCondition)

   ReactiveOAuth2ClientAutoConfiguration:
      Did not match:
         - @ConditionalOnClass did not find required class 'reactor.core.publisher.Flux' (OnClassCondition)

   ReactiveOAuth2ResourceServerAutoConfiguration:
      Did not match:
         - @ConditionalOnClass did not find required class 'org.springframework.security.config.annotation.web.reactive.EnableWebFluxSecurity' (OnClassCondition)

   ReactiveRestClientAutoConfiguration:
      Did not match:
         - @ConditionalOnClass did not find required class 'reactor.netty.http.client.HttpClient' (OnClassCondition)

   ReactiveSecurityAutoConfiguration:
      Did not match:
         - @ConditionalOnClass did not find required class 'reactor.core.publisher.Flux' (OnClassCondition)

   ReactiveUserDetailsServiceAutoConfiguration:
      Did not match:
         - @ConditionalOnClass did not find required class 'org.springframework.security.authentication.ReactiveAuthenticationManager' (OnClassCondition)

   ReactiveWebServerFactoryAutoConfiguration:
      Did not match:
         - @ConditionalOnWebApplication did not find reactive web application classes (OnWebApplicationCondition)

   ReactorLoadBalancerClientAutoConfiguration:
      Did not match:
         - @ConditionalOnClass did not find required class 'org.springframework.web.reactive.function.client.WebClient' (OnClassCondition)

   RedisAutoConfiguration:
      Did not match:
         - @ConditionalOnClass did not find required class 'org.springframework.data.redis.core.RedisOperations' (OnClassCondition)

   RedisCacheConfiguration:
      Did not match:
         - @ConditionalOnClass did not find required class 'org.springframework.data.redis.connection.RedisConnectionFactory' (OnClassCondition)

   RedisHealthContributorAutoConfiguration:
      Did not match:
         - @ConditionalOnClass did not find required class 'org.springframework.data.redis.connection.RedisConnectionFactory' (OnClassCondition)

   RedisReactiveAutoConfiguration:
      Did not match:
         - @ConditionalOnClass did not find required class 'reactor.core.publisher.Flux' (OnClassCondition)

   RedisReactiveHealthContributorAutoConfiguration:
      Did not match:
         - @ConditionalOnClass did not find required class 'reactor.core.publisher.Flux' (OnClassCondition)

   RedisRepositoriesAutoConfiguration:
      Did not match:
         - @ConditionalOnClass did not find required class 'org.springframework.data.redis.repository.configuration.EnableRedisRepositories' (OnClassCondition)

   RefreshEndpointAutoConfiguration.RefreshEndpointConfiguration#refreshEndpoint:
      Did not match:
         - @ConditionalOnAvailableEndpoint no property management.endpoint.refresh.enabled found so using endpoint default; @ConditionalOnAvailableEndpoint no 'management.endpoints' property marked it as exposed (OnAvailableEndpointCondition)
      Matched:
         - @ConditionalOnBean (types: org.springframework.cloud.context.refresh.ContextRefresher; SearchStrategy: all) found bean 'contextRefresher'; @ConditionalOnMissingBean (types: org.springframework.cloud.endpoint.RefreshEndpoint; SearchStrategy: all) did not find any beans (OnBeanCondition)

   RestClientAutoConfiguration:
      Did not match:
         - @ConditionalOnClass did not find required class 'org.elasticsearch.client.RestClient' (OnClassCondition)

   RestartEndpointWithIntegrationConfiguration:
      Did not match:
         - @ConditionalOnClass did not find required class 'org.springframework.integration.monitor.IntegrationMBeanExporter' (OnClassCondition)

   RestartEndpointWithoutIntegrationConfiguration#restartEndpointWithoutIntegration:
      Did not match:
         - @ConditionalOnAvailableEndpoint no property management.endpoint.restart.enabled found so using endpoint default (OnAvailableEndpointCondition)

   RibbonAutoConfiguration:
      Did not match:
         - AllNestedConditions 2 matched 2 did not; NestedCondition on RibbonAutoConfiguration.RibbonClassesConditions.RibbonPresent @ConditionalOnClass did not find required class 'com.netflix.ribbon.Ribbon'; NestedCondition on RibbonAutoConfiguration.RibbonClassesConditions.AsyncRestTemplatePresent @ConditionalOnClass found required class 'org.springframework.web.client.AsyncRestTemplate'; NestedCondition on RibbonAutoConfiguration.RibbonClassesConditions.RestTemplatePresent @ConditionalOnClass found required class 'org.springframework.web.client.RestTemplate'; NestedCondition on RibbonAutoConfiguration.RibbonClassesConditions.IClientPresent @ConditionalOnClass did not find required class 'com.netflix.client.IClient' (RibbonAutoConfiguration.RibbonClassesConditions)

   Saml2RelyingPartyAutoConfiguration:
      Did not match:
         - @ConditionalOnClass did not find required class 'org.springframework.security.saml2.provider.service.registration.RelyingPartyRegistrationRepository' (OnClassCondition)

   SamplerAutoConfiguration.NonRefreshScopeSamplerConfiguration:
      Did not match:
         - @ConditionalOnMissingBean (types: org.springframework.cloud.context.scope.refresh.RefreshScope; SearchStrategy: all) found beans of type 'org.springframework.cloud.context.scope.refresh.RefreshScope' refreshScope (OnBeanCondition)

   SamplerAutoConfiguration.RefreshScopedSamplerConfiguration#defaultTraceSampler:
      Did not match:
         - @ConditionalOnMissingBean (types: brave.sampler.Sampler; SearchStrategy: all) found beans of type 'brave.sampler.Sampler' sleuthTraceSampler (OnBeanCondition)

   ScheduledTasksEndpointAutoConfiguration:
      Did not match:
         - @ConditionalOnAvailableEndpoint no property management.endpoint.scheduledtasks.enabled found so using endpoint default; @ConditionalOnAvailableEndpoint no 'management.endpoints' property marked it as exposed (OnAvailableEndpointCondition)

   SecurityAutoConfiguration:
      Did not match:
         - @ConditionalOnClass did not find required class 'org.springframework.security.authentication.DefaultAuthenticationEventPublisher' (OnClassCondition)

   SecurityFilterAutoConfiguration:
      Did not match:
         - @ConditionalOnClass did not find required class 'org.springframework.security.config.http.SessionCreationPolicy' (OnClassCondition)

   SecurityRequestMatchersManagementContextConfiguration:
      Did not match:
         - @ConditionalOnClass did not find required class 'org.springframework.security.web.util.matcher.RequestMatcher' (OnClassCondition)

   SendGridAutoConfiguration:
      Did not match:
         - @ConditionalOnClass did not find required class 'com.sendgrid.SendGrid' (OnClassCondition)

   ServiceRegistryAutoConfiguration.ServiceRegistryEndpointConfiguration:
      Did not match:
         - @ConditionalOnBean (types: org.springframework.cloud.client.serviceregistry.ServiceRegistry; SearchStrategy: all) did not find any beans of type org.springframework.cloud.client.serviceregistry.ServiceRegistry (OnBeanCondition)
      Matched:
         - @ConditionalOnClass found required class 'org.springframework.boot.actuate.endpoint.annotation.Endpoint' (OnClassCondition)

   ServletEndpointManagementContextConfiguration.JerseyServletEndpointManagementContextConfiguration:
      Did not match:
         - @ConditionalOnClass did not find required class 'org.glassfish.jersey.server.ResourceConfig' (OnClassCondition)

   ServletManagementContextAutoConfiguration.ApplicationContextFilterConfiguration:
      Did not match:
         - @ConditionalOnProperty (management.server.add-application-context-header=true) did not find property 'add-application-context-header' (OnPropertyCondition)

   ServletWebServerFactoryAutoConfiguration#forwardedHeaderFilter:
      Did not match:
         - @ConditionalOnProperty (server.forward-headers-strategy=framework) did not find property 'server.forward-headers-strategy' (OnPropertyCondition)

   ServletWebServerFactoryConfiguration.EmbeddedJetty:
      Did not match:
         - @ConditionalOnClass did not find required classes 'org.eclipse.jetty.server.Server', 'org.eclipse.jetty.util.Loader', 'org.eclipse.jetty.webapp.WebAppContext' (OnClassCondition)

   ServletWebServerFactoryConfiguration.EmbeddedUndertow:
      Did not match:
         - @ConditionalOnClass did not find required classes 'io.undertow.Undertow', 'org.xnio.SslClientAuthMode' (OnClassCondition)

   SessionAutoConfiguration:
      Did not match:
         - @ConditionalOnClass did not find required class 'org.springframework.session.Session' (OnClassCondition)

   SessionsEndpointAutoConfiguration:
      Did not match:
         - @ConditionalOnClass did not find required class 'org.springframework.session.FindByIndexNameSessionRepository' (OnClassCondition)

   ShutdownEndpointAutoConfiguration:
      Did not match:
         - @ConditionalOnAvailableEndpoint no property management.endpoint.shutdown.enabled found so using endpoint default (OnAvailableEndpointCondition)

   SignalFxMetricsExportAutoConfiguration:
      Did not match:
         - @ConditionalOnClass did not find required class 'io.micrometer.signalfx.SignalFxMeterRegistry' (OnClassCondition)

   SimpleReactiveDiscoveryClientAutoConfiguration:
      Did not match:
         - @ConditionalOnClass did not find required class 'org.springframework.web.reactive.function.client.WebClient' (OnClassCondition)

   SleuthAnnotationAutoConfiguration#reactorSleuthMethodInvocationProcessor:
      Did not match:
         - @ConditionalOnClass did not find required class 'reactor.core.publisher.Flux' (OnClassCondition)

   SleuthKafkaStreamsConfiguration:
      Did not match:
         - @ConditionalOnClass did not find required class 'org.apache.kafka.streams.KafkaStreams' (OnClassCondition)

   SolrAutoConfiguration:
      Did not match:
         - @ConditionalOnClass did not find required class 'org.apache.solr.client.solrj.impl.CloudSolrClient' (OnClassCondition)

   SolrHealthContributorAutoConfiguration:
      Did not match:
         - @ConditionalOnClass did not find required class 'org.apache.solr.client.solrj.SolrClient' (OnClassCondition)

   SolrRepositoriesAutoConfiguration:
      Did not match:
         - @ConditionalOnClass did not find required class 'org.apache.solr.client.solrj.SolrClient' (OnClassCondition)

   SpringApplicationAdminJmxAutoConfiguration:
      Did not match:
         - @ConditionalOnProperty (spring.application.admin.enabled=true) did not find property 'enabled' (OnPropertyCondition)

   SpringDataWebAutoConfiguration:
      Did not match:
         - @ConditionalOnMissingBean (types: org.springframework.data.web.PageableHandlerMethodArgumentResolver; SearchStrategy: all) found beans of type 'org.springframework.data.web.PageableHandlerMethodArgumentResolver' pageableResolver (OnBeanCondition)
      Matched:
         - @ConditionalOnClass found required classes 'org.springframework.data.web.PageableHandlerMethodArgumentResolver', 'org.springframework.web.servlet.config.annotation.WebMvcConfigurer' (OnClassCondition)
         - found 'session' scope (OnWebApplicationCondition)

   StatsdMetricsExportAutoConfiguration:
      Did not match:
         - @ConditionalOnClass did not find required class 'io.micrometer.statsd.StatsdMeterRegistry' (OnClassCondition)

   TaskSchedulingAutoConfiguration#taskScheduler:
      Did not match:
         - @ConditionalOnBean (names: org.springframework.context.annotation.internalScheduledAnnotationProcessor; SearchStrategy: all) did not find any beans named org.springframework.context.annotation.internalScheduledAnnotationProcessor (OnBeanCondition)

   ThreadDumpEndpointAutoConfiguration:
      Did not match:
         - @ConditionalOnAvailableEndpoint no property management.endpoint.threaddump.enabled found so using endpoint default; @ConditionalOnAvailableEndpoint no 'management.endpoints' property marked it as exposed (OnAvailableEndpointCondition)

   ThymeleafAutoConfiguration:
      Did not match:
         - @ConditionalOnClass did not find required class 'org.thymeleaf.spring5.SpringTemplateEngine' (OnClassCondition)

   TraceAutoConfiguration.TraceMetricsInMemoryConfiguration:
      Did not match:
         - @ConditionalOnMissingClass found unwanted class 'io.micrometer.core.instrument.MeterRegistry' (OnClassCondition)

   TraceAutoConfiguration.TraceMetricsMicrometerConfiguration.NoReporterMetricsBeanConfiguration#sleuthReporterMetrics:
      Did not match:
         - @ConditionalOnMissingBean (types: io.micrometer.core.instrument.MeterRegistry; SearchStrategy: all) found beans of type 'io.micrometer.core.instrument.MeterRegistry' simpleMeterRegistry (OnBeanCondition)

   TraceFeignClientAutoConfiguration#feignHystrixBuilder:
      Did not match:
         - @ConditionalOnProperty (feign.hystrix.enabled=true) did not find property 'feign.hystrix.enabled' (OnPropertyCondition)
      Matched:
         - @ConditionalOnClass found required classes 'com.netflix.hystrix.HystrixCommand', 'feign.hystrix.HystrixFeign' (OnClassCondition)

   TraceFeignClientAutoConfiguration.OkHttpClientFeignBeanPostProcessorConfiguration:
      Did not match:
         - @ConditionalOnClass did not find required class 'feign.okhttp.OkHttpClient' (OnClassCondition)

   TraceGrpcAutoConfiguration:
      Did not match:
         - @ConditionalOnClass did not find required class 'brave.grpc.GrpcTracing' (OnClassCondition)

   TraceHttpAutoConfiguration#sleuthHttpClientRequestParser:
      Did not match:
         - @ConditionalOnProperty (spring.sleuth.http.legacy.enabled=true) did not find property 'spring.sleuth.http.legacy.enabled' (OnPropertyCondition)

   TraceHttpAutoConfiguration#sleuthHttpServerRequestParser:
      Did not match:
         - @ConditionalOnProperty (spring.sleuth.http.legacy.enabled=true) did not find property 'spring.sleuth.http.legacy.enabled' (OnPropertyCondition)

   TraceHttpAutoConfiguration#sleuthHttpServerResponseParser:
      Did not match:
         - @ConditionalOnProperty (spring.sleuth.http.legacy.enabled=true) did not find property 'spring.sleuth.http.legacy.enabled' (OnPropertyCondition)

   TraceMessagingAutoConfiguration.SleuthJmsConfiguration:
      Did not match:
         - @ConditionalOnClass did not find required class 'org.springframework.jms.annotation.JmsListenerConfigurer' (OnClassCondition)

   TraceMessagingAutoConfiguration.SleuthKafkaConfiguration:
      Did not match:
         - @ConditionalOnClass did not find required class 'org.springframework.kafka.core.ProducerFactory' (OnClassCondition)

   TraceMessagingAutoConfiguration.SleuthRabbitConfiguration:
      Did not match:
         - @ConditionalOnClass did not find required class 'org.springframework.amqp.rabbit.core.RabbitTemplate' (OnClassCondition)

   TraceMessagingAutoConfiguration.SleuthSqsConfiguration:
      Did not match:
         - @ConditionalOnClass did not find required class 'org.springframework.cloud.aws.messaging.listener.QueueMessageHandler' (OnClassCondition)

   TraceQuartzAutoConfiguration:
      Did not match:
         - @ConditionalOnBean did not find required type 'org.quartz.Scheduler' (OnBeanCondition)

   TraceReactorAutoConfiguration:
      Did not match:
         - @ConditionalOnClass did not find required class 'reactor.core.publisher.Mono' (OnClassCondition)

   TraceRedisAutoConfiguration:
      Did not match:
         - @ConditionalOnBean did not find required type 'io.lettuce.core.resource.ClientResources' (OnBeanCondition)

   TraceSpringIntegrationAutoConfiguration:
      Did not match:
         - @ConditionalOnClass did not find required class 'org.springframework.integration.config.GlobalChannelInterceptor' (OnClassCondition)

   TraceSpringMessagingAutoConfiguration:
      Did not match:
         - @ConditionalOnClass did not find required class 'org.springframework.messaging.support.MessageHeaderAccessor' (OnClassCondition)

   TraceWebAsyncClientAutoConfiguration.AsyncRestTemplateConfig:
      Did not match:
         - @ConditionalOnBean (types: org.springframework.web.client.AsyncRestTemplate; SearchStrategy: all) did not find any beans of type org.springframework.web.client.AsyncRestTemplate (OnBeanCondition)

   TraceWebAutoConfiguration.ActuatorSkipPatternProviderConfig#skipPatternForActuatorEndpointsDifferentPort:
      Did not match:
         - Management Port actual port type (SAME) did not match required type (DIFFERENT) (OnManagementPortCondition)
      Matched:
         - @ConditionalOnProperty (management.server.servlet.context-path=/) matched (OnPropertyCondition)

   TraceWebAutoConfiguration.ManagementSkipPatternProviderConfig#skipPatternForManagementServerProperties:
      Did not match:
         - @ConditionalOnBean (types: org.springframework.boot.actuate.autoconfigure.web.server.ManagementServerProperties; SearchStrategy: all) did not find any beans of type org.springframework.boot.actuate.autoconfigure.web.server.ManagementServerProperties (OnBeanCondition)

   TraceWebClientAutoConfiguration.HttpAsyncClientBuilderConfig:
      Did not match:
         - @ConditionalOnClass did not find required class 'org.apache.http.impl.nio.client.HttpAsyncClientBuilder' (OnClassCondition)

   TraceWebClientAutoConfiguration.HttpHeadersFilterConfig:
      Did not match:
         - @ConditionalOnClass did not find required class 'org.springframework.cloud.gateway.filter.headers.HttpHeadersFilter' (OnClassCondition)

   TraceWebClientAutoConfiguration.NettyConfiguration:
      Did not match:
         - @ConditionalOnClass did not find required class 'reactor.netty.http.client.HttpClient' (OnClassCondition)

   TraceWebClientAutoConfiguration.TraceOAuthConfiguration:
      Did not match:
         - @ConditionalOnClass did not find required classes 'org.springframework.boot.autoconfigure.security.oauth2.resource.UserInfoRestTemplateCustomizer', 'org.springframework.security.oauth2.client.OAuth2RestTemplate' (OnClassCondition)

   TraceWebClientAutoConfiguration.WebClientConfig:
      Did not match:
         - @ConditionalOnClass did not find required class 'org.springframework.web.reactive.function.client.WebClient' (OnClassCondition)

   TraceWebFluxAutoConfiguration:
      Did not match:
         - @ConditionalOnWebApplication did not find reactive web application classes (OnWebApplicationCondition)

   TraceWebSocketAutoConfiguration:
      Did not match:
         - @ConditionalOnClass did not find required class 'org.springframework.web.socket.config.annotation.DelegatingWebSocketMessageBrokerConfiguration' (OnClassCondition)

   TraceZuulAutoConfiguration:
      Did not match:
         - @ConditionalOnClass did not find required class 'com.netflix.zuul.ZuulFilter' (OnClassCondition)

   TransactionAutoConfiguration#transactionalOperator:
      Did not match:
         - @ConditionalOnSingleCandidate (types: org.springframework.transaction.ReactiveTransactionManager; SearchStrategy: all) did not find any beans (OnBeanCondition)

   TransactionAutoConfiguration.EnableTransactionManagementConfiguration.JdkDynamicAutoProxyConfiguration:
      Did not match:
         - @ConditionalOnProperty (spring.aop.proxy-target-class=false) did not find property 'proxy-target-class' (OnPropertyCondition)

   UserDetailsServiceAutoConfiguration:
      Did not match:
         - @ConditionalOnClass did not find required class 'org.springframework.security.authentication.AuthenticationManager' (OnClassCondition)

   WavefrontMetricsExportAutoConfiguration:
      Did not match:
         - @ConditionalOnClass did not find required class 'io.micrometer.wavefront.WavefrontMeterRegistry' (OnClassCondition)

   WebClientAutoConfiguration:
      Did not match:
         - @ConditionalOnClass did not find required class 'org.springframework.web.reactive.function.client.WebClient' (OnClassCondition)

   WebClientMetricsConfiguration:
      Did not match:
         - @ConditionalOnClass did not find required class 'org.springframework.web.reactive.function.client.WebClient' (OnClassCondition)

   WebFluxAutoConfiguration:
      Did not match:
         - @ConditionalOnClass did not find required class 'org.springframework.web.reactive.config.WebFluxConfigurer' (OnClassCondition)

   WebFluxEndpointManagementContextConfiguration:
      Did not match:
         - @ConditionalOnClass did not find required class 'org.springframework.web.reactive.DispatcherHandler' (OnClassCondition)

   WebFluxMetricsAutoConfiguration:
      Did not match:
         - @ConditionalOnWebApplication did not find reactive web application classes (OnWebApplicationCondition)

   WebMvcAutoConfiguration#hiddenHttpMethodFilter:
      Did not match:
         - @ConditionalOnProperty (spring.mvc.hiddenmethod.filter.enabled) did not find property 'enabled' (OnPropertyCondition)

   WebMvcAutoConfiguration.ResourceChainCustomizerConfiguration:
      Did not match:
         - @ConditionalOnEnabledResourceChain did not find class org.webjars.WebJarAssetLocator (OnEnabledResourceChainCondition)

   WebMvcAutoConfiguration.WebMvcAutoConfigurationAdapter#beanNameViewResolver:
      Did not match:
         - @ConditionalOnMissingBean (types: org.springframework.web.servlet.view.BeanNameViewResolver; SearchStrategy: all) found beans of type 'org.springframework.web.servlet.view.BeanNameViewResolver' beanNameViewResolver (OnBeanCondition)

   WebMvcAutoConfiguration.WebMvcAutoConfigurationAdapter#localeResolver:
      Did not match:
         - @ConditionalOnProperty (spring.mvc.locale) did not find property 'locale' (OnPropertyCondition)

   WebServiceTemplateAutoConfiguration:
      Did not match:
         - @ConditionalOnClass did not find required class 'org.springframework.oxm.Marshaller' (OnClassCondition)

   WebServicesAutoConfiguration:
      Did not match:
         - @ConditionalOnClass did not find required class 'org.springframework.ws.transport.http.MessageDispatcherServlet' (OnClassCondition)

   WebSocketMessagingAutoConfiguration:
      Did not match:
         - @ConditionalOnClass did not find required class 'org.springframework.web.socket.config.annotation.WebSocketMessageBrokerConfigurer' (OnClassCondition)

   WebSocketReactiveAutoConfiguration:
      Did not match:
         - @ConditionalOnWebApplication did not find reactive web application classes (OnWebApplicationCondition)

   WebSocketServletAutoConfiguration.JettyWebSocketConfiguration:
      Did not match:
         - @ConditionalOnClass did not find required class 'org.eclipse.jetty.websocket.jsr356.server.deploy.WebSocketServerContainerInitializer' (OnClassCondition)

   WebSocketServletAutoConfiguration.UndertowWebSocketConfiguration:
      Did not match:
         - @ConditionalOnClass did not find required class 'io.undertow.websockets.jsr.Bootstrap' (OnClassCondition)

   WritableEnvironmentEndpointAutoConfiguration:
      Did not match:
         - @ConditionalOnProperty (management.endpoint.env.post.enabled) did not find property 'management.endpoint.env.post.enabled' (OnPropertyCondition)
      Matched:
         - @ConditionalOnClass found required classes 'org.springframework.boot.actuate.env.EnvironmentEndpoint', 'org.springframework.boot.actuate.autoconfigure.env.EnvironmentEndpointProperties' (OnClassCondition)

   XADataSourceAutoConfiguration:
      Did not match:
         - @ConditionalOnBean (types: org.springframework.boot.jdbc.XADataSourceWrapper; SearchStrategy: all) did not find any beans of type org.springframework.boot.jdbc.XADataSourceWrapper (OnBeanCondition)
      Matched:
         - @ConditionalOnClass found required classes 'javax.sql.DataSource', 'javax.transaction.TransactionManager', 'org.springframework.jdbc.datasource.embedded.EmbeddedDatabaseType' (OnClassCondition)


Exclusions:
-----------

    None


Unconditional classes:
----------------------

    org.springframework.boot.autoconfigure.context.ConfigurationPropertiesAutoConfiguration

    org.springframework.cloud.client.ReactiveCommonsClientAutoConfiguration

    org.springframework.boot.actuate.autoconfigure.info.InfoContributorAutoConfiguration

    org.springframework.cloud.client.discovery.simple.SimpleDiscoveryClientAutoConfiguration

    org.springframework.boot.autoconfigure.context.PropertyPlaceholderAutoConfiguration

    org.springframework.cloud.client.CommonsClientAutoConfiguration

    org.springframework.cloud.commons.httpclient.HttpClientConfiguration

    org.springframework.boot.actuate.autoconfigure.endpoint.EndpointAutoConfiguration

    org.springframework.boot.actuate.autoconfigure.web.server.ManagementContextAutoConfiguration

    org.springframework.cloud.client.discovery.composite.CompositeDiscoveryClientAutoConfiguration

    org.springframework.boot.actuate.autoconfigure.health.HealthContributorAutoConfiguration

    org.springframework.boot.actuate.autoconfigure.web.mappings.MappingsEndpointAutoConfiguration

    org.springframework.cloud.client.serviceregistry.ServiceRegistryAutoConfiguration

    org.springframework.cloud.autoconfigure.LifecycleMvcEndpointAutoConfiguration

    org.springframework.boot.autoconfigure.info.ProjectInfoAutoConfiguration



2020-04-16 18:10:34.510 DEBUG [aggregator-service,,,] 35262 --- [    Test worker] o.s.c.s.i.async.SleuthContextListener    : Context refreshed or closed [org.springframework.context.event.ContextRefreshedEvent[source=org.springframework.web.context.support.GenericWebApplicationContext@3a7d07d4, started on Thu Apr 16 18:10:28 IST 2020, parent: org.springframework.context.annotation.AnnotationConfigApplicationContext@7cae1ec3]]
2020-04-16 18:10:34.513  INFO [aggregator-service,,,] 35262 --- [    Test worker] c.d.c.CommentserviceApplicationTests     : Started CommentserviceApplicationTests in 6.747 seconds (JVM running for 7.59)
2020-04-16 18:10:34.545 DEBUG [aggregator-service,,,] 35262 --- [    Test worker] c.DefaultCacheAwareContextLoaderDelegate : Storing ApplicationContext [981272532] in cache under key [[WebMergedContextConfiguration@3584145f testClass = CommentserviceApplicationTests, locations = '{}', classes = '{class com.demo.commentservice.AggregatorserviceApplication}', contextInitializerClasses = '[]', activeProfiles = '{}', propertySourceLocations = '{}', propertySourceProperties = '{org.springframework.boot.test.context.SpringBootTestContextBootstrapper=true}', contextCustomizers = set[org.springframework.boot.test.autoconfigure.properties.PropertyMappingContextCustomizer@0, org.springframework.boot.test.autoconfigure.web.servlet.WebDriverContextCustomizerFactory$Customizer@556c6b7e, org.springframework.boot.test.context.filter.ExcludeFilterContextCustomizer@44294092, org.springframework.boot.test.json.DuplicateJsonObjectContextCustomizerFactory$DuplicateJsonObjectContextCustomizer@6f5d67cb, org.springframework.boot.test.mock.mockito.MockitoContextCustomizer@0, org.springframework.boot.test.web.client.TestRestTemplateContextCustomizer@10a03c5a], resourceBasePath = 'src/main/webapp', contextLoader = 'org.springframework.boot.test.context.SpringBootContextLoader', parent = [null]]]
2020-04-16 18:10:34.545 DEBUG [aggregator-service,,,] 35262 --- [    Test worker] org.springframework.test.context.cache   : Spring test ApplicationContext cache statistics: [DefaultContextCache@dcd2002 size = 1, maxSize = 32, parentContextCount = 0, hitCount = 0, missCount = 1]
2020-04-16 18:10:34.546 DEBUG [aggregator-service,,,] 35262 --- [    Test worker] o.s.t.c.w.ServletTestExecutionListener   : Setting up MockHttpServletRequest, MockHttpServletResponse, ServletWebRequest, and RequestContextHolder for test context [DefaultTestContext@9f2626a testClass = CommentserviceApplicationTests, testInstance = com.demo.commentservice.CommentserviceApplicationTests@54f1e0b0, testMethod = [null], testException = [null], mergedContextConfiguration = [WebMergedContextConfiguration@3584145f testClass = CommentserviceApplicationTests, locations = '{}', classes = '{class com.demo.commentservice.AggregatorserviceApplication}', contextInitializerClasses = '[]', activeProfiles = '{}', propertySourceLocations = '{}', propertySourceProperties = '{org.springframework.boot.test.context.SpringBootTestContextBootstrapper=true}', contextCustomizers = set[org.springframework.boot.test.autoconfigure.properties.PropertyMappingContextCustomizer@0, org.springframework.boot.test.autoconfigure.web.servlet.WebDriverContextCustomizerFactory$Customizer@556c6b7e, org.springframework.boot.test.context.filter.ExcludeFilterContextCustomizer@44294092, org.springframework.boot.test.json.DuplicateJsonObjectContextCustomizerFactory$DuplicateJsonObjectContextCustomizer@6f5d67cb, org.springframework.boot.test.mock.mockito.MockitoContextCustomizer@0, org.springframework.boot.test.web.client.TestRestTemplateContextCustomizer@10a03c5a], resourceBasePath = 'src/main/webapp', contextLoader = 'org.springframework.boot.test.context.SpringBootContextLoader', parent = [null]], attributes = map['org.springframework.test.context.web.ServletTestExecutionListener.activateListener' -> true]].
2020-04-16 18:10:34.555 DEBUG [aggregator-service,,,] 35262 --- [    Test worker] DependencyInjectionTestExecutionListener : Performing dependency injection for test context [[DefaultTestContext@9f2626a testClass = CommentserviceApplicationTests, testInstance = com.demo.commentservice.CommentserviceApplicationTests@54f1e0b0, testMethod = [null], testException = [null], mergedContextConfiguration = [WebMergedContextConfiguration@3584145f testClass = CommentserviceApplicationTests, locations = '{}', classes = '{class com.demo.commentservice.AggregatorserviceApplication}', contextInitializerClasses = '[]', activeProfiles = '{}', propertySourceLocations = '{}', propertySourceProperties = '{org.springframework.boot.test.context.SpringBootTestContextBootstrapper=true}', contextCustomizers = set[org.springframework.boot.test.autoconfigure.properties.PropertyMappingContextCustomizer@0, org.springframework.boot.test.autoconfigure.web.servlet.WebDriverContextCustomizerFactory$Customizer@556c6b7e, org.springframework.boot.test.context.filter.ExcludeFilterContextCustomizer@44294092, org.springframework.boot.test.json.DuplicateJsonObjectContextCustomizerFactory$DuplicateJsonObjectContextCustomizer@6f5d67cb, org.springframework.boot.test.mock.mockito.MockitoContextCustomizer@0, org.springframework.boot.test.web.client.TestRestTemplateContextCustomizer@10a03c5a], resourceBasePath = 'src/main/webapp', contextLoader = 'org.springframework.boot.test.context.SpringBootContextLoader', parent = [null]], attributes = map['org.springframework.test.context.web.ServletTestExecutionListener.activateListener' -> true, 'org.springframework.test.context.web.ServletTestExecutionListener.populatedRequestContextHolder' -> true, 'org.springframework.test.context.web.ServletTestExecutionListener.resetRequestContextHolder' -> true]]].
2020-04-16 18:10:34.555 DEBUG [aggregator-service,,,] 35262 --- [    Test worker] c.DefaultCacheAwareContextLoaderDelegate : Retrieved ApplicationContext [981272532] from cache with key [[WebMergedContextConfiguration@3584145f testClass = CommentserviceApplicationTests, locations = '{}', classes = '{class com.demo.commentservice.AggregatorserviceApplication}', contextInitializerClasses = '[]', activeProfiles = '{}', propertySourceLocations = '{}', propertySourceProperties = '{org.springframework.boot.test.context.SpringBootTestContextBootstrapper=true}', contextCustomizers = set[org.springframework.boot.test.autoconfigure.properties.PropertyMappingContextCustomizer@0, org.springframework.boot.test.autoconfigure.web.servlet.WebDriverContextCustomizerFactory$Customizer@556c6b7e, org.springframework.boot.test.context.filter.ExcludeFilterContextCustomizer@44294092, org.springframework.boot.test.json.DuplicateJsonObjectContextCustomizerFactory$DuplicateJsonObjectContextCustomizer@6f5d67cb, org.springframework.boot.test.mock.mockito.MockitoContextCustomizer@0, org.springframework.boot.test.web.client.TestRestTemplateContextCustomizer@10a03c5a], resourceBasePath = 'src/main/webapp', contextLoader = 'org.springframework.boot.test.context.SpringBootContextLoader', parent = [null]]]
2020-04-16 18:10:34.556 DEBUG [aggregator-service,,,] 35262 --- [    Test worker] org.springframework.test.context.cache   : Spring test ApplicationContext cache statistics: [DefaultContextCache@dcd2002 size = 1, maxSize = 32, parentContextCount = 0, hitCount = 1, missCount = 1]
2020-04-16 18:10:34.557 DEBUG [aggregator-service,,,] 35262 --- [    Test worker] c.DefaultCacheAwareContextLoaderDelegate : Retrieved ApplicationContext [981272532] from cache with key [[WebMergedContextConfiguration@3584145f testClass = CommentserviceApplicationTests, locations = '{}', classes = '{class com.demo.commentservice.AggregatorserviceApplication}', contextInitializerClasses = '[]', activeProfiles = '{}', propertySourceLocations = '{}', propertySourceProperties = '{org.springframework.boot.test.context.SpringBootTestContextBootstrapper=true}', contextCustomizers = set[org.springframework.boot.test.autoconfigure.properties.PropertyMappingContextCustomizer@0, org.springframework.boot.test.autoconfigure.web.servlet.WebDriverContextCustomizerFactory$Customizer@556c6b7e, org.springframework.boot.test.context.filter.ExcludeFilterContextCustomizer@44294092, org.springframework.boot.test.json.DuplicateJsonObjectContextCustomizerFactory$DuplicateJsonObjectContextCustomizer@6f5d67cb, org.springframework.boot.test.mock.mockito.MockitoContextCustomizer@0, org.springframework.boot.test.web.client.TestRestTemplateContextCustomizer@10a03c5a], resourceBasePath = 'src/main/webapp', contextLoader = 'org.springframework.boot.test.context.SpringBootContextLoader', parent = [null]]]
2020-04-16 18:10:34.558 DEBUG [aggregator-service,,,] 35262 --- [    Test worker] org.springframework.test.context.cache   : Spring test ApplicationContext cache statistics: [DefaultContextCache@dcd2002 size = 1, maxSize = 32, parentContextCount = 0, hitCount = 2, missCount = 1]
2020-04-16 18:10:34.561 DEBUG [aggregator-service,,,] 35262 --- [    Test worker] tractDirtiesContextTestExecutionListener : Before test method: context [DefaultTestContext@9f2626a testClass = CommentserviceApplicationTests, testInstance = com.demo.commentservice.CommentserviceApplicationTests@54f1e0b0, testMethod = contextLoads@CommentserviceApplicationTests, testException = [null], mergedContextConfiguration = [WebMergedContextConfiguration@3584145f testClass = CommentserviceApplicationTests, locations = '{}', classes = '{class com.demo.commentservice.AggregatorserviceApplication}', contextInitializerClasses = '[]', activeProfiles = '{}', propertySourceLocations = '{}', propertySourceProperties = '{org.springframework.boot.test.context.SpringBootTestContextBootstrapper=true}', contextCustomizers = set[org.springframework.boot.test.autoconfigure.properties.PropertyMappingContextCustomizer@0, org.springframework.boot.test.autoconfigure.web.servlet.WebDriverContextCustomizerFactory$Customizer@556c6b7e, org.springframework.boot.test.context.filter.ExcludeFilterContextCustomizer@44294092, org.springframework.boot.test.json.DuplicateJsonObjectContextCustomizerFactory$DuplicateJsonObjectContextCustomizer@6f5d67cb, org.springframework.boot.test.mock.mockito.MockitoContextCustomizer@0, org.springframework.boot.test.web.client.TestRestTemplateContextCustomizer@10a03c5a], resourceBasePath = 'src/main/webapp', contextLoader = 'org.springframework.boot.test.context.SpringBootContextLoader', parent = [null]], attributes = map['org.springframework.test.context.web.ServletTestExecutionListener.activateListener' -> true, 'org.springframework.test.context.web.ServletTestExecutionListener.populatedRequestContextHolder' -> true, 'org.springframework.test.context.web.ServletTestExecutionListener.resetRequestContextHolder' -> true]], class annotated with @DirtiesContext [false] with mode [null], method annotated with @DirtiesContext [false] with mode [null].
2020-04-16 18:10:34.564 DEBUG [aggregator-service,,,] 35262 --- [    Test worker] c.DefaultCacheAwareContextLoaderDelegate : Retrieved ApplicationContext [981272532] from cache with key [[WebMergedContextConfiguration@3584145f testClass = CommentserviceApplicationTests, locations = '{}', classes = '{class com.demo.commentservice.AggregatorserviceApplication}', contextInitializerClasses = '[]', activeProfiles = '{}', propertySourceLocations = '{}', propertySourceProperties = '{org.springframework.boot.test.context.SpringBootTestContextBootstrapper=true}', contextCustomizers = set[org.springframework.boot.test.autoconfigure.properties.PropertyMappingContextCustomizer@0, org.springframework.boot.test.autoconfigure.web.servlet.WebDriverContextCustomizerFactory$Customizer@556c6b7e, org.springframework.boot.test.context.filter.ExcludeFilterContextCustomizer@44294092, org.springframework.boot.test.json.DuplicateJsonObjectContextCustomizerFactory$DuplicateJsonObjectContextCustomizer@6f5d67cb, org.springframework.boot.test.mock.mockito.MockitoContextCustomizer@0, org.springframework.boot.test.web.client.TestRestTemplateContextCustomizer@10a03c5a], resourceBasePath = 'src/main/webapp', contextLoader = 'org.springframework.boot.test.context.SpringBootContextLoader', parent = [null]]]
2020-04-16 18:10:34.564 DEBUG [aggregator-service,,,] 35262 --- [    Test worker] org.springframework.test.context.cache   : Spring test ApplicationContext cache statistics: [DefaultContextCache@dcd2002 size = 1, maxSize = 32, parentContextCount = 0, hitCount = 3, missCount = 1]
2020-04-16 18:10:34.565 DEBUG [aggregator-service,,,] 35262 --- [    Test worker] c.DefaultCacheAwareContextLoaderDelegate : Retrieved ApplicationContext [981272532] from cache with key [[WebMergedContextConfiguration@3584145f testClass = CommentserviceApplicationTests, locations = '{}', classes = '{class com.demo.commentservice.AggregatorserviceApplication}', contextInitializerClasses = '[]', activeProfiles = '{}', propertySourceLocations = '{}', propertySourceProperties = '{org.springframework.boot.test.context.SpringBootTestContextBootstrapper=true}', contextCustomizers = set[org.springframework.boot.test.autoconfigure.properties.PropertyMappingContextCustomizer@0, org.springframework.boot.test.autoconfigure.web.servlet.WebDriverContextCustomizerFactory$Customizer@556c6b7e, org.springframework.boot.test.context.filter.ExcludeFilterContextCustomizer@44294092, org.springframework.boot.test.json.DuplicateJsonObjectContextCustomizerFactory$DuplicateJsonObjectContextCustomizer@6f5d67cb, org.springframework.boot.test.mock.mockito.MockitoContextCustomizer@0, org.springframework.boot.test.web.client.TestRestTemplateContextCustomizer@10a03c5a], resourceBasePath = 'src/main/webapp', contextLoader = 'org.springframework.boot.test.context.SpringBootContextLoader', parent = [null]]]
2020-04-16 18:10:34.565 DEBUG [aggregator-service,,,] 35262 --- [    Test worker] org.springframework.test.context.cache   : Spring test ApplicationContext cache statistics: [DefaultContextCache@dcd2002 size = 1, maxSize = 32, parentContextCount = 0, hitCount = 4, missCount = 1]
2020-04-16 18:10:34.602 DEBUG [aggregator-service,,,] 35262 --- [    Test worker] c.DefaultCacheAwareContextLoaderDelegate : Retrieved ApplicationContext [981272532] from cache with key [[WebMergedContextConfiguration@3584145f testClass = CommentserviceApplicationTests, locations = '{}', classes = '{class com.demo.commentservice.AggregatorserviceApplication}', contextInitializerClasses = '[]', activeProfiles = '{}', propertySourceLocations = '{}', propertySourceProperties = '{org.springframework.boot.test.context.SpringBootTestContextBootstrapper=true}', contextCustomizers = set[org.springframework.boot.test.autoconfigure.properties.PropertyMappingContextCustomizer@0, org.springframework.boot.test.autoconfigure.web.servlet.WebDriverContextCustomizerFactory$Customizer@556c6b7e, org.springframework.boot.test.context.filter.ExcludeFilterContextCustomizer@44294092, org.springframework.boot.test.json.DuplicateJsonObjectContextCustomizerFactory$DuplicateJsonObjectContextCustomizer@6f5d67cb, org.springframework.boot.test.mock.mockito.MockitoContextCustomizer@0, org.springframework.boot.test.web.client.TestRestTemplateContextCustomizer@10a03c5a], resourceBasePath = 'src/main/webapp', contextLoader = 'org.springframework.boot.test.context.SpringBootContextLoader', parent = [null]]]
2020-04-16 18:10:34.602 DEBUG [aggregator-service,,,] 35262 --- [    Test worker] org.springframework.test.context.cache   : Spring test ApplicationContext cache statistics: [DefaultContextCache@dcd2002 size = 1, maxSize = 32, parentContextCount = 0, hitCount = 5, missCount = 1]
2020-04-16 18:10:34.609 DEBUG [aggregator-service,,,] 35262 --- [    Test worker] c.DefaultCacheAwareContextLoaderDelegate : Retrieved ApplicationContext [981272532] from cache with key [[WebMergedContextConfiguration@3584145f testClass = CommentserviceApplicationTests, locations = '{}', classes = '{class com.demo.commentservice.AggregatorserviceApplication}', contextInitializerClasses = '[]', activeProfiles = '{}', propertySourceLocations = '{}', propertySourceProperties = '{org.springframework.boot.test.context.SpringBootTestContextBootstrapper=true}', contextCustomizers = set[org.springframework.boot.test.autoconfigure.properties.PropertyMappingContextCustomizer@0, org.springframework.boot.test.autoconfigure.web.servlet.WebDriverContextCustomizerFactory$Customizer@556c6b7e, org.springframework.boot.test.context.filter.ExcludeFilterContextCustomizer@44294092, org.springframework.boot.test.json.DuplicateJsonObjectContextCustomizerFactory$DuplicateJsonObjectContextCustomizer@6f5d67cb, org.springframework.boot.test.mock.mockito.MockitoContextCustomizer@0, org.springframework.boot.test.web.client.TestRestTemplateContextCustomizer@10a03c5a], resourceBasePath = 'src/main/webapp', contextLoader = 'org.springframework.boot.test.context.SpringBootContextLoader', parent = [null]]]
2020-04-16 18:10:34.609 DEBUG [aggregator-service,,,] 35262 --- [    Test worker] org.springframework.test.context.cache   : Spring test ApplicationContext cache statistics: [DefaultContextCache@dcd2002 size = 1, maxSize = 32, parentContextCount = 0, hitCount = 6, missCount = 1]
2020-04-16 18:10:34.610 DEBUG [aggregator-service,,,] 35262 --- [    Test worker] c.DefaultCacheAwareContextLoaderDelegate : Retrieved ApplicationContext [981272532] from cache with key [[WebMergedContextConfiguration@3584145f testClass = CommentserviceApplicationTests, locations = '{}', classes = '{class com.demo.commentservice.AggregatorserviceApplication}', contextInitializerClasses = '[]', activeProfiles = '{}', propertySourceLocations = '{}', propertySourceProperties = '{org.springframework.boot.test.context.SpringBootTestContextBootstrapper=true}', contextCustomizers = set[org.springframework.boot.test.autoconfigure.properties.PropertyMappingContextCustomizer@0, org.springframework.boot.test.autoconfigure.web.servlet.WebDriverContextCustomizerFactory$Customizer@556c6b7e, org.springframework.boot.test.context.filter.ExcludeFilterContextCustomizer@44294092, org.springframework.boot.test.json.DuplicateJsonObjectContextCustomizerFactory$DuplicateJsonObjectContextCustomizer@6f5d67cb, org.springframework.boot.test.mock.mockito.MockitoContextCustomizer@0, org.springframework.boot.test.web.client.TestRestTemplateContextCustomizer@10a03c5a], resourceBasePath = 'src/main/webapp', contextLoader = 'org.springframework.boot.test.context.SpringBootContextLoader', parent = [null]]]
2020-04-16 18:10:34.610 DEBUG [aggregator-service,,,] 35262 --- [    Test worker] org.springframework.test.context.cache   : Spring test ApplicationContext cache statistics: [DefaultContextCache@dcd2002 size = 1, maxSize = 32, parentContextCount = 0, hitCount = 7, missCount = 1]
2020-04-16 18:10:34.611 DEBUG [aggregator-service,,,] 35262 --- [    Test worker] c.DefaultCacheAwareContextLoaderDelegate : Retrieved ApplicationContext [981272532] from cache with key [[WebMergedContextConfiguration@3584145f testClass = CommentserviceApplicationTests, locations = '{}', classes = '{class com.demo.commentservice.AggregatorserviceApplication}', contextInitializerClasses = '[]', activeProfiles = '{}', propertySourceLocations = '{}', propertySourceProperties = '{org.springframework.boot.test.context.SpringBootTestContextBootstrapper=true}', contextCustomizers = set[org.springframework.boot.test.autoconfigure.properties.PropertyMappingContextCustomizer@0, org.springframework.boot.test.autoconfigure.web.servlet.WebDriverContextCustomizerFactory$Customizer@556c6b7e, org.springframework.boot.test.context.filter.ExcludeFilterContextCustomizer@44294092, org.springframework.boot.test.json.DuplicateJsonObjectContextCustomizerFactory$DuplicateJsonObjectContextCustomizer@6f5d67cb, org.springframework.boot.test.mock.mockito.MockitoContextCustomizer@0, org.springframework.boot.test.web.client.TestRestTemplateContextCustomizer@10a03c5a], resourceBasePath = 'src/main/webapp', contextLoader = 'org.springframework.boot.test.context.SpringBootContextLoader', parent = [null]]]
2020-04-16 18:10:34.611 DEBUG [aggregator-service,,,] 35262 --- [    Test worker] org.springframework.test.context.cache   : Spring test ApplicationContext cache statistics: [DefaultContextCache@dcd2002 size = 1, maxSize = 32, parentContextCount = 0, hitCount = 8, missCount = 1]
2020-04-16 18:10:34.611 DEBUG [aggregator-service,,,] 35262 --- [    Test worker] c.DefaultCacheAwareContextLoaderDelegate : Retrieved ApplicationContext [981272532] from cache with key [[WebMergedContextConfiguration@3584145f testClass = CommentserviceApplicationTests, locations = '{}', classes = '{class com.demo.commentservice.AggregatorserviceApplication}', contextInitializerClasses = '[]', activeProfiles = '{}', propertySourceLocations = '{}', propertySourceProperties = '{org.springframework.boot.test.context.SpringBootTestContextBootstrapper=true}', contextCustomizers = set[org.springframework.boot.test.autoconfigure.properties.PropertyMappingContextCustomizer@0, org.springframework.boot.test.autoconfigure.web.servlet.WebDriverContextCustomizerFactory$Customizer@556c6b7e, org.springframework.boot.test.context.filter.ExcludeFilterContextCustomizer@44294092, org.springframework.boot.test.json.DuplicateJsonObjectContextCustomizerFactory$DuplicateJsonObjectContextCustomizer@6f5d67cb, org.springframework.boot.test.mock.mockito.MockitoContextCustomizer@0, org.springframework.boot.test.web.client.TestRestTemplateContextCustomizer@10a03c5a], resourceBasePath = 'src/main/webapp', contextLoader = 'org.springframework.boot.test.context.SpringBootContextLoader', parent = [null]]]
2020-04-16 18:10:34.611 DEBUG [aggregator-service,,,] 35262 --- [    Test worker] org.springframework.test.context.cache   : Spring test ApplicationContext cache statistics: [DefaultContextCache@dcd2002 size = 1, maxSize = 32, parentContextCount = 0, hitCount = 9, missCount = 1]
2020-04-16 18:10:34.612 DEBUG [aggregator-service,,,] 35262 --- [    Test worker] c.DefaultCacheAwareContextLoaderDelegate : Retrieved ApplicationContext [981272532] from cache with key [[WebMergedContextConfiguration@3584145f testClass = CommentserviceApplicationTests, locations = '{}', classes = '{class com.demo.commentservice.AggregatorserviceApplication}', contextInitializerClasses = '[]', activeProfiles = '{}', propertySourceLocations = '{}', propertySourceProperties = '{org.springframework.boot.test.context.SpringBootTestContextBootstrapper=true}', contextCustomizers = set[org.springframework.boot.test.autoconfigure.properties.PropertyMappingContextCustomizer@0, org.springframework.boot.test.autoconfigure.web.servlet.WebDriverContextCustomizerFactory$Customizer@556c6b7e, org.springframework.boot.test.context.filter.ExcludeFilterContextCustomizer@44294092, org.springframework.boot.test.json.DuplicateJsonObjectContextCustomizerFactory$DuplicateJsonObjectContextCustomizer@6f5d67cb, org.springframework.boot.test.mock.mockito.MockitoContextCustomizer@0, org.springframework.boot.test.web.client.TestRestTemplateContextCustomizer@10a03c5a], resourceBasePath = 'src/main/webapp', contextLoader = 'org.springframework.boot.test.context.SpringBootContextLoader', parent = [null]]]
2020-04-16 18:10:34.612 DEBUG [aggregator-service,,,] 35262 --- [    Test worker] org.springframework.test.context.cache   : Spring test ApplicationContext cache statistics: [DefaultContextCache@dcd2002 size = 1, maxSize = 32, parentContextCount = 0, hitCount = 10, missCount = 1]
2020-04-16 18:10:34.614 DEBUG [aggregator-service,,,] 35262 --- [    Test worker] c.DefaultCacheAwareContextLoaderDelegate : Retrieved ApplicationContext [981272532] from cache with key [[WebMergedContextConfiguration@3584145f testClass = CommentserviceApplicationTests, locations = '{}', classes = '{class com.demo.commentservice.AggregatorserviceApplication}', contextInitializerClasses = '[]', activeProfiles = '{}', propertySourceLocations = '{}', propertySourceProperties = '{org.springframework.boot.test.context.SpringBootTestContextBootstrapper=true}', contextCustomizers = set[org.springframework.boot.test.autoconfigure.properties.PropertyMappingContextCustomizer@0, org.springframework.boot.test.autoconfigure.web.servlet.WebDriverContextCustomizerFactory$Customizer@556c6b7e, org.springframework.boot.test.context.filter.ExcludeFilterContextCustomizer@44294092, org.springframework.boot.test.json.DuplicateJsonObjectContextCustomizerFactory$DuplicateJsonObjectContextCustomizer@6f5d67cb, org.springframework.boot.test.mock.mockito.MockitoContextCustomizer@0, org.springframework.boot.test.web.client.TestRestTemplateContextCustomizer@10a03c5a], resourceBasePath = 'src/main/webapp', contextLoader = 'org.springframework.boot.test.context.SpringBootContextLoader', parent = [null]]]
2020-04-16 18:10:34.614 DEBUG [aggregator-service,,,] 35262 --- [    Test worker] org.springframework.test.context.cache   : Spring test ApplicationContext cache statistics: [DefaultContextCache@dcd2002 size = 1, maxSize = 32, parentContextCount = 0, hitCount = 11, missCount = 1]
2020-04-16 18:10:34.615 DEBUG [aggregator-service,,,] 35262 --- [    Test worker] tractDirtiesContextTestExecutionListener : After test method: context [DefaultTestContext@9f2626a testClass = CommentserviceApplicationTests, testInstance = com.demo.commentservice.CommentserviceApplicationTests@54f1e0b0, testMethod = contextLoads@CommentserviceApplicationTests, testException = [null], mergedContextConfiguration = [WebMergedContextConfiguration@3584145f testClass = CommentserviceApplicationTests, locations = '{}', classes = '{class com.demo.commentservice.AggregatorserviceApplication}', contextInitializerClasses = '[]', activeProfiles = '{}', propertySourceLocations = '{}', propertySourceProperties = '{org.springframework.boot.test.context.SpringBootTestContextBootstrapper=true}', contextCustomizers = set[org.springframework.boot.test.autoconfigure.properties.PropertyMappingContextCustomizer@0, org.springframework.boot.test.autoconfigure.web.servlet.WebDriverContextCustomizerFactory$Customizer@556c6b7e, org.springframework.boot.test.context.filter.ExcludeFilterContextCustomizer@44294092, org.springframework.boot.test.json.DuplicateJsonObjectContextCustomizerFactory$DuplicateJsonObjectContextCustomizer@6f5d67cb, org.springframework.boot.test.mock.mockito.MockitoContextCustomizer@0, org.springframework.boot.test.web.client.TestRestTemplateContextCustomizer@10a03c5a], resourceBasePath = 'src/main/webapp', contextLoader = 'org.springframework.boot.test.context.SpringBootContextLoader', parent = [null]], attributes = map['org.springframework.test.context.web.ServletTestExecutionListener.activateListener' -> true, 'org.springframework.test.context.web.ServletTestExecutionListener.populatedRequestContextHolder' -> true, 'org.springframework.test.context.web.ServletTestExecutionListener.resetRequestContextHolder' -> true]], class annotated with @DirtiesContext [false] with mode [null], method annotated with @DirtiesContext [false] with mode [null].
2020-04-16 18:10:34.615 DEBUG [aggregator-service,,,] 35262 --- [    Test worker] o.s.t.c.w.ServletTestExecutionListener   : Resetting RequestContextHolder for test context [DefaultTestContext@9f2626a testClass = CommentserviceApplicationTests, testInstance = com.demo.commentservice.CommentserviceApplicationTests@54f1e0b0, testMethod = contextLoads@CommentserviceApplicationTests, testException = [null], mergedContextConfiguration = [WebMergedContextConfiguration@3584145f testClass = CommentserviceApplicationTests, locations = '{}', classes = '{class com.demo.commentservice.AggregatorserviceApplication}', contextInitializerClasses = '[]', activeProfiles = '{}', propertySourceLocations = '{}', propertySourceProperties = '{org.springframework.boot.test.context.SpringBootTestContextBootstrapper=true}', contextCustomizers = set[org.springframework.boot.test.autoconfigure.properties.PropertyMappingContextCustomizer@0, org.springframework.boot.test.autoconfigure.web.servlet.WebDriverContextCustomizerFactory$Customizer@556c6b7e, org.springframework.boot.test.context.filter.ExcludeFilterContextCustomizer@44294092, org.springframework.boot.test.json.DuplicateJsonObjectContextCustomizerFactory$DuplicateJsonObjectContextCustomizer@6f5d67cb, org.springframework.boot.test.mock.mockito.MockitoContextCustomizer@0, org.springframework.boot.test.web.client.TestRestTemplateContextCustomizer@10a03c5a], resourceBasePath = 'src/main/webapp', contextLoader = 'org.springframework.boot.test.context.SpringBootContextLoader', parent = [null]], attributes = map['org.springframework.test.context.web.ServletTestExecutionListener.activateListener' -> true, 'org.springframework.test.context.web.ServletTestExecutionListener.populatedRequestContextHolder' -> true, 'org.springframework.test.context.web.ServletTestExecutionListener.resetRequestContextHolder' -> true]].
2020-04-16 18:10:34.619 DEBUG [aggregator-service,,,] 35262 --- [    Test worker] c.DefaultCacheAwareContextLoaderDelegate : Retrieved ApplicationContext [981272532] from cache with key [[WebMergedContextConfiguration@3584145f testClass = CommentserviceApplicationTests, locations = '{}', classes = '{class com.demo.commentservice.AggregatorserviceApplication}', contextInitializerClasses = '[]', activeProfiles = '{}', propertySourceLocations = '{}', propertySourceProperties = '{org.springframework.boot.test.context.SpringBootTestContextBootstrapper=true}', contextCustomizers = set[org.springframework.boot.test.autoconfigure.properties.PropertyMappingContextCustomizer@0, org.springframework.boot.test.autoconfigure.web.servlet.WebDriverContextCustomizerFactory$Customizer@556c6b7e, org.springframework.boot.test.context.filter.ExcludeFilterContextCustomizer@44294092, org.springframework.boot.test.json.DuplicateJsonObjectContextCustomizerFactory$DuplicateJsonObjectContextCustomizer@6f5d67cb, org.springframework.boot.test.mock.mockito.MockitoContextCustomizer@0, org.springframework.boot.test.web.client.TestRestTemplateContextCustomizer@10a03c5a], resourceBasePath = 'src/main/webapp', contextLoader = 'org.springframework.boot.test.context.SpringBootContextLoader', parent = [null]]]
2020-04-16 18:10:34.620 DEBUG [aggregator-service,,,] 35262 --- [    Test worker] org.springframework.test.context.cache   : Spring test ApplicationContext cache statistics: [DefaultContextCache@dcd2002 size = 1, maxSize = 32, parentContextCount = 0, hitCount = 12, missCount = 1]
2020-04-16 18:10:34.620 DEBUG [aggregator-service,,,] 35262 --- [    Test worker] tractDirtiesContextTestExecutionListener : After test class: context [DefaultTestContext@9f2626a testClass = CommentserviceApplicationTests, testInstance = [null], testMethod = [null], testException = [null], mergedContextConfiguration = [WebMergedContextConfiguration@3584145f testClass = CommentserviceApplicationTests, locations = '{}', classes = '{class com.demo.commentservice.AggregatorserviceApplication}', contextInitializerClasses = '[]', activeProfiles = '{}', propertySourceLocations = '{}', propertySourceProperties = '{org.springframework.boot.test.context.SpringBootTestContextBootstrapper=true}', contextCustomizers = set[org.springframework.boot.test.autoconfigure.properties.PropertyMappingContextCustomizer@0, org.springframework.boot.test.autoconfigure.web.servlet.WebDriverContextCustomizerFactory$Customizer@556c6b7e, org.springframework.boot.test.context.filter.ExcludeFilterContextCustomizer@44294092, org.springframework.boot.test.json.DuplicateJsonObjectContextCustomizerFactory$DuplicateJsonObjectContextCustomizer@6f5d67cb, org.springframework.boot.test.mock.mockito.MockitoContextCustomizer@0, org.springframework.boot.test.web.client.TestRestTemplateContextCustomizer@10a03c5a], resourceBasePath = 'src/main/webapp', contextLoader = 'org.springframework.boot.test.context.SpringBootContextLoader', parent = [null]], attributes = map['org.springframework.test.context.web.ServletTestExecutionListener.activateListener' -> true, 'org.springframework.test.context.support.DependencyInjectionTestExecutionListener.reinjectDependencies' -> true]], class annotated with @DirtiesContext [false] with mode [null].
]]></system-out>
  <system-err><![CDATA[]]></system-err>
</testsuite>
